#
# There is insufficient memory for the Java Runtime Environment to continue.
# Native memory allocation (malloc) failed to allocate 228736 bytes for Chunk::new
# Possible reasons:
#   The system is out of physical RAM or swap space
#   The process is running with CompressedOops enabled, and the Java Heap may be blocking the growth of the native heap
# Possible solutions:
#   Reduce memory load on the system
#   Increase physical memory or swap space
#   Check if swap backing store is full
#   Decrease Java heap size (-Xmx/-Xms)
#   Decrease number of Java threads
#   Decrease Java thread stack sizes (-Xss)
#   Set larger code cache with -XX:ReservedCodeCacheSize=
#   JVM is running with Unscaled Compressed Oops mode in which the Java heap is
#     placed in the first 4GB address space. The Java Heap base address is the
#     maximum limit for the native heap growth. Please use -XX:HeapBaseMinAddress
#     to set the Java Heap base and to place the Java Heap above 4GB virtual address.
# This output file may be truncated or incomplete.
#
#  Out of Memory Error (allocation.cpp:389), pid=5720, tid=0x0000000000000e84
#
# JRE version: OpenJDK Runtime Environment (8.0_242-b01) (build 1.8.0_242-release-1644-b01)
# Java VM: OpenJDK 64-Bit Server VM (25.242-b01 mixed mode windows-amd64 compressed oops)
# Failed to write core dump. Minidumps are not enabled by default on client versions of Windows
#

---------------  T H R E A D  ---------------

Current thread (0x0000000057300800):  JavaThread "C2 CompilerThread0" daemon [_thread_in_native, id=3716, stack(0x0000000058440000,0x0000000058540000)]

Stack: [0x0000000058440000,0x0000000058540000]
[error occurred during error reporting (printing stack bounds), id 0xc0000005]

Native frames: (J=compiled Java code, j=interpreted, Vv=VM code, C=native code)


Current CompileTask:
C2:6632059 25184       4       org.objectweb.asm.FieldWriter::putFieldInfo (269 bytes)


---------------  P R O C E S S  ---------------

Java Threads: ( => current thread )
  0x000000005b27b800 JavaThread "RMI TCP Connection(92)-127.0.0.1" daemon [_thread_in_native, id=5888, stack(0x00000000698c0000,0x00000000699c0000)]
  0x000000005b27c000 JavaThread "RMI TCP Connection(91)-127.0.0.1" daemon [_thread_in_native, id=5252, stack(0x0000000069420000,0x0000000069520000)]
  0x000000005b278800 JavaThread "RMI RenewClean-[127.0.0.1:17420,org.jetbrains.kotlin.daemon.common.LoopbackNetworkInterface$ClientLoopbackSocketFactory@353fa105]" daemon [_thread_blocked, id=1288, stack(0x0000000069310000,0x0000000069410000)]
  0x000000005b27a800 JavaThread "WorkerExecutor Queue Thread 3" [_thread_blocked, id=5352, stack(0x0000000066e00000,0x0000000066f00000)]
  0x000000005d002800 JavaThread "stdout" [_thread_blocked, id=5548, stack(0x0000000061830000,0x0000000061930000)]
  0x000000005d003000 JavaThread "WorkerExecutor Queue" [_thread_blocked, id=2452, stack(0x0000000060c80000,0x0000000060d80000)]
  0x000000005d004800 JavaThread "Cache worker for execution history cache (C:\Users\Denis\AndroidStudioProjects\MyApplication19\.gradle\6.1.1\executionHistory)" [_thread_blocked, id=5800, stack(0x0000000066540000,0x0000000066640000)]
  0x000000005d007000 JavaThread "Cache worker for file content cache (C:\Users\Denis\AndroidStudioProjects\MyApplication19\.gradle\6.1.1\fileContent)" [_thread_blocked, id=3180, stack(0x0000000065b90000,0x0000000065c90000)]
  0x000000005d005800 JavaThread "Cache worker for Build Output Cleanup Cache (C:\Users\Denis\AndroidStudioProjects\MyApplication19\.gradle\buildOutputCleanup)" [_thread_blocked, id=6116, stack(0x0000000064c80000,0x0000000064d80000)]
  0x000000005d485000 JavaThread "pool-64-thread-1" [_thread_blocked, id=3024, stack(0x00000000646d0000,0x00000000647d0000)]
  0x000000005d47f800 JavaThread "Build operations Thread 2" [_thread_blocked, id=2424, stack(0x00000000655b0000,0x00000000656b0000)]
  0x000000005d482000 JavaThread "Build operations" [_thread_blocked, id=612, stack(0x00000000622b0000,0x00000000623b0000)]
  0x000000005d480800 JavaThread "Cache worker for cache directory md-rule (C:\Users\Denis\.gradle\caches\6.1.1\md-rule)" [_thread_blocked, id=4560, stack(0x0000000062900000,0x0000000062a00000)]
  0x000000005d483000 JavaThread "Cache worker for cache directory md-supplier (C:\Users\Denis\.gradle\caches\6.1.1\md-supplier)" [_thread_blocked, id=5556, stack(0x0000000061a70000,0x0000000061b70000)]
  0x000000005d481800 JavaThread "Cache worker for file hash cache (C:\Users\Denis\AndroidStudioProjects\MyApplication19\.gradle\6.1.1\fileHashes)" [_thread_blocked, id=4300, stack(0x000000005e780000,0x000000005e880000)]
  0x000000005ab90000 JavaThread "Cache worker for checksums cache (C:\Users\Denis\AndroidStudioProjects\MyApplication19\.gradle\checksums)" [_thread_blocked, id=2108, stack(0x0000000062800000,0x0000000062900000)]
  0x000000005ab82800 JavaThread "Thread-588" [_thread_blocked, id=4392, stack(0x0000000060de0000,0x0000000060ee0000)]
  0x000000005ab8f800 JavaThread "Stdin handler" [_thread_blocked, id=5396, stack(0x00000000604e0000,0x00000000605e0000)]
  0x000000005ab8a000 JavaThread "Asynchronous log dispatcher for DefaultDaemonConnection: socket connection from /127.0.0.1:50050 to /127.0.0.1:51652" [_thread_blocked, id=3332, stack(0x000000005e640000,0x000000005e740000)]
  0x000000005ab84000 JavaThread "Daemon worker Thread 14" [_thread_blocked, id=4480, stack(0x000000005c820000,0x000000005c920000)]
  0x000000005ab8b800 JavaThread "Cancel handler" [_thread_blocked, id=3760, stack(0x000000005c690000,0x000000005c790000)]
  0x000000005ab85000 JavaThread "Handler for socket connection from /127.0.0.1:50050 to /127.0.0.1:51652" [_thread_in_native, id=5508, stack(0x000000005c510000,0x000000005c610000)]
  0x000000005ab8c800 JavaThread "Daemon Thread 14" [_thread_blocked, id=2064, stack(0x000000005c220000,0x000000005c320000)]
  0x000000005ab8b000 JavaThread "RMI RenewClean-[127.0.0.1:17420,org.jetbrains.kotlin.daemon.common.LoopbackNetworkInterface$ClientLoopbackSocketFactory@42b41242]" daemon [_thread_blocked, id=4408, stack(0x000000005bc10000,0x000000005bd10000)]
  0x000000005b279000 JavaThread "RMI RenewClean-[127.0.0.1:17420,org.jetbrains.kotlin.daemon.common.LoopbackNetworkInterface$ClientLoopbackSocketFactory@28229413]" daemon [_thread_blocked, id=2648, stack(0x0000000065e80000,0x0000000065f80000)]
  0x000000005d16d800 JavaThread "Cache worker for Java compile cache (C:\Users\Denis\.gradle\caches\6.1.1\javaCompile)" [_thread_blocked, id=5788, stack(0x0000000061950000,0x0000000061a50000)]
  0x000000005d16c000 JavaThread "RMI Reaper" [_thread_blocked, id=5724, stack(0x0000000064480000,0x0000000064580000)]
  0x000000005d16b000 JavaThread "RMI TCP Accept-0" daemon [_thread_in_native, id=6128, stack(0x00000000621a0000,0x00000000622a0000)]
  0x000000005d16a800 JavaThread "GC Daemon" daemon [_thread_blocked, id=3976, stack(0x0000000064580000,0x0000000064680000)]
  0x000000005d169000 JavaThread "RMI Scheduler(0)" daemon [_thread_blocked, id=4356, stack(0x0000000063a70000,0x0000000063b70000)]
  0x000000005ab8e800 JavaThread "Cache worker for file content cache (C:\Users\Denis\.gradle\caches\6.1.1\fileContent)" [_thread_blocked, id=6080, stack(0x0000000061720000,0x0000000061820000)]
  0x000000005ab8e000 JavaThread "Memory manager" [_thread_blocked, id=5400, stack(0x000000005e030000,0x000000005e130000)]
  0x000000005ab85800 JavaThread "Cache worker for execution history cache (C:\Users\Denis\.gradle\caches\6.1.1\executionHistory)" [_thread_blocked, id=3796, stack(0x000000005cc60000,0x000000005cd60000)]
  0x000000005ab82000 JavaThread "Cache worker for file hash cache (C:\Users\Denis\.gradle\caches\6.1.1\fileHashes)" [_thread_blocked, id=2896, stack(0x000000005cd60000,0x000000005ce60000)]
  0x000000005ab81000 JavaThread "File lock request listener" [_thread_in_native, id=5904, stack(0x000000005c350000,0x000000005c450000)]
  0x000000005ad54800 JavaThread "Cache worker for journal cache (C:\Users\Denis\.gradle\caches\journal-1)" [_thread_blocked, id=5752, stack(0x000000005cb50000,0x000000005cc50000)]
  0x000000005aad1000 JavaThread "Daemon periodic checks" [_thread_blocked, id=3152, stack(0x0000000057f50000,0x0000000058050000)]
  0x000000005aab2800 JavaThread "Incoming local TCP Connector on port 50050" [_thread_in_native, id=3488, stack(0x000000005bb10000,0x000000005bc10000)]
  0x0000000058749800 JavaThread "Daemon health stats" [_thread_blocked, id=5760, stack(0x00000000595f0000,0x00000000596f0000)]
  0x00000000586f8800 JavaThread "Service Thread" daemon [_thread_blocked, id=4960, stack(0x0000000058c70000,0x0000000058d70000)]
  0x000000005730a000 JavaThread "C1 CompilerThread1" daemon [_thread_blocked, id=4224, stack(0x00000000585e0000,0x00000000586e0000)]
=>0x0000000057300800 JavaThread "C2 CompilerThread0" daemon [_thread_in_native, id=3716, stack(0x0000000058440000,0x0000000058540000)]
  0x00000000572fe800 JavaThread "Attach Listener" daemon [_thread_blocked, id=5404, stack(0x00000000582e0000,0x00000000583e0000)]
  0x00000000572fd000 JavaThread "Signal Dispatcher" daemon [_thread_blocked, id=1360, stack(0x00000000581c0000,0x00000000582c0000)]
  0x00000000572de000 JavaThread "Finalizer" daemon [_thread_blocked, id=5616, stack(0x0000000058060000,0x0000000058160000)]
  0x00000000572d4800 JavaThread "Reference Handler" daemon [_thread_blocked, id=5332, stack(0x0000000057e20000,0x0000000057f20000)]
  0x00000000020ae800 JavaThread "main" [_thread_blocked, id=4520, stack(0x0000000002400000,0x0000000002500000)]

Other Threads:
  0x000000005728c800 VMThread [stack: 0x0000000057c50000,0x0000000057d50000] [id=3728]
  0x00000000586fa000 WatcherThread [stack: 0x0000000058b70000,0x0000000058c70000] [id=5716]

VM state:not at safepoint (normal execution)

VM Mutex/Monitor currently owned by a thread: None

OutOfMemory and StackOverflow Exception counts:
OutOfMemoryError java_heap_errors=1

heap address: 0x0000000080000000, size: 2048 MB, Compressed Oops mode: 32-bit
Narrow klass base: 0x0000000000000000, Narrow klass shift: 0
Compressed class space size: 1073741824 Address: 0x0000000016960000

Heap:
 PSYoungGen      total 669184K, used 394258K [0x00000000d5580000, 0x00000000ffe00000, 0x0000000100000000)
  eden space 640512K, 60% used [0x00000000d5580000,0x00000000ecd3e7a8,0x00000000fc700000)
  from space 28672K, 33% used [0x00000000fc700000,0x00000000fd046318,0x00000000fe300000)
  to   space 27648K, 0% used [0x00000000fe300000,0x00000000fe300000,0x00000000ffe00000)
 ParOldGen       total 145920K, used 38042K [0x0000000080000000, 0x0000000088e80000, 0x00000000d5580000)
  object space 145920K, 26% used [0x0000000080000000,0x0000000082526ac0,0x0000000088e80000)
 Metaspace       used 102599K, capacity 110374K, committed 111768K, reserved 1146880K
  class space    used 13247K, capacity 14522K, committed 14760K, reserved 1048576K

Card table byte_map: [0x0000000011b90000,0x0000000011fa0000] byte_map_base: 0x0000000011790000

Marking Bits: (ParMarkBitMap*) 0x000000006f1df030
 Begin Bits: [0x0000000012560000, 0x0000000014560000)
 End Bits:   [0x0000000014560000, 0x0000000016560000)

Polling page: 0x0000000001b60000

CodeCache: size=245760Kb used=67166Kb max_used=67166Kb free=178593Kb
 bounds [0x00000000027d0000, 0x00000000069e0000, 0x00000000117d0000]
 total_blobs=20892 nmethods=19966 adapters=838
 compilation: enabled

Compilation events (10 events):
Event: 6631.922 Thread 0x0000000057300800 nmethod 25177 0x00000000069b8a10 code [0x00000000069b8ba0, 0x00000000069b8f00]
Event: 6631.922 Thread 0x0000000057300800 25184       4       org.objectweb.asm.FieldWriter::putFieldInfo (269 bytes)
Event: 6631.936 Thread 0x000000005730a000 25202       3       com.google.common.collect.ImmutableList::copyOf (53 bytes)
Event: 6631.937 Thread 0x000000005730a000 nmethod 25202 0x00000000069c1550 code [0x00000000069c1860, 0x00000000069c30e8]
Event: 6631.939 Thread 0x000000005730a000 25203       3       java.lang.StackTraceElement::toString (140 bytes)
Event: 6631.940 Thread 0x000000005730a000 nmethod 25203 0x00000000069c3ed0 code [0x00000000069c4200, 0x00000000069c5de8]
Event: 6631.944 Thread 0x000000005730a000 25204       1       java.io.ObjectStreamClass::access$000 (5 bytes)
Event: 6631.944 Thread 0x000000005730a000 nmethod 25204 0x00000000069b8750 code [0x00000000069b88a0, 0x00000000069b8990]
Event: 6631.944 Thread 0x000000005730a000 25205   !   3       java.io.ObjectStreamClass::computeDefaultSUID (701 bytes)
Event: 6631.948 Thread 0x000000005730a000 nmethod 25205 0x00000000069c6790 code [0x00000000069c6fc0, 0x00000000069ccc78]

GC Heap History (10 events):
Event: 2604.119 GC heap before
{Heap before GC invocations=18 (full 4):
 PSYoungGen      total 609792K, used 600064K [0x00000000d5580000, 0x00000000fdf80000, 0x0000000100000000)
  eden space 600064K, 100% used [0x00000000d5580000,0x00000000f9f80000,0x00000000f9f80000)
  from space 9728K, 0% used [0x00000000fbb80000,0x00000000fbb80000,0x00000000fc500000)
  to   space 27136K, 0% used [0x00000000fc500000,0x00000000fc500000,0x00000000fdf80000)
 ParOldGen       total 145920K, used 54856K [0x0000000080000000, 0x0000000088e80000, 0x00000000d5580000)
  object space 145920K, 37% used [0x0000000080000000,0x0000000083592258,0x0000000088e80000)
 Metaspace       used 94739K, capacity 102922K, committed 103192K, reserved 1138688K
  class space    used 12520K, capacity 13820K, committed 13864K, reserved 1048576K
Event: 2604.140 GC heap after
Heap after GC invocations=18 (full 4):
 PSYoungGen      total 634368K, used 7429K [0x00000000d5580000, 0x0000000100000000, 0x0000000100000000)
  eden space 607232K, 0% used [0x00000000d5580000,0x00000000d5580000,0x00000000fa680000)
  from space 27136K, 27% used [0x00000000fc500000,0x00000000fcc415c0,0x00000000fdf80000)
  to   space 31232K, 0% used [0x00000000fa680000,0x00000000fa680000,0x00000000fc500000)
 ParOldGen       total 145920K, used 54864K [0x0000000080000000, 0x0000000088e80000, 0x00000000d5580000)
  object space 145920K, 37% used [0x0000000080000000,0x0000000083594258,0x0000000088e80000)
 Metaspace       used 94739K, capacity 102922K, committed 103192K, reserved 1138688K
  class space    used 12520K, capacity 13820K, committed 13864K, reserved 1048576K
}
Event: 4679.573 GC heap before
{Heap before GC invocations=19 (full 4):
 PSYoungGen      total 634368K, used 614661K [0x00000000d5580000, 0x0000000100000000, 0x0000000100000000)
  eden space 607232K, 100% used [0x00000000d5580000,0x00000000fa680000,0x00000000fa680000)
  from space 27136K, 27% used [0x00000000fc500000,0x00000000fcc415c0,0x00000000fdf80000)
  to   space 31232K, 0% used [0x00000000fa680000,0x00000000fa680000,0x00000000fc500000)
 ParOldGen       total 145920K, used 54864K [0x0000000080000000, 0x0000000088e80000, 0x00000000d5580000)
  object space 145920K, 37% used [0x0000000080000000,0x0000000083594258,0x0000000088e80000)
 Metaspace       used 97409K, capacity 105594K, committed 105752K, reserved 1140736K
  class space    used 12767K, capacity 14078K, committed 14120K, reserved 1048576K
Event: 4679.625 GC heap after
Heap after GC invocations=19 (full 4):
 PSYoungGen      total 638464K, used 12158K [0x00000000d5580000, 0x0000000100000000, 0x0000000100000000)
  eden space 607232K, 0% used [0x00000000d5580000,0x00000000d5580000,0x00000000fa680000)
  from space 31232K, 38% used [0x00000000fa680000,0x00000000fb25fb40,0x00000000fc500000)
  to   space 29696K, 0% used [0x00000000fe300000,0x00000000fe300000,0x0000000100000000)
 ParOldGen       total 145920K, used 54872K [0x0000000080000000, 0x0000000088e80000, 0x00000000d5580000)
  object space 145920K, 37% used [0x0000000080000000,0x0000000083596258,0x0000000088e80000)
 Metaspace       used 97409K, capacity 105594K, committed 105752K, reserved 1140736K
  class space    used 12767K, capacity 14078K, committed 14120K, reserved 1048576K
}
Event: 5110.847 GC heap before
{Heap before GC invocations=20 (full 4):
 PSYoungGen      total 638464K, used 114178K [0x00000000d5580000, 0x0000000100000000, 0x0000000100000000)
  eden space 607232K, 16% used [0x00000000d5580000,0x00000000db921060,0x00000000fa680000)
  from space 31232K, 38% used [0x00000000fa680000,0x00000000fb25fb40,0x00000000fc500000)
  to   space 29696K, 0% used [0x00000000fe300000,0x00000000fe300000,0x0000000100000000)
 ParOldGen       total 145920K, used 54872K [0x0000000080000000, 0x0000000088e80000, 0x00000000d5580000)
  object space 145920K, 37% used [0x0000000080000000,0x0000000083596258,0x0000000088e80000)
 Metaspace       used 102123K, capacity 110492K, committed 110744K, reserved 1144832K
  class space    used 13359K, capacity 14741K, committed 14760K, reserved 1048576K
Event: 5110.880 GC heap after
Heap after GC invocations=20 (full 4):
 PSYoungGen      total 669184K, used 6441K [0x00000000d5580000, 0x00000000fff00000, 0x0000000100000000)
  eden space 640512K, 0% used [0x00000000d5580000,0x00000000d5580000,0x00000000fc700000)
  from space 28672K, 22% used [0x00000000fe300000,0x00000000fe94a748,0x00000000fff00000)
  to   space 28672K, 0% used [0x00000000fc700000,0x00000000fc700000,0x00000000fe300000)
 ParOldGen       total 145920K, used 54880K [0x0000000080000000, 0x0000000088e80000, 0x00000000d5580000)
  object space 145920K, 37% used [0x0000000080000000,0x0000000083598258,0x0000000088e80000)
 Metaspace       used 102123K, capacity 110492K, committed 110744K, reserved 1144832K
  class space    used 13359K, capacity 14741K, committed 14760K, reserved 1048576K
}
Event: 5110.880 GC heap before
{Heap before GC invocations=21 (full 5):
 PSYoungGen      total 669184K, used 6441K [0x00000000d5580000, 0x00000000fff00000, 0x0000000100000000)
  eden space 640512K, 0% used [0x00000000d5580000,0x00000000d5580000,0x00000000fc700000)
  from space 28672K, 22% used [0x00000000fe300000,0x00000000fe94a748,0x00000000fff00000)
  to   space 28672K, 0% used [0x00000000fc700000,0x00000000fc700000,0x00000000fe300000)
 ParOldGen       total 145920K, used 54880K [0x0000000080000000, 0x0000000088e80000, 0x00000000d5580000)
  object space 145920K, 37% used [0x0000000080000000,0x0000000083598258,0x0000000088e80000)
 Metaspace       used 102123K, capacity 110492K, committed 110744K, reserved 1144832K
  class space    used 13359K, capacity 14741K, committed 14760K, reserved 1048576K
Event: 5111.170 GC heap after
Heap after GC invocations=21 (full 5):
 PSYoungGen      total 669184K, used 0K [0x00000000d5580000, 0x00000000fff00000, 0x0000000100000000)
  eden space 640512K, 0% used [0x00000000d5580000,0x00000000d5580000,0x00000000fc700000)
  from space 28672K, 0% used [0x00000000fe300000,0x00000000fe300000,0x00000000fff00000)
  to   space 28672K, 0% used [0x00000000fc700000,0x00000000fc700000,0x00000000fe300000)
 ParOldGen       total 145920K, used 38034K [0x0000000080000000, 0x0000000088e80000, 0x00000000d5580000)
  object space 145920K, 26% used [0x0000000080000000,0x0000000082524ac0,0x0000000088e80000)
 Metaspace       used 100802K, capacity 107852K, committed 110744K, reserved 1144832K
  class space    used 13108K, capacity 14275K, committed 14760K, reserved 1048576K
}
Event: 5709.961 GC heap before
{Heap before GC invocations=22 (full 5):
 PSYoungGen      total 669184K, used 640512K [0x00000000d5580000, 0x00000000fff00000, 0x0000000100000000)
  eden space 640512K, 100% used [0x00000000d5580000,0x00000000fc700000,0x00000000fc700000)
  from space 28672K, 0% used [0x00000000fe300000,0x00000000fe300000,0x00000000fff00000)
  to   space 28672K, 0% used [0x00000000fc700000,0x00000000fc700000,0x00000000fe300000)
 ParOldGen       total 145920K, used 38034K [0x0000000080000000, 0x0000000088e80000, 0x00000000d5580000)
  object space 145920K, 26% used [0x0000000080000000,0x0000000082524ac0,0x0000000088e80000)
 Metaspace       used 101826K, capacity 109266K, committed 111512K, reserved 1146880K
  class space    used 13175K, capacity 14392K, committed 14760K, reserved 1048576K
Event: 5709.977 GC heap after
Heap after GC invocations=22 (full 5):
 PSYoungGen      total 669184K, used 9496K [0x00000000d5580000, 0x00000000ffe00000, 0x0000000100000000)
  eden space 640512K, 0% used [0x00000000d5580000,0x00000000d5580000,0x00000000fc700000)
  from space 28672K, 33% used [0x00000000fc700000,0x00000000fd046318,0x00000000fe300000)
  to   space 27648K, 0% used [0x00000000fe300000,0x00000000fe300000,0x00000000ffe00000)
 ParOldGen       total 145920K, used 38042K [0x0000000080000000, 0x0000000088e80000, 0x00000000d5580000)
  object space 145920K, 26% used [0x0000000080000000,0x0000000082526ac0,0x0000000088e80000)
 Metaspace       used 101826K, capacity 109266K, committed 111512K, reserved 1146880K
  class space    used 13175K, capacity 14392K, committed 14760K, reserved 1048576K
}

Deoptimization events (10 events):
Event: 6616.422 Thread 0x000000005ab84000 Uncommon trap: reason=unstable_if action=reinterpret pc=0x000000000477bd48 method=com.android.ide.common.resources.DataItem.isRemoved()Z @ 6
Event: 6616.483 Thread 0x000000005ab84000 Uncommon trap: reason=bimorphic action=maybe_recompile pc=0x0000000004ff5e94 method=java.util.concurrent.ConcurrentHashMap.replaceNode(Ljava/lang/Object;Ljava/lang/Object;Ljava/lang/Object;)Ljava/lang/Object; @ 147
Event: 6616.590 Thread 0x000000005ab84000 Uncommon trap: reason=bimorphic action=maybe_recompile pc=0x0000000004ff5e94 method=java.util.concurrent.ConcurrentHashMap.replaceNode(Ljava/lang/Object;Ljava/lang/Object;Ljava/lang/Object;)Ljava/lang/Object; @ 147
Event: 6617.119 Thread 0x000000005ab84000 Uncommon trap: reason=class_check action=maybe_recompile pc=0x000000000499a578 method=com.google.common.collect.CompactHashMap$Itr.next()Ljava/lang/Object; @ 45
Event: 6617.136 Thread 0x000000005ab84000 Uncommon trap: reason=class_check action=maybe_recompile pc=0x000000000602fc88 method=org.gradle.api.internal.file.CompositeFileCollection.iterator()Ljava/util/Iterator; @ 47
Event: 6617.142 Thread 0x000000005ab84000 Uncommon trap: reason=array_check action=maybe_recompile pc=0x000000000378c320 method=java.util.TimSort.mergeHi(IIII)V @ 282
Event: 6617.143 Thread 0x000000005ab84000 Uncommon trap: reason=array_check action=maybe_recompile pc=0x00000000035d46f8 method=java.util.TimSort.mergeLo(IIII)V @ 245
Event: 6628.218 Thread 0x000000005ab84000 Uncommon trap: reason=class_check action=maybe_recompile pc=0x000000000592e8f4 method=org.gradle.api.internal.changedetection.state.DefaultResourceSnapshotterCacheService.hashFile(Lorg/gradle/internal/snapshot/RegularFileSnapshot;Lorg/gradle/api/internal/
Event: 6631.881 Thread 0x000000005ab84000 Uncommon trap: reason=class_check action=maybe_recompile pc=0x000000000592e8f4 method=org.gradle.api.internal.changedetection.state.DefaultResourceSnapshotterCacheService.hashFile(Lorg/gradle/internal/snapshot/RegularFileSnapshot;Lorg/gradle/api/internal/
Event: 6631.937 Thread 0x000000005ab84000 Uncommon trap: reason=uninitialized action=reinterpret pc=0x0000000005900d3c method=org.gradle.internal.reflect.JavaMethod.invoke(Ljava/lang/Object;[Ljava/lang/Object;)Ljava/lang/Object; @ 21

Classes redefined (0 events):
No events

Internal exceptions (10 events):
Event: 6631.934 Thread 0x000000005ab84000 Exception <a 'sun/nio/fs/WindowsException'> (0x00000000ecb91180) thrown at [C:\src\AOSP-openjdk-git\hotspot\src\share\vm\prims\jni.cpp, line 710]
Event: 6631.934 Thread 0x000000005ab84000 Exception <a 'sun/nio/fs/WindowsException'> (0x00000000ecb92a20) thrown at [C:\src\AOSP-openjdk-git\hotspot\src\share\vm\prims\jni.cpp, line 710]
Event: 6631.935 Thread 0x000000005ab84000 Exception <a 'sun/nio/fs/WindowsException'> (0x00000000ecb952e8) thrown at [C:\src\AOSP-openjdk-git\hotspot\src\share\vm\prims\jni.cpp, line 710]
Event: 6631.935 Thread 0x000000005ab84000 Exception <a 'sun/nio/fs/WindowsException'> (0x00000000ecb96b28) thrown at [C:\src\AOSP-openjdk-git\hotspot\src\share\vm\prims\jni.cpp, line 710]
Event: 6631.935 Thread 0x000000005ab84000 Exception <a 'sun/nio/fs/WindowsException'> (0x00000000ecb983d8) thrown at [C:\src\AOSP-openjdk-git\hotspot\src\share\vm\prims\jni.cpp, line 710]
Event: 6631.937 Thread 0x000000005ab84000 Exception <a 'java/lang/OutOfMemoryError': unable to create new native thread> (0x00000000ecbcabc0) thrown at [C:\src\AOSP-openjdk-git\hotspot\src\share\vm\prims\jvm.cpp, line 3141]
Event: 6631.937 Thread 0x000000005ab84000 Exception <a 'java/lang/reflect/InvocationTargetException'> (0x00000000ecbcbb20) thrown at [C:\src\AOSP-openjdk-git\hotspot\src\share\vm\runtime\reflection.cpp, line 1092]
Event: 6631.937 Thread 0x000000005ab84000 Exception <a 'java/lang/reflect/InvocationTargetException'> (0x00000000ecbcc8a0) thrown at [C:\src\AOSP-openjdk-git\hotspot\src\share\vm\runtime\reflection.cpp, line 1092]
Event: 6631.943 Thread 0x000000005ab82800 Exception <a 'java/lang/NoSuchMethodError': <clinit>> (0x00000000e3a98898) thrown at [C:\src\AOSP-openjdk-git\hotspot\src\share\vm\prims\jni.cpp, line 1615]
Event: 6631.948 Thread 0x000000005ab82800 Exception <a 'java/lang/NoSuchMethodError': <clinit>> (0x00000000e3aa9310) thrown at [C:\src\AOSP-openjdk-git\hotspot\src\share\vm\prims\jni.cpp, line 1615]

Events (10 events):
Event: 6631.355 Executing VM operation: RevokeBias done
Event: 6631.873 Executing VM operation: RevokeBias
Event: 6631.873 Executing VM operation: RevokeBias done
Event: 6631.881 Thread 0x000000005ab84000 Uncommon trap: trap_request=0xffffffde fr.pc=0x000000000592e8f4
Event: 6631.881 Thread 0x000000005ab84000 DEOPT PACKING pc=0x000000000592e8f4 sp=0x000000005c91b5d0
Event: 6631.881 Thread 0x000000005ab84000 DEOPT UNPACKING pc=0x000000000281557b sp=0x000000005c91b5d0 mode 2
Event: 6631.937 Thread 0x000000005ab84000 Uncommon trap: trap_request=0xffffffb5 fr.pc=0x0000000005900d3c
Event: 6631.937 Thread 0x000000005ab84000 DEOPT PACKING pc=0x0000000005900d3c sp=0x000000005c91a0d0
Event: 6631.937 Thread 0x000000005ab84000 DEOPT UNPACKING pc=0x000000000281557b sp=0x000000005c919fa0 mode 2
Event: 6631.948 Thread 0x000000005d004000 Thread exited: 0x000000005d004000


Dynamic libraries:
0x000000013fef0000 - 0x000000013ff21000 	C:\Program Files\Android\Android Studio\jre\bin\java.exe
0x00000000770d0000 - 0x0000000077279000 	C:\Windows\SYSTEM32\ntdll.dll
0x0000000076fb0000 - 0x00000000770cf000 	C:\Windows\system32\kernel32.dll
0x000007fefd1c0000 - 0x000007fefd22b000 	C:\Windows\system32\KERNELBASE.dll
0x000007fefebe0000 - 0x000007fefecbb000 	C:\Windows\system32\ADVAPI32.dll
0x000007fefe730000 - 0x000007fefe7cf000 	C:\Windows\system32\msvcrt.dll
0x000007fefe710000 - 0x000007fefe72f000 	C:\Windows\SYSTEM32\sechost.dll
0x000007fefd450000 - 0x000007fefd57d000 	C:\Windows\system32\RPCRT4.dll
0x0000000076eb0000 - 0x0000000076faa000 	C:\Windows\system32\USER32.dll
0x000007fefeb70000 - 0x000007fefebd7000 	C:\Windows\system32\GDI32.dll
0x000007fefe610000 - 0x000007fefe61e000 	C:\Windows\system32\LPK.dll
0x000007fefedc0000 - 0x000007fefee89000 	C:\Windows\system32\USP10.dll
0x000007fefba00000 - 0x000007fefbbf4000 	C:\Windows\WinSxS\amd64_microsoft.windows.common-controls_6595b64144ccf1df_6.0.7601.17514_none_fa396087175ac9ac\COMCTL32.dll
0x000007fefe910000 - 0x000007fefe981000 	C:\Windows\system32\SHLWAPI.dll
0x000007fefe8e0000 - 0x000007fefe90e000 	C:\Windows\system32\IMM32.DLL
0x000007fefe7d0000 - 0x000007fefe8d9000 	C:\Windows\system32\MSCTF.dll
0x0000000073e10000 - 0x0000000073ee2000 	C:\Program Files\Android\Android Studio\jre\jre\bin\msvcr100.dll
0x000000006ea10000 - 0x000000006f25b000 	C:\Program Files\Android\Android Studio\jre\jre\bin\server\jvm.dll
0x000007fedfd10000 - 0x000007fedfd19000 	C:\Windows\system32\WSOCK32.dll
0x000007fefe620000 - 0x000007fefe66d000 	C:\Windows\system32\WS2_32.dll
0x000007fefe600000 - 0x000007fefe608000 	C:\Windows\system32\NSI.dll
0x000007fef9930000 - 0x000007fef996b000 	C:\Windows\system32\WINMM.dll
0x000007fefbf70000 - 0x000007fefbf7c000 	C:\Windows\system32\VERSION.dll
0x00000000772a0000 - 0x00000000772a7000 	C:\Windows\system32\PSAPI.DLL
0x000007fefaad0000 - 0x000007fefaadf000 	C:\Program Files\Android\Android Studio\jre\jre\bin\verify.dll
0x000007feee590000 - 0x000007feee5b9000 	C:\Program Files\Android\Android Studio\jre\jre\bin\java.dll
0x000007feee570000 - 0x000007feee586000 	C:\Program Files\Android\Android Studio\jre\jre\bin\zip.dll
0x000007fefd580000 - 0x000007fefe308000 	C:\Windows\system32\SHELL32.dll
0x000007fefd240000 - 0x000007fefd443000 	C:\Windows\system32\ole32.dll
0x000007fefce80000 - 0x000007fefce8f000 	C:\Windows\system32\profapi.dll
0x000007feee550000 - 0x000007feee56a000 	C:\Program Files\Android\Android Studio\jre\jre\bin\net.dll
0x000007fefc620000 - 0x000007fefc675000 	C:\Windows\system32\mswsock.dll
0x000007fefc610000 - 0x000007fefc617000 	C:\Windows\System32\wship6.dll
0x000007feee530000 - 0x000007feee543000 	C:\Program Files\Android\Android Studio\jre\jre\bin\nio.dll
0x000007fee2f30000 - 0x000007fee2f56000 	C:\Users\Denis\.gradle\native\31\windows-amd64\native-platform.dll
0x000007fefbef0000 - 0x000007fefbef3000 	C:\Windows\system32\api-ms-win-core-synch-l1-2-0.DLL
0x000007fefaa60000 - 0x000007fefaa6d000 	C:\Program Files\Android\Android Studio\jre\jre\bin\management.dll
0x000007fefc680000 - 0x000007fefc698000 	C:\Windows\system32\CRYPTSP.dll
0x000007fefc380000 - 0x000007fefc3c7000 	C:\Windows\system32\rsaenh.dll
0x000007fefd1a0000 - 0x000007fefd1be000 	C:\Windows\system32\USERENV.dll
0x000007fefcce0000 - 0x000007fefccef000 	C:\Windows\system32\CRYPTBASE.dll
0x000007fef9f90000 - 0x000007fef9fb7000 	C:\Windows\system32\IPHLPAPI.DLL
0x000007fef9f50000 - 0x000007fef9f5b000 	C:\Windows\system32\WINNSI.DLL
0x000007fef9e00000 - 0x000007fef9e11000 	C:\Windows\system32\dhcpcsvc6.DLL
0x000007fef9d80000 - 0x000007fef9d98000 	C:\Windows\system32\dhcpcsvc.DLL
0x000007fefa080000 - 0x000007fefa09e000 	C:\Users\Denis\AppData\Local\Temp\native-platform2589054109834695629dir\native-platform.dll
0x000007fefcc80000 - 0x000007fefccd7000 	C:\Windows\system32\apphelp.dll

VM Arguments:
jvm_args: -Xmx2048m -Dfile.encoding=windows-1251 -Duser.country=RU -Duser.language=ru -Duser.variant 
java_command: org.gradle.launcher.daemon.bootstrap.GradleDaemon 6.1.1
java_class_path (initial): C:\Users\Denis\.gradle\wrapper\dists\gradle-6.1.1-all\cfmwm155h49vnt3hynmlrsdst\gradle-6.1.1\lib\gradle-launcher-6.1.1.jar
Launcher Type: SUN_STANDARD

Environment Variables:
JAVA_HOME=C:\Program Files\Java\jdk-11.0.2
PATH=C:\Program Files\Common Files\Microsoft Shared\Windows Live;C:\Program Files\gettext-iconv\bin;C:\Program Files\Git\cmd;C:\Program Files\Java\jdk-11.0.2\bin;C:\Maven\apache-maven-3.6.3\bin;C:\Program Files\Common Files\Microsoft Shared\Windows Live;C:\Users\Denis\AppData\Local\Programs\Python\Python38-32\Scripts\;C:\Users\Denis\AppData\Local\Programs\Python\Python38-32\;C:\Users\Denis\AppData\Local\Programs\Microsoft VS Code\bin;C:\Users\Denis\AppData\Local\Programs\Fiddler;C:\Users\Denis\AppData\Roaming\npm;C:\Program Files\heroku\bin;C:\Program Files\Git\cmd;C:\Program Files\Java\jdk-11.0.2\bin;C:\Maven\apache-maven-3.6.3\bin
USERNAME=Denis
OS=Windows_NT
PROCESSOR_IDENTIFIER=Intel64 Family 6 Model 60 Stepping 3, GenuineIntel



---------------  S Y S T E M  ---------------

OS: Windows 7 , 64 bit Build 7601 (6.1.7601.18015)

CPU:total 2 (initial active 2) (2 cores per cpu, 1 threads per core) family 6 model 60 stepping 3, cmov, cx8, fxsr, mmx, sse, sse2, sse3, ssse3, sse4.1, sse4.2, popcnt, clmul, erms, lzcnt, tsc, tscinvbit

Memory: 4k page, physical 8341328k(470972k free), swap 10403856k(14256k free)

vm_info: OpenJDK 64-Bit Server VM (25.242-b01) for windows-amd64 JRE (1.8.0_242-release-1644-b01), built by "builder" with MS VC++ 10.0 (VS2010)

time: Fri Jul 10 09:33:38 2020
timezone: Центральная Азия (зима)
elapsed time: 6632 seconds (0d 1h 50m 32s)

