#
# There is insufficient memory for the Java Runtime Environment to continue.
# Native memory allocation (malloc) failed to allocate 1107248 bytes for Chunk::new
# Possible reasons:
#   The system is out of physical RAM or swap space
#   The process is running with CompressedOops enabled, and the Java Heap may be blocking the growth of the native heap
# Possible solutions:
#   Reduce memory load on the system
#   Increase physical memory or swap space
#   Check if swap backing store is full
#   Decrease Java heap size (-Xmx/-Xms)
#   Decrease number of Java threads
#   Decrease Java thread stack sizes (-Xss)
#   Set larger code cache with -XX:ReservedCodeCacheSize=
#   JVM is running with Unscaled Compressed Oops mode in which the Java heap is
#     placed in the first 4GB address space. The Java Heap base address is the
#     maximum limit for the native heap growth. Please use -XX:HeapBaseMinAddress
#     to set the Java Heap base and to place the Java Heap above 4GB virtual address.
# This output file may be truncated or incomplete.
#
#  Out of Memory Error (allocation.cpp:389), pid=1152, tid=0x0000000000001314
#
# JRE version: OpenJDK Runtime Environment (8.0_242-b01) (build 1.8.0_242-release-1644-b01)
# Java VM: OpenJDK 64-Bit Server VM (25.242-b01 mixed mode windows-amd64 compressed oops)
# Failed to write core dump. Minidumps are not enabled by default on client versions of Windows
#

---------------  T H R E A D  ---------------

Current thread (0x00000000571bc800):  JavaThread "C2 CompilerThread0" daemon [_thread_in_native, id=4884, stack(0x0000000058300000,0x0000000058400000)]

Stack: [0x0000000058300000,0x0000000058400000]
[error occurred during error reporting (printing stack bounds), id 0xc0000005]

Native frames: (J=compiled Java code, j=interpreted, Vv=VM code, C=native code)


Current CompileTask:
C2:6322808 25822       4       sun.reflect.generics.parser.SignatureParser::parseTypeSignature (130 bytes)


---------------  P R O C E S S  ---------------

Java Threads: ( => current thread )
  0x000000005c6a4800 JavaThread "ForkJoinPool.commonPool-worker-1" daemon [_thread_blocked, id=6404, stack(0x000000006b630000,0x000000006b730000)]
  0x000000005c6a6000 JavaThread "WorkerExecutor Queue Thread 3" [_thread_blocked, id=4920, stack(0x000000006b4e0000,0x000000006b5e0000)]
  0x000000005c6a5800 JavaThread "WorkerExecutor Queue Thread 2" [_thread_blocked, id=1972, stack(0x000000006a010000,0x000000006a110000)]
  0x000000005ce4b000 JavaThread "WorkerExecutor Queue" [_thread_blocked, id=5320, stack(0x000000006b320000,0x000000006b420000)]
  0x000000005ce47800 JavaThread "RMI TCP Connection(85)-127.0.0.1" daemon [_thread_in_native, id=1724, stack(0x0000000069f10000,0x000000006a010000)]
  0x000000005ce49800 JavaThread "RMI TCP Connection(86)-127.0.0.1" daemon [_thread_in_native, id=2140, stack(0x0000000064830000,0x0000000064930000)]
  0x000000005d85c000 JavaThread "RMI RenewClean-[127.0.0.1:17236,org.jetbrains.kotlin.daemon.common.LoopbackNetworkInterface$ClientLoopbackSocketFactory@2de85bc6]" daemon [_thread_blocked, id=5596, stack(0x00000000652d0000,0x00000000653d0000)]
  0x000000005d862000 JavaThread "Cache worker for execution history cache (C:\Users\Denis\AndroidStudioProjects\MyApplication17\.gradle\6.1.1\executionHistory)" [_thread_in_native, id=3680, stack(0x0000000068d00000,0x0000000068e00000)]
  0x000000005d85c800 JavaThread "Cache worker for file content cache (C:\Users\Denis\AndroidStudioProjects\MyApplication17\.gradle\6.1.1\fileContent)" [_thread_blocked, id=1268, stack(0x0000000064f70000,0x0000000065070000)]
  0x000000005fc26800 JavaThread "Cache worker for Build Output Cleanup Cache (C:\Users\Denis\AndroidStudioProjects\MyApplication17\.gradle\buildOutputCleanup)" [_thread_blocked, id=6036, stack(0x000000005e820000,0x000000005e920000)]
  0x000000005fc22800 JavaThread "pool-70-thread-1" [_thread_blocked, id=4564, stack(0x0000000063960000,0x0000000063a60000)]
  0x000000005fc20000 JavaThread "Build operations Thread 2" [_thread_blocked, id=6616, stack(0x0000000062520000,0x0000000062620000)]
  0x000000005fc21800 JavaThread "Build operations" [_thread_blocked, id=6060, stack(0x0000000064250000,0x0000000064350000)]
  0x000000005fc25800 JavaThread "Cache worker for cache directory md-rule (C:\Users\Denis\.gradle\caches\6.1.1\md-rule)" [_thread_blocked, id=6356, stack(0x0000000063e90000,0x0000000063f90000)]
  0x000000005fc24000 JavaThread "Cache worker for cache directory md-supplier (C:\Users\Denis\.gradle\caches\6.1.1\md-supplier)" [_thread_blocked, id=6184, stack(0x0000000061ec0000,0x0000000061fc0000)]
  0x000000005d60c000 JavaThread "Cache worker for file hash cache (C:\Users\Denis\AndroidStudioProjects\MyApplication17\.gradle\6.1.1\fileHashes)" [_thread_blocked, id=4252, stack(0x00000000623a0000,0x00000000624a0000)]
  0x000000005d60d000 JavaThread "Cache worker for checksums cache (C:\Users\Denis\AndroidStudioProjects\MyApplication17\.gradle\checksums)" [_thread_blocked, id=5892, stack(0x000000005e700000,0x000000005e800000)]
  0x000000005d60b800 JavaThread "Thread-583" [_thread_in_native, id=4936, stack(0x00000000608f0000,0x00000000609f0000)]
  0x000000005d60f000 JavaThread "Stdin handler" [_thread_blocked, id=4036, stack(0x0000000060790000,0x0000000060890000)]
  0x000000005d610000 JavaThread "Asynchronous log dispatcher for DefaultDaemonConnection: socket connection from /127.0.0.1:54164 to /127.0.0.1:55991" [_thread_blocked, id=3924, stack(0x000000005e050000,0x000000005e150000)]
  0x000000005d60d800 JavaThread "Cancel handler" [_thread_blocked, id=6828, stack(0x000000005af60000,0x000000005b060000)]
  0x000000005d610800 JavaThread "Handler for socket connection from /127.0.0.1:54164 to /127.0.0.1:55991" [_thread_in_native, id=6440, stack(0x000000005ae10000,0x000000005af10000)]
  0x000000005ce4d800 JavaThread "RMI RenewClean-[127.0.0.1:17236,org.jetbrains.kotlin.daemon.common.LoopbackNetworkInterface$ClientLoopbackSocketFactory@3af586b0]" daemon [_thread_blocked, id=7112, stack(0x000000006b210000,0x000000006b310000)]
  0x000000005d612000 JavaThread "RMI RenewClean-[127.0.0.1:17236,org.jetbrains.kotlin.daemon.common.LoopbackNetworkInterface$ClientLoopbackSocketFactory@4401e2f5]" daemon [_thread_blocked, id=6764, stack(0x0000000066560000,0x0000000066660000)]
  0x000000005ce49000 JavaThread "RMI RenewClean-[127.0.0.1:17236,org.jetbrains.kotlin.daemon.common.LoopbackNetworkInterface$ClientLoopbackSocketFactory@1577b64b]" daemon [_thread_blocked, id=4196, stack(0x00000000609f0000,0x0000000060af0000)]
  0x000000005d85e000 JavaThread "RMI TCP Connection(84)-127.0.0.1" daemon [_thread_in_native, id=4444, stack(0x00000000661a0000,0x00000000662a0000)]
  0x000000005d861800 JavaThread "Daemon worker Thread 15" [_thread_in_Java, id=6244, stack(0x000000005e180000,0x000000005e280000)]
  0x000000005d85b000 JavaThread "Daemon Thread 15" [_thread_blocked, id=6472, stack(0x000000005aae0000,0x000000005abe0000)]
  0x000000005be71000 JavaThread "MarlinRenderer Disposer" daemon [_thread_blocked, id=6988, stack(0x0000000064bd0000,0x0000000064cd0000)]
  0x000000005be72800 JavaThread "Java2D Disposer" daemon [_thread_blocked, id=1500, stack(0x0000000068390000,0x0000000068490000)]
  0x000000005fc1f800 JavaThread "Cache worker for Java compile cache (C:\Users\Denis\.gradle\caches\6.1.1\javaCompile)" [_thread_blocked, id=1488, stack(0x00000000666b0000,0x00000000667b0000)]
  0x000000005be77000 JavaThread "RMI Reaper" [_thread_blocked, id=4268, stack(0x0000000062060000,0x0000000062160000)]
  0x000000005be76000 JavaThread "RMI TCP Accept-0" daemon [_thread_in_native, id=6740, stack(0x0000000066040000,0x0000000066140000)]
  0x000000005be75800 JavaThread "GC Daemon" daemon [_thread_blocked, id=3736, stack(0x0000000065e50000,0x0000000065f50000)]
  0x000000005be73000 JavaThread "RMI Scheduler(0)" daemon [_thread_blocked, id=2700, stack(0x0000000065b30000,0x0000000065c30000)]
  0x000000005ce4c800 JavaThread "Cache worker for file content cache (C:\Users\Denis\.gradle\caches\6.1.1\fileContent)" [_thread_blocked, id=5880, stack(0x0000000062680000,0x0000000062780000)]
  0x000000005ce4c000 JavaThread "Memory manager" [_thread_blocked, id=4692, stack(0x000000005e940000,0x000000005ea40000)]
  0x000000005a267800 JavaThread "Cache worker for execution history cache (C:\Users\Denis\.gradle\caches\6.1.1\executionHistory)" [_thread_blocked, id=6228, stack(0x000000005eaa0000,0x000000005eba0000)]
  0x000000005a264000 JavaThread "Cache worker for file hash cache (C:\Users\Denis\.gradle\caches\6.1.1\fileHashes)" [_thread_blocked, id=6016, stack(0x000000005cb30000,0x000000005cc30000)]
  0x000000005a263000 JavaThread "File lock request listener" [_thread_in_native, id=4776, stack(0x000000005cc70000,0x000000005cd70000)]
  0x000000005a262800 JavaThread "Cache worker for journal cache (C:\Users\Denis\.gradle\caches\journal-1)" [_thread_blocked, id=5512, stack(0x000000005c9b0000,0x000000005cab0000)]
  0x0000000058e28000 JavaThread "Daemon periodic checks" [_thread_blocked, id=5316, stack(0x000000005b0b0000,0x000000005b1b0000)]
  0x0000000058769000 JavaThread "Incoming local TCP Connector on port 54164" [_thread_in_native, id=2964, stack(0x000000005ac20000,0x000000005ad20000)]
  0x0000000058a6b000 JavaThread "Daemon health stats" [_thread_blocked, id=4264, stack(0x000000005a670000,0x000000005a770000)]
  0x000000005721c800 JavaThread "Service Thread" daemon [_thread_blocked, id=4584, stack(0x0000000058b80000,0x0000000058c80000)]
  0x0000000057216800 JavaThread "C1 CompilerThread1" daemon [_thread_blocked, id=6752, stack(0x00000000585f0000,0x00000000586f0000)]
=>0x00000000571bc800 JavaThread "C2 CompilerThread0" daemon [_thread_in_native, id=4884, stack(0x0000000058300000,0x0000000058400000)]
  0x00000000571c3800 JavaThread "Attach Listener" daemon [_thread_blocked, id=6672, stack(0x0000000058130000,0x0000000058230000)]
  0x00000000571c2000 JavaThread "Signal Dispatcher" daemon [_thread_blocked, id=3692, stack(0x0000000058020000,0x0000000058120000)]
  0x000000005719e000 JavaThread "Finalizer" daemon [_thread_blocked, id=4104, stack(0x0000000057b30000,0x0000000057c30000)]
  0x0000000057194800 JavaThread "Reference Handler" daemon [_thread_blocked, id=3888, stack(0x0000000057dc0000,0x0000000057ec0000)]
  0x000000000225e800 JavaThread "main" [_thread_blocked, id=4436, stack(0x00000000023c0000,0x00000000024c0000)]

Other Threads:
  0x000000005714c800 VMThread [stack: 0x0000000057c90000,0x0000000057d90000] [id=6704]
  0x00000000586f4800 WatcherThread [stack: 0x0000000058d10000,0x0000000058e10000] [id=6804]

VM state:not at safepoint (normal execution)

VM Mutex/Monitor currently owned by a thread: None

heap address: 0x0000000080000000, size: 2048 MB, Compressed Oops mode: 32-bit
Narrow klass base: 0x0000000000000000, Narrow klass shift: 0
Compressed class space size: 1073741824 Address: 0x0000000016820000

Heap:
 PSYoungGen      total 648704K, used 466217K [0x00000000d5580000, 0x00000000ffe00000, 0x0000000100000000)
  eden space 640000K, 71% used [0x00000000d5580000,0x00000000f14c2528,0x00000000fc680000)
  from space 8704K, 94% used [0x00000000fc680000,0x00000000fce88128,0x00000000fcf00000)
  to   space 28160K, 0% used [0x00000000fe280000,0x00000000fe280000,0x00000000ffe00000)
 ParOldGen       total 129536K, used 45716K [0x0000000080000000, 0x0000000087e80000, 0x00000000d5580000)
  object space 129536K, 35% used [0x0000000080000000,0x0000000082ca5130,0x0000000087e80000)
 Metaspace       used 105494K, capacity 113840K, committed 114072K, reserved 1148928K
  class space    used 13572K, capacity 14927K, committed 15016K, reserved 1048576K

Card table byte_map: [0x0000000011b50000,0x0000000011f60000] byte_map_base: 0x0000000011750000

Marking Bits: (ParMarkBitMap*) 0x000000006d14f030
 Begin Bits: [0x0000000012420000, 0x0000000014420000)
 End Bits:   [0x0000000014420000, 0x0000000016420000)

Polling page: 0x00000000003b0000

CodeCache: size=245760Kb used=67107Kb max_used=67121Kb free=178652Kb
 bounds [0x0000000002790000, 0x0000000006990000, 0x0000000011790000]
 total_blobs=21165 nmethods=20126 adapters=951
 compilation: enabled

Compilation events (10 events):
Event: 6322.213 Thread 0x00000000571bc800 nmethod 25809 0x00000000050e3e90 code [0x00000000050e3fe0, 0x00000000050e4138]
Event: 6322.447 Thread 0x00000000571bc800 25818       4       com.android.apksig.DefaultApkSignerEngine::isDebuggable (22 bytes)
Event: 6322.449 Thread 0x00000000571bc800 nmethod 25818 0x000000000423f3d0 code [0x000000000423f500, 0x000000000423f578]
Event: 6322.465 Thread 0x00000000571bc800 25819 %     4       java.math.BigInteger::oddModPow @ 528 (792 bytes)
Event: 6322.476 Thread 0x0000000057216800 25820       3       com.android.apksig.internal.asn1.Asn1DerEncoder::toSequence (6 bytes)
Event: 6322.476 Thread 0x0000000057216800 nmethod 25820 0x00000000050e3b10 code [0x00000000050e3c80, 0x00000000050e3de8]
Event: 6322.476 Thread 0x0000000057216800 25821   !   3       com.android.apksig.internal.asn1.Asn1DerEncoder::toSequence (386 bytes)
Event: 6322.479 Thread 0x0000000057216800 nmethod 25821 0x0000000006978050 code [0x00000000069785e0, 0x000000000697c288]
Event: 6322.500 Thread 0x00000000571bc800 nmethod 25819% 0x000000000697e1d0 code [0x000000000697e3e0, 0x00000000069800c0]
Event: 6322.500 Thread 0x00000000571bc800 25822       4       sun.reflect.generics.parser.SignatureParser::parseTypeSignature (130 bytes)

GC Heap History (10 events):
Event: 3862.680 GC heap before
{Heap before GC invocations=20 (full 4):
 PSYoungGen      total 666624K, used 519116K [0x00000000d5580000, 0x00000000ffe00000, 0x0000000100000000)
  eden space 635392K, 79% used [0x00000000d5580000,0x00000000f431cef8,0x00000000fc200000)
  from space 31232K, 43% used [0x00000000fc200000,0x00000000fcf56150,0x00000000fe080000)
  to   space 29696K, 0% used [0x00000000fe100000,0x00000000fe100000,0x00000000ffe00000)
 ParOldGen       total 129536K, used 63949K [0x0000000080000000, 0x0000000087e80000, 0x00000000d5580000)
  object space 129536K, 49% used [0x0000000080000000,0x0000000083e73698,0x0000000087e80000)
 Metaspace       used 102563K, capacity 108980K, committed 109208K, reserved 1144832K
  class space    used 13306K, capacity 14438K, committed 14504K, reserved 1048576K
Event: 3862.698 GC heap after
Heap after GC invocations=20 (full 4):
 PSYoungGen      total 666112K, used 5438K [0x00000000d5580000, 0x00000000ffd00000, 0x0000000100000000)
  eden space 637440K, 0% used [0x00000000d5580000,0x00000000d5580000,0x00000000fc400000)
  from space 28672K, 18% used [0x00000000fe100000,0x00000000fe64f8f8,0x00000000ffd00000)
  to   space 29184K, 0% used [0x00000000fc400000,0x00000000fc400000,0x00000000fe080000)
 ParOldGen       total 129536K, used 64977K [0x0000000080000000, 0x0000000087e80000, 0x00000000d5580000)
  object space 129536K, 50% used [0x0000000080000000,0x0000000083f746c8,0x0000000087e80000)
 Metaspace       used 102563K, capacity 108980K, committed 109208K, reserved 1144832K
  class space    used 13306K, capacity 14438K, committed 14504K, reserved 1048576K
}
Event: 3862.698 GC heap before
{Heap before GC invocations=21 (full 5):
 PSYoungGen      total 666112K, used 5438K [0x00000000d5580000, 0x00000000ffd00000, 0x0000000100000000)
  eden space 637440K, 0% used [0x00000000d5580000,0x00000000d5580000,0x00000000fc400000)
  from space 28672K, 18% used [0x00000000fe100000,0x00000000fe64f8f8,0x00000000ffd00000)
  to   space 29184K, 0% used [0x00000000fc400000,0x00000000fc400000,0x00000000fe080000)
 ParOldGen       total 129536K, used 64977K [0x0000000080000000, 0x0000000087e80000, 0x00000000d5580000)
  object space 129536K, 50% used [0x0000000080000000,0x0000000083f746c8,0x0000000087e80000)
 Metaspace       used 102563K, capacity 108980K, committed 109208K, reserved 1144832K
  class space    used 13306K, capacity 14438K, committed 14504K, reserved 1048576K
Event: 3863.031 GC heap after
Heap after GC invocations=21 (full 5):
 PSYoungGen      total 666112K, used 0K [0x00000000d5580000, 0x00000000ffd00000, 0x0000000100000000)
  eden space 637440K, 0% used [0x00000000d5580000,0x00000000d5580000,0x00000000fc400000)
  from space 28672K, 0% used [0x00000000fe100000,0x00000000fe100000,0x00000000ffd00000)
  to   space 29184K, 0% used [0x00000000fc400000,0x00000000fc400000,0x00000000fe080000)
 ParOldGen       total 129536K, used 37712K [0x0000000080000000, 0x0000000087e80000, 0x00000000d5580000)
  object space 129536K, 29% used [0x0000000080000000,0x00000000824d4370,0x0000000087e80000)
 Metaspace       used 100537K, capacity 105546K, committed 109208K, reserved 1144832K
  class space    used 12946K, capacity 13812K, committed 14504K, reserved 1048576K
}
Event: 4924.830 GC heap before
{Heap before GC invocations=22 (full 5):
 PSYoungGen      total 666112K, used 637440K [0x00000000d5580000, 0x00000000ffd00000, 0x0000000100000000)
  eden space 637440K, 100% used [0x00000000d5580000,0x00000000fc400000,0x00000000fc400000)
  from space 28672K, 0% used [0x00000000fe100000,0x00000000fe100000,0x00000000ffd00000)
  to   space 29184K, 0% used [0x00000000fc400000,0x00000000fc400000,0x00000000fe080000)
 ParOldGen       total 129536K, used 37712K [0x0000000080000000, 0x0000000087e80000, 0x00000000d5580000)
  object space 129536K, 29% used [0x0000000080000000,0x00000000824d4370,0x0000000087e80000)
 Metaspace       used 103548K, capacity 110842K, committed 111256K, reserved 1146880K
  class space    used 13393K, capacity 14584K, committed 14760K, reserved 1048576K
Event: 4924.874 GC heap after
Heap after GC invocations=22 (full 5):
 PSYoungGen      total 666624K, used 18916K [0x00000000d5580000, 0x0000000100000000, 0x0000000100000000)
  eden space 637440K, 0% used [0x00000000d5580000,0x00000000d5580000,0x00000000fc400000)
  from space 29184K, 64% used [0x00000000fc400000,0x00000000fd6792d0,0x00000000fe080000)
  to   space 29696K, 0% used [0x00000000fe300000,0x00000000fe300000,0x0000000100000000)
 ParOldGen       total 129536K, used 37720K [0x0000000080000000, 0x0000000087e80000, 0x00000000d5580000)
  object space 129536K, 29% used [0x0000000080000000,0x00000000824d6370,0x0000000087e80000)
 Metaspace       used 103548K, capacity 110842K, committed 111256K, reserved 1146880K
  class space    used 13393K, capacity 14584K, committed 14760K, reserved 1048576K
}
Event: 5970.032 GC heap before
{Heap before GC invocations=23 (full 5):
 PSYoungGen      total 666624K, used 656356K [0x00000000d5580000, 0x0000000100000000, 0x0000000100000000)
  eden space 637440K, 100% used [0x00000000d5580000,0x00000000fc400000,0x00000000fc400000)
  from space 29184K, 64% used [0x00000000fc400000,0x00000000fd6792d0,0x00000000fe080000)
  to   space 29696K, 0% used [0x00000000fe300000,0x00000000fe300000,0x0000000100000000)
 ParOldGen       total 129536K, used 37720K [0x0000000080000000, 0x0000000087e80000, 0x00000000d5580000)
  object space 129536K, 29% used [0x0000000080000000,0x00000000824d6370,0x0000000087e80000)
 Metaspace       used 104449K, capacity 112142K, committed 112408K, reserved 1146880K
  class space    used 13473K, capacity 14730K, committed 14888K, reserved 1048576K
Event: 5970.053 GC heap after
Heap after GC invocations=23 (full 5):
 PSYoungGen      total 669184K, used 8079K [0x00000000d5580000, 0x00000000fff80000, 0x0000000100000000)
  eden space 640000K, 0% used [0x00000000d5580000,0x00000000d5580000,0x00000000fc680000)
  from space 29184K, 27% used [0x00000000fe300000,0x00000000feae3d08,0x00000000fff80000)
  to   space 29184K, 0% used [0x00000000fc680000,0x00000000fc680000,0x00000000fe300000)
 ParOldGen       total 129536K, used 45353K [0x0000000080000000, 0x0000000087e80000, 0x00000000d5580000)
  object space 129536K, 35% used [0x0000000080000000,0x0000000082c4a408,0x0000000087e80000)
 Metaspace       used 104449K, capacity 112142K, committed 112408K, reserved 1146880K
  class space    used 13473K, capacity 14730K, committed 14888K, reserved 1048576K
}
Event: 6155.108 GC heap before
{Heap before GC invocations=24 (full 5):
 PSYoungGen      total 669184K, used 648079K [0x00000000d5580000, 0x00000000fff80000, 0x0000000100000000)
  eden space 640000K, 100% used [0x00000000d5580000,0x00000000fc680000,0x00000000fc680000)
  from space 29184K, 27% used [0x00000000fe300000,0x00000000feae3d08,0x00000000fff80000)
  to   space 29184K, 0% used [0x00000000fc680000,0x00000000fc680000,0x00000000fe300000)
 ParOldGen       total 129536K, used 45353K [0x0000000080000000, 0x0000000087e80000, 0x00000000d5580000)
  object space 129536K, 35% used [0x0000000080000000,0x0000000082c4a408,0x0000000087e80000)
 Metaspace       used 104794K, capacity 112480K, committed 112664K, reserved 1146880K
  class space    used 13483K, capacity 14767K, committed 14888K, reserved 1048576K
Event: 6155.122 GC heap after
Heap after GC invocations=24 (full 5):
 PSYoungGen      total 648704K, used 8224K [0x00000000d5580000, 0x00000000ffe00000, 0x0000000100000000)
  eden space 640000K, 0% used [0x00000000d5580000,0x00000000d5580000,0x00000000fc680000)
  from space 8704K, 94% used [0x00000000fc680000,0x00000000fce88128,0x00000000fcf00000)
  to   space 28160K, 0% used [0x00000000fe280000,0x00000000fe280000,0x00000000ffe00000)
 ParOldGen       total 129536K, used 45716K [0x0000000080000000, 0x0000000087e80000, 0x00000000d5580000)
  object space 129536K, 35% used [0x0000000080000000,0x0000000082ca5130,0x0000000087e80000)
 Metaspace       used 104794K, capacity 112480K, committed 112664K, reserved 1146880K
  class space    used 13483K, capacity 14767K, committed 14888K, reserved 1048576K
}

Deoptimization events (10 events):
Event: 4931.804 Thread 0x000000005fc22800 Uncommon trap: reason=null_check action=make_not_entrant pc=0x00000000061f20a4 method=com.android.tools.r8.u.b.S0.equals(Ljava/lang/Object;)Z @ 8
Event: 5029.258 Thread 0x000000005fc22800 Uncommon trap: reason=null_check action=make_not_entrant pc=0x0000000005b46b78 method=com.android.tools.r8.u.b.S0.equals(Ljava/lang/Object;)Z @ 8
Event: 5541.731 Thread 0x000000005d85b000 Uncommon trap: reason=unstable_if action=reinterpret pc=0x00000000061e9fa0 method=java.util.TimSort.mergeLo(IIII)V @ 474
Event: 5542.563 Thread 0x000000005d85b000 Uncommon trap: reason=null_check action=make_not_entrant pc=0x000000000651d4e4 method=com.android.tools.r8.s.a.b.h.a(Ljava/lang/Object;)V @ 71
Event: 5960.987 Thread 0x000000005c6a5800 Uncommon trap: reason=null_check action=make_not_entrant pc=0x0000000003e49964 method=com.android.tools.r8.graph.D0.a(Lcom/android/tools/r8/graph/f0;)Lcom/android/tools/r8/graph/b0; @ 51
Event: 5969.682 Thread 0x000000005fc24000 Uncommon trap: reason=unstable_if action=reinterpret pc=0x0000000005fdffc4 method=java.util.concurrent.locks.LockSupport.unpark(Ljava/lang/Thread;)V @ 1
Event: 5970.053 Thread 0x000000005d861800 Uncommon trap: reason=null_check action=make_not_entrant pc=0x0000000005a0b294 method=java.lang.ThreadLocal$ThreadLocalMap.expungeStaleEntry(I)I @ 51
Event: 5971.450 Thread 0x000000005d861800 Uncommon trap: reason=unstable_if action=reinterpret pc=0x000000000445b988 method=org.gradle.internal.snapshot.VfsRelativePath.compareToFirstSegment(Ljava/lang/String;Lorg/gradle/internal/snapshot/CaseSensitivity;)I @ 156
Event: 5977.072 Thread 0x000000005d85e000 Uncommon trap: reason=unstable_if action=reinterpret pc=0x00000000062ee290 method=java.math.MutableBigInteger.leftShift(I)V @ 4
Event: 5993.300 Thread 0x000000005fc21800 Uncommon trap: reason=unstable_if action=reinterpret pc=0x0000000003e7d6f4 method=java.util.concurrent.locks.ReentrantLock$Sync.nonfairTryAcquire(I)Z @ 19

Classes redefined (0 events):
No events

Internal exceptions (10 events):
Event: 6321.712 Thread 0x000000005d85f000 Exception <a 'sun/nio/fs/WindowsException'> (0x00000000ef60fb18) thrown at [C:\src\AOSP-openjdk-git\hotspot\src\share\vm\prims\jni.cpp, line 710]
Event: 6321.712 Thread 0x000000005d85f000 Exception <a 'sun/nio/fs/WindowsException'> (0x00000000ef6107d8) thrown at [C:\src\AOSP-openjdk-git\hotspot\src\share\vm\prims\jni.cpp, line 710]
Event: 6321.712 Thread 0x000000005d85f000 Exception <a 'sun/nio/fs/WindowsException'> (0x00000000ef611520) thrown at [C:\src\AOSP-openjdk-git\hotspot\src\share\vm\prims\jni.cpp, line 710]
Event: 6321.712 Thread 0x000000005d85f000 Exception <a 'sun/nio/fs/WindowsException'> (0x00000000ef613320) thrown at [C:\src\AOSP-openjdk-git\hotspot\src\share\vm\prims\jni.cpp, line 710]
Event: 6321.712 Thread 0x000000005d85f000 Exception <a 'sun/nio/fs/WindowsException'> (0x00000000ef613ff0) thrown at [C:\src\AOSP-openjdk-git\hotspot\src\share\vm\prims\jni.cpp, line 710]
Event: 6321.712 Thread 0x000000005d85f000 Exception <a 'sun/nio/fs/WindowsException'> (0x00000000ef614d48) thrown at [C:\src\AOSP-openjdk-git\hotspot\src\share\vm\prims\jni.cpp, line 710]
Event: 6321.925 Thread 0x000000005ce4b000 Exception <a 'sun/nio/fs/WindowsException'> (0x00000000f032c000) thrown at [C:\src\AOSP-openjdk-git\hotspot\src\share\vm\prims\jni.cpp, line 710]
Event: 6321.932 Thread 0x000000005ce4b000 Exception <a 'sun/nio/fs/WindowsException'> (0x00000000f0529758) thrown at [C:\src\AOSP-openjdk-git\hotspot\src\share\vm\prims\jni.cpp, line 710]
Event: 6322.086 Thread 0x000000005c6a5800 Exception <a 'sun/nio/fs/WindowsException'> (0x00000000f03a7708) thrown at [C:\src\AOSP-openjdk-git\hotspot\src\share\vm\prims\jni.cpp, line 710]
Event: 6322.133 Thread 0x000000005c6a6000 Exception <a 'sun/nio/fs/WindowsException'> (0x00000000f0fd1488) thrown at [C:\src\AOSP-openjdk-git\hotspot\src\share\vm\prims\jni.cpp, line 710]

Events (10 events):
Event: 6322.136 Executing VM operation: RevokeBias
Event: 6322.136 Executing VM operation: RevokeBias done
Event: 6322.140 Executing VM operation: RevokeBias
Event: 6322.140 Executing VM operation: RevokeBias done
Event: 6322.148 Thread 0x000000005c6a4800 Thread exited: 0x000000005c6a4800
Event: 6322.148 Thread 0x000000005c6a6000 Thread exited: 0x000000005c6a6000
Event: 6322.179 Thread 0x000000005c6a6000 Thread added: 0x000000005c6a6000
Event: 6322.181 Executing VM operation: RevokeBias
Event: 6322.181 Executing VM operation: RevokeBias done
Event: 6322.450 Thread 0x000000005c6a4800 Thread added: 0x000000005c6a4800


Dynamic libraries:
0x000000013f700000 - 0x000000013f731000 	C:\Program Files\Android\Android Studio\jre\bin\java.exe
0x0000000076f00000 - 0x00000000770a9000 	C:\Windows\SYSTEM32\ntdll.dll
0x0000000076ce0000 - 0x0000000076dff000 	C:\Windows\system32\kernel32.dll
0x000007fefcce0000 - 0x000007fefcd4b000 	C:\Windows\system32\KERNELBASE.dll
0x000007fefef60000 - 0x000007feff03b000 	C:\Windows\system32\ADVAPI32.dll
0x000007fefecb0000 - 0x000007fefed4f000 	C:\Windows\system32\msvcrt.dll
0x000007feff1f0000 - 0x000007feff20f000 	C:\Windows\SYSTEM32\sechost.dll
0x000007fefdff0000 - 0x000007fefe11d000 	C:\Windows\system32\RPCRT4.dll
0x0000000076e00000 - 0x0000000076efa000 	C:\Windows\system32\USER32.dll
0x000007feff040000 - 0x000007feff0a7000 	C:\Windows\system32\GDI32.dll
0x000007fefe9e0000 - 0x000007fefe9ee000 	C:\Windows\system32\LPK.dll
0x000007fefe830000 - 0x000007fefe8f9000 	C:\Windows\system32\USP10.dll
0x000007fefb830000 - 0x000007fefba24000 	C:\Windows\WinSxS\amd64_microsoft.windows.common-controls_6595b64144ccf1df_6.0.7601.17514_none_fa396087175ac9ac\COMCTL32.dll
0x000007fefd180000 - 0x000007fefd1f1000 	C:\Windows\system32\SHLWAPI.dll
0x000007fefef30000 - 0x000007fefef5e000 	C:\Windows\system32\IMM32.DLL
0x000007fefd070000 - 0x000007fefd179000 	C:\Windows\system32\MSCTF.dll
0x0000000074760000 - 0x0000000074832000 	C:\Program Files\Android\Android Studio\jre\jre\bin\msvcr100.dll
0x000000006c980000 - 0x000000006d1cb000 	C:\Program Files\Android\Android Studio\jre\jre\bin\server\jvm.dll
0x000007fedfad0000 - 0x000007fedfad9000 	C:\Windows\system32\WSOCK32.dll
0x000007fefec60000 - 0x000007fefecad000 	C:\Windows\system32\WS2_32.dll
0x000007fefec50000 - 0x000007fefec58000 	C:\Windows\system32\NSI.dll
0x000007fef8f70000 - 0x000007fef8fab000 	C:\Windows\system32\WINMM.dll
0x000007fefbda0000 - 0x000007fefbdac000 	C:\Windows\system32\VERSION.dll
0x00000000770d0000 - 0x00000000770d7000 	C:\Windows\system32\PSAPI.DLL
0x000007fefa960000 - 0x000007fefa96f000 	C:\Program Files\Android\Android Studio\jre\jre\bin\verify.dll
0x000007feee380000 - 0x000007feee3a9000 	C:\Program Files\Android\Android Studio\jre\jre\bin\java.dll
0x000007feee3c0000 - 0x000007feee3d6000 	C:\Program Files\Android\Android Studio\jre\jre\bin\zip.dll
0x000007fefd200000 - 0x000007fefdf88000 	C:\Windows\system32\SHELL32.dll
0x000007fefe330000 - 0x000007fefe533000 	C:\Windows\system32\ole32.dll
0x000007fefccb0000 - 0x000007fefccbf000 	C:\Windows\system32\profapi.dll
0x000007fef7790000 - 0x000007fef77aa000 	C:\Program Files\Android\Android Studio\jre\jre\bin\net.dll
0x000007fefc450000 - 0x000007fefc4a5000 	C:\Windows\system32\mswsock.dll
0x000007fefc440000 - 0x000007fefc447000 	C:\Windows\System32\wship6.dll
0x000007feee360000 - 0x000007feee373000 	C:\Program Files\Android\Android Studio\jre\jre\bin\nio.dll
0x000007feea9b0000 - 0x000007feea9d6000 	C:\Users\Denis\.gradle\native\31\windows-amd64\native-platform.dll
0x000007fefbd20000 - 0x000007fefbd23000 	C:\Windows\system32\api-ms-win-core-synch-l1-2-0.DLL
0x000007fef9c50000 - 0x000007fef9c5d000 	C:\Program Files\Android\Android Studio\jre\jre\bin\management.dll
0x000007fefc4b0000 - 0x000007fefc4c8000 	C:\Windows\system32\CRYPTSP.dll
0x000007fefc1b0000 - 0x000007fefc1f7000 	C:\Windows\system32\rsaenh.dll
0x000007fefcf40000 - 0x000007fefcf5e000 	C:\Windows\system32\USERENV.dll
0x000007fefcb10000 - 0x000007fefcb1f000 	C:\Windows\system32\CRYPTBASE.dll
0x000007fef9db0000 - 0x000007fef9dd7000 	C:\Windows\system32\IPHLPAPI.DLL
0x000007fef9d70000 - 0x000007fef9d7b000 	C:\Windows\system32\WINNSI.DLL
0x000007fef9bd0000 - 0x000007fef9be1000 	C:\Windows\system32\dhcpcsvc6.DLL
0x000007fef9a90000 - 0x000007fef9aa8000 	C:\Windows\system32\dhcpcsvc.DLL
0x000007fefcab0000 - 0x000007fefcb07000 	C:\Windows\system32\apphelp.dll
0x000007feee280000 - 0x000007feee29e000 	C:\Users\Denis\AppData\Local\Temp\native-platform7332649699627419157dir\native-platform.dll
0x000007feeb660000 - 0x000007feeb7fc000 	C:\Program Files\Android\Android Studio\jre\jre\bin\awt.dll
0x000007fefbd30000 - 0x000007fefbd48000 	C:\Windows\system32\dwmapi.dll
0x000007fefe900000 - 0x000007fefe9d7000 	C:\Windows\system32\OLEAUT32.dll
0x000007feeb290000 - 0x000007feeb654000 	C:\Windows\system32\d2d1.dll

VM Arguments:
jvm_args: -Xmx2048m -Dfile.encoding=windows-1251 -Duser.country=RU -Duser.language=ru -Duser.variant 
java_command: org.gradle.launcher.daemon.bootstrap.GradleDaemon 6.1.1
java_class_path (initial): C:\Users\Denis\.gradle\wrapper\dists\gradle-6.1.1-all\cfmwm155h49vnt3hynmlrsdst\gradle-6.1.1\lib\gradle-launcher-6.1.1.jar
Launcher Type: SUN_STANDARD

Environment Variables:
JAVA_HOME=C:\Program Files\Java\jdk-11.0.2
PATH=C:\Program Files\Common Files\Microsoft Shared\Windows Live;C:\Program Files\gettext-iconv\bin;C:\Program Files\Git\cmd;C:\Program Files\Java\jdk-11.0.2\bin;C:\Maven\apache-maven-3.6.3\bin;C:\Program Files\Common Files\Microsoft Shared\Windows Live;C:\Users\Denis\AppData\Local\Programs\Python\Python38-32\Scripts\;C:\Users\Denis\AppData\Local\Programs\Python\Python38-32\;C:\Users\Denis\AppData\Local\Programs\Microsoft VS Code\bin;C:\Users\Denis\AppData\Local\Programs\Fiddler;C:\Users\Denis\AppData\Roaming\npm;C:\Program Files\heroku\bin;C:\Program Files\Git\cmd;C:\Program Files\Java\jdk-11.0.2\bin;C:\Maven\apache-maven-3.6.3\bin
USERNAME=Denis
OS=Windows_NT
PROCESSOR_IDENTIFIER=Intel64 Family 6 Model 60 Stepping 3, GenuineIntel



---------------  S Y S T E M  ---------------

OS: Windows 7 , 64 bit Build 7601 (6.1.7601.18015)

CPU:total 2 (initial active 2) (2 cores per cpu, 1 threads per core) family 6 model 60 stepping 3, cmov, cx8, fxsr, mmx, sse, sse2, sse3, ssse3, sse4.1, sse4.2, popcnt, clmul, erms, lzcnt, tsc, tscinvbit

Memory: 4k page, physical 8341328k(529288k free), swap 10403856k(5648k free)

vm_info: OpenJDK 64-Bit Server VM (25.242-b01) for windows-amd64 JRE (1.8.0_242-release-1644-b01), built by "builder" with MS VC++ 10.0 (VS2010)

time: Sat Jul 04 00:37:53 2020
timezone: Центральная Азия (зима)
elapsed time: 6322 seconds (0d 1h 45m 22s)

