#
# There is insufficient memory for the Java Runtime Environment to continue.
# Native memory allocation (malloc) failed to allocate 32744 bytes for ChunkPool::allocate
# Possible reasons:
#   The system is out of physical RAM or swap space
#   The process is running with CompressedOops enabled, and the Java Heap may be blocking the growth of the native heap
# Possible solutions:
#   Reduce memory load on the system
#   Increase physical memory or swap space
#   Check if swap backing store is full
#   Decrease Java heap size (-Xmx/-Xms)
#   Decrease number of Java threads
#   Decrease Java thread stack sizes (-Xss)
#   Set larger code cache with -XX:ReservedCodeCacheSize=
#   JVM is running with Unscaled Compressed Oops mode in which the Java heap is
#     placed in the first 4GB address space. The Java Heap base address is the
#     maximum limit for the native heap growth. Please use -XX:HeapBaseMinAddress
#     to set the Java Heap base and to place the Java Heap above 4GB virtual address.
# This output file may be truncated or incomplete.
#
#  Out of Memory Error (allocation.cpp:272), pid=4556, tid=0x000000000000077c
#
# JRE version: OpenJDK Runtime Environment (8.0_242-b01) (build 1.8.0_242-release-1644-b01)
# Java VM: OpenJDK 64-Bit Server VM (25.242-b01 mixed mode windows-amd64 compressed oops)
# Failed to write core dump. Minidumps are not enabled by default on client versions of Windows
#

---------------  T H R E A D  ---------------

Current thread (0x000000005746a800):  JavaThread "C2 CompilerThread0" daemon [_thread_in_native, id=1916, stack(0x0000000058250000,0x0000000058350000)]

Stack: [0x0000000058250000,0x0000000058350000]
[error occurred during error reporting (printing stack bounds), id 0xc0000005]

Native frames: (J=compiled Java code, j=interpreted, Vv=VM code, C=native code)


Current CompileTask:
C2:39452791 41301       4       java.lang.Class::privateGetMethodRecursive (130 bytes)


---------------  P R O C E S S  ---------------

Java Threads: ( => current thread )
  0x000000006a022000 JavaThread "Cache worker for cache directory md-rule (C:\Users\Denis\.gradle\caches\6.1.1\md-rule)" [_thread_blocked, id=6092, stack(0x0000000061510000,0x0000000061610000)]
  0x000000006a020000 JavaThread "Cache worker for cache directory md-supplier (C:\Users\Denis\.gradle\caches\6.1.1\md-supplier)" [_thread_blocked, id=5212, stack(0x0000000060c30000,0x0000000060d30000)]
  0x000000006a01c000 JavaThread "Cache worker for file hash cache (C:\Users\Denis\AndroidStudioProjects\MyApplication21\.gradle\6.1.1\fileHashes)" [_thread_blocked, id=6636, stack(0x000000005ee00000,0x000000005ef00000)]
  0x000000006a023000 JavaThread "Cache worker for checksums cache (C:\Users\Denis\AndroidStudioProjects\MyApplication21\.gradle\checksums)" [_thread_blocked, id=924, stack(0x000000005c540000,0x000000005c640000)]
  0x000000006a01e800 JavaThread "Thread-4956" [_thread_blocked, id=6288, stack(0x000000005ec70000,0x000000005ed70000)]
  0x000000006a020800 JavaThread "Stdin handler" [_thread_blocked, id=728, stack(0x000000005e6d0000,0x000000005e7d0000)]
  0x000000006a01d800 JavaThread "Asynchronous log dispatcher for DefaultDaemonConnection: socket connection from /127.0.0.1:49295 to /127.0.0.1:62892" [_thread_blocked, id=2912, stack(0x000000005c0c0000,0x000000005c1c0000)]
  0x000000006a021800 JavaThread "Cancel handler" [_thread_blocked, id=4824, stack(0x000000005c420000,0x000000005c520000)]
  0x000000006a01d000 JavaThread "Handler for socket connection from /127.0.0.1:49295 to /127.0.0.1:62892" [_thread_in_native, id=3764, stack(0x000000005c740000,0x000000005c840000)]
  0x000000005a2b3000 JavaThread "RMI RenewClean-[127.0.0.1:17517,org.jetbrains.kotlin.daemon.common.LoopbackNetworkInterface$ClientLoopbackSocketFactory@400ffb87]" daemon [_thread_blocked, id=4768, stack(0x000000006f3b0000,0x000000006f4b0000)]
  0x000000005b7e6000 JavaThread "RMI TCP Connection(idle)" daemon [_thread_blocked, id=3204, stack(0x000000006f150000,0x000000006f250000)]
  0x000000005b7e3000 JavaThread "RMI RenewClean-[127.0.0.1:17517,org.jetbrains.kotlin.daemon.common.LoopbackNetworkInterface$ClientLoopbackSocketFactory@8ee39bd]" daemon [_thread_blocked, id=3196, stack(0x000000006a650000,0x000000006a750000)]
  0x000000005b7e1800 JavaThread "RMI TCP Connection(idle)" daemon [_thread_blocked, id=6584, stack(0x0000000068270000,0x0000000068370000)]
  0x000000005a2b6000 JavaThread "Daemon worker Thread 126" [_thread_in_native, id=4772, stack(0x000000005c640000,0x000000005c740000)]
  0x000000005d31d000 JavaThread "Daemon Thread 126" [_thread_blocked, id=5708, stack(0x000000005bfb0000,0x000000005c0b0000)]
  0x000000005a2b7800 JavaThread "RMI RenewClean-[127.0.0.1:17517,org.jetbrains.kotlin.daemon.common.LoopbackNetworkInterface$ClientLoopbackSocketFactory@199dbb5f]" daemon [_thread_blocked, id=5316, stack(0x0000000067cb0000,0x0000000067db0000)]
  0x00000000604a3800 JavaThread "RMI Reaper" [_thread_blocked, id=4676, stack(0x0000000065040000,0x0000000065140000)]
  0x00000000604a4000 JavaThread "GC Daemon" daemon [_thread_blocked, id=6424, stack(0x0000000067890000,0x0000000067990000)]
  0x000000005b39b800 JavaThread "Cache worker for Java compile cache (C:\Users\Denis\.gradle\caches\6.1.1\javaCompile)" [_thread_blocked, id=1660, stack(0x0000000067790000,0x0000000067890000)]
  0x00000000608ad800 JavaThread "RMI TCP Accept-0" daemon [_thread_in_native, id=4456, stack(0x0000000064f30000,0x0000000065030000)]
  0x00000000608ab000 JavaThread "RMI Scheduler(0)" daemon [_thread_blocked, id=1948, stack(0x0000000064b30000,0x0000000064c30000)]
  0x000000005d31f800 JavaThread "Cache worker for file content cache (C:\Users\Denis\.gradle\caches\6.1.1\fileContent)" [_thread_blocked, id=4692, stack(0x0000000062920000,0x0000000062a20000)]
  0x000000005d31e800 JavaThread "Memory manager" [_thread_blocked, id=3272, stack(0x0000000062760000,0x0000000062860000)]
  0x000000005ad99000 JavaThread "Cache worker for execution history cache (C:\Users\Denis\.gradle\caches\6.1.1\executionHistory)" [_thread_blocked, id=3904, stack(0x000000005ef30000,0x000000005f030000)]
  0x000000005ad95800 JavaThread "Cache worker for file hash cache (C:\Users\Denis\.gradle\caches\6.1.1\fileHashes)" [_thread_blocked, id=4744, stack(0x000000005d170000,0x000000005d270000)]
  0x000000005ad94800 JavaThread "File lock request listener" [_thread_in_native, id=2468, stack(0x000000005bc80000,0x000000005bd80000)]
  0x000000005ada1800 JavaThread "Cache worker for journal cache (C:\Users\Denis\.gradle\caches\journal-1)" [_thread_blocked, id=352, stack(0x000000005cf80000,0x000000005d080000)]
  0x000000005a5f1000 JavaThread "Daemon periodic checks" [_thread_blocked, id=4844, stack(0x000000005be20000,0x000000005bf20000)]
  0x000000005a5e0800 JavaThread "Incoming local TCP Connector on port 49295" [_thread_in_native, id=4216, stack(0x000000005bb80000,0x000000005bc80000)]
  0x0000000058b19800 JavaThread "Daemon health stats" [_thread_blocked, id=2748, stack(0x000000005a680000,0x000000005a780000)]
  0x00000000587ba800 JavaThread "Service Thread" daemon [_thread_blocked, id=1904, stack(0x0000000058c60000,0x0000000058d60000)]
  0x0000000057474000 JavaThread "C1 CompilerThread1" daemon [_thread_blocked, id=3436, stack(0x00000000586a0000,0x00000000587a0000)]
=>0x000000005746a800 JavaThread "C2 CompilerThread0" daemon [_thread_in_native, id=1916, stack(0x0000000058250000,0x0000000058350000)]
  0x0000000057471800 JavaThread "Attach Listener" daemon [_thread_blocked, id=3432, stack(0x00000000584e0000,0x00000000585e0000)]
  0x0000000057470000 JavaThread "Signal Dispatcher" daemon [_thread_blocked, id=3624, stack(0x0000000058370000,0x0000000058470000)]
  0x000000005744e000 JavaThread "Finalizer" daemon [_thread_blocked, id=188, stack(0x0000000058150000,0x0000000058250000)]
  0x0000000057444800 JavaThread "Reference Handler" daemon [_thread_blocked, id=3808, stack(0x0000000057da0000,0x0000000057ea0000)]
  0x000000000015e800 JavaThread "main" [_thread_blocked, id=4940, stack(0x0000000002680000,0x0000000002780000)]

Other Threads:
  0x00000000573fc800 VMThread [stack: 0x0000000057ed0000,0x0000000057fd0000] [id=2016]
  0x00000000574ce800 WatcherThread [stack: 0x0000000058000000,0x0000000058100000] [id=1900]

VM state:not at safepoint (normal execution)

VM Mutex/Monitor currently owned by a thread: None

heap address: 0x0000000080000000, size: 2048 MB, Compressed Oops mode: 32-bit
Narrow klass base: 0x0000000000000000, Narrow klass shift: 0
Compressed class space size: 1073741824 Address: 0x0000000016ad0000

Heap:
 PSYoungGen      total 666624K, used 450941K [0x00000000d5580000, 0x00000000ffb80000, 0x0000000100000000)
  eden space 645120K, 68% used [0x00000000d5580000,0x00000000f06331d0,0x00000000fcb80000)
  from space 21504K, 36% used [0x00000000fe680000,0x00000000fee2c510,0x00000000ffb80000)
  to   space 24576K, 0% used [0x00000000fcb80000,0x00000000fcb80000,0x00000000fe380000)
 ParOldGen       total 135168K, used 56427K [0x0000000080000000, 0x0000000088400000, 0x00000000d5580000)
  object space 135168K, 41% used [0x0000000080000000,0x000000008371acb8,0x0000000088400000)
 Metaspace       used 111821K, capacity 120108K, committed 120216K, reserved 1155072K
  class space    used 13694K, capacity 15167K, committed 15272K, reserved 1048576K

Card table byte_map: [0x0000000011e10000,0x0000000012220000] byte_map_base: 0x0000000011a10000

Marking Bits: (ParMarkBitMap*) 0x000000006feaf030
 Begin Bits: [0x00000000126d0000, 0x00000000146d0000)
 End Bits:   [0x00000000146d0000, 0x00000000166d0000)

Polling page: 0x0000000000130000

CodeCache: size=245760Kb used=110400Kb max_used=111595Kb free=135359Kb
 bounds [0x0000000002a50000, 0x0000000009850000, 0x0000000011a50000]
 total_blobs=31251 nmethods=30322 adapters=840
 compilation: enabled

Compilation events (10 events):
Event: 39409.087 Thread 0x0000000057474000 nmethod 41295 0x0000000005d30250 code [0x0000000005d30460, 0x0000000005d30e28]
Event: 39409.089 Thread 0x0000000057474000 41296       3       org.jetbrains.kotlin.gradle.internal.KotlinJvmCompilerArgumentsContributor::contributeArguments (10 bytes)
Event: 39409.089 Thread 0x0000000057474000 nmethod 41296 0x00000000053107d0 code [0x0000000005310940, 0x0000000005310bc8]
Event: 39413.370 Thread 0x0000000057474000 41298       1       org.gradle.tooling.internal.adapter.MethodInvocation::found (5 bytes)
Event: 39413.371 Thread 0x0000000057474000 nmethod 41298 0x0000000005d2fed0 code [0x0000000005d30020, 0x0000000005d30130]
Event: 39451.880 Thread 0x000000005746a800 41299       4       java.net.InetSocketAddress$InetSocketAddressHolder::<init> (8 bytes)
Event: 39451.882 Thread 0x000000005746a800 nmethod 41299 0x0000000005c7a710 code [0x0000000005c7a840, 0x0000000005c7a8b8]
Event: 39451.886 Thread 0x000000005746a800 41300       4       java.net.InetSocketAddress$InetSocketAddressHolder::<init> (20 bytes)
Event: 39451.887 Thread 0x000000005746a800 nmethod 41300 0x0000000005d207d0 code [0x0000000005d20900, 0x0000000005d20978]
Event: 39451.948 Thread 0x000000005746a800 41301       4       java.lang.Class::privateGetMethodRecursive (130 bytes)

GC Heap History (10 events):
Event: 36965.599 GC heap before
{Heap before GC invocations=475 (full 15):
 PSYoungGen      total 539136K, used 8500K [0x00000000d5580000, 0x00000000f8500000, 0x0000000100000000)
  eden space 514560K, 0% used [0x00000000d5580000,0x00000000d5580000,0x00000000f4c00000)
  from space 24576K, 34% used [0x00000000f6d00000,0x00000000f754d3b0,0x00000000f8500000)
  to   space 29184K, 0% used [0x00000000f4c00000,0x00000000f4c00000,0x00000000f6880000)
 ParOldGen       total 131072K, used 117732K [0x0000000080000000, 0x0000000088000000, 0x00000000d5580000)
  object space 131072K, 89% used [0x0000000080000000,0x00000000872f9248,0x0000000088000000)
 Metaspace       used 110305K, capacity 118512K, committed 118680K, reserved 1153024K
  class space    used 13488K, capacity 14893K, committed 15016K, reserved 1048576K
Event: 36965.756 GC heap after
Heap after GC invocations=475 (full 15):
 PSYoungGen      total 539136K, used 0K [0x00000000d5580000, 0x00000000f8500000, 0x0000000100000000)
  eden space 514560K, 0% used [0x00000000d5580000,0x00000000d5580000,0x00000000f4c00000)
  from space 24576K, 0% used [0x00000000f6d00000,0x00000000f6d00000,0x00000000f8500000)
  to   space 29184K, 0% used [0x00000000f4c00000,0x00000000f4c00000,0x00000000f6880000)
 ParOldGen       total 135168K, used 50511K [0x0000000080000000, 0x0000000088400000, 0x00000000d5580000)
  object space 135168K, 37% used [0x0000000080000000,0x0000000083153ec8,0x0000000088400000)
 Metaspace       used 110305K, capacity 118512K, committed 118680K, reserved 1153024K
  class space    used 13488K, capacity 14893K, committed 15016K, reserved 1048576K
}
Event: 37952.381 GC heap before
{Heap before GC invocations=476 (full 15):
 PSYoungGen      total 539136K, used 514560K [0x00000000d5580000, 0x00000000f8500000, 0x0000000100000000)
  eden space 514560K, 100% used [0x00000000d5580000,0x00000000f4c00000,0x00000000f4c00000)
  from space 24576K, 0% used [0x00000000f6d00000,0x00000000f6d00000,0x00000000f8500000)
  to   space 29184K, 0% used [0x00000000f4c00000,0x00000000f4c00000,0x00000000f6880000)
 ParOldGen       total 135168K, used 50511K [0x0000000080000000, 0x0000000088400000, 0x00000000d5580000)
  object space 135168K, 37% used [0x0000000080000000,0x0000000083153ec8,0x0000000088400000)
 Metaspace       used 110730K, capacity 118948K, committed 119192K, reserved 1153024K
  class space    used 13513K, capacity 14943K, committed 15016K, reserved 1048576K
Event: 37952.442 GC heap after
Heap after GC invocations=476 (full 15):
 PSYoungGen      total 543744K, used 12942K [0x00000000d5580000, 0x00000000fda80000, 0x0000000100000000)
  eden space 514560K, 0% used [0x00000000d5580000,0x00000000d5580000,0x00000000f4c00000)
  from space 29184K, 44% used [0x00000000f4c00000,0x00000000f58a3a20,0x00000000f6880000)
  to   space 28672K, 0% used [0x00000000fbe80000,0x00000000fbe80000,0x00000000fda80000)
 ParOldGen       total 135168K, used 50511K [0x0000000080000000, 0x0000000088400000, 0x00000000d5580000)
  object space 135168K, 37% used [0x0000000080000000,0x0000000083153ec8,0x0000000088400000)
 Metaspace       used 110730K, capacity 118948K, committed 119192K, reserved 1153024K
  class space    used 13513K, capacity 14943K, committed 15016K, reserved 1048576K
}
Event: 38223.875 GC heap before
{Heap before GC invocations=477 (full 15):
 PSYoungGen      total 543744K, used 527502K [0x00000000d5580000, 0x00000000fda80000, 0x0000000100000000)
  eden space 514560K, 100% used [0x00000000d5580000,0x00000000f4c00000,0x00000000f4c00000)
  from space 29184K, 44% used [0x00000000f4c00000,0x00000000f58a3a20,0x00000000f6880000)
  to   space 28672K, 0% used [0x00000000fbe80000,0x00000000fbe80000,0x00000000fda80000)
 ParOldGen       total 135168K, used 50511K [0x0000000080000000, 0x0000000088400000, 0x00000000d5580000)
  object space 135168K, 37% used [0x0000000080000000,0x0000000083153ec8,0x0000000088400000)
 Metaspace       used 111156K, capacity 119364K, committed 119576K, reserved 1153024K
  class space    used 13587K, capacity 15023K, committed 15144K, reserved 1048576K
Event: 38223.893 GC heap after
Heap after GC invocations=477 (full 15):
 PSYoungGen      total 621568K, used 4869K [0x00000000d5580000, 0x00000000fd480000, 0x0000000100000000)
  eden space 599040K, 0% used [0x00000000d5580000,0x00000000d5580000,0x00000000f9e80000)
  from space 22528K, 21% used [0x00000000fbe80000,0x00000000fc341630,0x00000000fd480000)
  to   space 27648K, 0% used [0x00000000f9e80000,0x00000000f9e80000,0x00000000fb980000)
 ParOldGen       total 135168K, used 56163K [0x0000000080000000, 0x0000000088400000, 0x00000000d5580000)
  object space 135168K, 41% used [0x0000000080000000,0x00000000836d8ca8,0x0000000088400000)
 Metaspace       used 111156K, capacity 119364K, committed 119576K, reserved 1153024K
  class space    used 13587K, capacity 15023K, committed 15144K, reserved 1048576K
}
Event: 38522.557 GC heap before
{Heap before GC invocations=478 (full 15):
 PSYoungGen      total 621568K, used 603909K [0x00000000d5580000, 0x00000000fd480000, 0x0000000100000000)
  eden space 599040K, 100% used [0x00000000d5580000,0x00000000f9e80000,0x00000000f9e80000)
  from space 22528K, 21% used [0x00000000fbe80000,0x00000000fc341630,0x00000000fd480000)
  to   space 27648K, 0% used [0x00000000f9e80000,0x00000000f9e80000,0x00000000fb980000)
 ParOldGen       total 135168K, used 56163K [0x0000000080000000, 0x0000000088400000, 0x00000000d5580000)
  object space 135168K, 41% used [0x0000000080000000,0x00000000836d8ca8,0x0000000088400000)
 Metaspace       used 111195K, capacity 119412K, committed 119576K, reserved 1153024K
  class space    used 13591K, capacity 15031K, committed 15144K, reserved 1048576K
Event: 38522.573 GC heap after
Heap after GC invocations=478 (full 15):
 PSYoungGen      total 626688K, used 7559K [0x00000000d5580000, 0x0000000100000000, 0x0000000100000000)
  eden space 599040K, 0% used [0x00000000d5580000,0x00000000d5580000,0x00000000f9e80000)
  from space 27648K, 27% used [0x00000000f9e80000,0x00000000fa5e1c18,0x00000000fb980000)
  to   space 26112K, 0% used [0x00000000fe680000,0x00000000fe680000,0x0000000100000000)
 ParOldGen       total 135168K, used 56339K [0x0000000080000000, 0x0000000088400000, 0x00000000d5580000)
  object space 135168K, 41% used [0x0000000080000000,0x0000000083704ca8,0x0000000088400000)
 Metaspace       used 111195K, capacity 119412K, committed 119576K, reserved 1153024K
  class space    used 13591K, capacity 15031K, committed 15144K, reserved 1048576K
}
Event: 38743.359 GC heap before
{Heap before GC invocations=479 (full 15):
 PSYoungGen      total 626688K, used 606599K [0x00000000d5580000, 0x0000000100000000, 0x0000000100000000)
  eden space 599040K, 100% used [0x00000000d5580000,0x00000000f9e80000,0x00000000f9e80000)
  from space 27648K, 27% used [0x00000000f9e80000,0x00000000fa5e1c18,0x00000000fb980000)
  to   space 26112K, 0% used [0x00000000fe680000,0x00000000fe680000,0x0000000100000000)
 ParOldGen       total 135168K, used 56339K [0x0000000080000000, 0x0000000088400000, 0x00000000d5580000)
  object space 135168K, 41% used [0x0000000080000000,0x0000000083704ca8,0x0000000088400000)
 Metaspace       used 111210K, capacity 119418K, committed 119576K, reserved 1153024K
  class space    used 13591K, capacity 15032K, committed 15144K, reserved 1048576K
Event: 38743.373 GC heap after
Heap after GC invocations=479 (full 15):
 PSYoungGen      total 666624K, used 7857K [0x00000000d5580000, 0x00000000ffb80000, 0x0000000100000000)
  eden space 645120K, 0% used [0x00000000d5580000,0x00000000d5580000,0x00000000fcb80000)
  from space 21504K, 36% used [0x00000000fe680000,0x00000000fee2c510,0x00000000ffb80000)
  to   space 24576K, 0% used [0x00000000fcb80000,0x00000000fcb80000,0x00000000fe380000)
 ParOldGen       total 135168K, used 56427K [0x0000000080000000, 0x0000000088400000, 0x00000000d5580000)
  object space 135168K, 41% used [0x0000000080000000,0x000000008371acb8,0x0000000088400000)
 Metaspace       used 111210K, capacity 119418K, committed 119576K, reserved 1153024K
  class space    used 13591K, capacity 15032K, committed 15144K, reserved 1048576K
}

Deoptimization events (10 events):
Event: 36272.840 Thread 0x000000005d31d000 Uncommon trap: reason=unstable_if action=reinterpret pc=0x0000000008521b50 method=java.util.concurrent.ForkJoinPool.tryExternalUnpush(Ljava/util/concurrent/ForkJoinTask;)Z @ 128
Event: 36272.877 Thread 0x000000005d31d000 Uncommon trap: reason=unstable_if action=reinterpret pc=0x0000000003ef5498 method=java.lang.reflect.Field.set(Ljava/lang/Object;Ljava/lang/Object;)V @ 4
Event: 36273.034 Thread 0x000000005a2b4800 Uncommon trap: reason=unstable_if action=reinterpret pc=0x00000000075f9ff0 method=com.google.wireless.android.sdk.stats.GradleBuildProfileSpan.getSerializedSize()I @ 123
Event: 36273.035 Thread 0x000000005a2b4800 Uncommon trap: reason=unstable_if action=reinterpret pc=0x0000000005047e30 method=com.google.wireless.android.sdk.stats.GradleBuildProfileSpan.writeTo(Lcom/google/protobuf/CodedOutputStream;)V @ 99
Event: 36775.487 Thread 0x000000005d31d000 Uncommon trap: reason=unstable_if action=reinterpret pc=0x000000000556b970 method=java.util.concurrent.ForkJoinPool.tryExternalUnpush(Ljava/util/concurrent/ForkJoinTask;)Z @ 128
Event: 37949.703 Thread 0x000000005b7e6000 Uncommon trap: reason=unstable_if action=reinterpret pc=0x00000000046634b4 method=org.gradle.internal.classpath.DefaultCachedClasspathTransformer$CachedJarFileTransformer.shouldUseFromCache(Ljava/io/File;)Z @ 24
Event: 37949.703 Thread 0x000000005b7e6000 Uncommon trap: reason=unstable_if action=reinterpret pc=0x00000000058abfe8 method=org.gradle.internal.classpath.DefaultCachedClasspathTransformer$CachedJarFileTransformer.shouldUseFromCache(Ljava/io/File;)Z @ 24
Event: 37954.101 Thread 0x000000005b7e6000 Uncommon trap: reason=unstable_if action=reinterpret pc=0x0000000004b10d70 method=java.lang.ref.SoftReference.get()Ljava/lang/Object; @ 6
Event: 37954.104 Thread 0x000000005b7e6000 Uncommon trap: reason=unstable_if action=reinterpret pc=0x00000000074e4ae4 method=java.util.concurrent.locks.ReentrantReadWriteLock$Sync.tryAcquireShared(I)I @ 13
Event: 38749.496 Thread 0x00000000604a6800 Uncommon trap: reason=predicate action=maybe_recompile pc=0x0000000009508820 method=com.android.tools.r8.s.a.a.b.W.a([Ljava/lang/Object;I)I @ 14

Classes redefined (0 events):
No events

Internal exceptions (10 events):
Event: 39413.065 Thread 0x000000005a2b5000 Exception <a 'sun/nio/fs/WindowsException'> (0x00000000eeb1e9f0) thrown at [C:\src\AOSP-openjdk-git\hotspot\src\share\vm\prims\jni.cpp, line 710]
Event: 39413.065 Thread 0x000000005a2b5000 Exception <a 'sun/nio/fs/WindowsException'> (0x00000000eeb1f650) thrown at [C:\src\AOSP-openjdk-git\hotspot\src\share\vm\prims\jni.cpp, line 710]
Event: 39413.066 Thread 0x000000005a2b5000 Exception <a 'sun/nio/fs/WindowsException'> (0x00000000eeb20338) thrown at [C:\src\AOSP-openjdk-git\hotspot\src\share\vm\prims\jni.cpp, line 710]
Event: 39413.066 Thread 0x000000005a2b5000 Exception <a 'sun/nio/fs/WindowsException'> (0x00000000eeb26060) thrown at [C:\src\AOSP-openjdk-git\hotspot\src\share\vm\prims\jni.cpp, line 710]
Event: 39413.066 Thread 0x000000005a2b5000 Exception <a 'sun/nio/fs/WindowsException'> (0x00000000eeb26d08) thrown at [C:\src\AOSP-openjdk-git\hotspot\src\share\vm\prims\jni.cpp, line 710]
Event: 39413.066 Thread 0x000000005a2b5000 Exception <a 'sun/nio/fs/WindowsException'> (0x00000000eeb27a38) thrown at [C:\src\AOSP-openjdk-git\hotspot\src\share\vm\prims\jni.cpp, line 710]
Event: 39413.066 Thread 0x000000005a2b5000 Exception <a 'sun/nio/fs/WindowsException'> (0x00000000eeb296f8) thrown at [C:\src\AOSP-openjdk-git\hotspot\src\share\vm\prims\jni.cpp, line 710]
Event: 39413.067 Thread 0x000000005a2b5000 Exception <a 'sun/nio/fs/WindowsException'> (0x00000000eeb2a3b0) thrown at [C:\src\AOSP-openjdk-git\hotspot\src\share\vm\prims\jni.cpp, line 710]
Event: 39413.067 Thread 0x000000005a2b5000 Exception <a 'sun/nio/fs/WindowsException'> (0x00000000eeb2b0f0) thrown at [C:\src\AOSP-openjdk-git\hotspot\src\share\vm\prims\jni.cpp, line 710]
Event: 39413.372 Thread 0x000000005a2b6000 Exception <a 'sun/nio/fs/WindowsException'> (0x00000000eff516b8) thrown at [C:\src\AOSP-openjdk-git\hotspot\src\share\vm\prims\jni.cpp, line 710]

Events (10 events):
Event: 39451.939 Executing VM operation: RevokeBias
Event: 39451.939 Executing VM operation: RevokeBias done
Event: 39451.939 Executing VM operation: RevokeBias
Event: 39451.940 Executing VM operation: RevokeBias done
Event: 39451.940 Executing VM operation: RevokeBias
Event: 39451.940 Executing VM operation: RevokeBias done
Event: 39451.940 Executing VM operation: RevokeBias
Event: 39451.940 Executing VM operation: RevokeBias done
Event: 39451.943 Thread 0x000000006a020000 Thread added: 0x000000006a020000
Event: 39451.945 Thread 0x000000006a022000 Thread added: 0x000000006a022000


Dynamic libraries:
0x000000013fef0000 - 0x000000013ff21000 	C:\Program Files\Android\Android Studio\jre\bin\java.exe
0x0000000076f00000 - 0x00000000770a9000 	C:\Windows\SYSTEM32\ntdll.dll
0x0000000076de0000 - 0x0000000076eff000 	C:\Windows\system32\kernel32.dll
0x000007fefcd40000 - 0x000007fefcdab000 	C:\Windows\system32\KERNELBASE.dll
0x000007fefd910000 - 0x000007fefd9eb000 	C:\Windows\system32\ADVAPI32.dll
0x000007fefef10000 - 0x000007fefefaf000 	C:\Windows\system32\msvcrt.dll
0x000007fefde10000 - 0x000007fefde2f000 	C:\Windows\SYSTEM32\sechost.dll
0x000007fefdce0000 - 0x000007fefde0d000 	C:\Windows\system32\RPCRT4.dll
0x0000000076ce0000 - 0x0000000076dda000 	C:\Windows\system32\USER32.dll
0x000007fefedb0000 - 0x000007fefee17000 	C:\Windows\system32\GDI32.dll
0x000007fefda40000 - 0x000007fefda4e000 	C:\Windows\system32\LPK.dll
0x000007fefee40000 - 0x000007fefef09000 	C:\Windows\system32\USP10.dll
0x000007fefb830000 - 0x000007fefba24000 	C:\Windows\WinSxS\amd64_microsoft.windows.common-controls_6595b64144ccf1df_6.0.7601.17514_none_fa396087175ac9ac\COMCTL32.dll
0x000007feff0b0000 - 0x000007feff121000 	C:\Windows\system32\SHLWAPI.dll
0x000007fefded0000 - 0x000007fefdefe000 	C:\Windows\system32\IMM32.DLL
0x000007fefeca0000 - 0x000007fefeda9000 	C:\Windows\system32\MSCTF.dll
0x0000000070570000 - 0x0000000070642000 	C:\Program Files\Android\Android Studio\jre\jre\bin\msvcr100.dll
0x000000006f6e0000 - 0x000000006ff2b000 	C:\Program Files\Android\Android Studio\jre\jre\bin\server\jvm.dll
0x000007fedfbe0000 - 0x000007fedfbe9000 	C:\Windows\system32\WSOCK32.dll
0x000007fefd9f0000 - 0x000007fefda3d000 	C:\Windows\system32\WS2_32.dll
0x000007fefec90000 - 0x000007fefec98000 	C:\Windows\system32\NSI.dll
0x000007fef8f70000 - 0x000007fef8fab000 	C:\Windows\system32\WINMM.dll
0x000007fefbda0000 - 0x000007fefbdac000 	C:\Windows\system32\VERSION.dll
0x00000000770d0000 - 0x00000000770d7000 	C:\Windows\system32\PSAPI.DLL
0x000007fefa8f0000 - 0x000007fefa8ff000 	C:\Program Files\Android\Android Studio\jre\jre\bin\verify.dll
0x000007fefa8c0000 - 0x000007fefa8e9000 	C:\Program Files\Android\Android Studio\jre\jre\bin\java.dll
0x000007fefa8a0000 - 0x000007fefa8b6000 	C:\Program Files\Android\Android Studio\jre\jre\bin\zip.dll
0x000007fefdf00000 - 0x000007fefec88000 	C:\Windows\system32\SHELL32.dll
0x000007fefda50000 - 0x000007fefdc53000 	C:\Windows\system32\ole32.dll
0x000007fefccc0000 - 0x000007fefcccf000 	C:\Windows\system32\profapi.dll
0x000007fefa880000 - 0x000007fefa89a000 	C:\Program Files\Android\Android Studio\jre\jre\bin\net.dll
0x000007fefc450000 - 0x000007fefc4a5000 	C:\Windows\system32\mswsock.dll
0x000007fefc440000 - 0x000007fefc447000 	C:\Windows\System32\wship6.dll
0x000007feec5b0000 - 0x000007feec5c3000 	C:\Program Files\Android\Android Studio\jre\jre\bin\nio.dll
0x000007fee23e0000 - 0x000007fee2406000 	C:\Users\Denis\.gradle\native\31\windows-amd64\native-platform.dll
0x000007fefbd20000 - 0x000007fefbd23000 	C:\Windows\system32\api-ms-win-core-synch-l1-2-0.DLL
0x000007feec4f0000 - 0x000007feec4fd000 	C:\Program Files\Android\Android Studio\jre\jre\bin\management.dll
0x000007fefc4b0000 - 0x000007fefc4c8000 	C:\Windows\system32\CRYPTSP.dll
0x000007fefc1b0000 - 0x000007fefc1f7000 	C:\Windows\system32\rsaenh.dll
0x000007fefcdb0000 - 0x000007fefcdce000 	C:\Windows\system32\USERENV.dll
0x000007fefcb10000 - 0x000007fefcb1f000 	C:\Windows\system32\CRYPTBASE.dll
0x000007fef9dc0000 - 0x000007fef9de7000 	C:\Windows\system32\IPHLPAPI.DLL
0x000007fef9d80000 - 0x000007fef9d8b000 	C:\Windows\system32\WINNSI.DLL
0x000007fef9c30000 - 0x000007fef9c41000 	C:\Windows\system32\dhcpcsvc6.DLL
0x000007fef9bb0000 - 0x000007fef9bc8000 	C:\Windows\system32\dhcpcsvc.DLL
0x000007fee0770000 - 0x000007fee078e000 	C:\Users\Denis\AppData\Local\Temp\native-platform3479941040370679601dir\native-platform.dll
0x000007fefcab0000 - 0x000007fefcb07000 	C:\Windows\system32\apphelp.dll

VM Arguments:
jvm_args: -Xmx2048m -Dfile.encoding=windows-1251 -Duser.country=RU -Duser.language=ru -Duser.variant 
java_command: org.gradle.launcher.daemon.bootstrap.GradleDaemon 6.1.1
java_class_path (initial): C:\Users\Denis\.gradle\wrapper\dists\gradle-6.1.1-all\cfmwm155h49vnt3hynmlrsdst\gradle-6.1.1\lib\gradle-launcher-6.1.1.jar
Launcher Type: SUN_STANDARD

Environment Variables:
JAVA_HOME=C:\Program Files\Java\jdk-11.0.2
PATH=C:\Program Files\Common Files\Microsoft Shared\Windows Live;C:\Program Files\gettext-iconv\bin;C:\Program Files\Git\cmd;C:\Program Files\Java\jdk-11.0.2\bin;C:\Maven\apache-maven-3.6.3\bin;C:\Program Files\Common Files\Microsoft Shared\Windows Live;C:\Users\Denis\AppData\Local\Programs\Python\Python38-32\Scripts\;C:\Users\Denis\AppData\Local\Programs\Python\Python38-32\;C:\Users\Denis\AppData\Local\Programs\Microsoft VS Code\bin;C:\Users\Denis\AppData\Local\Programs\Fiddler;C:\Users\Denis\AppData\Roaming\npm;C:\Program Files\heroku\bin;C:\Program Files\Git\cmd;C:\Program Files\Java\jdk-11.0.2\bin;C:\Maven\apache-maven-3.6.3\bin
USERNAME=Denis
OS=Windows_NT
PROCESSOR_IDENTIFIER=Intel64 Family 6 Model 60 Stepping 3, GenuineIntel



---------------  S Y S T E M  ---------------

OS: Windows 7 , 64 bit Build 7601 (6.1.7601.18015)

CPU:total 2 (initial active 2) (2 cores per cpu, 1 threads per core) family 6 model 60 stepping 3, cmov, cx8, fxsr, mmx, sse, sse2, sse3, ssse3, sse4.1, sse4.2, popcnt, clmul, erms, lzcnt, tsc, tscinvbit

Memory: 4k page, physical 8341328k(331052k free), swap 10403856k(5232k free)

vm_info: OpenJDK 64-Bit Server VM (25.242-b01) for windows-amd64 JRE (1.8.0_242-release-1644-b01), built by "builder" with MS VC++ 10.0 (VS2010)

time: Tue Jul 21 02:41:21 2020
timezone: Центральная Азия (зима)
elapsed time: 39452 seconds (0d 10h 57m 32s)

