#
# There is insufficient memory for the Java Runtime Environment to continue.
# Native memory allocation (malloc) failed to allocate 1673456 bytes for Chunk::new
# Possible reasons:
#   The system is out of physical RAM or swap space
#   The process is running with CompressedOops enabled, and the Java Heap may be blocking the growth of the native heap
# Possible solutions:
#   Reduce memory load on the system
#   Increase physical memory or swap space
#   Check if swap backing store is full
#   Decrease Java heap size (-Xmx/-Xms)
#   Decrease number of Java threads
#   Decrease Java thread stack sizes (-Xss)
#   Set larger code cache with -XX:ReservedCodeCacheSize=
#   JVM is running with Unscaled Compressed Oops mode in which the Java heap is
#     placed in the first 4GB address space. The Java Heap base address is the
#     maximum limit for the native heap growth. Please use -XX:HeapBaseMinAddress
#     to set the Java Heap base and to place the Java Heap above 4GB virtual address.
# This output file may be truncated or incomplete.
#
#  Out of Memory Error (allocation.cpp:389), pid=5964, tid=0x0000000000000a98
#
# JRE version: OpenJDK Runtime Environment (8.0_242-b01) (build 1.8.0_242-release-1644-b01)
# Java VM: OpenJDK 64-Bit Server VM (25.242-b01 mixed mode windows-amd64 compressed oops)
# Failed to write core dump. Minidumps are not enabled by default on client versions of Windows
#

---------------  T H R E A D  ---------------

Current thread (0x00000000574d2800):  JavaThread "C2 CompilerThread0" daemon [_thread_in_native, id=2712, stack(0x0000000058670000,0x0000000058770000)]

Stack: [0x0000000058670000,0x0000000058770000]
[error occurred during error reporting (printing stack bounds), id 0xc0000005]

Native frames: (J=compiled Java code, j=interpreted, Vv=VM code, C=native code)


Current CompileTask:
C2:4643467 21581       4       org.gradle.api.internal.artifacts.ivyservice.modulecache.PersistentModuleMetadataCache$1::create (102 bytes)


---------------  P R O C E S S  ---------------

Java Threads: ( => current thread )
  0x0000000059a4b800 JavaThread "Cache worker for file content cache (C:\Users\Denis\AndroidStudioProjects\MyApplication21\.gradle\6.1.1\fileContent)" [_thread_blocked, id=7024, stack(0x0000000065ab0000,0x0000000065bb0000)]
  0x0000000059a56000 JavaThread "Cache worker for Build Output Cleanup Cache (C:\Users\Denis\AndroidStudioProjects\MyApplication21\.gradle\buildOutputCleanup)" [_thread_blocked, id=1036, stack(0x0000000061510000,0x0000000061610000)]
  0x0000000059a56800 JavaThread "pool-30-thread-1" [_thread_blocked, id=2388, stack(0x0000000064f10000,0x0000000065010000)]
  0x0000000059a57800 JavaThread "Build operations Thread 2" [_thread_blocked, id=7048, stack(0x00000000648e0000,0x00000000649e0000)]
  0x000000005f829000 JavaThread "Build operations" [_thread_blocked, id=2900, stack(0x0000000064790000,0x0000000064890000)]
  0x000000005f82a800 JavaThread "Cache worker for cache directory md-rule (C:\Users\Denis\.gradle\caches\6.1.1\md-rule)" [_thread_blocked, id=3224, stack(0x000000005e940000,0x000000005ea40000)]
  0x000000005f82b000 JavaThread "Cache worker for cache directory md-supplier (C:\Users\Denis\.gradle\caches\6.1.1\md-supplier)" [_thread_blocked, id=2376, stack(0x0000000060d80000,0x0000000060e80000)]
  0x000000005f82d800 JavaThread "Cache worker for file hash cache (C:\Users\Denis\AndroidStudioProjects\MyApplication21\.gradle\6.1.1\fileHashes)" [_thread_blocked, id=2916, stack(0x000000005bb00000,0x000000005bc00000)]
  0x000000005f82c800 JavaThread "Cache worker for checksums cache (C:\Users\Denis\AndroidStudioProjects\MyApplication21\.gradle\checksums)" [_thread_blocked, id=4736, stack(0x00000000607a0000,0x00000000608a0000)]
  0x000000005f829800 JavaThread "Thread-307" [_thread_blocked, id=5560, stack(0x000000005ecc0000,0x000000005edc0000)]
  0x0000000059933000 JavaThread "Stdin handler" [_thread_blocked, id=3840, stack(0x000000005e7f0000,0x000000005e8f0000)]
  0x0000000059934800 JavaThread "Asynchronous log dispatcher for DefaultDaemonConnection: socket connection from /127.0.0.1:49946 to /127.0.0.1:51858" [_thread_blocked, id=6688, stack(0x000000005cfe0000,0x000000005d0e0000)]
  0x0000000059937800 JavaThread "Cancel handler" [_thread_blocked, id=5188, stack(0x000000005e690000,0x000000005e790000)]
  0x0000000059937000 JavaThread "Handler for socket connection from /127.0.0.1:49946 to /127.0.0.1:51858" [_thread_in_native, id=3844, stack(0x000000005ca40000,0x000000005cb40000)]
  0x0000000059934000 JavaThread "RMI TCP Connection(58)-127.0.0.1" daemon [_thread_in_native, id=7088, stack(0x0000000067590000,0x0000000067690000)]
  0x0000000059936000 JavaThread "RMI RenewClean-[127.0.0.1:17021,org.jetbrains.kotlin.daemon.common.LoopbackNetworkInterface$ClientLoopbackSocketFactory@5317a086]" daemon [_thread_blocked, id=5260, stack(0x0000000067360000,0x0000000067460000)]
  0x0000000059931800 JavaThread "RMI TCP Connection(idle)" daemon [_thread_blocked, id=6080, stack(0x0000000067190000,0x0000000067290000)]
  0x000000005ad2a800 JavaThread "RMI TCP Connection(idle)" daemon [_thread_blocked, id=5256, stack(0x0000000066ac0000,0x0000000066bc0000)]
  0x000000005ad29000 JavaThread "RMI TCP Connection(idle)" daemon [_thread_blocked, id=6556, stack(0x0000000066790000,0x0000000066890000)]
  0x000000005ad2a000 JavaThread "RMI RenewClean-[127.0.0.1:17021,org.jetbrains.kotlin.daemon.common.LoopbackNetworkInterface$ClientLoopbackSocketFactory@75b81e57]" daemon [_thread_blocked, id=7132, stack(0x0000000066930000,0x0000000066a30000)]
  0x000000005d602000 JavaThread "Daemon worker Thread 11" [_thread_in_native, id=760, stack(0x000000005c300000,0x000000005c400000)]
  0x000000005d605000 JavaThread "Daemon Thread 11" [_thread_blocked, id=6852, stack(0x000000005c1a0000,0x000000005c2a0000)]
  0x0000000059a54800 JavaThread "RMI Reaper" [_thread_blocked, id=6696, stack(0x0000000064e10000,0x0000000064f10000)]
  0x0000000059a53800 JavaThread "RMI TCP Accept-0" daemon [_thread_in_native, id=2360, stack(0x0000000064c30000,0x0000000064d30000)]
  0x0000000059a53000 JavaThread "GC Daemon" daemon [_thread_blocked, id=5068, stack(0x000000005cdc0000,0x000000005cec0000)]
  0x0000000059a51800 JavaThread "RMI Scheduler(0)" daemon [_thread_blocked, id=6088, stack(0x0000000064b10000,0x0000000064c10000)]
  0x0000000059a4a000 JavaThread "Cache worker for file content cache (C:\Users\Denis\.gradle\caches\6.1.1\fileContent)" [_thread_blocked, id=3404, stack(0x0000000063650000,0x0000000063750000)]
  0x0000000059a49000 JavaThread "Memory manager" [_thread_blocked, id=4208, stack(0x00000000613b0000,0x00000000614b0000)]
  0x000000005ad21800 JavaThread "Cache worker for execution history cache (C:\Users\Denis\.gradle\caches\6.1.1\executionHistory)" [_thread_blocked, id=6152, stack(0x000000005ee40000,0x000000005ef40000)]
  0x000000005ad1d800 JavaThread "Cache worker for file hash cache (C:\Users\Denis\.gradle\caches\6.1.1\fileHashes)" [_thread_blocked, id=6492, stack(0x000000005d190000,0x000000005d290000)]
  0x000000005ad1d000 JavaThread "File lock request listener" [_thread_in_native, id=5764, stack(0x000000005cec0000,0x000000005cfc0000)]
  0x000000005acd4000 JavaThread "Cache worker for journal cache (C:\Users\Denis\.gradle\caches\journal-1)" [_thread_blocked, id=5632, stack(0x000000005c910000,0x000000005ca10000)]
  0x000000005a8ff800 JavaThread "Daemon periodic checks" [_thread_blocked, id=5756, stack(0x000000005bfa0000,0x000000005c0a0000)]
  0x000000005a91f800 JavaThread "Incoming local TCP Connector on port 49946" [_thread_in_native, id=6984, stack(0x000000005be30000,0x000000005bf30000)]
  0x0000000059168000 JavaThread "Daemon health stats" [_thread_blocked, id=4400, stack(0x0000000058fa0000,0x00000000590a0000)]
  0x00000000588b0800 JavaThread "Service Thread" daemon [_thread_blocked, id=5372, stack(0x0000000058ca0000,0x0000000058da0000)]
  0x00000000574dc000 JavaThread "C1 CompilerThread1" daemon [_thread_blocked, id=6124, stack(0x00000000587a0000,0x00000000588a0000)]
=>0x00000000574d2800 JavaThread "C2 CompilerThread0" daemon [_thread_in_native, id=2712, stack(0x0000000058670000,0x0000000058770000)]
  0x00000000574d1000 JavaThread "Attach Listener" daemon [_thread_blocked, id=1732, stack(0x00000000584a0000,0x00000000585a0000)]
  0x00000000574cf800 JavaThread "Signal Dispatcher" daemon [_thread_blocked, id=6752, stack(0x0000000058200000,0x0000000058300000)]
  0x00000000574b1800 JavaThread "Finalizer" daemon [_thread_blocked, id=6932, stack(0x00000000580a0000,0x00000000581a0000)]
  0x00000000574a8800 JavaThread "Reference Handler" daemon [_thread_blocked, id=2788, stack(0x0000000057f30000,0x0000000058030000)]
  0x000000000051e800 JavaThread "main" [_thread_blocked, id=4824, stack(0x0000000002550000,0x0000000002650000)]

Other Threads:
  0x000000005745c800 VMThread [stack: 0x0000000057e10000,0x0000000057f10000] [id=1752]
  0x00000000588bb800 WatcherThread [stack: 0x0000000058e00000,0x0000000058f00000] [id=1012]

VM state:not at safepoint (normal execution)

VM Mutex/Monitor currently owned by a thread: None

heap address: 0x0000000080000000, size: 2048 MB, Compressed Oops mode: 32-bit
Narrow klass base: 0x0000000000000000, Narrow klass shift: 0
Compressed class space size: 1073741824 Address: 0x0000000016b30000

Heap:
 PSYoungGen      total 662528K, used 364765K [0x00000000d5580000, 0x00000000ffc80000, 0x0000000100000000)
  eden space 629248K, 56% used [0x00000000d5580000,0x00000000eb15c1a8,0x00000000fbc00000)
  from space 33280K, 25% used [0x00000000fbc00000,0x00000000fc45b288,0x00000000fdc80000)
  to   space 31744K, 0% used [0x00000000fdd80000,0x00000000fdd80000,0x00000000ffc80000)
 ParOldGen       total 147456K, used 52330K [0x0000000080000000, 0x0000000089000000, 0x00000000d5580000)
  object space 147456K, 35% used [0x0000000080000000,0x000000008331a8d0,0x0000000089000000)
 Metaspace       used 95295K, capacity 103482K, committed 103704K, reserved 1138688K
  class space    used 12492K, capacity 13832K, committed 13864K, reserved 1048576K

Card table byte_map: [0x0000000011ce0000,0x00000000120f0000] byte_map_base: 0x00000000118e0000

Marking Bits: (ParMarkBitMap*) 0x000000006bbcf030
 Begin Bits: [0x0000000012730000, 0x0000000014730000)
 End Bits:   [0x0000000014730000, 0x0000000016730000)

Polling page: 0x0000000000130000

CodeCache: size=245760Kb used=57403Kb max_used=57403Kb free=188356Kb
 bounds [0x0000000002920000, 0x0000000006180000, 0x0000000011920000]
 total_blobs=17895 nmethods=17003 adapters=803
 compilation: enabled

Compilation events (10 events):
Event: 4643.263 Thread 0x00000000574dc000 21641       3       com.google.gson.TypeAdapter$1::<init> (10 bytes)
Event: 4643.263 Thread 0x00000000574dc000 nmethod 21641 0x0000000006178450 code [0x00000000061785c0, 0x00000000061787f0]
Event: 4643.263 Thread 0x00000000574dc000 21642       3       java.io.BufferedReader::ensureOpen (18 bytes)
Event: 4643.264 Thread 0x00000000574dc000 nmethod 21642 0x00000000061788d0 code [0x0000000006178a40, 0x0000000006178c88]
Event: 4643.264 Thread 0x00000000574dc000 21643       3       com.android.build.gradle.internal.scope.BootClasspathBuilder$CacheKey::equals (60 bytes)
Event: 4643.264 Thread 0x00000000574dc000 nmethod 21643 0x0000000006178d50 code [0x0000000006178f00, 0x0000000006179698]
Event: 4643.265 Thread 0x00000000574dc000 21644       3       com.android.build.gradle.internal.feature.BundleAllClasses_Decorated::$gradleFactory (13 bytes)
Event: 4643.266 Thread 0x00000000574dc000 nmethod 21644 0x0000000006179890 code [0x0000000006179a20, 0x0000000006179f08]
Event: 4643.266 Thread 0x00000000574dc000 21645       3       com.android.build.gradle.internal.tasks.IncrementalTask::setIncrementalFolder (6 bytes)
Event: 4643.266 Thread 0x00000000574dc000 nmethod 21645 0x00000000034f8b90 code [0x00000000034f8ce0, 0x00000000034f8e50]

GC Heap History (10 events):
Event: 1555.782 GC heap before
{Heap before GC invocations=15 (full 3):
 PSYoungGen      total 632320K, used 616086K [0x00000000d5580000, 0x0000000100000000, 0x0000000100000000)
  eden space 596480K, 100% used [0x00000000d5580000,0x00000000f9c00000,0x00000000f9c00000)
  from space 35840K, 54% used [0x00000000f9c00000,0x00000000faf259a8,0x00000000fbf00000)
  to   space 35328K, 0% used [0x00000000fdd80000,0x00000000fdd80000,0x0000000100000000)
 ParOldGen       total 98816K, used 68617K [0x0000000080000000, 0x0000000086080000, 0x00000000d5580000)
  object space 98816K, 69% used [0x0000000080000000,0x00000000843027b8,0x0000000086080000)
 Metaspace       used 90917K, capacity 96156K, committed 96280K, reserved 1132544K
  class space    used 12043K, capacity 12983K, committed 13096K, reserved 1048576K
Event: 1555.802 GC heap after
Heap after GC invocations=15 (full 3):
 PSYoungGen      total 662528K, used 3314K [0x00000000d5580000, 0x00000000fff80000, 0x0000000100000000)
  eden space 627712K, 0% used [0x00000000d5580000,0x00000000d5580000,0x00000000fba80000)
  from space 34816K, 9% used [0x00000000fdd80000,0x00000000fe0bca18,0x00000000fff80000)
  to   space 35328K, 0% used [0x00000000fba80000,0x00000000fba80000,0x00000000fdd00000)
 ParOldGen       total 98816K, used 75258K [0x0000000080000000, 0x0000000086080000, 0x00000000d5580000)
  object space 98816K, 76% used [0x0000000080000000,0x000000008497e990,0x0000000086080000)
 Metaspace       used 90917K, capacity 96156K, committed 96280K, reserved 1132544K
  class space    used 12043K, capacity 12983K, committed 13096K, reserved 1048576K
}
Event: 3394.065 GC heap before
{Heap before GC invocations=16 (full 3):
 PSYoungGen      total 662528K, used 564357K [0x00000000d5580000, 0x00000000fff80000, 0x0000000100000000)
  eden space 627712K, 89% used [0x00000000d5580000,0x00000000f7964ac0,0x00000000fba80000)
  from space 34816K, 9% used [0x00000000fdd80000,0x00000000fe0bca18,0x00000000fff80000)
  to   space 35328K, 0% used [0x00000000fba80000,0x00000000fba80000,0x00000000fdd00000)
 ParOldGen       total 98816K, used 75258K [0x0000000080000000, 0x0000000086080000, 0x00000000d5580000)
  object space 98816K, 76% used [0x0000000080000000,0x000000008497e990,0x0000000086080000)
 Metaspace       used 92221K, capacity 98462K, committed 98584K, reserved 1134592K
  class space    used 12204K, capacity 13278K, committed 13352K, reserved 1048576K
Event: 3394.084 GC heap after
Heap after GC invocations=16 (full 3):
 PSYoungGen      total 640000K, used 11993K [0x00000000d5580000, 0x00000000ffd80000, 0x0000000100000000)
  eden space 627712K, 0% used [0x00000000d5580000,0x00000000d5580000,0x00000000fba80000)
  from space 12288K, 97% used [0x00000000fba80000,0x00000000fc636588,0x00000000fc680000)
  to   space 33792K, 0% used [0x00000000fdc80000,0x00000000fdc80000,0x00000000ffd80000)
 ParOldGen       total 98816K, used 75266K [0x0000000080000000, 0x0000000086080000, 0x00000000d5580000)
  object space 98816K, 76% used [0x0000000080000000,0x0000000084980990,0x0000000086080000)
 Metaspace       used 92221K, capacity 98462K, committed 98584K, reserved 1134592K
  class space    used 12204K, capacity 13278K, committed 13352K, reserved 1048576K
}
Event: 3394.084 GC heap before
{Heap before GC invocations=17 (full 4):
 PSYoungGen      total 640000K, used 11993K [0x00000000d5580000, 0x00000000ffd80000, 0x0000000100000000)
  eden space 627712K, 0% used [0x00000000d5580000,0x00000000d5580000,0x00000000fba80000)
  from space 12288K, 97% used [0x00000000fba80000,0x00000000fc636588,0x00000000fc680000)
  to   space 33792K, 0% used [0x00000000fdc80000,0x00000000fdc80000,0x00000000ffd80000)
 ParOldGen       total 98816K, used 75266K [0x0000000080000000, 0x0000000086080000, 0x00000000d5580000)
  object space 98816K, 76% used [0x0000000080000000,0x0000000084980990,0x0000000086080000)
 Metaspace       used 92221K, capacity 98462K, committed 98584K, reserved 1134592K
  class space    used 12204K, capacity 13278K, committed 13352K, reserved 1048576K
Event: 3394.398 GC heap after
Heap after GC invocations=17 (full 4):
 PSYoungGen      total 640000K, used 0K [0x00000000d5580000, 0x00000000ffd80000, 0x0000000100000000)
  eden space 627712K, 0% used [0x00000000d5580000,0x00000000d5580000,0x00000000fba80000)
  from space 12288K, 0% used [0x00000000fba80000,0x00000000fba80000,0x00000000fc680000)
  to   space 33792K, 0% used [0x00000000fdc80000,0x00000000fdc80000,0x00000000ffd80000)
 ParOldGen       total 147456K, used 52314K [0x0000000080000000, 0x0000000089000000, 0x00000000d5580000)
  object space 147456K, 35% used [0x0000000080000000,0x00000000833168d0,0x0000000089000000)
 Metaspace       used 92070K, capacity 98202K, committed 98584K, reserved 1134592K
  class space    used 12172K, capacity 13218K, committed 13352K, reserved 1048576K
}
Event: 4110.694 GC heap before
{Heap before GC invocations=18 (full 4):
 PSYoungGen      total 640000K, used 627712K [0x00000000d5580000, 0x00000000ffd80000, 0x0000000100000000)
  eden space 627712K, 100% used [0x00000000d5580000,0x00000000fba80000,0x00000000fba80000)
  from space 12288K, 0% used [0x00000000fba80000,0x00000000fba80000,0x00000000fc680000)
  to   space 33792K, 0% used [0x00000000fdc80000,0x00000000fdc80000,0x00000000ffd80000)
 ParOldGen       total 147456K, used 52314K [0x0000000080000000, 0x0000000089000000, 0x00000000d5580000)
  object space 147456K, 35% used [0x0000000080000000,0x00000000833168d0,0x0000000089000000)
 Metaspace       used 93001K, capacity 99074K, committed 99352K, reserved 1134592K
  class space    used 12181K, capacity 13230K, committed 13352K, reserved 1048576K
Event: 4110.706 GC heap after
Heap after GC invocations=18 (full 4):
 PSYoungGen      total 663040K, used 4924K [0x00000000d5580000, 0x0000000100000000, 0x0000000100000000)
  eden space 629248K, 0% used [0x00000000d5580000,0x00000000d5580000,0x00000000fbc00000)
  from space 33792K, 14% used [0x00000000fdc80000,0x00000000fe14f108,0x00000000ffd80000)
  to   space 33280K, 0% used [0x00000000fbc00000,0x00000000fbc00000,0x00000000fdc80000)
 ParOldGen       total 147456K, used 52322K [0x0000000080000000, 0x0000000089000000, 0x00000000d5580000)
  object space 147456K, 35% used [0x0000000080000000,0x00000000833188d0,0x0000000089000000)
 Metaspace       used 93001K, capacity 99074K, committed 99352K, reserved 1134592K
  class space    used 12181K, capacity 13230K, committed 13352K, reserved 1048576K
}
Event: 4442.105 GC heap before
{Heap before GC invocations=19 (full 4):
 PSYoungGen      total 663040K, used 634172K [0x00000000d5580000, 0x0000000100000000, 0x0000000100000000)
  eden space 629248K, 100% used [0x00000000d5580000,0x00000000fbc00000,0x00000000fbc00000)
  from space 33792K, 14% used [0x00000000fdc80000,0x00000000fe14f108,0x00000000ffd80000)
  to   space 33280K, 0% used [0x00000000fbc00000,0x00000000fbc00000,0x00000000fdc80000)
 ParOldGen       total 147456K, used 52322K [0x0000000080000000, 0x0000000089000000, 0x00000000d5580000)
  object space 147456K, 35% used [0x0000000080000000,0x00000000833188d0,0x0000000089000000)
 Metaspace       used 94724K, capacity 102428K, committed 102552K, reserved 1138688K
  class space    used 12411K, capacity 13653K, committed 13736K, reserved 1048576K
Event: 4442.128 GC heap after
Heap after GC invocations=19 (full 4):
 PSYoungGen      total 662528K, used 8556K [0x00000000d5580000, 0x00000000ffc80000, 0x0000000100000000)
  eden space 629248K, 0% used [0x00000000d5580000,0x00000000d5580000,0x00000000fbc00000)
  from space 33280K, 25% used [0x00000000fbc00000,0x00000000fc45b288,0x00000000fdc80000)
  to   space 31744K, 0% used [0x00000000fdd80000,0x00000000fdd80000,0x00000000ffc80000)
 ParOldGen       total 147456K, used 52330K [0x0000000080000000, 0x0000000089000000, 0x00000000d5580000)
  object space 147456K, 35% used [0x0000000080000000,0x000000008331a8d0,0x0000000089000000)
 Metaspace       used 94724K, capacity 102428K, committed 102552K, reserved 1138688K
  class space    used 12411K, capacity 13653K, committed 13736K, reserved 1048576K
}

Deoptimization events (10 events):
Event: 4110.678 Thread 0x0000000059a57800 Uncommon trap: reason=speculate_class_check action=maybe_recompile pc=0x00000000057fe6f8 method=com.google.common.collect.ImmutableList$Itr.<init>(Lcom/google/common/collect/ImmutableList;I)V @ 2
Event: 4137.942 Thread 0x000000005ad2a800 Uncommon trap: reason=null_check action=make_not_entrant pc=0x000000000438b764 method=com.android.tools.r8.s.a.b.h.a(Ljava/lang/Object;)V @ 71
Event: 4138.883 Thread 0x0000000059a57800 Uncommon trap: reason=null_check action=make_not_entrant pc=0x00000000037ee398 method=org.gradle.api.internal.tasks.properties.bean.AbstractNestedRuntimeBeanNode$BeanPropertyValue.isConfigurable()Z @ 9
Event: 4350.421 Thread 0x0000000059937000 Uncommon trap: reason=unloaded action=reinterpret pc=0x000000000560e860 method=com.android.tools.r8.code.u1.a(Ljava/nio/ShortBuffer;IILcom/android/tools/r8/graph/I0;)[Lcom/android/tools/r8/code/t1; @ 1429
Event: 4362.717 Thread 0x000000005ad2a000 Uncommon trap: reason=array_check action=maybe_recompile pc=0x0000000005608900 method=java.util.TimSort.mergeHi(IIII)V @ 101
Event: 4441.758 Thread 0x000000005ad28800 Uncommon trap: reason=array_check action=maybe_recompile pc=0x0000000004d46858 method=com.google.common.collect.ImmutableSet.construct(I[Ljava/lang/Object;)Lcom/google/common/collect/ImmutableSet; @ 122
Event: 4441.771 Thread 0x000000005ad28800 Uncommon trap: reason=array_check action=maybe_recompile pc=0x0000000004d46858 method=com.google.common.collect.ImmutableSet.construct(I[Ljava/lang/Object;)Lcom/google/common/collect/ImmutableSet; @ 122
Event: 4441.771 Thread 0x000000005ad28800 Uncommon trap: reason=array_check action=maybe_recompile pc=0x0000000004d46858 method=com.google.common.collect.ImmutableSet.construct(I[Ljava/lang/Object;)Lcom/google/common/collect/ImmutableSet; @ 122
Event: 4441.771 Thread 0x000000005ad28800 Uncommon trap: reason=array_check action=maybe_recompile pc=0x0000000004d46858 method=com.google.common.collect.ImmutableSet.construct(I[Ljava/lang/Object;)Lcom/google/common/collect/ImmutableSet; @ 122
Event: 4625.897 Thread 0x000000005f82c800 Uncommon trap: reason=unstable_if action=reinterpret pc=0x0000000005608be0 method=java.util.TimSort.mergeHi(IIII)V @ 426

Classes redefined (0 events):
No events

Internal exceptions (10 events):
Event: 4623.080 Thread 0x000000005d602000 Exception <a 'sun/nio/fs/WindowsException'> (0x00000000e4e17858) thrown at [C:\src\AOSP-openjdk-git\hotspot\src\share\vm\prims\jni.cpp, line 710]
Event: 4623.080 Thread 0x000000005d602000 Exception <a 'sun/nio/fs/WindowsException'> (0x00000000e4e1a188) thrown at [C:\src\AOSP-openjdk-git\hotspot\src\share\vm\prims\jni.cpp, line 710]
Event: 4623.080 Thread 0x000000005d602000 Exception <a 'sun/nio/fs/WindowsException'> (0x00000000e4e1b9b0) thrown at [C:\src\AOSP-openjdk-git\hotspot\src\share\vm\prims\jni.cpp, line 710]
Event: 4623.080 Thread 0x000000005d602000 Exception <a 'sun/nio/fs/WindowsException'> (0x00000000e4e1d260) thrown at [C:\src\AOSP-openjdk-git\hotspot\src\share\vm\prims\jni.cpp, line 710]
Event: 4623.574 Thread 0x0000000059937800 Exception <a 'sun/nio/fs/WindowsException'> (0x00000000e671d608) thrown at [C:\src\AOSP-openjdk-git\hotspot\src\share\vm\prims\jni.cpp, line 710]
Event: 4623.832 Thread 0x0000000059937800 Exception <a 'sun/nio/fs/WindowsException'> (0x00000000e6db4bd0) thrown at [C:\src\AOSP-openjdk-git\hotspot\src\share\vm\prims\jni.cpp, line 710]
Event: 4625.805 Thread 0x0000000059934800 Exception <a 'sun/nio/fs/WindowsException'> (0x00000000e747d298) thrown at [C:\src\AOSP-openjdk-git\hotspot\src\share\vm\prims\jni.cpp, line 710]
Event: 4625.933 Thread 0x000000005f82c800 Exception <a 'sun/nio/fs/WindowsException'> (0x00000000e8933608) thrown at [C:\src\AOSP-openjdk-git\hotspot\src\share\vm\prims\jni.cpp, line 710]
Event: 4626.551 Thread 0x000000005d602000 Exception <a 'sun/nio/fs/WindowsException'> (0x00000000e8ee8680) thrown at [C:\src\AOSP-openjdk-git\hotspot\src\share\vm\prims\jni.cpp, line 710]
Event: 4643.004 Thread 0x000000005d602000 Exception <a 'sun/nio/fs/WindowsException'> (0x00000000ea077420) thrown at [C:\src\AOSP-openjdk-git\hotspot\src\share\vm\prims\jni.cpp, line 710]

Events (10 events):
Event: 4642.970 Executing VM operation: RevokeBias done
Event: 4643.001 Executing VM operation: BulkRevokeBias
Event: 4643.002 Executing VM operation: BulkRevokeBias done
Event: 4643.032 Thread 0x0000000059a56800 Thread added: 0x0000000059a56800
Event: 4643.034 Thread 0x0000000059a56000 Thread added: 0x0000000059a56000
Event: 4643.077 Executing VM operation: BulkRevokeBias
Event: 4643.082 Executing VM operation: BulkRevokeBias done
Event: 4643.149 Thread 0x0000000059a4b800 Thread added: 0x0000000059a4b800
Event: 4643.269 Executing VM operation: BulkRevokeBias
Event: 4643.270 Executing VM operation: BulkRevokeBias done


Dynamic libraries:
0x000000013f510000 - 0x000000013f541000 	C:\Program Files\Android\Android Studio\jre\bin\java.exe
0x0000000077330000 - 0x00000000774d9000 	C:\Windows\SYSTEM32\ntdll.dll
0x0000000077210000 - 0x000000007732f000 	C:\Windows\system32\kernel32.dll
0x000007fefd100000 - 0x000007fefd16b000 	C:\Windows\system32\KERNELBASE.dll
0x000007fefe6f0000 - 0x000007fefe7cb000 	C:\Windows\system32\ADVAPI32.dll
0x000007feff110000 - 0x000007feff1af000 	C:\Windows\system32\msvcrt.dll
0x000007fefeb50000 - 0x000007fefeb6f000 	C:\Windows\SYSTEM32\sechost.dll
0x000007fefe4e0000 - 0x000007fefe60d000 	C:\Windows\system32\RPCRT4.dll
0x0000000077110000 - 0x000000007720a000 	C:\Windows\system32\USER32.dll
0x000007fefe470000 - 0x000007fefe4d7000 	C:\Windows\system32\GDI32.dll
0x000007fefeca0000 - 0x000007fefecae000 	C:\Windows\system32\LPK.dll
0x000007fefe8a0000 - 0x000007fefe969000 	C:\Windows\system32\USP10.dll
0x000007fefbc60000 - 0x000007fefbe54000 	C:\Windows\WinSxS\amd64_microsoft.windows.common-controls_6595b64144ccf1df_6.0.7601.17514_none_fa396087175ac9ac\COMCTL32.dll
0x000007fefeb70000 - 0x000007fefebe1000 	C:\Windows\system32\SHLWAPI.dll
0x000007fefea80000 - 0x000007fefeaae000 	C:\Windows\system32\IMM32.DLL
0x000007fefe970000 - 0x000007fefea79000 	C:\Windows\system32\MSCTF.dll
0x0000000074780000 - 0x0000000074852000 	C:\Program Files\Android\Android Studio\jre\jre\bin\msvcr100.dll
0x000000006b400000 - 0x000000006bc4b000 	C:\Program Files\Android\Android Studio\jre\jre\bin\server\jvm.dll
0x000007fed68d0000 - 0x000007fed68d9000 	C:\Windows\system32\WSOCK32.dll
0x000007fefe850000 - 0x000007fefe89d000 	C:\Windows\system32\WS2_32.dll
0x000007fefec90000 - 0x000007fefec98000 	C:\Windows\system32\NSI.dll
0x000007fef9420000 - 0x000007fef945b000 	C:\Windows\system32\WINMM.dll
0x000007fefc1d0000 - 0x000007fefc1dc000 	C:\Windows\system32\VERSION.dll
0x0000000077500000 - 0x0000000077507000 	C:\Windows\system32\PSAPI.DLL
0x000007fefa8d0000 - 0x000007fefa8df000 	C:\Program Files\Android\Android Studio\jre\jre\bin\verify.dll
0x000007fefa890000 - 0x000007fefa8b9000 	C:\Program Files\Android\Android Studio\jre\jre\bin\java.dll
0x000007fefa870000 - 0x000007fefa886000 	C:\Program Files\Android\Android Studio\jre\jre\bin\zip.dll
0x000007fefd6e0000 - 0x000007fefe468000 	C:\Windows\system32\SHELL32.dll
0x000007feff410000 - 0x000007feff613000 	C:\Windows\system32\ole32.dll
0x000007fefd0f0000 - 0x000007fefd0ff000 	C:\Windows\system32\profapi.dll
0x000007fefa850000 - 0x000007fefa86a000 	C:\Program Files\Android\Android Studio\jre\jre\bin\net.dll
0x000007fefc880000 - 0x000007fefc8d5000 	C:\Windows\system32\mswsock.dll
0x000007fefc870000 - 0x000007fefc877000 	C:\Windows\System32\wship6.dll
0x000007fefa830000 - 0x000007fefa843000 	C:\Program Files\Android\Android Studio\jre\jre\bin\nio.dll
0x000007fee5010000 - 0x000007fee5036000 	C:\Users\Denis\.gradle\native\31\windows-amd64\native-platform.dll
0x000007fefc150000 - 0x000007fefc153000 	C:\Windows\system32\api-ms-win-core-synch-l1-2-0.DLL
0x000007fefa8e0000 - 0x000007fefa8ed000 	C:\Program Files\Android\Android Studio\jre\jre\bin\management.dll
0x000007fefc8e0000 - 0x000007fefc8f8000 	C:\Windows\system32\CRYPTSP.dll
0x000007fefc5e0000 - 0x000007fefc627000 	C:\Windows\system32\rsaenh.dll
0x000007fefd1b0000 - 0x000007fefd1ce000 	C:\Windows\system32\USERENV.dll
0x000007fefcf40000 - 0x000007fefcf4f000 	C:\Windows\system32\CRYPTBASE.dll
0x000007fefa1e0000 - 0x000007fefa207000 	C:\Windows\system32\IPHLPAPI.DLL
0x000007fefa1a0000 - 0x000007fefa1ab000 	C:\Windows\system32\WINNSI.DLL
0x000007fefa060000 - 0x000007fefa071000 	C:\Windows\system32\dhcpcsvc6.DLL
0x000007fef9fe0000 - 0x000007fef9ff8000 	C:\Windows\system32\dhcpcsvc.DLL

VM Arguments:
jvm_args: -Xmx2048m -Dfile.encoding=windows-1251 -Duser.country=RU -Duser.language=ru -Duser.variant 
java_command: org.gradle.launcher.daemon.bootstrap.GradleDaemon 6.1.1
java_class_path (initial): C:\Users\Denis\.gradle\wrapper\dists\gradle-6.1.1-all\cfmwm155h49vnt3hynmlrsdst\gradle-6.1.1\lib\gradle-launcher-6.1.1.jar
Launcher Type: SUN_STANDARD

Environment Variables:
JAVA_HOME=C:\Program Files\Java\jdk-11.0.2
PATH=C:\Program Files\Common Files\Microsoft Shared\Windows Live;C:\Program Files\gettext-iconv\bin;C:\Program Files\Git\cmd;C:\Program Files\Java\jdk-11.0.2\bin;C:\Maven\apache-maven-3.6.3\bin;C:\Program Files\Common Files\Microsoft Shared\Windows Live;C:\Users\Denis\AppData\Local\Programs\Python\Python38-32\Scripts\;C:\Users\Denis\AppData\Local\Programs\Python\Python38-32\;C:\Users\Denis\AppData\Local\Programs\Microsoft VS Code\bin;C:\Users\Denis\AppData\Local\Programs\Fiddler;C:\Users\Denis\AppData\Roaming\npm;C:\Program Files\heroku\bin;C:\Program Files\Git\cmd;C:\Program Files\Java\jdk-11.0.2\bin;C:\Maven\apache-maven-3.6.3\bin
USERNAME=Denis
OS=Windows_NT
PROCESSOR_IDENTIFIER=Intel64 Family 6 Model 60 Stepping 3, GenuineIntel



---------------  S Y S T E M  ---------------

OS: Windows 7 , 64 bit Build 7601 (6.1.7601.18015)

CPU:total 2 (initial active 2) (2 cores per cpu, 1 threads per core) family 6 model 60 stepping 3, cmov, cx8, fxsr, mmx, sse, sse2, sse3, ssse3, sse4.1, sse4.2, popcnt, clmul, erms, lzcnt, tsc, tscinvbit

Memory: 4k page, physical 8341328k(285512k free), swap 10403856k(5948k free)

vm_info: OpenJDK 64-Bit Server VM (25.242-b01) for windows-amd64 JRE (1.8.0_242-release-1644-b01), built by "builder" with MS VC++ 10.0 (VS2010)

time: Thu Aug 13 16:00:28 2020
timezone: Центральная Азия (зима)
elapsed time: 4643 seconds (0d 1h 17m 23s)

