#
# There is insufficient memory for the Java Runtime Environment to continue.
# Native memory allocation (malloc) failed to allocate 32744 bytes for ChunkPool::allocate
# Possible reasons:
#   The system is out of physical RAM or swap space
#   The process is running with CompressedOops enabled, and the Java Heap may be blocking the growth of the native heap
# Possible solutions:
#   Reduce memory load on the system
#   Increase physical memory or swap space
#   Check if swap backing store is full
#   Decrease Java heap size (-Xmx/-Xms)
#   Decrease number of Java threads
#   Decrease Java thread stack sizes (-Xss)
#   Set larger code cache with -XX:ReservedCodeCacheSize=
#   JVM is running with Unscaled Compressed Oops mode in which the Java heap is
#     placed in the first 4GB address space. The Java Heap base address is the
#     maximum limit for the native heap growth. Please use -XX:HeapBaseMinAddress
#     to set the Java Heap base and to place the Java Heap above 4GB virtual address.
# This output file may be truncated or incomplete.
#
#  Out of Memory Error (allocation.cpp:272), pid=6528, tid=0x0000000000000928
#
# JRE version: OpenJDK Runtime Environment (8.0_242-b01) (build 1.8.0_242-release-1644-b01)
# Java VM: OpenJDK 64-Bit Server VM (25.242-b01 mixed mode windows-amd64 compressed oops)
# Failed to write core dump. Minidumps are not enabled by default on client versions of Windows
#

---------------  T H R E A D  ---------------

Current thread (0x00000000573d2800):  JavaThread "C2 CompilerThread0" daemon [_thread_in_native, id=2344, stack(0x0000000058700000,0x0000000058800000)]

Stack: [0x0000000058700000,0x0000000058800000]
[error occurred during error reporting (printing stack bounds), id 0xc0000005]

Native frames: (J=compiled Java code, j=interpreted, Vv=VM code, C=native code)


Current CompileTask:
C2:12730942 34464       4       com.google.common.collect.SparseImmutableTable::<init> (468 bytes)


---------------  P R O C E S S  ---------------

Java Threads: ( => current thread )
  0x000000005d492000 JavaThread "stdout" [_thread_in_native, id=7080, stack(0x000000006acc0000,0x000000006adc0000)]
  0x000000005d48e000 JavaThread "stderr" [_thread_in_native, id=2380, stack(0x000000006ab80000,0x000000006ac80000)]
  0x000000005d491000 JavaThread "pool-170-thread-1" [_thread_blocked, id=1108, stack(0x000000006a7d0000,0x000000006a8d0000)]
  0x000000005d493800 JavaThread "WorkerExecutor Queue Thread 2" [_thread_in_native, id=6252, stack(0x000000006aa00000,0x000000006ab00000)]
  0x000000005d490800 JavaThread "WorkerExecutor Queue" [_thread_blocked, id=5356, stack(0x000000006a8d0000,0x000000006a9d0000)]
  0x000000005d48f800 JavaThread "Cache worker for execution history cache (C:\Users\Denis\AndroidStudioProjects\MyApplication21\.gradle\6.1.1\executionHistory)" [_thread_blocked, id=4152, stack(0x000000006a6d0000,0x000000006a7d0000)]
  0x000000005d492800 JavaThread "Execution worker for ':'" [_thread_blocked, id=4508, stack(0x00000000697d0000,0x00000000698d0000)]
  0x000000005d494000 JavaThread "Cache worker for file content cache (C:\Users\Denis\AndroidStudioProjects\MyApplication21\.gradle\6.1.1\fileContent)" [_thread_blocked, id=2720, stack(0x000000006a540000,0x000000006a640000)]
  0x000000005d48d800 JavaThread "Cache worker for Build Output Cleanup Cache (C:\Users\Denis\AndroidStudioProjects\MyApplication21\.gradle\buildOutputCleanup)" [_thread_blocked, id=4208, stack(0x00000000696c0000,0x00000000697c0000)]
  0x000000005f57f000 JavaThread "pool-169-thread-1" [_thread_blocked, id=6668, stack(0x00000000664e0000,0x00000000665e0000)]
  0x000000005f583800 JavaThread "Build operations Thread 2" [_thread_blocked, id=4212, stack(0x00000000658c0000,0x00000000659c0000)]
  0x000000005f57e000 JavaThread "Build operations" [_thread_blocked, id=2932, stack(0x00000000652c0000,0x00000000653c0000)]
  0x000000005f57d800 JavaThread "Cache worker for cache directory md-rule (C:\Users\Denis\.gradle\caches\6.1.1\md-rule)" [_thread_blocked, id=2216, stack(0x0000000064330000,0x0000000064430000)]
  0x000000005f580800 JavaThread "Cache worker for cache directory md-supplier (C:\Users\Denis\.gradle\caches\6.1.1\md-supplier)" [_thread_blocked, id=5952, stack(0x000000005e340000,0x000000005e440000)]
  0x0000000059a7a000 JavaThread "Cache worker for file hash cache (C:\Users\Denis\AndroidStudioProjects\MyApplication21\.gradle\6.1.1\fileHashes)" [_thread_blocked, id=1728, stack(0x00000000649d0000,0x0000000064ad0000)]
  0x0000000059a7d000 JavaThread "Cache worker for checksums cache (C:\Users\Denis\AndroidStudioProjects\MyApplication21\.gradle\checksums)" [_thread_blocked, id=6240, stack(0x0000000061020000,0x0000000061120000)]
  0x0000000059a77000 JavaThread "Thread-1669" [_thread_blocked, id=1040, stack(0x000000005be60000,0x000000005bf60000)]
  0x0000000059a76000 JavaThread "Stdin handler" [_thread_blocked, id=6128, stack(0x0000000060920000,0x0000000060a20000)]
  0x0000000059a77800 JavaThread "Asynchronous log dispatcher for DefaultDaemonConnection: socket connection from /127.0.0.1:51864 to /127.0.0.1:55783" [_thread_blocked, id=6244, stack(0x0000000063b50000,0x0000000063c50000)]
  0x0000000059a78800 JavaThread "Cancel handler" [_thread_blocked, id=4856, stack(0x0000000060f00000,0x0000000061000000)]
  0x0000000059a79000 JavaThread "Handler for socket connection from /127.0.0.1:51864 to /127.0.0.1:55783" [_thread_in_native, id=3316, stack(0x000000005e8d0000,0x000000005e9d0000)]
  0x0000000058b03000 JavaThread "Daemon worker Thread 45" [_thread_blocked, id=6164, stack(0x000000005ea50000,0x000000005eb50000)]
  0x0000000058af9000 JavaThread "Daemon Thread 45" [_thread_blocked, id=2540, stack(0x000000005e230000,0x000000005e330000)]
  0x0000000058af8800 JavaThread "RMI TCP Connection(idle)" daemon [_thread_blocked, id=6552, stack(0x000000005c980000,0x000000005ca80000)]
  0x0000000059a7a800 JavaThread "Cache worker for Java compile cache (C:\Users\Denis\.gradle\caches\6.1.1\javaCompile)" [_thread_blocked, id=7040, stack(0x00000000678a0000,0x00000000679a0000)]
  0x000000005f582800 JavaThread "RMI Reaper" [_thread_blocked, id=4948, stack(0x000000005c160000,0x000000005c260000)]
  0x000000005f582000 JavaThread "RMI TCP Accept-0" daemon [_thread_in_native, id=3828, stack(0x0000000065140000,0x0000000065240000)]
  0x000000005f581000 JavaThread "GC Daemon" daemon [_thread_blocked, id=6568, stack(0x0000000064db0000,0x0000000064eb0000)]
  0x000000005f57f800 JavaThread "RMI Scheduler(0)" daemon [_thread_blocked, id=6100, stack(0x00000000631b0000,0x00000000632b0000)]
  0x0000000058b02800 JavaThread "Cache worker for file content cache (C:\Users\Denis\.gradle\caches\6.1.1\fileContent)" [_thread_blocked, id=5516, stack(0x00000000632b0000,0x00000000633b0000)]
  0x0000000058afd800 JavaThread "Memory manager" [_thread_blocked, id=7052, stack(0x000000005c060000,0x000000005c160000)]
  0x0000000058afa000 JavaThread "Cache worker for execution history cache (C:\Users\Denis\.gradle\caches\6.1.1\executionHistory)" [_thread_blocked, id=5304, stack(0x000000005ec30000,0x000000005ed30000)]
  0x0000000058af6000 JavaThread "Cache worker for file hash cache (C:\Users\Denis\.gradle\caches\6.1.1\fileHashes)" [_thread_blocked, id=4728, stack(0x000000005cec0000,0x000000005cfc0000)]
  0x0000000058af5800 JavaThread "File lock request listener" [_thread_in_native, id=6848, stack(0x000000005ccf0000,0x000000005cdf0000)]
  0x000000005af06000 JavaThread "Cache worker for journal cache (C:\Users\Denis\.gradle\caches\journal-1)" [_thread_blocked, id=2468, stack(0x000000005a840000,0x000000005a940000)]
  0x000000005ae74000 JavaThread "Daemon periodic checks" [_thread_blocked, id=2656, stack(0x000000005bf60000,0x000000005c060000)]
  0x000000005a771800 JavaThread "Incoming local TCP Connector on port 51864" [_thread_in_native, id=4160, stack(0x0000000058290000,0x0000000058390000)]
  0x0000000058977000 JavaThread "Daemon health stats" [_thread_blocked, id=7036, stack(0x000000005a940000,0x000000005aa40000)]
  0x000000005894a800 JavaThread "Service Thread" daemon [_thread_blocked, id=5948, stack(0x0000000058dd0000,0x0000000058ed0000)]
  0x00000000573dc000 JavaThread "C1 CompilerThread1" daemon [_thread_blocked, id=2012, stack(0x0000000058830000,0x0000000058930000)]
=>0x00000000573d2800 JavaThread "C2 CompilerThread0" daemon [_thread_in_native, id=2344, stack(0x0000000058700000,0x0000000058800000)]
  0x00000000573d0800 JavaThread "Attach Listener" daemon [_thread_blocked, id=5980, stack(0x0000000058530000,0x0000000058630000)]
  0x00000000573cf800 JavaThread "Signal Dispatcher" daemon [_thread_blocked, id=7152, stack(0x00000000583a0000,0x00000000584a0000)]
  0x00000000573b1000 JavaThread "Finalizer" daemon [_thread_blocked, id=6112, stack(0x0000000058110000,0x0000000058210000)]
  0x00000000573a8000 JavaThread "Reference Handler" daemon [_thread_blocked, id=6912, stack(0x0000000057d20000,0x0000000057e20000)]
  0x000000000224e800 JavaThread "main" [_thread_blocked, id=5840, stack(0x00000000024f0000,0x00000000025f0000)]

Other Threads:
  0x0000000057360800 VMThread [stack: 0x0000000057e80000,0x0000000057f80000] [id=5444]
  0x000000005894d800 WatcherThread [stack: 0x0000000058f50000,0x0000000059050000] [id=5296]

VM state:not at safepoint (normal execution)

VM Mutex/Monitor currently owned by a thread: None

heap address: 0x0000000080000000, size: 2048 MB, Compressed Oops mode: 32-bit
Narrow klass base: 0x0000000000000000, Narrow klass shift: 0
Compressed class space size: 1073741824 Address: 0x0000000016a30000

Heap:
 PSYoungGen      total 153600K, used 128361K [0x00000000d5580000, 0x00000000e0b00000, 0x0000000100000000)
  eden space 120832K, 97% used [0x00000000d5580000,0x00000000dc8ad720,0x00000000dcb80000)
  from space 32768K, 31% used [0x00000000deb00000,0x00000000df52ce38,0x00000000e0b00000)
  to   space 32256K, 0% used [0x00000000dcb80000,0x00000000dcb80000,0x00000000deb00000)
 ParOldGen       total 192512K, used 81864K [0x0000000080000000, 0x000000008bc00000, 0x00000000d5580000)
  object space 192512K, 42% used [0x0000000080000000,0x0000000084ff22f0,0x000000008bc00000)
 Metaspace       used 124813K, capacity 133344K, committed 133544K, reserved 1165312K
  class space    used 15277K, capacity 16709K, committed 16808K, reserved 1048576K

Card table byte_map: [0x0000000011c80000,0x0000000012090000] byte_map_base: 0x0000000011880000

Marking Bits: (ParMarkBitMap*) 0x000000006bbcf030
 Begin Bits: [0x0000000012630000, 0x0000000014630000)
 End Bits:   [0x0000000014630000, 0x0000000016630000)

Polling page: 0x0000000001c60000

CodeCache: size=245760Kb used=92109Kb max_used=92251Kb free=153650Kb
 bounds [0x00000000028c0000, 0x0000000008380000, 0x00000000118c0000]
 total_blobs=27176 nmethods=26231 adapters=854
 compilation: enabled

Compilation events (10 events):
Event: 12720.604 Thread 0x00000000573dc000 nmethod 34458 0x000000000810a9d0 code [0x000000000810ab80, 0x000000000810b208]
Event: 12730.649 Thread 0x00000000573dc000 34459   !   3       com.android.ide.common.symbols.SymbolIo$SymbolLineReader::readLines (315 bytes)
Event: 12730.653 Thread 0x00000000573dc000 nmethod 34459 0x0000000006509bd0 code [0x000000000650a260, 0x000000000650e0e8]
Event: 12730.655 Thread 0x00000000573d2800 34460       4       com.android.ide.common.symbols.SymbolIo$SymbolLineReader$$Lambda$960/325892398::applyAsInt (8 bytes)
Event: 12730.660 Thread 0x00000000573d2800 nmethod 34460 0x0000000006509010 code [0x0000000006509180, 0x00000000065095c8]
Event: 12730.660 Thread 0x00000000573d2800 34461 %     4       com.google.common.collect.SparseImmutableTable::<init> @ 407 (468 bytes)
Event: 12730.679 Thread 0x00000000573dc000 34462   !   3       java.io.BufferedReader::close (61 bytes)
Event: 12730.679 Thread 0x00000000573dc000 nmethod 34462 0x00000000080f8b50 code [0x00000000080f8ce0, 0x00000000080f91c8]
Event: 12730.680 Thread 0x00000000573d2800 nmethod 34461% 0x0000000005584e10 code [0x0000000005585040, 0x0000000005585d48]
Event: 12730.713 Thread 0x00000000573d2800 34464       4       com.google.common.collect.SparseImmutableTable::<init> (468 bytes)

GC Heap History (10 events):
Event: 12446.183 GC heap before
{Heap before GC invocations=179 (full 7):
 PSYoungGen      total 148992K, used 126651K [0x00000000d5580000, 0x00000000e0b00000, 0x0000000100000000)
  eden space 114176K, 100% used [0x00000000d5580000,0x00000000dc500000,0x00000000dc500000)
  from space 34816K, 35% used [0x00000000dc500000,0x00000000dd12ef30,0x00000000de700000)
  to   space 34816K, 0% used [0x00000000de900000,0x00000000de900000,0x00000000e0b00000)
 ParOldGen       total 192512K, used 81792K [0x0000000080000000, 0x000000008bc00000, 0x00000000d5580000)
  object space 192512K, 42% used [0x0000000080000000,0x0000000084fe02e0,0x000000008bc00000)
 Metaspace       used 124586K, capacity 133004K, committed 133288K, reserved 1165312K
  class space    used 15260K, capacity 16685K, committed 16808K, reserved 1048576K
Event: 12446.198 GC heap after
Heap after GC invocations=179 (full 7):
 PSYoungGen      total 150016K, used 10249K [0x00000000d5580000, 0x00000000e0a00000, 0x0000000100000000)
  eden space 116224K, 0% used [0x00000000d5580000,0x00000000d5580000,0x00000000dc700000)
  from space 33792K, 30% used [0x00000000de900000,0x00000000df3026c8,0x00000000e0a00000)
  to   space 34304K, 0% used [0x00000000dc700000,0x00000000dc700000,0x00000000de880000)
 ParOldGen       total 192512K, used 81800K [0x0000000080000000, 0x000000008bc00000, 0x00000000d5580000)
  object space 192512K, 42% used [0x0000000080000000,0x0000000084fe22e0,0x000000008bc00000)
 Metaspace       used 124586K, capacity 133004K, committed 133288K, reserved 1165312K
  class space    used 15260K, capacity 16685K, committed 16808K, reserved 1048576K
}
Event: 12463.210 GC heap before
{Heap before GC invocations=180 (full 7):
 PSYoungGen      total 150016K, used 126473K [0x00000000d5580000, 0x00000000e0a00000, 0x0000000100000000)
  eden space 116224K, 100% used [0x00000000d5580000,0x00000000dc700000,0x00000000dc700000)
  from space 33792K, 30% used [0x00000000de900000,0x00000000df3026c8,0x00000000e0a00000)
  to   space 34304K, 0% used [0x00000000dc700000,0x00000000dc700000,0x00000000de880000)
 ParOldGen       total 192512K, used 81800K [0x0000000080000000, 0x000000008bc00000, 0x00000000d5580000)
  object space 192512K, 42% used [0x0000000080000000,0x0000000084fe22e0,0x000000008bc00000)
 Metaspace       used 124631K, capacity 133072K, committed 133288K, reserved 1165312K
  class space    used 15260K, capacity 16685K, committed 16808K, reserved 1048576K
Event: 12463.238 GC heap after
Heap after GC invocations=180 (full 7):
 PSYoungGen      total 150528K, used 12053K [0x00000000d5580000, 0x00000000e0b00000, 0x0000000100000000)
  eden space 116224K, 0% used [0x00000000d5580000,0x00000000d5580000,0x00000000dc700000)
  from space 34304K, 35% used [0x00000000dc700000,0x00000000dd2c5450,0x00000000de880000)
  to   space 33792K, 0% used [0x00000000dea00000,0x00000000dea00000,0x00000000e0b00000)
 ParOldGen       total 192512K, used 81808K [0x0000000080000000, 0x000000008bc00000, 0x00000000d5580000)
  object space 192512K, 42% used [0x0000000080000000,0x0000000084fe42e0,0x000000008bc00000)
 Metaspace       used 124631K, capacity 133072K, committed 133288K, reserved 1165312K
  class space    used 15260K, capacity 16685K, committed 16808K, reserved 1048576K
}
Event: 12520.037 GC heap before
{Heap before GC invocations=181 (full 7):
 PSYoungGen      total 150528K, used 128277K [0x00000000d5580000, 0x00000000e0b00000, 0x0000000100000000)
  eden space 116224K, 100% used [0x00000000d5580000,0x00000000dc700000,0x00000000dc700000)
  from space 34304K, 35% used [0x00000000dc700000,0x00000000dd2c5450,0x00000000de880000)
  to   space 33792K, 0% used [0x00000000dea00000,0x00000000dea00000,0x00000000e0b00000)
 ParOldGen       total 192512K, used 81808K [0x0000000080000000, 0x000000008bc00000, 0x00000000d5580000)
  object space 192512K, 42% used [0x0000000080000000,0x0000000084fe42e0,0x000000008bc00000)
 Metaspace       used 124644K, capacity 133072K, committed 133288K, reserved 1165312K
  class space    used 15260K, capacity 16685K, committed 16808K, reserved 1048576K
Event: 12520.069 GC heap after
Heap after GC invocations=181 (full 7):
 PSYoungGen      total 148992K, used 17312K [0x00000000d5580000, 0x00000000e0800000, 0x0000000100000000)
  eden space 118272K, 0% used [0x00000000d5580000,0x00000000d5580000,0x00000000dc900000)
  from space 30720K, 56% used [0x00000000dea00000,0x00000000dfae8040,0x00000000e0800000)
  to   space 32256K, 0% used [0x00000000dc900000,0x00000000dc900000,0x00000000de880000)
 ParOldGen       total 192512K, used 81832K [0x0000000080000000, 0x000000008bc00000, 0x00000000d5580000)
  object space 192512K, 42% used [0x0000000080000000,0x0000000084fea2f0,0x000000008bc00000)
 Metaspace       used 124644K, capacity 133072K, committed 133288K, reserved 1165312K
  class space    used 15260K, capacity 16685K, committed 16808K, reserved 1048576K
}
Event: 12698.978 GC heap before
{Heap before GC invocations=182 (full 7):
 PSYoungGen      total 148992K, used 135584K [0x00000000d5580000, 0x00000000e0800000, 0x0000000100000000)
  eden space 118272K, 100% used [0x00000000d5580000,0x00000000dc900000,0x00000000dc900000)
  from space 30720K, 56% used [0x00000000dea00000,0x00000000dfae8040,0x00000000e0800000)
  to   space 32256K, 0% used [0x00000000dc900000,0x00000000dc900000,0x00000000de880000)
 ParOldGen       total 192512K, used 81832K [0x0000000080000000, 0x000000008bc00000, 0x00000000d5580000)
  object space 192512K, 42% used [0x0000000080000000,0x0000000084fea2f0,0x000000008bc00000)
 Metaspace       used 124673K, capacity 133072K, committed 133288K, reserved 1165312K
  class space    used 15260K, capacity 16685K, committed 16808K, reserved 1048576K
Event: 12698.997 GC heap after
Heap after GC invocations=182 (full 7):
 PSYoungGen      total 150528K, used 1872K [0x00000000d5580000, 0x00000000e0b80000, 0x0000000100000000)
  eden space 118272K, 0% used [0x00000000d5580000,0x00000000d5580000,0x00000000dc900000)
  from space 32256K, 5% used [0x00000000dc900000,0x00000000dcad4010,0x00000000de880000)
  to   space 33280K, 0% used [0x00000000deb00000,0x00000000deb00000,0x00000000e0b80000)
 ParOldGen       total 192512K, used 81848K [0x0000000080000000, 0x000000008bc00000, 0x00000000d5580000)
  object space 192512K, 42% used [0x0000000080000000,0x0000000084fee2f0,0x000000008bc00000)
 Metaspace       used 124673K, capacity 133072K, committed 133288K, reserved 1165312K
  class space    used 15260K, capacity 16685K, committed 16808K, reserved 1048576K
}
Event: 12703.961 GC heap before
{Heap before GC invocations=183 (full 7):
 PSYoungGen      total 150528K, used 120144K [0x00000000d5580000, 0x00000000e0b80000, 0x0000000100000000)
  eden space 118272K, 100% used [0x00000000d5580000,0x00000000dc900000,0x00000000dc900000)
  from space 32256K, 5% used [0x00000000dc900000,0x00000000dcad4010,0x00000000de880000)
  to   space 33280K, 0% used [0x00000000deb00000,0x00000000deb00000,0x00000000e0b80000)
 ParOldGen       total 192512K, used 81848K [0x0000000080000000, 0x000000008bc00000, 0x00000000d5580000)
  object space 192512K, 42% used [0x0000000080000000,0x0000000084fee2f0,0x000000008bc00000)
 Metaspace       used 124690K, capacity 133142K, committed 133544K, reserved 1165312K
  class space    used 15261K, capacity 16686K, committed 16808K, reserved 1048576K
Event: 12703.983 GC heap after
Heap after GC invocations=183 (full 7):
 PSYoungGen      total 153600K, used 10419K [0x00000000d5580000, 0x00000000e0b00000, 0x0000000100000000)
  eden space 120832K, 0% used [0x00000000d5580000,0x00000000d5580000,0x00000000dcb80000)
  from space 32768K, 31% used [0x00000000deb00000,0x00000000df52ce38,0x00000000e0b00000)
  to   space 32256K, 0% used [0x00000000dcb80000,0x00000000dcb80000,0x00000000deb00000)
 ParOldGen       total 192512K, used 81864K [0x0000000080000000, 0x000000008bc00000, 0x00000000d5580000)
  object space 192512K, 42% used [0x0000000080000000,0x0000000084ff22f0,0x000000008bc00000)
 Metaspace       used 124690K, capacity 133142K, committed 133544K, reserved 1165312K
  class space    used 15261K, capacity 16686K, committed 16808K, reserved 1048576K
}

Deoptimization events (10 events):
Event: 12712.053 Thread 0x0000000058b03000 Uncommon trap: reason=unstable_if action=reinterpret pc=0x0000000002cfeb74 method=org.gradle.internal.logging.text.AbstractLineChoppingStyledTextOutput$2.execute(Lorg/gradle/internal/logging/text/AbstractLineChoppingStyledTextOutput$StateContext;)V @ 30
Event: 12712.053 Thread 0x0000000058b03000 Uncommon trap: reason=unstable_if action=reinterpret pc=0x0000000002d15254 method=org.gradle.internal.logging.text.AbstractLineChoppingStyledTextOutput$2.execute(Lorg/gradle/internal/logging/text/AbstractLineChoppingStyledTextOutput$StateContext;)V @ 30
Event: 12712.054 Thread 0x0000000058b03000 Uncommon trap: reason=array_check action=maybe_recompile pc=0x00000000082cfafc method=java.util.ComparableTimSort.reverseRange([Ljava/lang/Object;II)V @ 27
Event: 12720.549 Thread 0x0000000058b03000 Uncommon trap: reason=bimorphic action=maybe_recompile pc=0x00000000045e9458 method=org.gradle.internal.snapshot.CompositeFileSystemSnapshot.accept(Lorg/gradle/internal/snapshot/FileSystemSnapshotVisitor;)V @ 29
Event: 12720.549 Thread 0x0000000058b03000 Uncommon trap: reason=bimorphic action=maybe_recompile pc=0x0000000003df5c7c method=org.gradle.internal.fingerprint.overlap.impl.DefaultOverlappingOutputDetector$OverlappingOutputsDetectingVisitor.detectOverlappingPath(Lorg/gradle/internal/snapshot/Comple
Event: 12720.549 Thread 0x0000000058b03000 Uncommon trap: reason=bimorphic action=maybe_recompile pc=0x0000000003df5c7c method=org.gradle.internal.fingerprint.overlap.impl.DefaultOverlappingOutputDetector$OverlappingOutputsDetectingVisitor.detectOverlappingPath(Lorg/gradle/internal/snapshot/Comple
Event: 12720.549 Thread 0x0000000058b03000 Uncommon trap: reason=bimorphic action=maybe_recompile pc=0x0000000003df5c7c method=org.gradle.internal.fingerprint.overlap.impl.DefaultOverlappingOutputDetector$OverlappingOutputsDetectingVisitor.detectOverlappingPath(Lorg/gradle/internal/snapshot/Comple
Event: 12720.552 Thread 0x0000000058b03000 Uncommon trap: reason=class_check action=maybe_recompile pc=0x00000000063bc3a4 method=org.gradle.internal.fingerprint.impl.AbsolutePathFingerprintingStrategy$1.visitFile(Lorg/gradle/internal/snapshot/CompleteFileSystemLocationSnapshot;)V @ 18
Event: 12720.552 Thread 0x0000000058b03000 Uncommon trap: reason=bimorphic action=maybe_recompile pc=0x0000000003c469d4 method=org.gradle.internal.fingerprint.impl.DefaultCurrentFileCollectionFingerprint.from(Ljava/lang/Iterable;Lorg/gradle/internal/fingerprint/FingerprintingStrategy;)Lorg/gradle/
Event: 12720.553 Thread 0x0000000058b03000 Uncommon trap: reason=unstable_if action=reinterpret pc=0x000000000529a208 method=org.gradle.internal.execution.history.changes.PreviousSuccessChanges.accept(Lorg/gradle/internal/execution/history/changes/ChangeVisitor;)Z @ 4

Classes redefined (0 events):
No events

Internal exceptions (10 events):
Event: 12711.803 Thread 0x000000005d492800 Exception <a 'java/lang/NoSuchMethodError': <clinit>> (0x00000000d5d72b60) thrown at [C:\src\AOSP-openjdk-git\hotspot\src\share\vm\prims\jni.cpp, line 1615]
Event: 12711.803 Thread 0x000000005d492800 Exception <a 'java/lang/NoSuchMethodError': <clinit>> (0x00000000d5d7bcf0) thrown at [C:\src\AOSP-openjdk-git\hotspot\src\share\vm\prims\jni.cpp, line 1615]
Event: 12711.992 Thread 0x0000000058b03000 Exception <a 'sun/nio/fs/WindowsException'> (0x00000000d5d2c4c8) thrown at [C:\src\AOSP-openjdk-git\hotspot\src\share\vm\prims\jni.cpp, line 710]
Event: 12717.327 Thread 0x0000000058b03000 Exception <a 'sun/nio/fs/WindowsException'> (0x00000000d6d2d368) thrown at [C:\src\AOSP-openjdk-git\hotspot\src\share\vm\prims\jni.cpp, line 710]
Event: 12720.576 Thread 0x0000000058b03000 Exception <a 'sun/nio/fs/WindowsException'> (0x00000000dbded1a8) thrown at [C:\src\AOSP-openjdk-git\hotspot\src\share\vm\prims\jni.cpp, line 710]
Event: 12720.576 Thread 0x0000000058b03000 Exception <a 'sun/nio/fs/WindowsException'> (0x00000000dbdeedc8) thrown at [C:\src\AOSP-openjdk-git\hotspot\src\share\vm\prims\jni.cpp, line 710]
Event: 12720.576 Thread 0x0000000058b03000 Exception <a 'sun/nio/fs/WindowsException'> (0x00000000dbdf0038) thrown at [C:\src\AOSP-openjdk-git\hotspot\src\share\vm\prims\jni.cpp, line 710]
Event: 12720.576 Thread 0x0000000058b03000 Exception <a 'sun/nio/fs/WindowsException'> (0x00000000dbdf1c50) thrown at [C:\src\AOSP-openjdk-git\hotspot\src\share\vm\prims\jni.cpp, line 710]
Event: 12720.576 Thread 0x0000000058b03000 Exception <a 'sun/nio/fs/WindowsException'> (0x00000000dbdf2d50) thrown at [C:\src\AOSP-openjdk-git\hotspot\src\share\vm\prims\jni.cpp, line 710]
Event: 12720.576 Thread 0x0000000058b03000 Exception <a 'sun/nio/fs/WindowsException'> (0x00000000dbdf4938) thrown at [C:\src\AOSP-openjdk-git\hotspot\src\share\vm\prims\jni.cpp, line 710]

Events (10 events):
Event: 12720.599 Executing VM operation: RevokeBias
Event: 12720.601 Executing VM operation: RevokeBias done
Event: 12720.605 Thread 0x00000000573dc000 flushing nmethod 0x00000000080284d0
Event: 12720.605 Thread 0x00000000573dc000 flushing nmethod 0x00000000080b80d0
Event: 12720.605 Thread 0x00000000573dc000 flushing nmethod 0x00000000080e2e90
Event: 12720.607 Thread 0x000000005d491000 Thread added: 0x000000005d491000
Event: 12720.642 Thread 0x000000005d48e000 Thread added: 0x000000005d48e000
Event: 12720.642 Thread 0x000000005d492000 Thread added: 0x000000005d492000
Event: 12730.711 Thread 0x000000005d493800 DEOPT PACKING pc=0x0000000008256e73 sp=0x000000006aafdc70
Event: 12730.711 Thread 0x000000005d493800 DEOPT UNPACKING pc=0x00000000029071d0 sp=0x000000006aafdad0 mode 0


Dynamic libraries:
0x000000013f6f0000 - 0x000000013f721000 	C:\Program Files\Android\Android Studio\jre\bin\java.exe
0x0000000077330000 - 0x00000000774d9000 	C:\Windows\SYSTEM32\ntdll.dll
0x0000000077210000 - 0x000000007732f000 	C:\Windows\system32\kernel32.dll
0x000007fefd100000 - 0x000007fefd16b000 	C:\Windows\system32\KERNELBASE.dll
0x000007fefe6f0000 - 0x000007fefe7cb000 	C:\Windows\system32\ADVAPI32.dll
0x000007feff110000 - 0x000007feff1af000 	C:\Windows\system32\msvcrt.dll
0x000007fefeb50000 - 0x000007fefeb6f000 	C:\Windows\SYSTEM32\sechost.dll
0x000007fefe4e0000 - 0x000007fefe60d000 	C:\Windows\system32\RPCRT4.dll
0x0000000077110000 - 0x000000007720a000 	C:\Windows\system32\USER32.dll
0x000007fefe470000 - 0x000007fefe4d7000 	C:\Windows\system32\GDI32.dll
0x000007fefeca0000 - 0x000007fefecae000 	C:\Windows\system32\LPK.dll
0x000007fefe8a0000 - 0x000007fefe969000 	C:\Windows\system32\USP10.dll
0x000007fefbc60000 - 0x000007fefbe54000 	C:\Windows\WinSxS\amd64_microsoft.windows.common-controls_6595b64144ccf1df_6.0.7601.17514_none_fa396087175ac9ac\COMCTL32.dll
0x000007fefeb70000 - 0x000007fefebe1000 	C:\Windows\system32\SHLWAPI.dll
0x000007fefea80000 - 0x000007fefeaae000 	C:\Windows\system32\IMM32.DLL
0x000007fefe970000 - 0x000007fefea79000 	C:\Windows\system32\MSCTF.dll
0x0000000074780000 - 0x0000000074852000 	C:\Program Files\Android\Android Studio\jre\jre\bin\msvcr100.dll
0x000000006b400000 - 0x000000006bc4b000 	C:\Program Files\Android\Android Studio\jre\jre\bin\server\jvm.dll
0x000007fed68d0000 - 0x000007fed68d9000 	C:\Windows\system32\WSOCK32.dll
0x000007fefe850000 - 0x000007fefe89d000 	C:\Windows\system32\WS2_32.dll
0x000007fefec90000 - 0x000007fefec98000 	C:\Windows\system32\NSI.dll
0x000007fef9420000 - 0x000007fef945b000 	C:\Windows\system32\WINMM.dll
0x000007fefc1d0000 - 0x000007fefc1dc000 	C:\Windows\system32\VERSION.dll
0x0000000077500000 - 0x0000000077507000 	C:\Windows\system32\PSAPI.DLL
0x000007fefa8d0000 - 0x000007fefa8df000 	C:\Program Files\Android\Android Studio\jre\jre\bin\verify.dll
0x000007fefa890000 - 0x000007fefa8b9000 	C:\Program Files\Android\Android Studio\jre\jre\bin\java.dll
0x000007fefa870000 - 0x000007fefa886000 	C:\Program Files\Android\Android Studio\jre\jre\bin\zip.dll
0x000007fefd6e0000 - 0x000007fefe468000 	C:\Windows\system32\SHELL32.dll
0x000007feff410000 - 0x000007feff613000 	C:\Windows\system32\ole32.dll
0x000007fefd0f0000 - 0x000007fefd0ff000 	C:\Windows\system32\profapi.dll
0x000007fefa850000 - 0x000007fefa86a000 	C:\Program Files\Android\Android Studio\jre\jre\bin\net.dll
0x000007fefc880000 - 0x000007fefc8d5000 	C:\Windows\system32\mswsock.dll
0x000007fefc870000 - 0x000007fefc877000 	C:\Windows\System32\wship6.dll
0x000007fefa830000 - 0x000007fefa843000 	C:\Program Files\Android\Android Studio\jre\jre\bin\nio.dll
0x000007fee5010000 - 0x000007fee5036000 	C:\Users\Denis\.gradle\native\31\windows-amd64\native-platform.dll
0x000007fefc150000 - 0x000007fefc153000 	C:\Windows\system32\api-ms-win-core-synch-l1-2-0.DLL
0x000007fefa8e0000 - 0x000007fefa8ed000 	C:\Program Files\Android\Android Studio\jre\jre\bin\management.dll
0x000007fefc8e0000 - 0x000007fefc8f8000 	C:\Windows\system32\CRYPTSP.dll
0x000007fefc5e0000 - 0x000007fefc627000 	C:\Windows\system32\rsaenh.dll
0x000007fefd1b0000 - 0x000007fefd1ce000 	C:\Windows\system32\USERENV.dll
0x000007fefcf40000 - 0x000007fefcf4f000 	C:\Windows\system32\CRYPTBASE.dll
0x000007fefa1e0000 - 0x000007fefa207000 	C:\Windows\system32\IPHLPAPI.DLL
0x000007fefa1a0000 - 0x000007fefa1ab000 	C:\Windows\system32\WINNSI.DLL
0x000007fefa060000 - 0x000007fefa071000 	C:\Windows\system32\dhcpcsvc6.DLL
0x000007fef9fe0000 - 0x000007fef9ff8000 	C:\Windows\system32\dhcpcsvc.DLL
0x000000005ac40000 - 0x000000005ad43000 	C:\Users\Denis\AppData\Local\Temp\sqlite-3.25.2-7246609a-f98a-454a-b5b2-d935f8c6d277-sqlitejdbc.dll
0x00000000633b0000 - 0x00000000634b3000 	C:\Users\Denis\AppData\Local\Temp\sqlite-3.25.2-c09ef693-d751-412a-86b4-2807fcceda06-sqlitejdbc.dll
0x000007fefcee0000 - 0x000007fefcf37000 	C:\Windows\system32\apphelp.dll

VM Arguments:
jvm_args: -Xmx2048m -Dfile.encoding=windows-1251 -Duser.country=RU -Duser.language=ru -Duser.variant 
java_command: org.gradle.launcher.daemon.bootstrap.GradleDaemon 6.1.1
java_class_path (initial): C:\Users\Denis\.gradle\wrapper\dists\gradle-6.1.1-all\cfmwm155h49vnt3hynmlrsdst\gradle-6.1.1\lib\gradle-launcher-6.1.1.jar
Launcher Type: SUN_STANDARD

Environment Variables:
JAVA_HOME=C:\Program Files\Java\jdk-11.0.2
PATH=C:\Program Files\Common Files\Microsoft Shared\Windows Live;C:\Program Files\gettext-iconv\bin;C:\Program Files\Git\cmd;C:\Program Files\Java\jdk-11.0.2\bin;C:\Maven\apache-maven-3.6.3\bin;C:\Program Files\Common Files\Microsoft Shared\Windows Live;C:\Users\Denis\AppData\Local\Programs\Python\Python38-32\Scripts\;C:\Users\Denis\AppData\Local\Programs\Python\Python38-32\;C:\Users\Denis\AppData\Local\Programs\Microsoft VS Code\bin;C:\Users\Denis\AppData\Local\Programs\Fiddler;C:\Users\Denis\AppData\Roaming\npm;C:\Program Files\heroku\bin;C:\Program Files\Git\cmd;C:\Program Files\Java\jdk-11.0.2\bin;C:\Maven\apache-maven-3.6.3\bin
USERNAME=Denis
OS=Windows_NT
PROCESSOR_IDENTIFIER=Intel64 Family 6 Model 60 Stepping 3, GenuineIntel



---------------  S Y S T E M  ---------------

OS: Windows 7 , 64 bit Build 7601 (6.1.7601.18015)

CPU:total 2 (initial active 2) (2 cores per cpu, 1 threads per core) family 6 model 60 stepping 3, cmov, cx8, fxsr, mmx, sse, sse2, sse3, ssse3, sse4.1, sse4.2, popcnt, clmul, erms, lzcnt, tsc, tscinvbit

Memory: 4k page, physical 8341328k(599380k free), swap 10403856k(5044k free)

vm_info: OpenJDK 64-Bit Server VM (25.242-b01) for windows-amd64 JRE (1.8.0_242-release-1644-b01), built by "builder" with MS VC++ 10.0 (VS2010)

time: Thu Aug 13 19:32:50 2020
timezone: Центральная Азия (зима)
elapsed time: 12730 seconds (0d 3h 32m 10s)

