#
# There is insufficient memory for the Java Runtime Environment to continue.
# Native memory allocation (malloc) failed to allocate 1122256 bytes for Chunk::new
# Possible reasons:
#   The system is out of physical RAM or swap space
#   The process is running with CompressedOops enabled, and the Java Heap may be blocking the growth of the native heap
# Possible solutions:
#   Reduce memory load on the system
#   Increase physical memory or swap space
#   Check if swap backing store is full
#   Decrease Java heap size (-Xmx/-Xms)
#   Decrease number of Java threads
#   Decrease Java thread stack sizes (-Xss)
#   Set larger code cache with -XX:ReservedCodeCacheSize=
#   JVM is running with Unscaled Compressed Oops mode in which the Java heap is
#     placed in the first 4GB address space. The Java Heap base address is the
#     maximum limit for the native heap growth. Please use -XX:HeapBaseMinAddress
#     to set the Java Heap base and to place the Java Heap above 4GB virtual address.
# This output file may be truncated or incomplete.
#
#  Out of Memory Error (allocation.cpp:389), pid=5196, tid=0x0000000000001684
#
# JRE version: OpenJDK Runtime Environment (8.0_242-b01) (build 1.8.0_242-release-1644-b01)
# Java VM: OpenJDK 64-Bit Server VM (25.242-b01 mixed mode windows-amd64 compressed oops)
# Failed to write core dump. Minidumps are not enabled by default on client versions of Windows
#

---------------  T H R E A D  ---------------

Current thread (0x00000000573da800):  JavaThread "C2 CompilerThread0" daemon [_thread_in_native, id=5764, stack(0x0000000058530000,0x0000000058630000)]

Stack: [0x0000000058530000,0x0000000058630000]
[error occurred during error reporting (printing stack bounds), id 0xc0000005]

Native frames: (J=compiled Java code, j=interpreted, Vv=VM code, C=native code)


Current CompileTask:
C2:  76168 10828       4       com.android.tools.r8.graph.U::collectIndexedItems (56 bytes)


---------------  P R O C E S S  ---------------

Java Threads: ( => current thread )
  0x000000005cc04800 JavaThread "ForkJoinPool-1-worker-0" daemon [_thread_blocked, id=6092, stack(0x0000000065f30000,0x0000000066030000)]
  0x000000005a639800 JavaThread "ForkJoinPool-1-worker-1" daemon [_thread_in_Java, id=4400, stack(0x0000000065de0000,0x0000000065ee0000)]
  0x000000005cc03800 JavaThread "WorkerExecutor Queue Thread 2" [_thread_blocked, id=2360, stack(0x00000000658f0000,0x00000000659f0000)]
  0x000000005cc03000 JavaThread "WorkerExecutor Queue" [_thread_blocked, id=7108, stack(0x0000000064f40000,0x0000000065040000)]
  0x000000005a63d800 JavaThread "ForkJoinPool.commonPool-worker-1" daemon [_thread_blocked, id=6528, stack(0x000000005b7a0000,0x000000005b8a0000)]
  0x000000005a63e000 JavaThread "RMI TCP Connection(2)-127.0.0.1" daemon [_thread_in_native, id=5068, stack(0x00000000650c0000,0x00000000651c0000)]
  0x000000005a63c800 JavaThread "RMI TCP Connection(3)-127.0.0.1" daemon [_thread_in_native, id=6088, stack(0x00000000646e0000,0x00000000647e0000)]
  0x000000005a63c000 JavaThread "RMI Reaper" [_thread_blocked, id=6112, stack(0x0000000064d50000,0x0000000064e50000)]
  0x000000005a63b000 JavaThread "RMI TCP Accept-0" daemon [_thread_in_native, id=3176, stack(0x0000000064ba0000,0x0000000064ca0000)]
  0x000000005a63a800 JavaThread "GC Daemon" daemon [_thread_blocked, id=5160, stack(0x0000000064800000,0x0000000064900000)]
  0x000000005a639000 JavaThread "RMI Scheduler(0)" daemon [_thread_blocked, id=2784, stack(0x00000000645a0000,0x00000000646a0000)]
  0x000000005c2c0000 JavaThread "Cache worker for execution history cache (C:\Users\Denis\AndroidStudioProjects\MyApplication21\.gradle\6.1.1\executionHistory)" [_thread_blocked, id=6096, stack(0x0000000063ba0000,0x0000000063ca0000)]
  0x000000005c2bf800 JavaThread "Execution worker for ':'" [_thread_blocked, id=2604, stack(0x0000000063980000,0x0000000063a80000)]
  0x000000005c2be000 JavaThread "Cache worker for file content cache (C:\Users\Denis\AndroidStudioProjects\MyApplication21\.gradle\6.1.1\fileContent)" [_thread_blocked, id=3980, stack(0x0000000063420000,0x0000000063520000)]
  0x000000005c2bd000 JavaThread "Cache worker for file content cache (C:\Users\Denis\.gradle\caches\6.1.1\fileContent)" [_thread_blocked, id=5384, stack(0x00000000609d0000,0x0000000060ad0000)]
  0x000000005c2bc800 JavaThread "Memory manager" [_thread_blocked, id=6340, stack(0x0000000061dc0000,0x0000000061ec0000)]
  0x000000005d74f000 JavaThread "Cache worker for Build Output Cleanup Cache (C:\Users\Denis\AndroidStudioProjects\MyApplication21\.gradle\buildOutputCleanup)" [_thread_blocked, id=1832, stack(0x00000000607b0000,0x00000000608b0000)]
  0x000000005d74e000 JavaThread "pool-1-thread-1" [_thread_blocked, id=5816, stack(0x0000000061010000,0x0000000061110000)]
  0x000000005d74c800 JavaThread "Build operations Thread 2" [_thread_blocked, id=5620, stack(0x0000000060b10000,0x0000000060c10000)]
  0x000000005d74c000 JavaThread "Build operations" [_thread_blocked, id=6760, stack(0x00000000608c0000,0x00000000609c0000)]
  0x0000000059d4f800 JavaThread "Cache worker for execution history cache (C:\Users\Denis\.gradle\caches\6.1.1\executionHistory)" [_thread_blocked, id=3404, stack(0x000000005eab0000,0x000000005ebb0000)]
  0x0000000059d4e800 JavaThread "Cache worker for cache directory md-rule (C:\Users\Denis\.gradle\caches\6.1.1\md-rule)" [_thread_blocked, id=4208, stack(0x000000005e340000,0x000000005e440000)]
  0x0000000059d4e000 JavaThread "Cache worker for cache directory md-supplier (C:\Users\Denis\.gradle\caches\6.1.1\md-supplier)" [_thread_blocked, id=1448, stack(0x000000005e9b0000,0x000000005eab0000)]
  0x0000000059d4d000 JavaThread "Cache worker for file hash cache (C:\Users\Denis\AndroidStudioProjects\MyApplication21\.gradle\6.1.1\fileHashes)" [_thread_blocked, id=3964, stack(0x000000005e470000,0x000000005e570000)]
  0x0000000059d4c800 JavaThread "Cache worker for checksums cache (C:\Users\Denis\AndroidStudioProjects\MyApplication21\.gradle\checksums)" [_thread_blocked, id=6596, stack(0x000000005e200000,0x000000005e300000)]
  0x0000000059d4b800 JavaThread "Cache worker for file hash cache (C:\Users\Denis\.gradle\caches\6.1.1\fileHashes)" [_thread_blocked, id=3268, stack(0x000000005ceb0000,0x000000005cfb0000)]
  0x0000000059d4b000 JavaThread "File lock request listener" [_thread_in_native, id=1384, stack(0x000000005bd60000,0x000000005be60000)]
  0x0000000059d4a000 JavaThread "Cache worker for journal cache (C:\Users\Denis\.gradle\caches\journal-1)" [_thread_blocked, id=5592, stack(0x000000005bc50000,0x000000005bd50000)]
  0x0000000059697800 JavaThread "Thread-9" [_thread_blocked, id=5644, stack(0x000000005b950000,0x000000005ba50000)]
  0x000000005968f000 JavaThread "Asynchronous log dispatcher for DefaultDaemonConnection: socket connection from /127.0.0.1:49894 to /127.0.0.1:49895" [_thread_blocked, id=4548, stack(0x000000005b620000,0x000000005b720000)]
  0x0000000059688800 JavaThread "Daemon worker" [_thread_blocked, id=6584, stack(0x000000005b3d0000,0x000000005b4d0000)]
  0x0000000059681000 JavaThread "Cancel handler" [_thread_blocked, id=6152, stack(0x000000005b500000,0x000000005b600000)]
  0x0000000059ef2800 JavaThread "Handler for socket connection from /127.0.0.1:49894 to /127.0.0.1:49895" [_thread_in_native, id=4216, stack(0x000000005b0b0000,0x000000005b1b0000)]
  0x0000000059ef1000 JavaThread "Daemon" [_thread_blocked, id=2544, stack(0x000000005aea0000,0x000000005afa0000)]
  0x0000000058b23000 JavaThread "Daemon periodic checks" [_thread_blocked, id=1776, stack(0x000000005acb0000,0x000000005adb0000)]
  0x0000000058c7d000 JavaThread "Incoming local TCP Connector on port 49894" [_thread_in_native, id=5336, stack(0x000000005a970000,0x000000005aa70000)]
  0x0000000059879000 JavaThread "Daemon health stats" [_thread_blocked, id=5632, stack(0x0000000058260000,0x0000000058360000)]
  0x00000000588c8800 JavaThread "Service Thread" daemon [_thread_blocked, id=1208, stack(0x0000000058d70000,0x0000000058e70000)]
  0x00000000573fe800 JavaThread "C1 CompilerThread1" daemon [_thread_in_native, id=4596, stack(0x00000000587b0000,0x00000000588b0000)]
=>0x00000000573da800 JavaThread "C2 CompilerThread0" daemon [_thread_in_native, id=5764, stack(0x0000000058530000,0x0000000058630000)]
  0x00000000573e1800 JavaThread "Attach Listener" daemon [_thread_blocked, id=6132, stack(0x00000000583a0000,0x00000000584a0000)]
  0x00000000573e0000 JavaThread "Signal Dispatcher" daemon [_thread_blocked, id=780, stack(0x0000000057d30000,0x0000000057e30000)]
  0x00000000573bd800 JavaThread "Finalizer" daemon [_thread_blocked, id=6876, stack(0x0000000058150000,0x0000000058250000)]
  0x00000000573b4800 JavaThread "Reference Handler" daemon [_thread_blocked, id=7048, stack(0x0000000057f80000,0x0000000058080000)]
  0x000000000012e800 JavaThread "main" [_thread_blocked, id=6696, stack(0x0000000002550000,0x0000000002650000)]

Other Threads:
  0x000000005736c800 VMThread [stack: 0x0000000057e60000,0x0000000057f60000] [id=6640]
  0x000000005743f000 WatcherThread [stack: 0x0000000058e90000,0x0000000058f90000] [id=6668]

VM state:not at safepoint (normal execution)

VM Mutex/Monitor currently owned by a thread: None

heap address: 0x0000000080000000, size: 2048 MB, Compressed Oops mode: 32-bit
Narrow klass base: 0x0000000000000000, Narrow klass shift: 0
Compressed class space size: 1073741824 Address: 0x0000000016a40000

Heap:
 PSYoungGen      total 270848K, used 118547K [0x00000000d5580000, 0x00000000e7b80000, 0x0000000100000000)
  eden space 254976K, 40% used [0x00000000d5580000,0x00000000dba9d968,0x00000000e4e80000)
  from space 15872K, 94% used [0x00000000e6c00000,0x00000000e7aa72f8,0x00000000e7b80000)
  to   space 23040K, 0% used [0x00000000e4e80000,0x00000000e4e80000,0x00000000e6500000)
 ParOldGen       total 94208K, used 44170K [0x0000000080000000, 0x0000000085c00000, 0x00000000d5580000)
  object space 94208K, 46% used [0x0000000080000000,0x0000000082b22bc0,0x0000000085c00000)
 Metaspace       used 81030K, capacity 84650K, committed 84776K, reserved 1122304K
  class space    used 11087K, capacity 11808K, committed 11816K, reserved 1048576K

Card table byte_map: [0x0000000011ce0000,0x00000000120f0000] byte_map_base: 0x00000000118e0000

Marking Bits: (ParMarkBitMap*) 0x000000006bbcf030
 Begin Bits: [0x0000000012640000, 0x0000000014640000)
 End Bits:   [0x0000000014640000, 0x0000000016640000)

Polling page: 0x0000000000160000

CodeCache: size=245760Kb used=29968Kb max_used=29968Kb free=215792Kb
 bounds [0x0000000002920000, 0x0000000004680000, 0x0000000011920000]
 total_blobs=10743 nmethods=9867 adapters=789
 compilation: enabled

Compilation events (10 events):
Event: 76.165 Thread 0x00000000573fe800 nmethod 11104 0x0000000004678590 code [0x0000000004678760, 0x0000000004678ac8]
Event: 76.165 Thread 0x00000000573fe800 11105       1       com.android.tools.r8.graph.k0::C (5 bytes)
Event: 76.165 Thread 0x00000000573fe800 nmethod 11105 0x0000000004678fd0 code [0x0000000004679120, 0x0000000004679230]
Event: 76.166 Thread 0x00000000573fe800 11106       1       com.android.tools.r8.dex.h::a (1 bytes)
Event: 76.166 Thread 0x00000000573fe800 nmethod 11106 0x0000000004679290 code [0x00000000046793e0, 0x00000000046794f0]
Event: 76.166 Thread 0x00000000573fe800 11107       2       com.android.tools.r8.dex.t::a (44 bytes)
Event: 76.166 Thread 0x00000000573fe800 nmethod 11107 0x0000000004679550 code [0x00000000046796c0, 0x0000000004679868]
Event: 76.166 Thread 0x00000000573fe800 11108       1       com.android.tools.r8.dex.h::a (1 bytes)
Event: 76.166 Thread 0x00000000573fe800 nmethod 11108 0x0000000004679910 code [0x0000000004679a60, 0x0000000004679b70]
Event: 76.167 Thread 0x00000000573fe800 11109       2       com.android.tools.r8.dex.r::a (156 bytes)

GC Heap History (10 events):
Event: 25.734 GC heap before
{Heap before GC invocations=15 (full 2):
 PSYoungGen      total 152576K, used 152269K [0x00000000d5580000, 0x00000000e0380000, 0x0000000100000000)
  eden space 140800K, 100% used [0x00000000d5580000,0x00000000ddf00000,0x00000000ddf00000)
  from space 11776K, 97% used [0x00000000df800000,0x00000000e03334a0,0x00000000e0380000)
  to   space 13824K, 0% used [0x00000000de880000,0x00000000de880000,0x00000000df600000)
 ParOldGen       total 62976K, used 14728K [0x0000000080000000, 0x0000000083d80000, 0x00000000d5580000)
  object space 62976K, 23% used [0x0000000080000000,0x0000000080e622c0,0x0000000083d80000)
 Metaspace       used 54703K, capacity 56630K, committed 56744K, reserved 1097728K
  class space    used 7391K, capacity 7830K, committed 7848K, reserved 1048576K
Event: 25.759 GC heap after
Heap after GC invocations=15 (full 2):
 PSYoungGen      total 164352K, used 13798K [0x00000000d5580000, 0x00000000e3c00000, 0x0000000100000000)
  eden space 150528K, 0% used [0x00000000d5580000,0x00000000d5580000,0x00000000de880000)
  from space 13824K, 99% used [0x00000000de880000,0x00000000df5f99d8,0x00000000df600000)
  to   space 19456K, 0% used [0x00000000e2900000,0x00000000e2900000,0x00000000e3c00000)
 ParOldGen       total 62976K, used 23873K [0x0000000080000000, 0x0000000083d80000, 0x00000000d5580000)
  object space 62976K, 37% used [0x0000000080000000,0x00000000817504f8,0x0000000083d80000)
 Metaspace       used 54703K, capacity 56630K, committed 56744K, reserved 1097728K
  class space    used 7391K, capacity 7830K, committed 7848K, reserved 1048576K
}
Event: 26.512 GC heap before
{Heap before GC invocations=16 (full 2):
 PSYoungGen      total 164352K, used 48432K [0x00000000d5580000, 0x00000000e3c00000, 0x0000000100000000)
  eden space 150528K, 23% used [0x00000000d5580000,0x00000000d7752960,0x00000000de880000)
  from space 13824K, 99% used [0x00000000de880000,0x00000000df5f99d8,0x00000000df600000)
  to   space 19456K, 0% used [0x00000000e2900000,0x00000000e2900000,0x00000000e3c00000)
 ParOldGen       total 62976K, used 23873K [0x0000000080000000, 0x0000000083d80000, 0x00000000d5580000)
  object space 62976K, 37% used [0x0000000080000000,0x00000000817504f8,0x0000000083d80000)
 Metaspace       used 57146K, capacity 59130K, committed 59160K, reserved 1099776K
  class space    used 7735K, capacity 8216K, committed 8232K, reserved 1048576K
Event: 26.529 GC heap after
Heap after GC invocations=16 (full 2):
 PSYoungGen      total 217088K, used 3653K [0x00000000d5580000, 0x00000000e4700000, 0x0000000100000000)
  eden space 197632K, 0% used [0x00000000d5580000,0x00000000d5580000,0x00000000e1680000)
  from space 19456K, 18% used [0x00000000e2900000,0x00000000e2c91598,0x00000000e3c00000)
  to   space 18944K, 0% used [0x00000000e1680000,0x00000000e1680000,0x00000000e2900000)
 ParOldGen       total 62976K, used 33365K [0x0000000080000000, 0x0000000083d80000, 0x00000000d5580000)
  object space 62976K, 52% used [0x0000000080000000,0x00000000820956b8,0x0000000083d80000)
 Metaspace       used 57146K, capacity 59130K, committed 59160K, reserved 1099776K
  class space    used 7735K, capacity 8216K, committed 8232K, reserved 1048576K
}
Event: 26.529 GC heap before
{Heap before GC invocations=17 (full 3):
 PSYoungGen      total 217088K, used 3653K [0x00000000d5580000, 0x00000000e4700000, 0x0000000100000000)
  eden space 197632K, 0% used [0x00000000d5580000,0x00000000d5580000,0x00000000e1680000)
  from space 19456K, 18% used [0x00000000e2900000,0x00000000e2c91598,0x00000000e3c00000)
  to   space 18944K, 0% used [0x00000000e1680000,0x00000000e1680000,0x00000000e2900000)
 ParOldGen       total 62976K, used 33365K [0x0000000080000000, 0x0000000083d80000, 0x00000000d5580000)
  object space 62976K, 52% used [0x0000000080000000,0x00000000820956b8,0x0000000083d80000)
 Metaspace       used 57146K, capacity 59130K, committed 59160K, reserved 1099776K
  class space    used 7735K, capacity 8216K, committed 8232K, reserved 1048576K
Event: 26.760 GC heap after
Heap after GC invocations=17 (full 3):
 PSYoungGen      total 217088K, used 0K [0x00000000d5580000, 0x00000000e4700000, 0x0000000100000000)
  eden space 197632K, 0% used [0x00000000d5580000,0x00000000d5580000,0x00000000e1680000)
  from space 19456K, 0% used [0x00000000e2900000,0x00000000e2900000,0x00000000e3c00000)
  to   space 18944K, 0% used [0x00000000e1680000,0x00000000e1680000,0x00000000e2900000)
 ParOldGen       total 94208K, used 30936K [0x0000000080000000, 0x0000000085c00000, 0x00000000d5580000)
  object space 94208K, 32% used [0x0000000080000000,0x0000000081e36320,0x0000000085c00000)
 Metaspace       used 57141K, capacity 59112K, committed 59160K, reserved 1099776K
  class space    used 7733K, capacity 8213K, committed 8232K, reserved 1048576K
}
Event: 35.718 GC heap before
{Heap before GC invocations=18 (full 3):
 PSYoungGen      total 217088K, used 197632K [0x00000000d5580000, 0x00000000e4700000, 0x0000000100000000)
  eden space 197632K, 100% used [0x00000000d5580000,0x00000000e1680000,0x00000000e1680000)
  from space 19456K, 0% used [0x00000000e2900000,0x00000000e2900000,0x00000000e3c00000)
  to   space 18944K, 0% used [0x00000000e1680000,0x00000000e1680000,0x00000000e2900000)
 ParOldGen       total 94208K, used 30936K [0x0000000080000000, 0x0000000085c00000, 0x00000000d5580000)
  object space 94208K, 32% used [0x0000000080000000,0x0000000081e36320,0x0000000085c00000)
 Metaspace       used 64536K, capacity 67082K, committed 67240K, reserved 1107968K
  class space    used 8758K, capacity 9294K, committed 9384K, reserved 1048576K
Event: 35.743 GC heap after
Heap after GC invocations=18 (full 3):
 PSYoungGen      total 216576K, used 18927K [0x00000000d5580000, 0x00000000e8180000, 0x0000000100000000)
  eden space 197632K, 0% used [0x00000000d5580000,0x00000000d5580000,0x00000000e1680000)
  from space 18944K, 99% used [0x00000000e1680000,0x00000000e28fbe78,0x00000000e2900000)
  to   space 22016K, 0% used [0x00000000e6c00000,0x00000000e6c00000,0x00000000e8180000)
 ParOldGen       total 94208K, used 30987K [0x0000000080000000, 0x0000000085c00000, 0x00000000d5580000)
  object space 94208K, 32% used [0x0000000080000000,0x0000000081e42e28,0x0000000085c00000)
 Metaspace       used 64536K, capacity 67082K, committed 67240K, reserved 1107968K
  class space    used 8758K, capacity 9294K, committed 9384K, reserved 1048576K
}
Event: 70.835 GC heap before
{Heap before GC invocations=19 (full 3):
 PSYoungGen      total 216576K, used 216559K [0x00000000d5580000, 0x00000000e8180000, 0x0000000100000000)
  eden space 197632K, 100% used [0x00000000d5580000,0x00000000e1680000,0x00000000e1680000)
  from space 18944K, 99% used [0x00000000e1680000,0x00000000e28fbe78,0x00000000e2900000)
  to   space 22016K, 0% used [0x00000000e6c00000,0x00000000e6c00000,0x00000000e8180000)
 ParOldGen       total 94208K, used 30987K [0x0000000080000000, 0x0000000085c00000, 0x00000000d5580000)
  object space 94208K, 32% used [0x0000000080000000,0x0000000081e42e28,0x0000000085c00000)
 Metaspace       used 71788K, capacity 74622K, committed 74664K, reserved 1114112K
  class space    used 9744K, capacity 10366K, committed 10408K, reserved 1048576K
Event: 70.869 GC heap after
Heap after GC invocations=19 (full 3):
 PSYoungGen      total 270848K, used 15004K [0x00000000d5580000, 0x00000000e7b80000, 0x0000000100000000)
  eden space 254976K, 0% used [0x00000000d5580000,0x00000000d5580000,0x00000000e4e80000)
  from space 15872K, 94% used [0x00000000e6c00000,0x00000000e7aa72f8,0x00000000e7b80000)
  to   space 23040K, 0% used [0x00000000e4e80000,0x00000000e4e80000,0x00000000e6500000)
 ParOldGen       total 94208K, used 44170K [0x0000000080000000, 0x0000000085c00000, 0x00000000d5580000)
  object space 94208K, 46% used [0x0000000080000000,0x0000000082b22bc0,0x0000000085c00000)
 Metaspace       used 71788K, capacity 74622K, committed 74664K, reserved 1114112K
  class space    used 9744K, capacity 10366K, committed 10408K, reserved 1048576K
}

Deoptimization events (10 events):
Event: 73.926 Thread 0x000000005cc03000 Uncommon trap: reason=class_check action=maybe_recompile pc=0x000000000419977c method=java.util.Collections$UnmodifiableCollection.contains(Ljava/lang/Object;)Z @ 5
Event: 73.926 Thread 0x000000005cc03000 Uncommon trap: reason=class_check action=maybe_recompile pc=0x000000000419977c method=java.util.Collections$UnmodifiableCollection.contains(Ljava/lang/Object;)Z @ 5
Event: 74.339 Thread 0x000000005c2bf800 Uncommon trap: reason=unstable_if action=reinterpret pc=0x0000000003504568 method=java.lang.AbstractStringBuilder.append(I)Ljava/lang/AbstractStringBuilder; @ 16
Event: 74.339 Thread 0x000000005c2bf800 Uncommon trap: reason=unstable_if action=reinterpret pc=0x00000000034b2100 method=java.lang.Integer.getChars(II[C)V @ 7
Event: 75.707 Thread 0x000000005cc03800 Uncommon trap: reason=unstable_if action=reinterpret pc=0x00000000037c3a44 method=java.nio.Bits.getShort(Ljava/nio/ByteBuffer;IZ)S @ 1
Event: 75.726 Thread 0x000000005cc03800 Uncommon trap: reason=unstable_if action=reinterpret pc=0x00000000044cbe04 method=com.android.tools.r8.graph.e0.a([C)I @ 44
Event: 75.827 Thread 0x000000005cc04800 Uncommon trap: reason=unstable_if action=reinterpret pc=0x0000000002b0f970 method=java.util.Arrays.hashCode([Ljava/lang/Object;)I @ 1
Event: 75.997 Thread 0x000000005cc03800 Uncommon trap: reason=unstable_if action=reinterpret pc=0x0000000004554f18 method=com.android.tools.r8.graph.e0.c(Lcom/android/tools/r8/graph/e0;)I @ 57
Event: 76.031 Thread 0x000000005cc03800 Uncommon trap: reason=predicate action=maybe_recompile pc=0x0000000004498ae0 method=java.util.TimSort.binarySort([Ljava/lang/Object;IIILjava/util/Comparator;)V @ 37
Event: 76.070 Thread 0x000000005a639800 Uncommon trap: reason=unstable_if action=reinterpret pc=0x0000000002b2daa8 method=java.util.Arrays.equals([Ljava/lang/Object;[Ljava/lang/Object;)Z @ 47

Classes redefined (0 events):
No events

Internal exceptions (10 events):
Event: 71.907 Thread 0x000000005a639800 Exception <a 'sun/nio/fs/WindowsException'> (0x00000000d6622d10) thrown at [C:\src\AOSP-openjdk-git\hotspot\src\share\vm\prims\jni.cpp, line 710]
Event: 72.206 Thread 0x000000005a63d800 Exception <a 'sun/nio/fs/WindowsException'> (0x00000000d6e13be0) thrown at [C:\src\AOSP-openjdk-git\hotspot\src\share\vm\prims\jni.cpp, line 710]
Event: 72.895 Thread 0x000000005c2bf800 Exception <a 'java/lang/NoSuchMethodError': <clinit>> (0x00000000d7484230) thrown at [C:\src\AOSP-openjdk-git\hotspot\src\share\vm\prims\jni.cpp, line 1615]
Event: 73.039 Thread 0x000000005cc03000 Exception <a 'sun/nio/fs/WindowsException'> (0x00000000d7922440) thrown at [C:\src\AOSP-openjdk-git\hotspot\src\share\vm\prims\jni.cpp, line 710]
Event: 73.575 Thread 0x000000005cc03000 Exception <a 'java/lang/NoSuchMethodError': java.lang.Object.lambda$maxBy$1(Ljava/util/Comparator;Ljava/lang/Object;Ljava/lang/Object;)Ljava/lang/Object;> (0x00000000d89c7210) thrown at [C:\src\AOSP-openjdk-git\hotspot\src\share\vm\interpreter\linkResolve
Event: 74.130 Thread 0x000000005cc03000 Exception <a 'sun/nio/fs/WindowsException'> (0x00000000d97f4c10) thrown at [C:\src\AOSP-openjdk-git\hotspot\src\share\vm\prims\jni.cpp, line 710]
Event: 74.342 Thread 0x000000005c2bf800 Exception <a 'java/lang/NoSuchMethodError': <clinit>> (0x00000000d990e4c8) thrown at [C:\src\AOSP-openjdk-git\hotspot\src\share\vm\prims\jni.cpp, line 1615]
Event: 74.343 Thread 0x000000005c2bf800 Exception <a 'java/lang/NoSuchMethodError': <clinit>> (0x00000000d9921b80) thrown at [C:\src\AOSP-openjdk-git\hotspot\src\share\vm\prims\jni.cpp, line 1615]
Event: 75.665 Thread 0x000000005cc03800 Exception <a 'sun/nio/fs/WindowsException'> (0x00000000da3133a0) thrown at [C:\src\AOSP-openjdk-git\hotspot\src\share\vm\prims\jni.cpp, line 710]
Event: 75.827 Thread 0x000000005cc04800 Implicit null exception at 0x0000000002b0f86f to 0x0000000002b0f961

Events (10 events):
Event: 76.031 Thread 0x000000005cc03800 DEOPT UNPACKING pc=0x000000000296557b sp=0x00000000659ed678 mode 2
Event: 76.070 Thread 0x000000005a639800 Uncommon trap: trap_request=0xffffff65 fr.pc=0x0000000002b2daa8
Event: 76.070 Thread 0x000000005a639800 DEOPT PACKING pc=0x0000000002b2daa8 sp=0x0000000065edece0
Event: 76.070 Thread 0x000000005a639800 DEOPT UNPACKING pc=0x000000000296557b sp=0x0000000065edec78 mode 2
Event: 76.074 Thread 0x000000005a639800 DEOPT PACKING pc=0x0000000004427eb5 sp=0x0000000065edee00
Event: 76.074 Thread 0x000000005a639800 DEOPT UNPACKING pc=0x00000000029671d0 sp=0x0000000065edeb80 mode 0
Event: 76.082 loading class com/android/tools/r8/graph/S
Event: 76.082 loading class com/android/tools/r8/graph/S done
Event: 76.163 Executing VM operation: ForceSafepoint
Event: 76.163 Executing VM operation: ForceSafepoint done


Dynamic libraries:
0x000000013f390000 - 0x000000013f3c1000 	C:\Program Files\Android\Android Studio\jre\bin\java.exe
0x0000000077330000 - 0x00000000774d9000 	C:\Windows\SYSTEM32\ntdll.dll
0x0000000077210000 - 0x000000007732f000 	C:\Windows\system32\kernel32.dll
0x000007fefd100000 - 0x000007fefd16b000 	C:\Windows\system32\KERNELBASE.dll
0x000007fefe6f0000 - 0x000007fefe7cb000 	C:\Windows\system32\ADVAPI32.dll
0x000007feff110000 - 0x000007feff1af000 	C:\Windows\system32\msvcrt.dll
0x000007fefeb50000 - 0x000007fefeb6f000 	C:\Windows\SYSTEM32\sechost.dll
0x000007fefe4e0000 - 0x000007fefe60d000 	C:\Windows\system32\RPCRT4.dll
0x0000000077110000 - 0x000000007720a000 	C:\Windows\system32\USER32.dll
0x000007fefe470000 - 0x000007fefe4d7000 	C:\Windows\system32\GDI32.dll
0x000007fefeca0000 - 0x000007fefecae000 	C:\Windows\system32\LPK.dll
0x000007fefe8a0000 - 0x000007fefe969000 	C:\Windows\system32\USP10.dll
0x000007fefbc60000 - 0x000007fefbe54000 	C:\Windows\WinSxS\amd64_microsoft.windows.common-controls_6595b64144ccf1df_6.0.7601.17514_none_fa396087175ac9ac\COMCTL32.dll
0x000007fefeb70000 - 0x000007fefebe1000 	C:\Windows\system32\SHLWAPI.dll
0x000007fefea80000 - 0x000007fefeaae000 	C:\Windows\system32\IMM32.DLL
0x000007fefe970000 - 0x000007fefea79000 	C:\Windows\system32\MSCTF.dll
0x0000000074780000 - 0x0000000074852000 	C:\Program Files\Android\Android Studio\jre\jre\bin\msvcr100.dll
0x000000006b400000 - 0x000000006bc4b000 	C:\Program Files\Android\Android Studio\jre\jre\bin\server\jvm.dll
0x000007fed68d0000 - 0x000007fed68d9000 	C:\Windows\system32\WSOCK32.dll
0x000007fefe850000 - 0x000007fefe89d000 	C:\Windows\system32\WS2_32.dll
0x000007fefec90000 - 0x000007fefec98000 	C:\Windows\system32\NSI.dll
0x000007fef9420000 - 0x000007fef945b000 	C:\Windows\system32\WINMM.dll
0x000007fefc1d0000 - 0x000007fefc1dc000 	C:\Windows\system32\VERSION.dll
0x0000000077500000 - 0x0000000077507000 	C:\Windows\system32\PSAPI.DLL
0x000007fefa8d0000 - 0x000007fefa8df000 	C:\Program Files\Android\Android Studio\jre\jre\bin\verify.dll
0x000007fefa890000 - 0x000007fefa8b9000 	C:\Program Files\Android\Android Studio\jre\jre\bin\java.dll
0x000007fefa870000 - 0x000007fefa886000 	C:\Program Files\Android\Android Studio\jre\jre\bin\zip.dll
0x000007fefd6e0000 - 0x000007fefe468000 	C:\Windows\system32\SHELL32.dll
0x000007feff410000 - 0x000007feff613000 	C:\Windows\system32\ole32.dll
0x000007fefd0f0000 - 0x000007fefd0ff000 	C:\Windows\system32\profapi.dll
0x000007fefa850000 - 0x000007fefa86a000 	C:\Program Files\Android\Android Studio\jre\jre\bin\net.dll
0x000007fefc880000 - 0x000007fefc8d5000 	C:\Windows\system32\mswsock.dll
0x000007fefc870000 - 0x000007fefc877000 	C:\Windows\System32\wship6.dll
0x000007fefa830000 - 0x000007fefa843000 	C:\Program Files\Android\Android Studio\jre\jre\bin\nio.dll
0x000007fee5010000 - 0x000007fee5036000 	C:\Users\Denis\.gradle\native\31\windows-amd64\native-platform.dll
0x000007fefc150000 - 0x000007fefc153000 	C:\Windows\system32\api-ms-win-core-synch-l1-2-0.DLL
0x000007fefa8e0000 - 0x000007fefa8ed000 	C:\Program Files\Android\Android Studio\jre\jre\bin\management.dll
0x000007fefc8e0000 - 0x000007fefc8f8000 	C:\Windows\system32\CRYPTSP.dll
0x000007fefc5e0000 - 0x000007fefc627000 	C:\Windows\system32\rsaenh.dll
0x000007fefd1b0000 - 0x000007fefd1ce000 	C:\Windows\system32\USERENV.dll
0x000007fefcf40000 - 0x000007fefcf4f000 	C:\Windows\system32\CRYPTBASE.dll
0x000007fefa1e0000 - 0x000007fefa207000 	C:\Windows\system32\IPHLPAPI.DLL
0x000007fefa1a0000 - 0x000007fefa1ab000 	C:\Windows\system32\WINNSI.DLL
0x000007fefa060000 - 0x000007fefa071000 	C:\Windows\system32\dhcpcsvc6.DLL
0x000007fef9fe0000 - 0x000007fef9ff8000 	C:\Windows\system32\dhcpcsvc.DLL
0x000007feec130000 - 0x000007feec14e000 	C:\Users\Denis\AppData\Local\Temp\native-platform8101587073479784058dir\native-platform.dll
0x000007fefcee0000 - 0x000007fefcf37000 	C:\Windows\system32\apphelp.dll

VM Arguments:
jvm_args: -Xmx2048m -Dfile.encoding=windows-1251 -Duser.country=RU -Duser.language=ru -Duser.variant 
java_command: org.gradle.launcher.daemon.bootstrap.GradleDaemon 6.1.1
java_class_path (initial): C:\Users\Denis\.gradle\wrapper\dists\gradle-6.1.1-all\cfmwm155h49vnt3hynmlrsdst\gradle-6.1.1\lib\gradle-launcher-6.1.1.jar
Launcher Type: SUN_STANDARD

Environment Variables:
JAVA_HOME=C:\Program Files\Java\jdk-11.0.2
PATH=C:\Program Files\Common Files\Microsoft Shared\Windows Live;C:\Program Files\gettext-iconv\bin;C:\Program Files\Git\cmd;C:\Program Files\Java\jdk-11.0.2\bin;C:\Maven\apache-maven-3.6.3\bin;C:\Program Files\Common Files\Microsoft Shared\Windows Live;C:\Users\Denis\AppData\Local\Programs\Python\Python38-32\Scripts\;C:\Users\Denis\AppData\Local\Programs\Python\Python38-32\;C:\Users\Denis\AppData\Local\Programs\Microsoft VS Code\bin;C:\Users\Denis\AppData\Local\Programs\Fiddler;C:\Users\Denis\AppData\Roaming\npm;C:\Program Files\heroku\bin;C:\Program Files\Git\cmd;C:\Program Files\Java\jdk-11.0.2\bin;C:\Maven\apache-maven-3.6.3\bin
USERNAME=Denis
OS=Windows_NT
PROCESSOR_IDENTIFIER=Intel64 Family 6 Model 60 Stepping 3, GenuineIntel



---------------  S Y S T E M  ---------------

OS: Windows 7 , 64 bit Build 7601 (6.1.7601.18015)

CPU:total 2 (initial active 2) (2 cores per cpu, 1 threads per core) family 6 model 60 stepping 3, cmov, cx8, fxsr, mmx, sse, sse2, sse3, ssse3, sse4.1, sse4.2, popcnt, clmul, erms, lzcnt, tsc, tscinvbit

Memory: 4k page, physical 8341328k(669292k free), swap 10403856k(9192k free)

vm_info: OpenJDK 64-Bit Server VM (25.242-b01) for windows-amd64 JRE (1.8.0_242-release-1644-b01), built by "builder" with MS VC++ 10.0 (VS2010)

time: Thu Aug 13 14:42:01 2020
timezone: Центральная Азия (зима)
elapsed time: 76 seconds (0d 0h 1m 16s)

