#
# There is insufficient memory for the Java Runtime Environment to continue.
# Native memory allocation (malloc) failed to allocate 1358816 bytes for Chunk::new
# Possible reasons:
#   The system is out of physical RAM or swap space
#   The process is running with CompressedOops enabled, and the Java Heap may be blocking the growth of the native heap
# Possible solutions:
#   Reduce memory load on the system
#   Increase physical memory or swap space
#   Check if swap backing store is full
#   Decrease Java heap size (-Xmx/-Xms)
#   Decrease number of Java threads
#   Decrease Java thread stack sizes (-Xss)
#   Set larger code cache with -XX:ReservedCodeCacheSize=
#   JVM is running with Unscaled Compressed Oops mode in which the Java heap is
#     placed in the first 4GB address space. The Java Heap base address is the
#     maximum limit for the native heap growth. Please use -XX:HeapBaseMinAddress
#     to set the Java Heap base and to place the Java Heap above 4GB virtual address.
# This output file may be truncated or incomplete.
#
#  Out of Memory Error (allocation.cpp:389), pid=5916, tid=0x0000000000001a04
#
# JRE version: OpenJDK Runtime Environment (8.0_242-b01) (build 1.8.0_242-release-1644-b01)
# Java VM: OpenJDK 64-Bit Server VM (25.242-b01 mixed mode windows-amd64 compressed oops)
# Failed to write core dump. Minidumps are not enabled by default on client versions of Windows
#

---------------  T H R E A D  ---------------

Current thread (0x00000000573c1800):  JavaThread "C2 CompilerThread0" daemon [_thread_in_native, id=6660, stack(0x0000000058760000,0x0000000058860000)]

Stack: [0x0000000058760000,0x0000000058860000]
[error occurred during error reporting (printing stack bounds), id 0xc0000005]

Native frames: (J=compiled Java code, j=interpreted, Vv=VM code, C=native code)


Current CompileTask:
C2:   9373 3611       4       groovy.lang.MetaClassImpl$1MOPIter::methodNameAction (325 bytes)


---------------  P R O C E S S  ---------------

Java Threads: ( => current thread )
  0x000000005ab26000 JavaThread "Build operations Thread 2" [_thread_blocked, id=6204, stack(0x000000005e450000,0x000000005e550000)]
  0x000000005ab25000 JavaThread "Build operations" [_thread_blocked, id=4736, stack(0x0000000060a30000,0x0000000060b30000)]
  0x000000005ab20800 JavaThread "Cache worker for execution history cache (C:\Users\Denis\.gradle\caches\6.1.1\executionHistory)" [_thread_blocked, id=2800, stack(0x000000005ecf0000,0x000000005edf0000)]
  0x000000005ab20000 JavaThread "Cache worker for cache directory md-rule (C:\Users\Denis\.gradle\caches\6.1.1\md-rule)" [_thread_blocked, id=1416, stack(0x000000005eb20000,0x000000005ec20000)]
  0x000000005ab1f000 JavaThread "Cache worker for cache directory md-supplier (C:\Users\Denis\.gradle\caches\6.1.1\md-supplier)" [_thread_blocked, id=6556, stack(0x000000005e610000,0x000000005e710000)]
  0x000000005ab1e800 JavaThread "Cache worker for file hash cache (C:\Users\Denis\AndroidStudioProjects\MyApplication21\.gradle\6.1.1\fileHashes)" [_thread_blocked, id=2856, stack(0x000000005e730000,0x000000005e830000)]
  0x000000005ab1d800 JavaThread "Cache worker for checksums cache (C:\Users\Denis\AndroidStudioProjects\MyApplication21\.gradle\checksums)" [_thread_blocked, id=2092, stack(0x000000005ce20000,0x000000005cf20000)]
  0x000000005ab1d000 JavaThread "Cache worker for file hash cache (C:\Users\Denis\.gradle\caches\6.1.1\fileHashes)" [_thread_blocked, id=6900, stack(0x000000005cf60000,0x000000005d060000)]
  0x000000005ab1c000 JavaThread "File lock request listener" [_thread_in_native, id=3828, stack(0x000000005ccb0000,0x000000005cdb0000)]
  0x0000000058f57000 JavaThread "Cache worker for journal cache (C:\Users\Denis\.gradle\caches\journal-1)" [_thread_blocked, id=1496, stack(0x000000005cb60000,0x000000005cc60000)]
  0x000000005a92a800 JavaThread "Thread-9" [_thread_blocked, id=2056, stack(0x000000005c850000,0x000000005c950000)]
  0x000000005a929800 JavaThread "Stdin handler" [_thread_blocked, id=3992, stack(0x000000005c460000,0x000000005c560000)]
  0x000000005a913800 JavaThread "Asynchronous log dispatcher for DefaultDaemonConnection: socket connection from /127.0.0.1:49912 to /127.0.0.1:49913" [_thread_blocked, id=1660, stack(0x000000005c730000,0x000000005c830000)]
  0x000000005a92e000 JavaThread "Daemon worker" [_thread_in_native, id=1920, stack(0x000000005c570000,0x000000005c670000)]
  0x000000005a92d000 JavaThread "Cancel handler" [_thread_blocked, id=6268, stack(0x000000005bea0000,0x000000005bfa0000)]
  0x000000005a9bb800 JavaThread "Handler for socket connection from /127.0.0.1:49912 to /127.0.0.1:49913" [_thread_in_native, id=2808, stack(0x0000000059710000,0x0000000059810000)]
  0x000000005a9b7000 JavaThread "Daemon" [_thread_blocked, id=2076, stack(0x000000005c110000,0x000000005c210000)]
  0x000000005a94f000 JavaThread "Daemon periodic checks" [_thread_blocked, id=5480, stack(0x000000005bfc0000,0x000000005c0c0000)]
  0x000000005a944800 JavaThread "Incoming local TCP Connector on port 49912" [_thread_in_native, id=4692, stack(0x000000005bd70000,0x000000005be70000)]
  0x0000000058d93800 JavaThread "Daemon health stats" [_thread_blocked, id=5772, stack(0x000000005b880000,0x000000005b980000)]
  0x00000000589b0800 JavaThread "Service Thread" daemon [_thread_blocked, id=6140, stack(0x0000000058510000,0x0000000058610000)]
  0x00000000573c9000 JavaThread "C1 CompilerThread1" daemon [_thread_blocked, id=2664, stack(0x00000000588a0000,0x00000000589a0000)]
=>0x00000000573c1800 JavaThread "C2 CompilerThread0" daemon [_thread_in_native, id=6660, stack(0x0000000058760000,0x0000000058860000)]
  0x00000000573bf800 JavaThread "Attach Listener" daemon [_thread_blocked, id=3848, stack(0x0000000058650000,0x0000000058750000)]
  0x00000000573be000 JavaThread "Signal Dispatcher" daemon [_thread_blocked, id=2456, stack(0x0000000058360000,0x0000000058460000)]
  0x000000005739e000 JavaThread "Finalizer" daemon [_thread_blocked, id=7068, stack(0x0000000058170000,0x0000000058270000)]
  0x0000000057394800 JavaThread "Reference Handler" daemon [_thread_blocked, id=5504, stack(0x0000000057ff0000,0x00000000580f0000)]
  0x0000000001cde800 JavaThread "main" [_thread_blocked, id=1468, stack(0x0000000002410000,0x0000000002510000)]

Other Threads:
  0x000000005734c800 VMThread [stack: 0x0000000057e40000,0x0000000057f40000] [id=2896]
  0x000000005741f800 WatcherThread [stack: 0x0000000058df0000,0x0000000058ef0000] [id=2436]

VM state:not at safepoint (normal execution)

VM Mutex/Monitor currently owned by a thread: None

heap address: 0x0000000080000000, size: 2048 MB, Compressed Oops mode: 32-bit
Narrow klass base: 0x0000000000000000, Narrow klass shift: 0
Compressed class space size: 1073741824 Address: 0x0000000016a20000

Heap:
 PSYoungGen      total 275456K, used 33990K [0x00000000d5580000, 0x00000000ef600000, 0x0000000100000000)
  eden space 261120K, 13% used [0x00000000d5580000,0x00000000d76b19d8,0x00000000e5480000)
  from space 14336K, 0% used [0x00000000e5480000,0x00000000e5480000,0x00000000e6280000)
  to   space 15360K, 0% used [0x00000000ee700000,0x00000000ee700000,0x00000000ef600000)
 ParOldGen       total 52736K, used 17114K [0x0000000080000000, 0x0000000083380000, 0x00000000d5580000)
  object space 52736K, 32% used [0x0000000080000000,0x00000000810b6968,0x0000000083380000)
 Metaspace       used 36083K, capacity 37324K, committed 37584K, reserved 1081344K
  class space    used 4949K, capacity 5243K, committed 5296K, reserved 1048576K

Card table byte_map: [0x0000000011ba0000,0x0000000011fb0000] byte_map_base: 0x00000000117a0000

Marking Bits: (ParMarkBitMap*) 0x000000006bbcf030
 Begin Bits: [0x0000000012620000, 0x0000000014620000)
 End Bits:   [0x0000000014620000, 0x0000000016620000)

Polling page: 0x0000000001c60000

CodeCache: size=245760Kb used=11547Kb max_used=11753Kb free=234212Kb
 bounds [0x00000000027e0000, 0x0000000003370000, 0x00000000117e0000]
 total_blobs=4113 nmethods=3412 adapters=614
 compilation: enabled

Compilation events (10 events):
Event: 9.267 Thread 0x00000000573c9000 3641       3       sun.misc.FileURLMapper::exists (19 bytes)
Event: 9.267 Thread 0x00000000573c9000 nmethod 3641 0x0000000002962590 code [0x0000000002962720, 0x0000000002962988]
Event: 9.278 Thread 0x00000000573c9000 3642       3       sun.misc.URLClassPath$JarLoader::getJarFile (81 bytes)
Event: 9.279 Thread 0x00000000573c9000 nmethod 3642 0x000000000298cfd0 code [0x000000000298d260, 0x000000000298e118]
Event: 9.315 Thread 0x00000000573c9000 3643       3       java.util.jar.JavaUtilJarAccessImpl::jarFileHasClassPathAttribute (5 bytes)
Event: 9.315 Thread 0x00000000573c9000 nmethod 3643 0x000000000298cad0 code [0x000000000298cc40, 0x000000000298cec8]
Event: 9.315 Thread 0x00000000573c9000 3644       3       java.util.jar.JarFile::hasClassPathAttribute (9 bytes)
Event: 9.315 Thread 0x00000000573c9000 nmethod 3644 0x000000000298c710 code [0x000000000298c880, 0x000000000298ca28]
Event: 9.316 Thread 0x00000000573c9000 3645       3       java.util.jar.JarFile::checkForSpecialAttributes (58 bytes)
Event: 9.316 Thread 0x00000000573c9000 nmethod 3645 0x000000000298c150 code [0x000000000298c2e0, 0x000000000298c638]

GC Heap History (10 events):
Event: 3.785 GC heap before
{Heap before GC invocations=7 (full 0):
 PSYoungGen      total 144896K, used 8672K [0x00000000d5580000, 0x00000000def80000, 0x0000000100000000)
  eden space 133120K, 2% used [0x00000000d5580000,0x00000000d58f32b0,0x00000000dd780000)
  from space 11776K, 43% used [0x00000000de400000,0x00000000de905040,0x00000000def80000)
  to   space 12288K, 0% used [0x00000000dd780000,0x00000000dd780000,0x00000000de380000)
 ParOldGen       total 87552K, used 10446K [0x0000000080000000, 0x0000000085580000, 0x00000000d5580000)
  object space 87552K, 11% used [0x0000000080000000,0x0000000080a33a70,0x0000000085580000)
 Metaspace       used 20927K, capacity 21592K, committed 21628K, reserved 1069056K
  class space    used 2928K, capacity 3120K, committed 3120K, reserved 1048576K
Event: 3.793 GC heap after
Heap after GC invocations=7 (full 0):
 PSYoungGen      total 145408K, used 3720K [0x00000000d5580000, 0x00000000e7080000, 0x0000000100000000)
  eden space 133120K, 0% used [0x00000000d5580000,0x00000000d5580000,0x00000000dd780000)
  from space 12288K, 30% used [0x00000000dd780000,0x00000000ddb223e8,0x00000000de380000)
  to   space 11776K, 0% used [0x00000000e6500000,0x00000000e6500000,0x00000000e7080000)
 ParOldGen       total 87552K, used 12246K [0x0000000080000000, 0x0000000085580000, 0x00000000d5580000)
  object space 87552K, 13% used [0x0000000080000000,0x0000000080bf5ab0,0x0000000085580000)
 Metaspace       used 20927K, capacity 21592K, committed 21628K, reserved 1069056K
  class space    used 2928K, capacity 3120K, committed 3120K, reserved 1048576K
}
Event: 3.793 GC heap before
{Heap before GC invocations=8 (full 1):
 PSYoungGen      total 145408K, used 3720K [0x00000000d5580000, 0x00000000e7080000, 0x0000000100000000)
  eden space 133120K, 0% used [0x00000000d5580000,0x00000000d5580000,0x00000000dd780000)
  from space 12288K, 30% used [0x00000000dd780000,0x00000000ddb223e8,0x00000000de380000)
  to   space 11776K, 0% used [0x00000000e6500000,0x00000000e6500000,0x00000000e7080000)
 ParOldGen       total 87552K, used 12246K [0x0000000080000000, 0x0000000085580000, 0x00000000d5580000)
  object space 87552K, 13% used [0x0000000080000000,0x0000000080bf5ab0,0x0000000085580000)
 Metaspace       used 20927K, capacity 21592K, committed 21628K, reserved 1069056K
  class space    used 2928K, capacity 3120K, committed 3120K, reserved 1048576K
Event: 3.843 GC heap after
Heap after GC invocations=8 (full 1):
 PSYoungGen      total 145408K, used 0K [0x00000000d5580000, 0x00000000e7080000, 0x0000000100000000)
  eden space 133120K, 0% used [0x00000000d5580000,0x00000000d5580000,0x00000000dd780000)
  from space 12288K, 0% used [0x00000000dd780000,0x00000000dd780000,0x00000000de380000)
  to   space 11776K, 0% used [0x00000000e6500000,0x00000000e6500000,0x00000000e7080000)
 ParOldGen       total 52736K, used 11727K [0x0000000080000000, 0x0000000083380000, 0x00000000d5580000)
  object space 52736K, 22% used [0x0000000080000000,0x0000000080b73e38,0x0000000083380000)
 Metaspace       used 20927K, capacity 21592K, committed 21628K, reserved 1069056K
  class space    used 2928K, capacity 3120K, committed 3120K, reserved 1048576K
}
Event: 6.119 GC heap before
{Heap before GC invocations=9 (full 1):
 PSYoungGen      total 145408K, used 133120K [0x00000000d5580000, 0x00000000e7080000, 0x0000000100000000)
  eden space 133120K, 100% used [0x00000000d5580000,0x00000000dd780000,0x00000000dd780000)
  from space 12288K, 0% used [0x00000000dd780000,0x00000000dd780000,0x00000000de380000)
  to   space 11776K, 0% used [0x00000000e6500000,0x00000000e6500000,0x00000000e7080000)
 ParOldGen       total 52736K, used 11727K [0x0000000080000000, 0x0000000083380000, 0x00000000d5580000)
  object space 52736K, 22% used [0x0000000080000000,0x0000000080b73e38,0x0000000083380000)
 Metaspace       used 32378K, capacity 33188K, committed 33328K, reserved 1077248K
  class space    used 4412K, capacity 4613K, committed 4656K, reserved 1048576K
Event: 6.147 GC heap after
Heap after GC invocations=9 (full 1):
 PSYoungGen      total 268288K, used 11767K [0x00000000d5580000, 0x00000000e7080000, 0x0000000100000000)
  eden space 256512K, 0% used [0x00000000d5580000,0x00000000d5580000,0x00000000e5000000)
  from space 11776K, 99% used [0x00000000e6500000,0x00000000e707dc58,0x00000000e7080000)
  to   space 14336K, 0% used [0x00000000e5480000,0x00000000e5480000,0x00000000e6280000)
 ParOldGen       total 52736K, used 13454K [0x0000000080000000, 0x0000000083380000, 0x00000000d5580000)
  object space 52736K, 25% used [0x0000000080000000,0x0000000080d23898,0x0000000083380000)
 Metaspace       used 32378K, capacity 33188K, committed 33328K, reserved 1077248K
  class space    used 4412K, capacity 4613K, committed 4656K, reserved 1048576K
}
Event: 7.511 GC heap before
{Heap before GC invocations=10 (full 1):
 PSYoungGen      total 268288K, used 73147K [0x00000000d5580000, 0x00000000e7080000, 0x0000000100000000)
  eden space 256512K, 23% used [0x00000000d5580000,0x00000000d9171060,0x00000000e5000000)
  from space 11776K, 99% used [0x00000000e6500000,0x00000000e707dc58,0x00000000e7080000)
  to   space 14336K, 0% used [0x00000000e5480000,0x00000000e5480000,0x00000000e6280000)
 ParOldGen       total 52736K, used 13454K [0x0000000080000000, 0x0000000083380000, 0x00000000d5580000)
  object space 52736K, 25% used [0x0000000080000000,0x0000000080d23898,0x0000000083380000)
 Metaspace       used 35033K, capacity 36022K, committed 36048K, reserved 1081344K
  class space    used 4781K, capacity 5030K, committed 5040K, reserved 1048576K
Event: 7.524 GC heap after
Heap after GC invocations=10 (full 1):
 PSYoungGen      total 275456K, used 10480K [0x00000000d5580000, 0x00000000ef600000, 0x0000000100000000)
  eden space 261120K, 0% used [0x00000000d5580000,0x00000000d5580000,0x00000000e5480000)
  from space 14336K, 73% used [0x00000000e5480000,0x00000000e5ebc058,0x00000000e6280000)
  to   space 15360K, 0% used [0x00000000ee700000,0x00000000ee700000,0x00000000ef600000)
 ParOldGen       total 52736K, used 13462K [0x0000000080000000, 0x0000000083380000, 0x00000000d5580000)
  object space 52736K, 25% used [0x0000000080000000,0x0000000080d25898,0x0000000083380000)
 Metaspace       used 35033K, capacity 36022K, committed 36048K, reserved 1081344K
  class space    used 4781K, capacity 5030K, committed 5040K, reserved 1048576K
}
Event: 7.524 GC heap before
{Heap before GC invocations=11 (full 2):
 PSYoungGen      total 275456K, used 10480K [0x00000000d5580000, 0x00000000ef600000, 0x0000000100000000)
  eden space 261120K, 0% used [0x00000000d5580000,0x00000000d5580000,0x00000000e5480000)
  from space 14336K, 73% used [0x00000000e5480000,0x00000000e5ebc058,0x00000000e6280000)
  to   space 15360K, 0% used [0x00000000ee700000,0x00000000ee700000,0x00000000ef600000)
 ParOldGen       total 52736K, used 13462K [0x0000000080000000, 0x0000000083380000, 0x00000000d5580000)
  object space 52736K, 25% used [0x0000000080000000,0x0000000080d25898,0x0000000083380000)
 Metaspace       used 35033K, capacity 36022K, committed 36048K, reserved 1081344K
  class space    used 4781K, capacity 5030K, committed 5040K, reserved 1048576K
Event: 7.623 GC heap after
Heap after GC invocations=11 (full 2):
 PSYoungGen      total 275456K, used 0K [0x00000000d5580000, 0x00000000ef600000, 0x0000000100000000)
  eden space 261120K, 0% used [0x00000000d5580000,0x00000000d5580000,0x00000000e5480000)
  from space 14336K, 0% used [0x00000000e5480000,0x00000000e5480000,0x00000000e6280000)
  to   space 15360K, 0% used [0x00000000ee700000,0x00000000ee700000,0x00000000ef600000)
 ParOldGen       total 52736K, used 17114K [0x0000000080000000, 0x0000000083380000, 0x00000000d5580000)
  object space 52736K, 32% used [0x0000000080000000,0x00000000810b6968,0x0000000083380000)
 Metaspace       used 35033K, capacity 36022K, committed 36048K, reserved 1081344K
  class space    used 4781K, capacity 5030K, committed 5040K, reserved 1048576K
}

Deoptimization events (10 events):
Event: 5.427 Thread 0x000000005a92e000 Uncommon trap: reason=unstable_if action=reinterpret pc=0x0000000002f506dc method=java.util.HashMap.putVal(ILjava/lang/Object;Ljava/lang/Object;ZZ)Ljava/lang/Object; @ 85
Event: 5.577 Thread 0x000000005a92e000 Uncommon trap: reason=unstable_if action=reinterpret pc=0x00000000030bd7f0 method=org.gradle.internal.reflect.PropertyAccessorType.isGetGetterName(Ljava/lang/String;)Z @ 14
Event: 5.607 Thread 0x000000005a92e000 Uncommon trap: reason=unstable_if action=reinterpret pc=0x00000000030a6db0 method=org.objectweb.asm.ByteVector.putShort(I)Lorg/objectweb/asm/ByteVector; @ 13
Event: 5.744 Thread 0x000000005a92e000 Uncommon trap: reason=class_check action=maybe_recompile pc=0x0000000002ed3514 method=sun.misc.URLClassPath.getLoader(I)Lsun/misc/URLClassPath$Loader; @ 94
Event: 6.223 Thread 0x000000005a92e000 Uncommon trap: reason=unstable_if action=reinterpret pc=0x0000000002cf75f4 method=java.util.WeakHashMap.expungeStaleEntries()V @ 66
Event: 7.812 Thread 0x000000005a92e000 Uncommon trap: reason=unstable_if action=reinterpret pc=0x0000000002dc7d58 method=java.util.concurrent.ConcurrentHashMap.putVal(Ljava/lang/Object;Ljava/lang/Object;Z)Ljava/lang/Object; @ 113
Event: 7.812 Thread 0x000000005a92e000 Uncommon trap: reason=unstable_if action=reinterpret pc=0x0000000002cd48c4 method=java.util.concurrent.ConcurrentHashMap.addCount(JI)V @ 168
Event: 7.820 Thread 0x000000005ab25000 Uncommon trap: reason=unstable_if action=reinterpret pc=0x0000000002d8b3ac method=java.util.concurrent.ConcurrentHashMap.transfer([Ljava/util/concurrent/ConcurrentHashMap$Node;[Ljava/util/concurrent/ConcurrentHashMap$Node;)V @ 34
Event: 7.820 Thread 0x000000005ab25000 Uncommon trap: reason=unstable_if action=reinterpret pc=0x0000000003217184 method=java.util.concurrent.ConcurrentHashMap.get(Ljava/lang/Object;)Ljava/lang/Object; @ 86
Event: 9.052 Thread 0x000000005a92e000 Uncommon trap: reason=unstable_if action=reinterpret pc=0x0000000002b4cedc method=java.util.jar.JarFile.match([C[B[I[I)Z @ 29

Classes redefined (0 events):
No events

Internal exceptions (10 events):
Event: 9.196 Thread 0x000000005a92e000 Exception <a 'java/security/PrivilegedActionException'> (0x00000000d74075c0) thrown at [C:\src\AOSP-openjdk-git\hotspot\src\share\vm\prims\jvm.cpp, line 1502]
Event: 9.196 Thread 0x000000005a92e000 Exception <a 'java/security/PrivilegedActionException'> (0x00000000d7408340) thrown at [C:\src\AOSP-openjdk-git\hotspot\src\share\vm\prims\jvm.cpp, line 1502]
Event: 9.196 Thread 0x000000005a92e000 Exception <a 'java/security/PrivilegedActionException'> (0x00000000d740b538) thrown at [C:\src\AOSP-openjdk-git\hotspot\src\share\vm\prims\jvm.cpp, line 1502]
Event: 9.196 Thread 0x000000005a92e000 Exception <a 'java/security/PrivilegedActionException'> (0x00000000d740c2b8) thrown at [C:\src\AOSP-openjdk-git\hotspot\src\share\vm\prims\jvm.cpp, line 1502]
Event: 9.196 Thread 0x000000005a92e000 Exception <a 'java/security/PrivilegedActionException'> (0x00000000d740f298) thrown at [C:\src\AOSP-openjdk-git\hotspot\src\share\vm\prims\jvm.cpp, line 1502]
Event: 9.196 Thread 0x000000005a92e000 Exception <a 'java/security/PrivilegedActionException'> (0x00000000d7410018) thrown at [C:\src\AOSP-openjdk-git\hotspot\src\share\vm\prims\jvm.cpp, line 1502]
Event: 9.196 Thread 0x000000005a92e000 Exception <a 'java/security/PrivilegedActionException'> (0x00000000d74130c8) thrown at [C:\src\AOSP-openjdk-git\hotspot\src\share\vm\prims\jvm.cpp, line 1502]
Event: 9.196 Thread 0x000000005a92e000 Exception <a 'java/security/PrivilegedActionException'> (0x00000000d7413e48) thrown at [C:\src\AOSP-openjdk-git\hotspot\src\share\vm\prims\jvm.cpp, line 1502]
Event: 9.196 Thread 0x000000005a92e000 Exception <a 'java/security/PrivilegedActionException'> (0x00000000d7416fe8) thrown at [C:\src\AOSP-openjdk-git\hotspot\src\share\vm\prims\jvm.cpp, line 1502]
Event: 9.196 Thread 0x000000005a92e000 Exception <a 'java/security/PrivilegedActionException'> (0x00000000d7417d68) thrown at [C:\src\AOSP-openjdk-git\hotspot\src\share\vm\prims\jvm.cpp, line 1502]

Events (10 events):
Event: 9.045 loading class org/gradle/api/tasks/Delete_DecoratedBeanInfo done
Event: 9.045 loading class org/gradle/api/tasks/Delete_DecoratedBeanInfo
Event: 9.045 loading class org/gradle/api/tasks/Delete_DecoratedBeanInfo done
Event: 9.045 loading class org/gradle/api/tasks/Delete_DecoratedBeanInfo
Event: 9.045 loading class org/gradle/api/tasks/Delete_DecoratedBeanInfo done
Event: 9.052 Thread 0x000000005a92e000 Uncommon trap: trap_request=0xffffff65 fr.pc=0x0000000002b4cedc
Event: 9.052 Thread 0x000000005a92e000 DEOPT PACKING pc=0x0000000002b4cedc sp=0x000000005c6667e0
Event: 9.052 Thread 0x000000005a92e000 DEOPT UNPACKING pc=0x000000000282557b sp=0x000000005c666790 mode 2
Event: 9.072 Thread 0x000000005a92e000 DEOPT PACKING pc=0x0000000002963015 sp=0x000000005c6667d0
Event: 9.072 Thread 0x000000005a92e000 DEOPT UNPACKING pc=0x00000000028271d0 sp=0x000000005c666508 mode 0


Dynamic libraries:
0x000000013ff20000 - 0x000000013ff51000 	C:\Program Files\Android\Android Studio\jre\bin\java.exe
0x0000000077330000 - 0x00000000774d9000 	C:\Windows\SYSTEM32\ntdll.dll
0x0000000077210000 - 0x000000007732f000 	C:\Windows\system32\kernel32.dll
0x000007fefd100000 - 0x000007fefd16b000 	C:\Windows\system32\KERNELBASE.dll
0x000007fefe6f0000 - 0x000007fefe7cb000 	C:\Windows\system32\ADVAPI32.dll
0x000007feff110000 - 0x000007feff1af000 	C:\Windows\system32\msvcrt.dll
0x000007fefeb50000 - 0x000007fefeb6f000 	C:\Windows\SYSTEM32\sechost.dll
0x000007fefe4e0000 - 0x000007fefe60d000 	C:\Windows\system32\RPCRT4.dll
0x0000000077110000 - 0x000000007720a000 	C:\Windows\system32\USER32.dll
0x000007fefe470000 - 0x000007fefe4d7000 	C:\Windows\system32\GDI32.dll
0x000007fefeca0000 - 0x000007fefecae000 	C:\Windows\system32\LPK.dll
0x000007fefe8a0000 - 0x000007fefe969000 	C:\Windows\system32\USP10.dll
0x000007fefbc60000 - 0x000007fefbe54000 	C:\Windows\WinSxS\amd64_microsoft.windows.common-controls_6595b64144ccf1df_6.0.7601.17514_none_fa396087175ac9ac\COMCTL32.dll
0x000007fefeb70000 - 0x000007fefebe1000 	C:\Windows\system32\SHLWAPI.dll
0x000007fefea80000 - 0x000007fefeaae000 	C:\Windows\system32\IMM32.DLL
0x000007fefe970000 - 0x000007fefea79000 	C:\Windows\system32\MSCTF.dll
0x0000000074780000 - 0x0000000074852000 	C:\Program Files\Android\Android Studio\jre\jre\bin\msvcr100.dll
0x000000006b400000 - 0x000000006bc4b000 	C:\Program Files\Android\Android Studio\jre\jre\bin\server\jvm.dll
0x000007fed68d0000 - 0x000007fed68d9000 	C:\Windows\system32\WSOCK32.dll
0x000007fefe850000 - 0x000007fefe89d000 	C:\Windows\system32\WS2_32.dll
0x000007fefec90000 - 0x000007fefec98000 	C:\Windows\system32\NSI.dll
0x000007fef9420000 - 0x000007fef945b000 	C:\Windows\system32\WINMM.dll
0x000007fefc1d0000 - 0x000007fefc1dc000 	C:\Windows\system32\VERSION.dll
0x0000000077500000 - 0x0000000077507000 	C:\Windows\system32\PSAPI.DLL
0x000007fefa8d0000 - 0x000007fefa8df000 	C:\Program Files\Android\Android Studio\jre\jre\bin\verify.dll
0x000007fefa890000 - 0x000007fefa8b9000 	C:\Program Files\Android\Android Studio\jre\jre\bin\java.dll
0x000007fefa870000 - 0x000007fefa886000 	C:\Program Files\Android\Android Studio\jre\jre\bin\zip.dll
0x000007fefd6e0000 - 0x000007fefe468000 	C:\Windows\system32\SHELL32.dll
0x000007feff410000 - 0x000007feff613000 	C:\Windows\system32\ole32.dll
0x000007fefd0f0000 - 0x000007fefd0ff000 	C:\Windows\system32\profapi.dll
0x000007fefa850000 - 0x000007fefa86a000 	C:\Program Files\Android\Android Studio\jre\jre\bin\net.dll
0x000007fefc880000 - 0x000007fefc8d5000 	C:\Windows\system32\mswsock.dll
0x000007fefc870000 - 0x000007fefc877000 	C:\Windows\System32\wship6.dll
0x000007fefa830000 - 0x000007fefa843000 	C:\Program Files\Android\Android Studio\jre\jre\bin\nio.dll
0x000007fee5010000 - 0x000007fee5036000 	C:\Users\Denis\.gradle\native\31\windows-amd64\native-platform.dll
0x000007fefc150000 - 0x000007fefc153000 	C:\Windows\system32\api-ms-win-core-synch-l1-2-0.DLL
0x000007fefa8e0000 - 0x000007fefa8ed000 	C:\Program Files\Android\Android Studio\jre\jre\bin\management.dll
0x000007fefc8e0000 - 0x000007fefc8f8000 	C:\Windows\system32\CRYPTSP.dll
0x000007fefc5e0000 - 0x000007fefc627000 	C:\Windows\system32\rsaenh.dll
0x000007fefd1b0000 - 0x000007fefd1ce000 	C:\Windows\system32\USERENV.dll
0x000007fefcf40000 - 0x000007fefcf4f000 	C:\Windows\system32\CRYPTBASE.dll
0x000007fefa1e0000 - 0x000007fefa207000 	C:\Windows\system32\IPHLPAPI.DLL
0x000007fefa1a0000 - 0x000007fefa1ab000 	C:\Windows\system32\WINNSI.DLL
0x000007fefa060000 - 0x000007fefa071000 	C:\Windows\system32\dhcpcsvc6.DLL
0x000007fef9fe0000 - 0x000007fef9ff8000 	C:\Windows\system32\dhcpcsvc.DLL

VM Arguments:
jvm_args: -Xmx2048m -Dfile.encoding=windows-1251 -Duser.country=RU -Duser.language=ru -Duser.variant 
java_command: org.gradle.launcher.daemon.bootstrap.GradleDaemon 6.1.1
java_class_path (initial): C:\Users\Denis\.gradle\wrapper\dists\gradle-6.1.1-all\cfmwm155h49vnt3hynmlrsdst\gradle-6.1.1\lib\gradle-launcher-6.1.1.jar
Launcher Type: SUN_STANDARD

Environment Variables:
JAVA_HOME=C:\Program Files\Java\jdk-11.0.2
PATH=C:\Program Files\Common Files\Microsoft Shared\Windows Live;C:\Program Files\gettext-iconv\bin;C:\Program Files\Git\cmd;C:\Program Files\Java\jdk-11.0.2\bin;C:\Maven\apache-maven-3.6.3\bin;C:\Program Files\Common Files\Microsoft Shared\Windows Live;C:\Users\Denis\AppData\Local\Programs\Python\Python38-32\Scripts\;C:\Users\Denis\AppData\Local\Programs\Python\Python38-32\;C:\Users\Denis\AppData\Local\Programs\Microsoft VS Code\bin;C:\Users\Denis\AppData\Local\Programs\Fiddler;C:\Users\Denis\AppData\Roaming\npm;C:\Program Files\heroku\bin;C:\Program Files\Git\cmd;C:\Program Files\Java\jdk-11.0.2\bin;C:\Maven\apache-maven-3.6.3\bin
USERNAME=Denis
OS=Windows_NT
PROCESSOR_IDENTIFIER=Intel64 Family 6 Model 60 Stepping 3, GenuineIntel



---------------  S Y S T E M  ---------------

OS: Windows 7 , 64 bit Build 7601 (6.1.7601.18015)

CPU:total 2 (initial active 2) (2 cores per cpu, 1 threads per core) family 6 model 60 stepping 3, cmov, cx8, fxsr, mmx, sse, sse2, sse3, ssse3, sse4.1, sse4.2, popcnt, clmul, erms, lzcnt, tsc, tscinvbit

Memory: 4k page, physical 8341328k(845220k free), swap 10403856k(6372k free)

vm_info: OpenJDK 64-Bit Server VM (25.242-b01) for windows-amd64 JRE (1.8.0_242-release-1644-b01), built by "builder" with MS VC++ 10.0 (VS2010)

time: Thu Aug 13 14:42:17 2020
timezone: Центральная Азия (зима)
elapsed time: 9 seconds (0d 0h 0m 9s)

