JvmtiExport can_access_local_variables 0
JvmtiExport can_hotswap_or_post_breakpoint 0
JvmtiExport can_post_on_exceptions 0
# 608 ciObject found
instanceKlass org/gradle/api/internal/artifacts/transform/ConsumerProvidedVariantFinder$1
instanceKlass java/util/concurrent/LinkedBlockingDeque$1
instanceKlass org/gradle/internal/extensibility/DefaultConvention$1
instanceKlass org/gradle/internal/extensibility/ExtensionsStorage$1
instanceKlass org/gradle/api/internal/notations/DependencyStringNotationConverter$1
instanceKlass org/gradle/launcher/daemon/registry/DaemonInfo$1
instanceKlass org/gradle/api/internal/tasks/compile/incremental/deps/DependentsSet$1
instanceKlass com/android/tools/r8/s/a/a/a/r
instanceKlass org/gradle/cache/internal/DefaultFileLockManager$1
instanceKlass org/gradle/cache/internal/filelock/DefaultLockStateSerializer$1
instanceKlass org/gradle/internal/metaobject/BeanDynamicObject$1
instanceKlass com/google/common/collect/Synchronized$1
instanceKlass org/gradle/internal/operations/notify/BuildOperationNotificationBridge$Progress
instanceKlass org/gradle/internal/serialize/CausePlaceholder
instanceKlass org/gradle/internal/serialize/ExceptionPlaceholder$1
instanceKlass org/gradle/internal/serialize/ExceptionReplacingObjectOutputStream$2
instanceKlass org/gradle/internal/buildevents/BuildExceptionReporter$2
instanceKlass org/gradle/internal/logging/text/BufferingStyledTextOutput$ChangeStyleAction
instanceKlass org/gradle/internal/logging/text/BufferingStyledTextOutput$1
instanceKlass org/gradle/internal/buildevents/BuildExceptionReporter$FailureDetails
instanceKlass org/apache/groovy/util/SystemUtil
instanceKlass org/codehaus/groovy/runtime/StackTraceUtils
instanceKlass org/gradle/internal/exceptions/Contextual
instanceKlass org/gradle/execution/plan/DefaultExecutionPlan$$Lambda$852
instanceKlass java/lang/Throwable$PrintStreamOrWriter
instanceKlass org/gradle/internal/build/event/types/DefaultFailure
instanceKlass org/gradle/tooling/internal/protocol/InternalFailure
instanceKlass org/gradle/internal/execution/history/changes/ChangeDetectorVisitor
instanceKlass java/lang/invoke/LambdaForm$MH
instanceKlass org/gradle/internal/execution/steps/CatchExceptionStep$$Lambda$851
instanceKlass org/gradle/internal/serialize/Message
instanceKlass org/jetbrains/kotlin/cli/common/messages/CompilerMessageLocation$Companion
instanceKlass org/jetbrains/kotlin/cli/common/messages/CompilerMessageLocation
instanceKlass org/gradle/api/internal/artifacts/ivyservice/dependencysubstitution/DefaultDependencySubstitutions$1
instanceKlass org/gradle/api/internal/artifacts/ivyservice/resolveengine/result/ComponentSelectionReasons$1
instanceKlass com/android/apksig/internal/apk/v1/V1SchemeVerifier$1
instanceKlass org/gradle/api/internal/artifacts/ivyservice/resolveengine/graph/selectors/SelectorStateResolverResults$1
instanceKlass org/gradle/api/internal/AbstractTask$1
instanceKlass org/gradle/api/internal/artifacts/ivyservice/modulecache/ModuleMetadataSerializer$1
instanceKlass sun/nio/cs/ISO_8859_1$1
instanceKlass org/gradle/internal/operations/DefaultBuildOperationQueue$1
instanceKlass org/gradle/api/internal/artifacts/ivyservice/resolveengine/graph/conflicts/ConflictContainer$Conflict
instanceKlass org/gradle/api/internal/artifacts/dsl/ModuleReplacementsData$Replacement
instanceKlass org/gradle/internal/resolve/RejectedVersion
instanceKlass org/gradle/api/internal/tasks/DefaultTaskDependency$1
instanceKlass org/gradle/internal/event/BroadcastDispatch$1
instanceKlass org/gradle/api/internal/artifacts/ivyservice/resolveengine/artifact/DefaultArtifactSet$1
instanceKlass com/android/tools/r8/ir/conversion/p
instanceKlass com/android/tools/r8/dex/n$a
instanceKlass com/android/tools/r8/graph/h0$a
instanceKlass org/gradle/internal/fingerprint/overlap/OverlappingOutputs
instanceKlass sun/rmi/transport/ObjectTable$1
instanceKlass org/gradle/api/internal/artifacts/DefaultPublishArtifactSet$1
instanceKlass org/gradle/internal/execution/steps/ValidateStep$1
instanceKlass org/gradle/api/internal/artifacts/transform/TransformationNode$1
instanceKlass org/gradle/internal/fingerprint/impl/DefaultFileCollectionSnapshotter$1
instanceKlass org/gradle/api/internal/artifacts/ivyservice/resolutionstrategy/DefaultCachePolicy$1
instanceKlass org/gradle/internal/classloader/ConfigurableClassLoaderHierarchyHasher$1
instanceKlass java/util/IdentityHashMap$1
instanceKlass java/rmi/server/Unreferenced
instanceKlass org/gradle/internal/Try$1
instanceKlass org/gradle/api/internal/artifacts/repositories/metadata/DefaultMavenImmutableAttributesFactory$1
instanceKlass org/gradle/internal/typeconversion/NotationConverterToNotationParserAdapter$1
instanceKlass java/lang/invoke/LambdaForm$BMH
instanceKlass java/lang/invoke/LambdaForm$BMH
instanceKlass java/lang/invoke/LambdaForm$BMH
instanceKlass java/lang/invoke/LambdaForm$BMH
instanceKlass java/lang/invoke/LambdaForm$BMH
instanceKlass java/lang/invoke/LambdaForm$BMH
instanceKlass java/lang/invoke/LambdaForm$BMH
instanceKlass java/lang/invoke/LambdaForm$BMH
instanceKlass java/lang/invoke/LambdaForm$BMH
instanceKlass java/lang/invoke/LambdaForm$BMH
instanceKlass java/lang/invoke/LambdaForm$BMH
instanceKlass java/lang/invoke/LambdaForm$BMH
instanceKlass java/lang/invoke/LambdaForm$BMH
instanceKlass java/lang/invoke/LambdaForm$BMH
instanceKlass java/lang/invoke/LambdaForm$BMH
instanceKlass java/lang/invoke/LambdaForm$BMH
instanceKlass java/lang/invoke/LambdaForm$MH
instanceKlass java/lang/invoke/LambdaForm$BMH
instanceKlass java/lang/invoke/LambdaForm$BMH
instanceKlass java/lang/invoke/LambdaForm$BMH
instanceKlass java/lang/invoke/LambdaForm$MH
instanceKlass java/lang/invoke/LambdaForm$BMH
instanceKlass java/lang/invoke/LambdaForm$BMH
instanceKlass org/gradle/cache/internal/VersionSpecificCacheCleanupAction$CleanupCondition
instanceKlass org/gradle/cache/internal/VersionSpecificCacheDirectory
instanceKlass org/apache/commons/io/filefilter/ConditionalFileFilter
instanceKlass org/apache/commons/io/filefilter/AbstractFileFilter
instanceKlass org/apache/commons/io/filefilter/FileFilterUtils
instanceKlass org/gradle/cache/internal/VersionSpecificCacheCleanupAction$MinimumTimestampProvider
instanceKlass org/gradle/cache/internal/SingleDepthFilesFinder$1
instanceKlass org/gradle/cache/internal/NonReservedFileFilter
instanceKlass org/gradle/cache/internal/CleanupActionFactory$BuildOperationCacheCleanupDecorator$1
instanceKlass com/google/gson/internal/Streams
instanceKlass com/android/build/gradle/tasks/PackageAndroidArtifact$$Lambda$850
instanceKlass com/android/build/gradle/tasks/PackageAndroidArtifact$$Lambda$849
instanceKlass com/android/build/gradle/tasks/PackageAndroidArtifact$IncrementalSplitterRunnable$$Lambda$848
instanceKlass com/google/common/collect/CollectSpliterators$1WithCharacteristics$$Lambda$847
instanceKlass java/lang/invoke/LambdaForm$DMH
instanceKlass com/android/build/gradle/tasks/PackageAndroidArtifact$$Lambda$846
instanceKlass com/android/build/gradle/tasks/PackageAndroidArtifact$$Lambda$845
instanceKlass com/android/build/gradle/tasks/PackageAndroidArtifact$$Lambda$844
instanceKlass com/google/common/collect/CollectSpliterators$1WithCharacteristics
instanceKlass com/google/common/collect/CollectSpliterators
instanceKlass com/google/common/collect/IndexedImmutableSet$$Lambda$843
instanceKlass java/lang/invoke/LambdaForm$DMH
instanceKlass com/android/zipflinger/ZipInfo
instanceKlass com/android/apksig/DefaultApkSignerEngine$OutputJarSignatureRequestImpl
instanceKlass com/android/apksig/ApkSignerEngine$OutputJarSignatureRequest$JarEntry
instanceKlass com/android/apksig/internal/asn1/Asn1DerEncoder$JavaToDerConverter
instanceKlass com/android/apksig/internal/asn1/Asn1DerEncoder$$Lambda$842
instanceKlass com/android/apksig/internal/asn1/ber/BerEncoding$1
instanceKlass com/android/apksig/internal/asn1/ber/BerEncoding
instanceKlass com/android/apksig/internal/asn1/Asn1DerEncoder$AnnotatedField
instanceKlass com/android/apksig/internal/asn1/Asn1Field
instanceKlass com/android/apksig/internal/asn1/Asn1DerEncoder$1
instanceKlass com/android/apksig/internal/asn1/Asn1Class
instanceKlass com/android/apksig/internal/asn1/Asn1DerEncoder
instanceKlass com/android/apksig/internal/pkcs7/ContentInfo
instanceKlass com/android/apksig/internal/pkcs7/EncapsulatedContentInfo
instanceKlass com/android/apksig/internal/pkcs7/SignedData
instanceKlass com/android/apksig/internal/pkcs7/IssuerAndSerialNumber
instanceKlass com/android/apksig/internal/pkcs7/SignerIdentifier
instanceKlass com/android/apksig/internal/pkcs7/SignerInfo
instanceKlass sun/security/rsa/RSACore$BlindingRandomPair
instanceKlass sun/security/jca/JCAUtil$CachedSecureRandomHolder
instanceKlass sun/security/jca/JCAUtil
instanceKlass sun/security/rsa/RSACore$BlindingParameters
instanceKlass com/android/apksig/internal/pkcs7/AlgorithmIdentifier
instanceKlass com/android/apksig/internal/jar/SignatureFileWriter
instanceKlass com/android/apksig/internal/apk/v1/V1SchemeSigner$OutputManifestFile
instanceKlass com/android/apksig/internal/apk/v1/V1SchemeSigner$1
instanceKlass com/android/apksig/internal/jar/ManifestWriter
instanceKlass com/google/common/collect/HashBiMap$Itr
instanceKlass com/android/apksig/internal/util/MessageDigestSink
instanceKlass com/android/apksig/DefaultApkSignerEngine$GetJarEntryDataDigestRequest
instanceKlass com/android/zipflinger/CentralDirectoryRecord
instanceKlass com/android/zipflinger/LocalFileHeader
instanceKlass com/google/common/collect/TransformedIterator
instanceKlass java/util/zip/Deflater
instanceKlass com/android/zipflinger/Crc32
instanceKlass com/android/builder/internal/packaging/IncrementalPackager$$Lambda$841
instanceKlass com/android/builder/internal/packaging/IncrementalPackager$$Lambda$840
instanceKlass com/android/builder/internal/packaging/IncrementalPackager$$Lambda$839
instanceKlass com/android/builder/internal/packaging/ApkFlinger$writeFile$1
instanceKlass com/android/builder/internal/packaging/IncrementalPackager$$Lambda$838
instanceKlass com/android/builder/internal/packaging/IncrementalPackager$$Lambda$837
instanceKlass com/android/apksig/internal/util/OutputStreamDataSink
instanceKlass com/android/apksig/util/ReadableDataSink
instanceKlass com/android/apksig/util/DataSource
instanceKlass com/android/apksig/util/DataSink
instanceKlass com/android/apksig/util/DataSinks
instanceKlass com/android/apksig/DefaultApkSignerEngine$GetJarEntryDataRequest
instanceKlass com/android/apksig/DefaultApkSignerEngine$$Lambda$836
instanceKlass com/android/apksig/DefaultApkSignerEngine$$Lambda$835
instanceKlass com/android/apksig/internal/apk/v1/V1SchemeVerifier$NamedDigest
instanceKlass com/android/apksig/internal/util/Pair
instanceKlass com/android/apksig/internal/jar/ManifestParser$Section
instanceKlass com/android/apksig/internal/jar/ManifestParser$Attribute
instanceKlass com/android/apksig/internal/jar/ManifestParser
instanceKlass com/android/apksig/internal/apk/v1/V1SchemeVerifier
instanceKlass com/android/apksig/internal/apk/v1/V1SchemeVerifier$Result
instanceKlass com/android/zipflinger/Compressor
instanceKlass com/android/zipflinger/ExtractionInfo
instanceKlass com/android/apksig/internal/apk/v1/V1SchemeSigner$SignerConfig
instanceKlass com/android/apksig/internal/apk/v1/DigestAlgorithm$StrengthComparator
instanceKlass com/android/apksig/internal/asn1/Asn1OpaqueObject
instanceKlass com/android/apksig/internal/apk/v1/V1SchemeSigner
instanceKlass com/android/apksig/util/RunnablesExecutor$$Lambda$834
instanceKlass com/android/apksig/ApkSignerEngine$OutputApkSigningBlockRequest2
instanceKlass com/android/apksig/ApkSignerEngine$OutputApkSigningBlockRequest
instanceKlass com/android/apksig/ApkSignerEngine$OutputJarSignatureRequest
instanceKlass com/android/apksig/ApkSignerEngine$InspectJarEntryRequest
instanceKlass com/android/apksig/DefaultApkSignerEngine
instanceKlass com/android/apksig/DefaultApkSignerEngine$Builder
instanceKlass com/android/apksig/DefaultApkSignerEngine$SignerConfig
instanceKlass com/android/apksig/DefaultApkSignerEngine$SignerConfig$Builder
instanceKlass com/android/zipflinger/ZipReader
instanceKlass com/android/zipflinger/ZipWriter
instanceKlass com/android/zipflinger/FreeStore$Zone
instanceKlass com/android/zipflinger/FreeStore
instanceKlass com/android/zipflinger/CentralDirectory
instanceKlass com/android/zipflinger/Entry
instanceKlass com/android/zipflinger/Ints
instanceKlass com/android/zipflinger/EndOfCentralDirectory
instanceKlass com/android/zipflinger/Location
instanceKlass com/android/zipflinger/ZipMap
instanceKlass com/android/zipflinger/Source
instanceKlass com/android/signflinger/SignedApkOptions
instanceKlass com/android/apksig/ApkSignerEngine
instanceKlass com/android/zipflinger/ZipArchive
instanceKlass com/android/signflinger/SignedApk
instanceKlass com/android/builder/internal/packaging/SynchronizedArchive
instanceKlass com/android/zipflinger/Archive
instanceKlass com/android/signflinger/SignedApkOptions$Builder
instanceKlass com/android/builder/internal/packaging/ApkFlinger$1
instanceKlass com/android/builder/internal/packaging/ApkFlinger$WhenMappings
instanceKlass com/android/builder/internal/packaging/ApkFlinger
instanceKlass com/android/builder/internal/packaging/IncrementalPackager$1
instanceKlass com/android/builder/internal/packaging/IncrementalPackager$$Lambda$833
instanceKlass com/android/builder/internal/packaging/IncrementalPackager$$Lambda$832
instanceKlass com/android/builder/internal/packaging/IncrementalPackager$$Lambda$831
instanceKlass com/android/builder/internal/packaging/IncrementalPackager$$Lambda$830
instanceKlass com/google/common/collect/AbstractIterator$1
instanceKlass com/android/builder/internal/packaging/PackagedFileUpdates
instanceKlass com/google/common/base/Predicates$CompositionPredicate
instanceKlass com/google/common/base/Predicates
instanceKlass com/android/builder/internal/packaging/IncrementalPackager$$Lambda$829
instanceKlass com/android/builder/internal/packaging/DexIncrementalRenameManager$1
instanceKlass com/android/builder/internal/packaging/DexIncrementalRenameManager$$Lambda$828
instanceKlass com/android/builder/internal/packaging/DexIncrementalRenameManager$$Lambda$827
instanceKlass com/android/builder/internal/packaging/PackagedFileUpdate
instanceKlass com/android/builder/internal/packaging/DexIncrementalRenameManager$$Lambda$826
instanceKlass com/android/builder/internal/packaging/DexIncrementalRenameManager$Bucket
instanceKlass com/android/builder/internal/packaging/DexFileNameSupplier
instanceKlass com/android/builder/internal/packaging/DexIncrementalRenameManager$$Lambda$825
instanceKlass com/android/builder/internal/packaging/DexIncrementalRenameManager$DexFileComparator
instanceKlass com/android/builder/internal/packaging/DexIncrementalRenameManager$$Lambda$824
instanceKlass com/android/builder/internal/packaging/DexIncrementalRenameManager$$Lambda$823
instanceKlass com/android/builder/files/NativeLibraryAbiPredicate
instanceKlass com/android/builder/internal/packaging/DexIncrementalRenameManager
instanceKlass com/android/tools/build/apkzlib/zfile/ApkZFileCreatorFactory
instanceKlass com/android/tools/build/apkzlib/zfile/ApkCreatorFactory
instanceKlass com/android/tools/build/apkzlib/zip/utils/ByteTracker
instanceKlass com/android/tools/build/apkzlib/zip/ZFileOptions$$Lambda$822
instanceKlass com/android/tools/build/apkzlib/zip/VerifyLog
instanceKlass com/android/tools/build/apkzlib/zip/VerifyLogs
instanceKlass com/android/tools/build/apkzlib/zip/AlignmentRules$$Lambda$821
instanceKlass com/android/tools/build/apkzlib/zip/AlignmentRules
instanceKlass com/android/tools/build/apkzlib/zip/AlignmentRule
instanceKlass com/android/tools/build/apkzlib/zip/ZFileOptions$$Lambda$820
instanceKlass com/android/tools/build/apkzlib/zip/compress/ExecutorCompressor
instanceKlass com/android/tools/build/apkzlib/zip/ZFileOptions$$Lambda$819
instanceKlass com/android/tools/build/apkzlib/bytestorage/TemporaryDirectoryFactory
instanceKlass com/android/tools/build/apkzlib/bytestorage/TemporaryDirectory
instanceKlass com/android/tools/build/apkzlib/bytestorage/OverflowToDiskByteStorageFactory
instanceKlass com/android/tools/build/apkzlib/bytestorage/ByteStorage
instanceKlass com/android/tools/build/apkzlib/bytestorage/ChunkBasedByteStorageFactory
instanceKlass com/android/tools/build/apkzlib/zip/Compressor
instanceKlass com/android/tools/build/apkzlib/bytestorage/ByteStorageFactory
instanceKlass com/android/tools/build/apkzlib/zip/ZFileOptions
instanceKlass com/android/build/gradle/internal/packaging/ApkCreatorFactories
instanceKlass com/android/builder/internal/packaging/IncrementalPackager
instanceKlass com/android/build/gradle/internal/packaging/IncrementalPackagerBuilder$$Lambda$818
instanceKlass com/android/builder/packaging/PackagingUtils$$Lambda$817
instanceKlass com/android/build/gradle/internal/packaging/IncrementalPackagerBuilder$$Lambda$816
instanceKlass com/android/apksig/util/RunnablesExecutor
instanceKlass com/android/apksig/util/RunnablesProvider
instanceKlass com/android/build/gradle/internal/packaging/IncrementalPackagerBuilder$1
instanceKlass com/android/tools/build/apkzlib/sign/SigningOptions$Builder
instanceKlass com/android/tools/build/apkzlib/sign/SigningOptions
instanceKlass com/android/ide/common/signing/CertificateInfo
instanceKlass java/security/KeyStore$PrivateKeyEntry
instanceKlass java/security/KeyStore$Entry
instanceKlass sun/security/pkcs/EncryptedPrivateKeyInfo
instanceKlass sun/security/provider/KeyProtector
instanceKlass sun/security/provider/JavaKeyStore$TrustedCertEntry
instanceKlass java/security/KeyStore$PasswordProtection
instanceKlass sun/security/provider/JavaKeyStore$KeyEntry
instanceKlass sun/security/provider/KeyStoreDelegator$1
instanceKlass java/security/KeyStoreSpi
instanceKlass com/android/tools/build/apkzlib/zfile/ApkCreatorFactory$CreationData$$Lambda$815
instanceKlass com/android/tools/build/apkzlib/zfile/ApkCreatorFactory$CreationData$Builder
instanceKlass com/android/tools/build/apkzlib/zfile/ApkCreatorFactory$CreationData
instanceKlass com/android/build/gradle/internal/packaging/IncrementalPackagerBuilder
instanceKlass com/android/build/gradle/internal/scope/BuildElements$WorkersBasedScheduler$transform$2
instanceKlass com/android/build/gradle/tasks/PackageAndroidArtifact$$Lambda$814
instanceKlass com/android/builder/files/IncrementalChanges
instanceKlass com/android/build/gradle/tasks/PackageAndroidArtifact$IncrementalSplitterRunnable$$Lambda$813
instanceKlass com/android/build/gradle/tasks/PackageAndroidArtifact$SplitterParams$$Lambda$812
instanceKlass com/android/build/gradle/internal/signing/SigningConfigProviderParams$Companion
instanceKlass com/android/build/gradle/tasks/IncrementalChangesUtils$WhenMappings
instanceKlass com/android/builder/files/SerializableChange$Companion
instanceKlass com/android/builder/files/SerializableChange
instanceKlass org/gradle/internal/execution/history/changes/DefaultFileChange$1
instanceKlass com/android/builder/files/SerializableInputChanges$Companion
instanceKlass com/android/builder/files/SerializableInputChanges
instanceKlass com/android/build/gradle/tasks/IncrementalChangesUtils
instanceKlass com/android/build/gradle/tasks/PackageAndroidArtifact$$Lambda$811
instanceKlass com/android/build/gradle/internal/scope/BuildElementsTransformRunnable
instanceKlass com/android/build/gradle/internal/scope/BuildElementActionScheduler
instanceKlass com/android/build/gradle/internal/scope/BuildElements$ActionItem
instanceKlass com/android/build/gradle/internal/scope/BuildElements$Companion
instanceKlass com/android/build/gradle/internal/profile/TaskProfilingRecord$sam$java_util_function_Predicate$0
instanceKlass java/nio/file/Files$$Lambda$810
instanceKlass java/nio/file/Files$2
instanceKlass com/android/tools/r8/s/a/a/b/K0
instanceKlass com/android/tools/r8/s/a/a/b/G0
instanceKlass com/android/tools/r8/dex/P$j
instanceKlass com/android/tools/r8/dex/P$i
instanceKlass com/android/tools/r8/dex/P$c$$Lambda$809
instanceKlass com/android/tools/r8/dex/P$$Lambda$808
instanceKlass com/android/tools/r8/naming/b
instanceKlass com/android/tools/r8/dex/n$$Lambda$807
instanceKlass java/lang/invoke/LambdaForm$DMH
instanceKlass com/android/tools/r8/dex/n$c
instanceKlass com/android/tools/r8/code/u1$a
instanceKlass com/android/tools/r8/dex/n$$Lambda$806
instanceKlass com/android/tools/r8/dex/n$$Lambda$805
instanceKlass com/android/tools/r8/dex/n$$Lambda$804
instanceKlass com/android/tools/r8/dex/n$$Lambda$803
instanceKlass com/android/tools/r8/code/L
instanceKlass com/android/tools/r8/code/K
instanceKlass com/android/tools/r8/dex/n$$Lambda$802
instanceKlass com/android/tools/r8/dex/n$$Lambda$801
instanceKlass com/android/tools/r8/dex/n$$Lambda$800
instanceKlass com/android/tools/r8/dex/n$$Lambda$799
instanceKlass com/android/tools/r8/dex/n$d
instanceKlass com/android/tools/r8/dex/n$$Lambda$798
instanceKlass com/android/tools/r8/dex/n$$Lambda$797
instanceKlass com/android/tools/r8/dex/n$$Lambda$796
instanceKlass com/android/tools/r8/dex/n$b
instanceKlass com/android/tools/r8/dex/a$a$$Lambda$795
instanceKlass com/android/tools/r8/dex/a$a$$Lambda$794
instanceKlass com/android/tools/r8/dex/n$$Lambda$793
instanceKlass com/android/tools/r8/dex/d$$Lambda$792
instanceKlass com/android/tools/r8/s/a/b/m/a
instanceKlass com/android/tools/r8/s/a/b/g
instanceKlass com/android/tools/r8/dex/p
instanceKlass com/android/tools/r8/graph/I0
instanceKlass com/android/tools/r8/dex/n
instanceKlass com/android/tools/r8/s/a/a/d/g
instanceKlass com/android/tools/r8/utils/P0
instanceKlass com/google/common/io/ByteArrayDataOutput
instanceKlass com/google/common/io/ByteArrayDataInput
instanceKlass com/google/common/io/ByteStreams
instanceKlass java/util/zip/ZipFile$ZipEntryIterator
instanceKlass com/android/builder/dexing/NonIncrementalJarDexArchive
instanceKlass com/android/tools/r8/D8Command$Builder$$Lambda$791
instanceKlass com/android/builder/dexing/DexArchiveEntry
instanceKlass com/android/builder/dexing/DirDexArchive
instanceKlass com/android/builder/dexing/DexArchives$$Lambda$790
instanceKlass com/android/builder/dexing/DexArchive
instanceKlass com/android/builder/dexing/DexArchives
instanceKlass com/android/builder/dexing/D8DexArchiveMerger$$Lambda$789
instanceKlass com/android/builder/dexing/D8DexArchiveMerger
instanceKlass com/android/builder/dexing/DexArchiveMerger
instanceKlass com/android/build/gradle/internal/transforms/DexMergerTransformCallable$1
instanceKlass com/android/build/gradle/internal/transforms/DexMergerTransformCallable
instanceKlass com/google/common/io/CharSource
instanceKlass com/android/ide/common/process/BaseProcessOutputHandler$BaseProcessOutput
instanceKlass com/android/ide/common/blame/parser/DexParser
instanceKlass com/android/ide/common/blame/parser/PatternAwareOutputParser
instanceKlass com/android/ide/common/blame/parser/ToolOutputParser
instanceKlass com/android/ide/common/process/ProcessOutput
instanceKlass com/android/ide/common/process/BaseProcessOutputHandler
instanceKlass com/google/common/collect/ImmutableSet$SerializedForm
instanceKlass org/gradle/internal/work/DefaultWorkerLeaseService$5$1
instanceKlass org/gradle/internal/work/DefaultWorkerLeaseService$5
instanceKlass org/gradle/internal/work/DefaultAsyncWorkTracker$1
instanceKlass org/gradle/internal/work/DefaultAsyncWorkTracker$2
instanceKlass com/google/common/collect/ImmutableSet$SerializedForm
instanceKlass com/android/build/gradle/internal/tasks/Workers$WhenMappings
instanceKlass com/android/build/gradle/internal/tasks/Workers$WorkerExecutorAdapter$submit$1
instanceKlass com/android/build/gradle/internal/tasks/Workers$ActionFacade
instanceKlass com/android/build/gradle/internal/profile/WorkerProfilingRecord
instanceKlass com/android/build/gradle/internal/tasks/Workers$ActionParameters
instanceKlass com/android/ide/common/workers/WorkerExecutorFacade$Configuration
instanceKlass com/android/build/gradle/internal/tasks/DexMergingParams
instanceKlass com/android/build/gradle/internal/tasks/DexMergingTaskRunnable
instanceKlass com/android/build/gradle/internal/tasks/Workers$WorkerExecutorAdapter
instanceKlass com/android/build/gradle/internal/tasks/Workers
instanceKlass com/android/build/gradle/internal/tasks/NonIncrementalTaskKt
instanceKlass com/android/build/gradle/internal/tasks/NonIncrementalTask$taskAction$$inlined$recordTaskAction$1
instanceKlass com/android/tools/r8/graph/b0$$Lambda$788
instanceKlass com/android/tools/r8/s/a/a/d/n
instanceKlass com/android/tools/r8/s/a/a/d/o
instanceKlass com/android/tools/r8/s/a/a/d/p
instanceKlass com/android/tools/r8/ByteDataView
instanceKlass com/android/tools/r8/dex/r$a
instanceKlass java/util/zip/Adler32
instanceKlass com/android/tools/r8/dex/k
instanceKlass com/android/tools/r8/dex/r$$Lambda$787
instanceKlass com/android/tools/r8/dex/r$$Lambda$786
instanceKlass com/android/tools/r8/dex/r$$Lambda$785
instanceKlass com/android/tools/r8/dex/r$$Lambda$784
instanceKlass com/android/tools/r8/dex/r$$Lambda$783
instanceKlass com/android/tools/r8/dex/r$$Lambda$782
instanceKlass com/android/tools/r8/dex/r$$Lambda$781
instanceKlass com/android/tools/r8/dex/r$$Lambda$780
instanceKlass com/android/tools/r8/dex/r$$Lambda$779
instanceKlass com/android/tools/r8/dex/r$$Lambda$778
instanceKlass com/android/tools/r8/dex/r$$Lambda$777
instanceKlass com/android/tools/r8/dex/r$$Lambda$776
instanceKlass com/android/tools/r8/dex/r$$Lambda$775
instanceKlass com/android/tools/r8/dex/r$$Lambda$774
instanceKlass com/android/tools/r8/dex/r$$Lambda$773
instanceKlass com/android/tools/r8/dex/r$$Lambda$772
instanceKlass com/android/tools/r8/dex/r$$Lambda$771
instanceKlass com/android/tools/r8/dex/r$$Lambda$770
instanceKlass com/android/tools/r8/dex/r$$Lambda$769
instanceKlass com/android/tools/r8/dex/r$$Lambda$768
instanceKlass com/android/tools/r8/dex/r$$Lambda$767
instanceKlass com/android/tools/r8/dex/c
instanceKlass com/android/tools/r8/utils/V
instanceKlass com/android/tools/r8/dex/r$$Lambda$766
instanceKlass com/android/tools/r8/dex/r$$Lambda$765
instanceKlass com/android/tools/r8/dex/r$$Lambda$764
instanceKlass com/android/tools/r8/dex/r$$Lambda$763
instanceKlass com/android/tools/r8/dex/r$$Lambda$762
instanceKlass com/android/tools/r8/dex/r$$Lambda$761
instanceKlass com/android/tools/r8/dex/r$$Lambda$760
instanceKlass com/android/tools/r8/dex/r$$Lambda$759
instanceKlass com/android/tools/r8/utils/l0
instanceKlass com/android/tools/r8/dex/l
instanceKlass com/android/tools/r8/dex/r$$Lambda$758
instanceKlass com/android/tools/r8/dex/r$$Lambda$757
instanceKlass java/lang/invoke/LambdaForm$DMH
instanceKlass com/android/tools/r8/dex/r$$Lambda$756
instanceKlass com/android/tools/r8/naming/u
instanceKlass com/android/tools/r8/naming/u$c
instanceKlass com/android/tools/r8/dex/r$$Lambda$755
instanceKlass com/android/tools/r8/dex/s
instanceKlass com/android/tools/r8/utils/H0
instanceKlass com/android/tools/r8/graph/b0$$Lambda$754
instanceKlass com/android/tools/r8/graph/V$$Lambda$753
instanceKlass com/android/tools/r8/v/a/a/a/h/F0$f
instanceKlass com/android/tools/r8/v/a/a/a/h/K$f
instanceKlass com/android/tools/r8/dex/r$$Lambda$752
instanceKlass com/android/tools/r8/v/a/a/a/h/Q
instanceKlass com/android/tools/r8/v/a/a/a/h/M
instanceKlass com/android/tools/r8/dex/j
instanceKlass com/android/tools/r8/dex/m
instanceKlass com/android/tools/r8/graph/L0
instanceKlass com/android/tools/r8/dex/r
instanceKlass com/android/tools/r8/graph/H0$$Lambda$751
instanceKlass com/android/tools/r8/graph/H0$$Lambda$750
instanceKlass com/android/tools/r8/graph/H0$$Lambda$749
instanceKlass com/android/tools/r8/graph/H0$$Lambda$748
instanceKlass com/android/tools/r8/graph/H0$$Lambda$747
instanceKlass com/android/tools/r8/graph/H0$$Lambda$746
instanceKlass com/android/tools/r8/v/a/a/a/h/e1
instanceKlass com/android/tools/r8/v/a/a/a/h/K0
instanceKlass com/android/tools/r8/graph/H0$$Lambda$745
instanceKlass com/android/tools/r8/graph/H0$$Lambda$744
instanceKlass java/util/IdentityHashMap$IdentityHashMapSpliterator
instanceKlass com/android/tools/r8/graph/H0$a
instanceKlass com/android/tools/r8/graph/H0
instanceKlass com/android/tools/r8/dex/b$$Lambda$743
instanceKlass com/android/tools/r8/graph/P$$Lambda$742
instanceKlass com/android/tools/r8/graph/x$$Lambda$741
instanceKlass com/android/tools/r8/graph/V$$Lambda$740
instanceKlass com/android/tools/r8/graph/b0$$Lambda$739
instanceKlass com/android/tools/r8/graph/b0$$Lambda$738
instanceKlass com/android/tools/r8/dex/b$$Lambda$737
instanceKlass com/android/tools/r8/graph/W$$Lambda$736
instanceKlass com/android/tools/r8/v/a/a/a/h/V$d
instanceKlass com/android/tools/r8/v/a/a/a/h/V$f
instanceKlass com/android/tools/r8/dex/d$$Lambda$735
instanceKlass com/android/tools/r8/dex/d$$Lambda$734
instanceKlass com/android/tools/r8/v/a/a/a/h/S$a
instanceKlass com/android/tools/r8/v/a/a/a/h/T
instanceKlass com/android/tools/r8/v/a/a/a/h/f
instanceKlass com/android/tools/r8/v/a/a/a/h/S
instanceKlass com/android/tools/r8/dex/d
instanceKlass com/android/tools/r8/v/a/a/a/g/q
instanceKlass com/android/tools/r8/v/a/a/a/h/M0
instanceKlass com/android/tools/r8/v/a/a/a/h/u
instanceKlass com/android/tools/r8/v/a/a/a/h/N0
instanceKlass com/android/tools/r8/dex/P$g$$Lambda$733
instanceKlass com/android/tools/r8/dex/P$g$$Lambda$732
instanceKlass com/android/tools/r8/dex/P$g$$Lambda$731
instanceKlass com/android/tools/r8/dex/P$g$$Lambda$730
instanceKlass com/android/tools/r8/dex/P$g$$Lambda$729
instanceKlass com/android/tools/r8/dex/P$g$$Lambda$728
instanceKlass com/android/tools/r8/dex/P$g$$Lambda$727
instanceKlass com/android/tools/r8/dex/P$g$$Lambda$726
instanceKlass com/android/tools/r8/dex/P$g$$Lambda$725
instanceKlass java/util/stream/Node$Builder
instanceKlass java/util/stream/Node$OfDouble
instanceKlass java/util/stream/Node$OfLong
instanceKlass java/util/stream/Node$OfInt
instanceKlass java/util/stream/Node$OfPrimitive
instanceKlass java/util/stream/Nodes$EmptyNode
instanceKlass java/util/stream/Node
instanceKlass java/util/stream/Nodes
instanceKlass com/android/tools/r8/graph/L$$Lambda$724
instanceKlass com/android/tools/r8/graph/L$$Lambda$723
instanceKlass com/android/tools/r8/graph/V$$Lambda$722
instanceKlass com/android/tools/r8/dex/P$g
instanceKlass com/android/tools/r8/dex/P$k
instanceKlass com/android/tools/r8/dex/v
instanceKlass com/android/tools/r8/dex/P
instanceKlass com/android/tools/r8/s/a/b/k
instanceKlass com/android/tools/r8/s/a/b/l/g/w
instanceKlass com/android/tools/r8/s/a/b/m/c
instanceKlass com/android/tools/r8/dex/B$$Lambda$721
instanceKlass com/android/tools/r8/dex/B$$Lambda$720
instanceKlass com/android/tools/r8/dex/i
instanceKlass com/android/tools/r8/naming/I
instanceKlass com/android/tools/r8/dex/E
instanceKlass com/android/tools/r8/dex/P$b
instanceKlass com/android/tools/r8/dex/F
instanceKlass com/android/tools/r8/dex/b
instanceKlass com/android/tools/r8/s/a/b/l/d$c
instanceKlass com/android/tools/r8/s/a/b/l/f
instanceKlass com/android/tools/r8/s/a/b/l/b
instanceKlass com/android/tools/r8/dex/B
instanceKlass com/android/tools/r8/s/a/a/b/f$a$b
instanceKlass com/android/tools/r8/ir/conversion/O$$Lambda$719
instanceKlass com/android/tools/r8/graph/W$$Lambda$718
instanceKlass com/android/tools/r8/ir/regalloc/j$$Lambda$717
instanceKlass com/android/tools/r8/ir/optimize/l$$Lambda$716
instanceKlass com/android/tools/r8/ir/analysis/type/a$$Lambda$715
instanceKlass com/android/tools/r8/s/a/b/b
instanceKlass com/android/tools/r8/s/a/a/a/b
instanceKlass com/android/tools/r8/graph/W$$Lambda$714
instanceKlass com/android/tools/r8/u/b/o$$Lambda$713
instanceKlass com/android/tools/r8/u/b/n$$Lambda$712
instanceKlass com/android/tools/r8/graph/W$$Lambda$711
instanceKlass com/android/tools/r8/ir/regalloc/f
instanceKlass com/android/tools/r8/s/a/a/b/f$i$a
instanceKlass com/android/tools/r8/graph/W$$Lambda$710
instanceKlass com/android/tools/r8/ir/analysis/type/t$$Lambda$709
instanceKlass com/android/tools/r8/ir/analysis/type/t$$Lambda$708
instanceKlass com/android/tools/r8/v/a/a/a/f/V
instanceKlass com/android/tools/r8/ir/regalloc/g
instanceKlass com/android/tools/r8/ir/regalloc/j$$Lambda$707
instanceKlass com/android/tools/r8/ir/regalloc/j$$Lambda$706
instanceKlass com/android/tools/r8/ir/regalloc/j$$Lambda$705
instanceKlass com/android/tools/r8/ir/regalloc/j$$Lambda$704
instanceKlass com/android/tools/r8/ir/regalloc/i
instanceKlass com/android/tools/r8/ir/conversion/N$e
instanceKlass com/android/tools/r8/v/a/a/a/h/j
instanceKlass com/android/tools/r8/v/a/a/a/h/m0
instanceKlass com/android/tools/r8/v/a/a/a/h/u0
instanceKlass com/android/tools/r8/v/a/a/a/f/G
instanceKlass sun/rmi/transport/DGCImpl_Stub$$Lambda$703
instanceKlass sun/rmi/transport/DGCClient$EndpointEntry$CleanRequest
instanceKlass com/android/tools/r8/ir/optimize/Z$$Lambda$702
instanceKlass com/android/tools/r8/ir/optimize/l$$Lambda$701
instanceKlass com/android/tools/r8/ir/optimize/d0$$Lambda$700
instanceKlass com/android/tools/r8/ir/optimize/d0$$Lambda$699
instanceKlass com/android/tools/r8/graph/C$$Lambda$698
instanceKlass com/android/tools/r8/ir/optimize/d0$$Lambda$697
instanceKlass com/android/tools/r8/s/a/a/b/m
instanceKlass com/android/tools/r8/s/a/a/b/P0
instanceKlass com/android/tools/r8/s/a/a/b/H1
instanceKlass com/android/tools/r8/ir/analysis/type/f$$Lambda$696
instanceKlass com/android/tools/r8/ir/conversion/o0
instanceKlass com/android/tools/r8/ir/optimize/l$$Lambda$695
instanceKlass com/android/tools/r8/ir/optimize/l$$Lambda$694
instanceKlass com/android/tools/r8/v/a/a/a/h/X$d
instanceKlass com/android/tools/r8/v/a/a/a/h/X$f
instanceKlass com/android/tools/r8/ir/optimize/n$$Lambda$693
instanceKlass java/util/stream/SliceOps
instanceKlass com/android/tools/r8/ir/optimize/n$$Lambda$692
instanceKlass com/android/tools/r8/ir/optimize/n$$Lambda$691
instanceKlass com/android/tools/r8/v/a/a/a/h/Y
instanceKlass com/android/tools/r8/ir/optimize/n$$Lambda$690
instanceKlass com/android/tools/r8/u/b/X0
instanceKlass com/android/tools/r8/u/b/q1
instanceKlass com/android/tools/r8/ir/regalloc/a$$Lambda$689
instanceKlass com/android/tools/r8/ir/regalloc/a$$Lambda$688
instanceKlass com/android/tools/r8/ir/regalloc/a$$Lambda$687
instanceKlass com/android/tools/r8/ir/regalloc/a$$Lambda$686
instanceKlass com/android/tools/r8/ir/regalloc/a$$Lambda$685
instanceKlass java/lang/invoke/LambdaForm$DMH
instanceKlass com/android/tools/r8/ir/regalloc/a$$Lambda$684
instanceKlass com/android/tools/r8/ir/regalloc/h
instanceKlass com/android/tools/r8/u/a/a
instanceKlass com/android/tools/r8/A/d
instanceKlass com/android/tools/r8/ir/optimize/c0
instanceKlass com/android/tools/r8/u/b/I
instanceKlass com/android/tools/r8/graph/c$$Lambda$683
instanceKlass com/android/tools/r8/graph/c$$Lambda$682
instanceKlass com/android/tools/r8/ir/optimize/w
instanceKlass com/android/tools/r8/ir/optimize/w$b
instanceKlass com/android/tools/r8/graph/J
instanceKlass com/android/tools/r8/graph/W$$Lambda$681
instanceKlass java/lang/invoke/LambdaForm$DMH
instanceKlass com/android/tools/r8/graph/I
instanceKlass com/android/tools/r8/ir/conversion/F
instanceKlass com/android/tools/r8/ir/conversion/K
instanceKlass java/lang/invoke/LambdaForm$MH
instanceKlass com/android/tools/r8/ir/optimize/I$$Lambda$680
instanceKlass java/lang/invoke/LambdaForm$DMH
instanceKlass com/android/tools/r8/ir/optimize/I
instanceKlass com/android/tools/r8/ir/optimize/Z
instanceKlass com/android/tools/r8/u/b/h0$$Lambda$679
instanceKlass com/android/tools/r8/u/b/h0$$Lambda$678
instanceKlass com/android/tools/r8/u/b/n$$Lambda$677
instanceKlass com/android/tools/r8/ir/regalloc/a$$Lambda$676
instanceKlass com/android/tools/r8/ir/regalloc/a$$Lambda$675
instanceKlass com/android/tools/r8/ir/regalloc/a$$Lambda$674
instanceKlass com/android/tools/r8/u/c/c0/e$$Lambda$673
instanceKlass com/android/tools/r8/ir/regalloc/a$$Lambda$672
instanceKlass com/android/tools/r8/ir/regalloc/a$b
instanceKlass com/android/tools/r8/ir/regalloc/a$$Lambda$671
instanceKlass com/android/tools/r8/ir/regalloc/j
instanceKlass com/android/tools/r8/ir/regalloc/c
instanceKlass com/android/tools/r8/u/b/W$b
instanceKlass com/android/tools/r8/ir/regalloc/d
instanceKlass com/android/tools/r8/ir/regalloc/b
instanceKlass com/android/tools/r8/u/b/o
instanceKlass com/android/tools/r8/s/a/a/b/S1
instanceKlass com/android/tools/r8/ir/regalloc/a
instanceKlass com/android/tools/r8/ir/conversion/O$$Lambda$670
instanceKlass com/android/tools/r8/ir/conversion/O$$Lambda$669
instanceKlass com/android/tools/r8/ir/optimize/u
instanceKlass com/android/tools/r8/ir/optimize/l$$Lambda$668
instanceKlass com/android/tools/r8/s/a/a/a/W
instanceKlass com/android/tools/r8/s/a/a/a/X
instanceKlass com/android/tools/r8/ir/optimize/l$$Lambda$667
instanceKlass com/android/tools/r8/u/b/N
instanceKlass com/android/tools/r8/u/b/n$b
instanceKlass com/android/tools/r8/ir/optimize/m
instanceKlass com/android/tools/r8/v/a/a/a/h/a0
instanceKlass com/android/tools/r8/v/a/a/a/h/g
instanceKlass com/android/tools/r8/v/a/a/a/h/Z
instanceKlass com/android/tools/r8/ir/optimize/d0
instanceKlass com/android/tools/r8/u/a/i/e$$Lambda$666
instanceKlass com/android/tools/r8/u/a/i/e$$Lambda$665
instanceKlass com/android/tools/r8/u/a/i/e$$Lambda$664
instanceKlass java/util/stream/ReduceOps$2ReducingSink
instanceKlass java/util/function/BinaryOperator$$Lambda$663
instanceKlass com/android/tools/r8/u/b/W$$Lambda$662
instanceKlass java/util/LinkedList$LLSpliterator
instanceKlass com/android/tools/r8/u/a/i/e
instanceKlass com/android/tools/r8/ir/optimize/e
instanceKlass com/android/tools/r8/u/b/Y
instanceKlass com/android/tools/r8/ir/conversion/O$$Lambda$661
instanceKlass com/android/tools/r8/u/a/o/f
instanceKlass com/android/tools/r8/ir/conversion/O$$Lambda$660
instanceKlass com/android/tools/r8/u/a/o/c
instanceKlass com/android/tools/r8/ir/analysis/type/t$$Lambda$659
instanceKlass com/android/tools/r8/u/b/W$a
instanceKlass com/android/tools/r8/ir/analysis/type/t
instanceKlass com/android/tools/r8/x/b/a/v0/o0/c
instanceKlass com/android/tools/r8/x/b/a/T
instanceKlass com/android/tools/r8/u/c/c0/e
instanceKlass com/android/tools/r8/u/b/q
instanceKlass com/android/tools/r8/u/b/X
instanceKlass com/android/tools/r8/u/b/W$$Lambda$658
instanceKlass com/android/tools/r8/u/b/W
instanceKlass com/android/tools/r8/u/b/p
instanceKlass com/android/tools/r8/ir/conversion/o$$Lambda$657
instanceKlass java/lang/invoke/LambdaForm$DMH
instanceKlass com/android/tools/r8/v/a/a/a/f/a0
instanceKlass com/android/tools/r8/code/t1
instanceKlass com/android/tools/r8/v/a/a/a/f/h
instanceKlass com/android/tools/r8/ir/conversion/N$f
instanceKlass com/android/tools/r8/v/a/a/a/f/X$d
instanceKlass com/android/tools/r8/v/a/a/a/f/X$f
instanceKlass com/android/tools/r8/u/a/m/e
instanceKlass com/android/tools/r8/u/a/i/d
instanceKlass com/android/tools/r8/u/b/m1$a
instanceKlass com/android/tools/r8/u/b/b
instanceKlass com/android/tools/r8/utils/i0
instanceKlass com/android/tools/r8/ir/analysis/type/f$$Lambda$656
instanceKlass com/android/tools/r8/ir/analysis/type/m
instanceKlass com/android/tools/r8/graph/W$$Lambda$655
instanceKlass com/android/tools/r8/ir/conversion/L
instanceKlass com/android/tools/r8/ir/conversion/o$$Lambda$654
instanceKlass java/lang/invoke/LambdaForm$DMH
instanceKlass com/android/tools/r8/ir/conversion/t$a
instanceKlass com/android/tools/r8/ir/conversion/m
instanceKlass com/android/tools/r8/v/a/a/a/f/s0
instanceKlass com/android/tools/r8/v/a/a/a/f/g0
instanceKlass com/android/tools/r8/ir/conversion/n
instanceKlass com/android/tools/r8/v/a/a/a/f/f0
instanceKlass com/android/tools/r8/v/a/a/a/f/m0
instanceKlass com/android/tools/r8/u/b/t
instanceKlass com/android/tools/r8/u/b/n
instanceKlass com/android/tools/r8/ir/conversion/N$b
instanceKlass com/android/tools/r8/graph/p0$f$b
instanceKlass com/android/tools/r8/graph/p0$f
instanceKlass com/android/tools/r8/u/b/n1
instanceKlass com/android/tools/r8/u/b/a0
instanceKlass com/android/tools/r8/v/a/a/a/h/s0
instanceKlass com/android/tools/r8/v/a/a/a/h/o0
instanceKlass com/android/tools/r8/v/a/a/a/h/g0
instanceKlass com/android/tools/r8/v/a/a/a/h/j0
instanceKlass com/android/tools/r8/v/a/a/a/f/K$e
instanceKlass com/android/tools/r8/v/a/a/a/f/C0
instanceKlass com/android/tools/r8/v/a/a/a/f/d
instanceKlass com/android/tools/r8/v/a/a/a/f/S$a
instanceKlass com/android/tools/r8/ir/analysis/type/l
instanceKlass com/android/tools/r8/ir/conversion/N
instanceKlass com/android/tools/r8/u/b/s
instanceKlass com/android/tools/r8/ir/conversion/w
instanceKlass com/android/tools/r8/ir/conversion/t
instanceKlass com/android/tools/r8/v/a/a/a/h/H0
instanceKlass com/android/tools/r8/v/a/a/a/h/b1
instanceKlass com/android/tools/r8/ir/conversion/x
instanceKlass com/android/tools/r8/ir/conversion/o
instanceKlass com/android/tools/r8/graph/l$a
instanceKlass com/android/tools/r8/graph/B0$$Lambda$653
instanceKlass com/android/tools/r8/graph/r
instanceKlass com/android/tools/r8/u/b/S0
instanceKlass com/android/tools/r8/graph/B0$$Lambda$652
instanceKlass com/android/tools/r8/v/a/a/a/f/Y
instanceKlass com/android/tools/r8/graph/z0
instanceKlass com/android/tools/r8/B/a/a/y
instanceKlass com/android/tools/r8/graph/y0
instanceKlass java/lang/invoke/LambdaForm$MH
instanceKlass com/android/tools/r8/ir/conversion/O$$Lambda$651
instanceKlass com/android/tools/r8/position/MethodPosition
instanceKlass com/android/tools/r8/ir/conversion/h
instanceKlass com/android/tools/r8/ir/conversion/V
instanceKlass com/android/tools/r8/u/a/m/a
instanceKlass com/android/tools/r8/utils/y
instanceKlass com/android/tools/r8/ir/optimize/info/r
instanceKlass java/lang/invoke/LambdaForm$MH
instanceKlass com/android/tools/r8/ir/conversion/O$$Lambda$650
instanceKlass java/lang/invoke/LambdaForm$DMH
instanceKlass com/android/tools/r8/utils/S0$$Lambda$649
instanceKlass com/android/tools/r8/ir/conversion/O$$Lambda$648
instanceKlass com/android/tools/r8/utils/V0
instanceKlass com/android/tools/r8/u/c/M$$Lambda$647
instanceKlass com/android/tools/r8/graph/Q0
instanceKlass com/android/tools/r8/u/c/M
instanceKlass com/android/tools/r8/u/c/h
instanceKlass com/android/tools/r8/ir/conversion/O$$Lambda$646
instanceKlass com/android/tools/r8/ir/conversion/O$$Lambda$645
instanceKlass com/android/tools/r8/ir/optimize/v
instanceKlass com/android/tools/r8/ir/optimize/d$$Lambda$644
instanceKlass com/android/tools/r8/ir/optimize/c
instanceKlass com/android/tools/r8/AssertionsConfiguration
instanceKlass com/android/tools/r8/ir/optimize/o
instanceKlass com/android/tools/r8/ir/optimize/string/b$c
instanceKlass com/android/tools/r8/ir/optimize/string/a
instanceKlass com/android/tools/r8/ir/optimize/string/b
instanceKlass com/android/tools/r8/naming/Z/d
instanceKlass com/android/tools/r8/u/a/k/b
instanceKlass com/android/tools/r8/ir/optimize/string/d
instanceKlass com/android/tools/r8/u/c/Z
instanceKlass com/android/tools/r8/z/a
instanceKlass com/android/tools/r8/v/a/a/a/b
instanceKlass com/android/tools/r8/ir/optimize/n
instanceKlass com/android/tools/r8/v/a/a/a/f/F0
instanceKlass com/android/tools/r8/v/a/a/a/d
instanceKlass com/android/tools/r8/v/a/a/a/f/r0
instanceKlass com/android/tools/r8/v/a/a/a/h/s
instanceKlass com/android/tools/r8/v/a/a/a/h/G0
instanceKlass com/android/tools/r8/v/a/a/a/h/D0
instanceKlass com/android/tools/r8/u/b/c0
instanceKlass com/android/tools/r8/u/b/j0
instanceKlass com/android/tools/r8/v/a/a/a/f/v
instanceKlass com/android/tools/r8/v/a/a/a/f/s
instanceKlass com/android/tools/r8/ir/optimize/l$e
instanceKlass com/android/tools/r8/u/b/i0
instanceKlass com/android/tools/r8/u/b/m1
instanceKlass com/android/tools/r8/v/a/a/a/g/k
instanceKlass com/android/tools/r8/ir/optimize/l
instanceKlass com/android/tools/r8/shaking/MainDexClasses
instanceKlass com/android/tools/r8/v/a/a/a/h/E
instanceKlass com/android/tools/r8/graph/p0
instanceKlass com/android/tools/r8/u/a/q/b
instanceKlass com/android/tools/r8/graph/S0/b
instanceKlass com/android/tools/r8/graph/f
instanceKlass com/android/tools/r8/ir/optimize/A
instanceKlass com/android/tools/r8/ir/regalloc/e
instanceKlass com/android/tools/r8/ir/conversion/Z
instanceKlass com/android/tools/r8/ir/conversion/U
instanceKlass com/android/tools/r8/position/Position
instanceKlass com/android/tools/r8/u/b/L0
instanceKlass com/android/tools/r8/ir/conversion/O
instanceKlass com/android/tools/r8/graph/D0$$Lambda$643
instanceKlass com/android/tools/r8/graph/y$b
instanceKlass com/android/tools/r8/r/n/z
instanceKlass com/android/tools/r8/graph/R0/b
instanceKlass com/android/tools/r8/ir/optimize/d
instanceKlass com/android/tools/r8/graph/N0
instanceKlass com/android/tools/r8/utils/L0$$Lambda$642
instanceKlass com/android/tools/r8/utils/S0
instanceKlass com/android/tools/r8/graph/s0
instanceKlass com/android/tools/r8/graph/b0$$Lambda$641
instanceKlass java/lang/invoke/LambdaForm$MH
instanceKlass java/lang/invoke/LambdaForm$DMH
instanceKlass java/lang/invoke/LambdaForm$DMH
instanceKlass com/android/tools/r8/graph/u0$b$$Lambda$640
instanceKlass java/lang/invoke/LambdaForm$DMH
instanceKlass com/android/tools/r8/ir/optimize/info/s/b
instanceKlass com/android/tools/r8/ir/optimize/info/e
instanceKlass com/android/tools/r8/ir/conversion/b0
instanceKlass com/android/tools/r8/ir/optimize/info/g
instanceKlass com/android/tools/r8/ir/optimize/info/b
instanceKlass com/android/tools/r8/x/b/a/m0
instanceKlass com/android/tools/r8/utils/P
instanceKlass com/android/tools/r8/u/a/q/a
instanceKlass com/android/tools/r8/ir/optimize/info/f
instanceKlass com/android/tools/r8/s/a/a/a/v$a
instanceKlass com/android/tools/r8/s/a/a/a/v
instanceKlass com/android/tools/r8/graph/u0$a$$Lambda$639
instanceKlass java/lang/invoke/LambdaForm$MH
instanceKlass java/lang/invoke/LambdaForm$DMH
instanceKlass com/android/tools/r8/graph/u0$$Lambda$638
instanceKlass java/lang/invoke/LambdaForm$DMH
instanceKlass com/android/tools/r8/graph/t0$$Lambda$637
instanceKlass com/android/tools/r8/graph/t0$$Lambda$636
instanceKlass com/android/tools/r8/B/a/a/B
instanceKlass com/android/tools/r8/x/b/a/c
instanceKlass com/android/tools/r8/B/a/a/k
instanceKlass com/android/tools/r8/graph/u0$e
instanceKlass com/android/tools/r8/B/a/a/u
instanceKlass com/android/tools/r8/B/a/a/n
instanceKlass com/android/tools/r8/B/a/a/j
instanceKlass com/android/tools/r8/B/a/a/s
instanceKlass com/android/tools/r8/B/a/a/d
instanceKlass com/android/tools/r8/B/a/a/f
instanceKlass com/google/common/util/concurrent/InterruptibleTask$DoNothingRunnable
instanceKlass com/android/tools/r8/dex/a$a$$Lambda$635
instanceKlass com/android/tools/r8/graph/p$$Lambda$634
instanceKlass com/android/tools/r8/dex/a$a$$Lambda$633
instanceKlass com/android/tools/r8/B/a/a/a
instanceKlass com/android/tools/r8/graph/u0
instanceKlass com/android/tools/r8/graph/p$$Lambda$632
instanceKlass com/android/tools/r8/graph/p$$Lambda$631
instanceKlass com/android/tools/r8/graph/p$$Lambda$630
instanceKlass com/android/tools/r8/graph/p$$Lambda$629
instanceKlass java/lang/invoke/LambdaForm$DMH
instanceKlass com/android/tools/r8/graph/p$$Lambda$628
instanceKlass com/android/tools/r8/graph/p$$Lambda$627
instanceKlass com/android/tools/r8/graph/p$a
instanceKlass java/lang/invoke/LambdaForm$DMH
instanceKlass com/android/tools/r8/graph/c
instanceKlass com/android/tools/r8/graph/O
instanceKlass com/android/tools/r8/graph/b0$b
instanceKlass com/android/tools/r8/graph/j0
instanceKlass com/android/tools/r8/graph/F0
instanceKlass com/android/tools/r8/graph/t0
instanceKlass com/android/tools/r8/dex/a$a
instanceKlass com/android/tools/r8/utils/L0$$Lambda$626
instanceKlass com/android/tools/r8/dex/a$b
instanceKlass com/android/tools/r8/graph/b
instanceKlass com/android/tools/r8/utils/H
instanceKlass com/android/tools/r8/graph/y
instanceKlass com/android/tools/r8/graph/y$a
instanceKlass com/android/tools/r8/dex/a
instanceKlass com/android/tools/r8/utils/a1$b
instanceKlass com/android/tools/r8/utils/a1
instanceKlass com/android/tools/r8/D8$$Lambda$625
instanceKlass com/android/tools/r8/utils/W$a
instanceKlass com/android/tools/r8/utils/t
instanceKlass com/android/tools/r8/utils/f0$g$b
instanceKlass com/android/tools/r8/utils/f0$g$a
instanceKlass com/android/tools/r8/utils/c0$a
instanceKlass com/android/tools/r8/utils/c0
instanceKlass com/android/tools/r8/utils/f0$g
instanceKlass com/android/tools/r8/utils/f0$b
instanceKlass com/android/tools/r8/utils/f0$f
instanceKlass com/android/tools/r8/utils/f0$d
instanceKlass com/android/tools/r8/utils/f0$$Lambda$624
instanceKlass com/android/tools/r8/utils/c1
instanceKlass com/android/tools/r8/Version
instanceKlass com/android/tools/r8/references/TypeReference
instanceKlass com/android/tools/r8/utils/f0
instanceKlass com/android/tools/r8/ir/optimize/info/k
instanceKlass com/android/tools/r8/ir/conversion/T
instanceKlass com/android/tools/r8/ir/conversion/M
instanceKlass com/android/tools/r8/D8
instanceKlass com/android/tools/r8/DataResourceProvider
instanceKlass com/android/tools/r8/utils/e$b$a
instanceKlass com/android/tools/r8/u/c/Q
instanceKlass com/android/tools/r8/u/c/m
instanceKlass com/android/tools/r8/y/a$d
instanceKlass com/android/tools/r8/y/a$c
instanceKlass java/util/stream/Sink$ChainedInt
instanceKlass java/util/stream/Sink$OfInt
instanceKlass java/util/function/IntConsumer
instanceKlass com/android/tools/r8/y/a$b$$Lambda$623
instanceKlass java/util/stream/IntPipeline$$Lambda$622
instanceKlass java/util/stream/Streams$RangeIntSpliterator
instanceKlass com/android/tools/r8/v/a/a/a/h/d
instanceKlass com/android/tools/r8/y/a$b
instanceKlass com/android/tools/r8/y/a
instanceKlass com/android/tools/r8/s/a/a/a/w
instanceKlass com/android/tools/r8/s/a/a/b/s$$Lambda$621
instanceKlass com/android/tools/r8/graph/W$$Lambda$620
instanceKlass com/android/tools/r8/graph/W$$Lambda$619
instanceKlass com/android/tools/r8/s/a/a/b/s
instanceKlass com/android/tools/r8/s/a/a/b/v$$Lambda$618
instanceKlass com/android/tools/r8/graph/W$$Lambda$617
instanceKlass com/android/tools/r8/s/a/a/b/I$b
instanceKlass com/android/tools/r8/graph/W$$Lambda$616
instanceKlass com/android/tools/r8/graph/W$$Lambda$615
instanceKlass com/android/tools/r8/graph/W$$Lambda$614
instanceKlass com/android/tools/r8/utils/J0
instanceKlass com/android/tools/r8/graph/W$p
instanceKlass com/android/tools/r8/graph/W$o
instanceKlass com/android/tools/r8/graph/W$m
instanceKlass com/android/tools/r8/graph/W$c
instanceKlass com/android/tools/r8/s/a/a/b/P
instanceKlass com/android/tools/r8/s/a/a/b/b0$a
instanceKlass com/android/tools/r8/graph/W$n
instanceKlass com/android/tools/r8/graph/W$j
instanceKlass com/android/tools/r8/graph/W$g
instanceKlass com/android/tools/r8/graph/W$f
instanceKlass com/android/tools/r8/graph/W$e
instanceKlass com/android/tools/r8/graph/W$b
instanceKlass com/android/tools/r8/graph/W$s
instanceKlass com/android/tools/r8/graph/W$h
instanceKlass com/android/tools/r8/graph/W$i
instanceKlass com/android/tools/r8/graph/W$r
instanceKlass com/android/tools/r8/graph/W$k
instanceKlass com/android/tools/r8/graph/W$l
instanceKlass com/android/tools/r8/graph/W$d
instanceKlass com/android/tools/r8/utils/W
instanceKlass com/android/tools/r8/u/b/h0
instanceKlass com/android/tools/r8/u/b/j1
instanceKlass com/android/tools/r8/u/b/k0
instanceKlass com/android/tools/r8/graph/W$q
instanceKlass com/android/tools/r8/v/a/a/a/c
instanceKlass com/android/tools/r8/v/a/a/a/f/T
instanceKlass com/android/tools/r8/v/a/a/a/h/p0
instanceKlass com/android/tools/r8/v/a/a/a/h/h0
instanceKlass com/android/tools/r8/v/a/a/a/f/z0
instanceKlass com/android/tools/r8/v/a/a/a/f/h0
instanceKlass com/android/tools/r8/v/a/a/a/h/U0
instanceKlass com/android/tools/r8/s/a/a/b/k
instanceKlass com/android/tools/r8/s/a/a/b/b0
instanceKlass com/android/tools/r8/utils/U0
instanceKlass com/android/tools/r8/utils/x
instanceKlass com/android/tools/r8/ir/analysis/type/u
instanceKlass com/android/tools/r8/graph/K0
instanceKlass com/android/tools/r8/graph/V
instanceKlass com/android/tools/r8/v/a/a/a/f/c
instanceKlass com/android/tools/r8/s/a/a/b/p
instanceKlass com/android/tools/r8/v/a/a/a/f/S
instanceKlass com/android/tools/r8/v/a/a/a/f/Q
instanceKlass com/android/tools/r8/graph/W
instanceKlass com/android/tools/r8/utils/T
instanceKlass com/android/tools/r8/utils/I0
instanceKlass com/android/tools/r8/utils/Y
instanceKlass com/android/tools/r8/ProgramResource$ByteResource
instanceKlass com/android/tools/r8/ProgramResource
instanceKlass com/android/tools/r8/BaseCommand$Builder$$Lambda$613
instanceKlass com/android/builder/dexing/ClassFile
instanceKlass com/android/utils/PathUtils
instanceKlass com/android/builder/dexing/FileBasedClassFileEntry
instanceKlass com/android/builder/dexing/ClassBucketGroupKt
instanceKlass com/android/builder/dexing/ClassFileInput$$Lambda$612
instanceKlass java/util/stream/StreamSpliterators$WrappingSpliterator$$Lambda$611
instanceKlass com/android/builder/dexing/D8DexArchiveBuilder$$Lambda$610
instanceKlass com/android/tools/r8/BaseCompilerCommand$Builder$$Lambda$609
instanceKlass com/android/tools/r8/o
instanceKlass com/android/tools/r8/ProgramResourceProvider
instanceKlass com/android/tools/r8/utils/e$b
instanceKlass com/android/tools/r8/DataResourceProvider$Visitor
instanceKlass com/android/tools/r8/DataResource
instanceKlass com/android/tools/r8/Resource
instanceKlass com/android/tools/r8/v/a/a/a/h/N
instanceKlass com/android/tools/r8/v/a/a/a/h/I
instanceKlass com/android/tools/r8/v/a/a/a/a
instanceKlass com/android/tools/r8/B/a/a/h
instanceKlass com/android/tools/r8/utils/e
instanceKlass com/android/tools/r8/utils/M0
instanceKlass com/android/tools/r8/ClassFileConsumer$ForwardingConsumer
instanceKlass com/android/tools/r8/ClassFileConsumer
instanceKlass com/android/tools/r8/DexFilePerClassFileConsumer$ForwardingConsumer
instanceKlass com/android/tools/r8/DexFilePerClassFileConsumer
instanceKlass com/android/tools/r8/j
instanceKlass com/android/tools/r8/DataResourceConsumer
instanceKlass com/android/tools/r8/DexIndexedConsumer$ForwardingConsumer
instanceKlass com/android/tools/r8/DexIndexedConsumer
instanceKlass com/android/tools/r8/ByteBufferProvider
instanceKlass com/android/tools/r8/ProgramConsumer
instanceKlass com/android/tools/r8/s/a/a/b/N0
instanceKlass com/android/tools/r8/s/a/a/a/E
instanceKlass com/android/tools/r8/s/a/a/a/V
instanceKlass com/android/tools/r8/s/a/a/a/J
instanceKlass com/android/tools/r8/s/a/a/a/D
instanceKlass com/android/tools/r8/s/a/a/b/B
instanceKlass com/android/tools/r8/s/a/a/b/M2
instanceKlass com/android/tools/r8/s/a/a/b/v
instanceKlass com/android/tools/r8/BaseCommand$Builder
instanceKlass com/android/tools/r8/Diagnostic
instanceKlass com/android/tools/r8/b
instanceKlass com/android/tools/r8/BaseCommand
instanceKlass com/android/tools/r8/origin/Origin
instanceKlass java/util/stream/Streams$2
instanceKlass java/util/stream/Streams
instanceKlass java/util/stream/Streams$ConcatSpliterator
instanceKlass com/android/builder/dexing/DirectoryBasedClassFileInput$$Lambda$608
instanceKlass com/android/builder/dexing/DirectoryBasedClassFileInput$$Lambda$607
instanceKlass com/android/builder/dexing/DirectoryBasedClassFileInput$$Lambda$606
instanceKlass java/nio/file/Files$$Lambda$605
instanceKlass java/nio/file/Files$$Lambda$604
instanceKlass java/nio/file/FileTreeIterator
instanceKlass com/android/builder/dexing/ClassBucket$getClassFiles$1
instanceKlass com/android/builder/dexing/ClassFileEntry
instanceKlass com/android/builder/dexing/DirectoryBasedClassFileInput
instanceKlass sun/nio/fs/WindowsFileSystem$2
instanceKlass java/nio/file/PathMatcher
instanceKlass sun/nio/fs/Globs
instanceKlass com/android/builder/dexing/ClassFileInput
instanceKlass com/android/builder/dexing/ClassFileInputs
instanceKlass com/android/builder/dexing/D8DesugarGraphConsumer
instanceKlass com/android/tools/r8/StringConsumer
instanceKlass com/android/builder/dexing/D8DiagnosticsHandler
instanceKlass com/android/tools/r8/DiagnosticsHandler
instanceKlass com/android/builder/dexing/DexParameters
instanceKlass com/android/builder/dexing/DexArchiveBuilder$Companion
instanceKlass com/android/builder/dexing/DexArchiveBuilder
instanceKlass com/android/build/gradle/internal/dexing/DexWorkActionKt$WhenMappings
instanceKlass com/android/build/gradle/internal/dexing/DexWorkActionKt
instanceKlass java/lang/FunctionalInterface
instanceKlass org/gradle/workers/internal/NoIsolationWorkerFactory$1$1
instanceKlass org/gradle/workers/internal/DefaultWorkerServer
instanceKlass org/gradle/api/internal/file/DefaultFileSystemOperations
instanceKlass org/gradle/workers/internal/WorkerPublicServicesBuilder
instanceKlass org/gradle/workers/internal/AdapterWorkParameters$Inject
instanceKlass org/gradle/internal/work/DefaultAsyncWorkTracker$3
instanceKlass com/android/build/gradle/internal/tasks/DexArchiveBuilderTaskDelegate$D8DesugaringCacheInfo
instanceKlass org/gradle/workers/internal/AbstractWorker$Details
instanceKlass org/gradle/workers/internal/ExecuteWorkItemBuildOperationType$Details
instanceKlass org/gradle/workers/internal/AbstractWorker$1
instanceKlass org/gradle/workers/internal/NoIsolationWorkerFactory$1$$Lambda$603
instanceKlass org/gradle/workers/internal/AbstractWorker$Work
instanceKlass org/gradle/workers/internal/AbstractWorker$Result
instanceKlass org/gradle/workers/internal/ExecuteWorkItemBuildOperationType$Result
instanceKlass org/gradle/workers/internal/WorkerProtocol
instanceKlass org/gradle/workers/internal/AbstractWorker
instanceKlass org/gradle/internal/work/DefaultConditionalExecutionQueue$ExecutionRunner$1
instanceKlass org/gradle/internal/work/DefaultConditionalExecutionQueue$ExecutionRunner
instanceKlass org/gradle/workers/internal/DefaultWorkerExecutor$LazyChildWorkerLeaseLock
instanceKlass org/gradle/workers/internal/DefaultWorkerExecutor$$Lambda$602
instanceKlass org/gradle/internal/work/AbstractConditionalExecution
instanceKlass org/gradle/workers/internal/AbstractActionExecutionSpec
instanceKlass org/gradle/workers/internal/AbstractWorkerRequirement
instanceKlass org/gradle/workers/internal/AdapterWorkParameters_Decorated
instanceKlass org/gradle/workers/internal/AdapterWorkAction
instanceKlass org/gradle/workers/internal/ProvidesWorkResult
instanceKlass org/gradle/workers/internal/DefaultWorkerExecutor$DefaultWorkQueue
instanceKlass org/gradle/workers/ProcessWorkerSpec
instanceKlass org/gradle/workers/ClassLoaderWorkerSpec
instanceKlass org/gradle/workers/internal/DefaultWorkerSpec
instanceKlass org/gradle/workers/internal/DefaultWorkerExecutor$$Lambda$601
instanceKlass org/gradle/workers/internal/DefaultWorkerExecutor$1
instanceKlass org/gradle/workers/internal/DefaultWorkerExecutor$$Lambda$600
instanceKlass com/android/build/gradle/internal/tasks/DexArchiveBuilderTaskDelegate$convertToDexArchive$3
instanceKlass com/android/build/gradle/internal/dexing/DexWorkAction
instanceKlass com/android/build/gradle/internal/dexing/DexParametersForWorkers$Companion
instanceKlass com/android/build/gradle/internal/dexing/DexParametersForWorkers
instanceKlass com/android/build/gradle/internal/dexing/IncrementalDexSpec$Companion
instanceKlass com/android/build/gradle/internal/dexing/IncrementalDexSpec
instanceKlass com/android/build/gradle/internal/dexing/DexWorkActionParams$Companion
instanceKlass com/android/build/gradle/internal/dexing/DexWorkActionParams
instanceKlass com/android/builder/dexing/ClassBucket$Companion
instanceKlass com/android/builder/dexing/ClassBucket
instanceKlass com/android/build/gradle/internal/tasks/DexOutputs
instanceKlass com/android/builder/dexing/DirectoryBucketGroup$Companion
instanceKlass com/android/builder/dexing/ClassBucketGroup$Companion
instanceKlass com/android/builder/dexing/ClassBucketGroup
instanceKlass com/android/build/gradle/internal/workeractions/WorkerActionServiceRegistry$registerServiceAsCloseable$3
instanceKlass com/android/build/gradle/internal/workeractions/WorkerActionServiceRegistry$registerServiceAsCloseable$2
instanceKlass com/android/build/gradle/internal/workeractions/WorkerActionServiceRegistry$RegisteredService
instanceKlass com/android/build/gradle/internal/tasks/DexArchiveBuilderTaskDelegate$ClasspathServiceKey
instanceKlass com/android/build/gradle/internal/workeractions/WorkerActionServiceRegistry$ServiceKey
instanceKlass com/android/builder/dexing/r8/ClassFileProviderFactory$OrderedClassFileResourceProvider$$Lambda$599
instanceKlass com/android/builder/dexing/r8/ClassFileProviderFactory$OrderedClassFileResourceProvider
instanceKlass com/android/tools/r8/ClassFileResourceProvider
instanceKlass com/android/builder/dexing/r8/ClassFileProviderFactory
instanceKlass com/google/common/io/Closer$SuppressingSuppressor
instanceKlass com/google/common/io/Closer$Suppressor
instanceKlass com/google/common/io/Closer
instanceKlass com/android/build/gradle/internal/tasks/DexArchiveBuilderTaskDelegateKt
instanceKlass com/android/build/gradle/internal/tasks/DesugarIncrementalHelper$$Lambda$598
instanceKlass com/android/builder/desugaring/DesugaringGraph
instanceKlass com/android/builder/desugaring/DesugaringGraphs
instanceKlass com/android/build/gradle/internal/tasks/DesugarIncrementalHelper$$Lambda$597
instanceKlass com/android/build/gradle/internal/tasks/DesugarIncrementalHelper$$Lambda$596
instanceKlass com/android/build/gradle/internal/tasks/DesugarIncrementalHelper$$Lambda$595
instanceKlass com/android/build/gradle/internal/tasks/DexArchiveBuilderTaskDelegate$desugarIncrementalHelper$1
instanceKlass com/google/common/base/Optional
instanceKlass com/android/build/gradle/internal/tasks/DesugarIncrementalHelper
instanceKlass com/android/ide/common/internal/WaitableExecutor
instanceKlass com/android/build/gradle/internal/tasks/DexArchiveBuilderTaskDelegate$Companion
instanceKlass com/android/build/gradle/internal/tasks/DexArchiveBuilderTaskDelegate
instanceKlass org/gradle/internal/work/DefaultConditionalExecutionQueue
instanceKlass org/gradle/workers/WorkParameters$None
instanceKlass org/gradle/workers/WorkAction
instanceKlass org/gradle/workers/internal/AdapterWorkParameters
instanceKlass org/gradle/workers/WorkParameters
instanceKlass org/gradle/workers/WorkerConfiguration
instanceKlass org/gradle/workers/ForkingWorkerSpec
instanceKlass org/gradle/workers/WorkQueue
instanceKlass org/gradle/workers/internal/WorkerSpecInternal
instanceKlass org/gradle/internal/work/AsyncWorkCompletion
instanceKlass org/gradle/internal/work/ConditionalExecution
instanceKlass org/gradle/workers/WorkerSpec
instanceKlass org/gradle/workers/internal/WorkerRequirement
instanceKlass org/gradle/workers/internal/DefaultWorkerExecutor
instanceKlass org/gradle/workers/internal/NoIsolationWorkerFactory
instanceKlass org/gradle/internal/work/DefaultConditionalExecutionQueueFactory
instanceKlass org/gradle/workers/internal/ClassLoaderStructure
instanceKlass com/android/build/gradle/internal/tasks/DexArchiveBuilderCacheHandler
instanceKlass com/android/build/gradle/internal/dexing/DxDexParameters$Companion
instanceKlass javax/management/MBeanServerInvocationHandler
instanceKlass com/android/ide/common/workers/GradlePluginMBeans
instanceKlass com/android/build/gradle/internal/tasks/Blocks
instanceKlass com/android/build/gradle/internal/tasks/NewIncrementalTask$taskAction$$inlined$recordTaskAction$1
instanceKlass com/android/build/gradle/internal/tasks/Blocks$ThrowingBlockWithReturn
instanceKlass org/gradle/api/internal/tasks/compile/CompileJavaBuildOperationReportingCompiler$Result
instanceKlass org/gradle/api/internal/tasks/compile/incremental/RecompilationNotNecessary
instanceKlass org/gradle/api/internal/tasks/compile/incremental/recomp/IncrementalCompilationResult
instanceKlass org/gradle/api/internal/tasks/compile/incremental/recomp/SourceFileChangeProcessor
instanceKlass it/unimi/dsi/fastutil/ints/IntOpenHashSet$SetIterator
instanceKlass org/gradle/api/internal/tasks/compile/incremental/deps/ClassChanges
instanceKlass org/gradle/api/internal/tasks/compile/incremental/recomp/AbstractRecompilationSpecProvider$1
instanceKlass org/gradle/internal/util/Alignment
instanceKlass org/gradle/api/internal/tasks/compile/incremental/recomp/ClasspathChangeDependentsFinder
instanceKlass org/gradle/api/internal/tasks/compile/incremental/classpath/ClasspathSnapshot
instanceKlass it/unimi/dsi/fastutil/ints/IntIterators$EmptyIterator
instanceKlass it/unimi/dsi/fastutil/ints/IntList
instanceKlass it/unimi/dsi/fastutil/ints/IntListIterator
instanceKlass it/unimi/dsi/fastutil/ints/IntIterators
instanceKlass org/gradle/api/internal/tasks/compile/incremental/asm/ClassRelevancyFilter
instanceKlass org/gradle/api/internal/tasks/compile/incremental/deps/ClassAnalysis
instanceKlass it/unimi/dsi/fastutil/ints/IntBidirectionalIterator
instanceKlass it/unimi/dsi/fastutil/objects/ObjectBidirectionalIterator
instanceKlass it/unimi/dsi/fastutil/BidirectionalIterator
instanceKlass it/unimi/dsi/fastutil/objects/ObjectIterator
instanceKlass it/unimi/dsi/fastutil/ints/IntSets
instanceKlass org/gradle/api/internal/tasks/compile/incremental/analyzer/CachingClassDependenciesAnalyzer$1
instanceKlass org/gradle/api/internal/tasks/compile/incremental/classpath/DefaultClasspathEntrySnapshotter$EntryVisitor
instanceKlass org/gradle/api/internal/tasks/compile/incremental/deps/ClassDependentsAccumulator
instanceKlass org/gradle/api/internal/tasks/compile/incremental/classpath/CachingClasspathEntrySnapshotter$$Lambda$594
instanceKlass java/lang/StrictMath
instanceKlass it/unimi/dsi/fastutil/HashCommon
instanceKlass it/unimi/dsi/fastutil/ints/IntIterator
instanceKlass java/util/PrimitiveIterator$OfInt
instanceKlass java/util/PrimitiveIterator
instanceKlass it/unimi/dsi/fastutil/Hash
instanceKlass org/gradle/internal/serialize/IntSetSerializer
instanceKlass org/gradle/api/internal/tasks/compile/incremental/deps/ClassSetAnalysis
instanceKlass org/gradle/api/internal/tasks/compile/incremental/deps/ClassSetAnalysisData
instanceKlass org/gradle/api/internal/tasks/compile/incremental/deps/DependentsSet
instanceKlass org/gradle/api/internal/tasks/compile/incremental/classpath/DefaultClasspathEntrySnapshotCache$$Lambda$593
instanceKlass org/gradle/api/internal/tasks/compile/incremental/classpath/ClasspathEntrySnapshotData
instanceKlass org/gradle/api/internal/tasks/compile/incremental/classpath/DefaultClasspathEntrySnapshotCache$$Lambda$592
instanceKlass org/gradle/api/internal/tasks/compile/incremental/classpath/CachingClasspathEntrySnapshotter$$Lambda$591
instanceKlass org/gradle/api/internal/tasks/compile/incremental/classpath/ClasspathEntrySnapshot
instanceKlass org/gradle/api/internal/tasks/compile/incremental/classpath/ClasspathSnapshotFactory$CreateSnapshot
instanceKlass org/gradle/api/internal/tasks/compile/incremental/classpath/ClasspathSnapshotFactory$1
instanceKlass org/gradle/api/internal/tasks/compile/incremental/recomp/ClasspathEntryChangeProcessor
instanceKlass org/gradle/api/internal/tasks/compile/incremental/recomp/RecompilationSpec
instanceKlass org/gradle/api/internal/tasks/compile/incremental/recomp/CurrentCompilation
instanceKlass org/gradle/api/internal/tasks/compile/CompileJavaBuildOperationReportingCompiler$2
instanceKlass org/gradle/api/internal/tasks/compile/CompileJavaBuildOperationReportingCompiler$1
instanceKlass org/gradle/api/internal/tasks/compile/CompileJavaBuildOperationType$Details
instanceKlass org/gradle/api/internal/tasks/compile/CompileJavaBuildOperationReportingCompiler
instanceKlass org/gradle/api/internal/tasks/compile/incremental/IncrementalResultStoringCompiler
instanceKlass org/gradle/api/internal/tasks/compile/incremental/SelectiveCompiler
instanceKlass it/unimi/dsi/fastutil/ints/IntSet
instanceKlass it/unimi/dsi/fastutil/ints/IntCollection
instanceKlass it/unimi/dsi/fastutil/ints/IntIterable
instanceKlass org/gradle/api/internal/tasks/compile/incremental/recomp/PreviousCompilation
instanceKlass org/gradle/api/internal/tasks/compile/incremental/recomp/PreviousCompilationData
instanceKlass org/gradle/api/internal/tasks/compile/incremental/processing/AnnotationProcessingData
instanceKlass org/gradle/api/internal/tasks/compile/incremental/classpath/ClasspathSnapshotData
instanceKlass org/gradle/api/internal/tasks/compile/incremental/IncrementalCompilerDecorator
instanceKlass org/gradle/api/internal/tasks/compile/incremental/recomp/PreviousCompilationOutputAnalyzer
instanceKlass org/gradle/api/internal/tasks/compile/incremental/classpath/ClasspathSnapshotFactory
instanceKlass org/gradle/api/internal/tasks/compile/incremental/classpath/ClasspathSnapshotMaker
instanceKlass org/gradle/api/internal/tasks/compile/incremental/classpath/ClasspathSnapshotProvider
instanceKlass org/gradle/api/internal/tasks/compile/incremental/classpath/DefaultClasspathEntrySnapshotter
instanceKlass org/gradle/api/internal/tasks/compile/incremental/classpath/CachingClasspathEntrySnapshotter
instanceKlass org/gradle/api/internal/tasks/compile/incremental/analyzer/DefaultClassDependenciesAnalyzer
instanceKlass org/gradle/api/internal/tasks/compile/incremental/analyzer/CachingClassDependenciesAnalyzer
instanceKlass org/gradle/api/internal/tasks/compile/incremental/IncrementalCompilerFactory$$Lambda$590
instanceKlass org/gradle/api/internal/tasks/compile/incremental/IncrementalCompilerFactory$1
instanceKlass org/gradle/api/internal/tasks/compile/incremental/recomp/PreviousCompilationStore
instanceKlass org/gradle/cache/internal/Stash
instanceKlass org/gradle/cache/internal/Loader
instanceKlass org/gradle/api/tasks/compile/JavaCompile$$Lambda$589
instanceKlass org/gradle/api/internal/tasks/compile/incremental/recomp/AbstractRecompilationSpecProvider
instanceKlass org/gradle/language/base/internal/compile/CompilerUtil
instanceKlass org/gradle/api/internal/tasks/compile/NormalizingJavaCompiler
instanceKlass org/gradle/api/internal/tasks/compile/AnnotationProcessorDiscoveringCompiler
instanceKlass javax/tools/JavaCompiler$CompilationTask
instanceKlass org/gradle/api/internal/tasks/compile/JdkJavaCompiler
instanceKlass org/gradle/api/internal/tasks/AbstractJavaToolChain$JavaToolProvider
instanceKlass org/gradle/api/internal/tasks/compile/incremental/classpath/ClasspathEntrySnapshotter
instanceKlass org/gradle/api/internal/tasks/compile/incremental/analyzer/ClassDependenciesAnalyzer
instanceKlass org/gradle/api/internal/tasks/compile/incremental/cache/TaskScopedCompileCaches
instanceKlass org/gradle/api/internal/tasks/compile/incremental/classpath/SplitClasspathEntrySnapshotCache
instanceKlass org/gradle/api/internal/tasks/compile/incremental/analyzer/ClassAnalysisCache
instanceKlass org/gradle/cache/internal/MinimalPersistentCache
instanceKlass org/gradle/api/internal/tasks/compile/incremental/classpath/DefaultClasspathEntrySnapshotCache
instanceKlass org/gradle/api/internal/tasks/compile/incremental/classpath/ClasspathEntrySnapshotCache
instanceKlass org/gradle/api/internal/tasks/compile/incremental/recomp/CompilationSourceDirs$SourceRoots
instanceKlass org/gradle/api/internal/tasks/compile/incremental/recomp/CompilationSourceDirs
instanceKlass org/gradle/internal/Transformers$ToStringTransformer
instanceKlass org/gradle/api/internal/tasks/compile/MinimalJavaCompileOptions
instanceKlass org/gradle/api/internal/tasks/compile/ForkingJavaCompileSpec
instanceKlass org/gradle/api/internal/tasks/compile/CommandLineJavaCompileSpec
instanceKlass org/gradle/api/internal/tasks/compile/AbstractJavaCompileSpecFactory
instanceKlass com/google/common/collect/MapMakerInternalMap$WeakKeyStrongValueEntry$Helper
instanceKlass com/google/common/collect/Ordering$ArbitraryOrderingHolder
instanceKlass com/google/common/primitives/Booleans
instanceKlass com/google/common/collect/ComparisonChain
instanceKlass org/gradle/api/internal/tasks/compile/Member
instanceKlass org/gradle/api/internal/tasks/compile/ApiClassExtractor
instanceKlass com/google/common/collect/ImmutableList$SerializedForm
instanceKlass org/gradle/internal/execution/steps/SkipUpToDateStep$2
instanceKlass org/gradle/internal/execution/history/impl/DefaultOutputFilesRepository$1
instanceKlass com/google/common/collect/Maps$9
instanceKlass org/gradle/internal/execution/history/impl/DefaultExecutionHistoryStore$$Lambda$588
instanceKlass java/lang/invoke/LambdaForm$MH
instanceKlass org/gradle/internal/execution/steps/StoreExecutionStateStep$$Lambda$587
instanceKlass java/lang/invoke/LambdaForm$MH
instanceKlass org/gradle/internal/execution/steps/StoreExecutionStateStep$$Lambda$586
instanceKlass org/gradle/internal/execution/steps/SnapshotOutputsStep$1
instanceKlass org/gradle/internal/execution/steps/SnapshotOutputsStep$Operation$Result$1
instanceKlass org/gradle/internal/execution/steps/SnapshotOutputsStep$Operation$Result
instanceKlass java/lang/invoke/LambdaForm$MH
instanceKlass java/lang/invoke/LambdaForm$DMH
instanceKlass java/lang/invoke/LambdaForm$DMH
instanceKlass org/gradle/api/internal/tasks/execution/ExecuteActionsTaskExecuter$TaskExecution$$Lambda$585
instanceKlass java/lang/invoke/LambdaForm$DMH
instanceKlass org/gradle/internal/execution/steps/SnapshotOutputsStep$$Lambda$584
instanceKlass org/gradle/internal/execution/steps/SnapshotOutputsStep$$Lambda$583
instanceKlass org/gradle/internal/execution/steps/SnapshotOutputsStep$$Lambda$582
instanceKlass org/gradle/internal/execution/steps/SnapshotOutputsStep$Operation$Details$1
instanceKlass org/gradle/internal/execution/steps/SnapshotOutputsStep$Operation$Details
instanceKlass org/gradle/internal/execution/steps/SnapshotOutputsStep$$Lambda$581
instanceKlass org/gradle/internal/execution/steps/ExecuteStep$$Lambda$580
instanceKlass java/lang/invoke/LambdaForm$MH
instanceKlass org/gradle/internal/execution/steps/ExecuteStep$$Lambda$579
instanceKlass org/gradle/internal/execution/steps/ExecuteStep$1
instanceKlass org/jetbrains/kotlin/gradle/tasks/TasksUtilsKt$WhenMappings
instanceKlass org/jetbrains/kotlin/gradle/tasks/TasksUtilsKt
instanceKlass org/jetbrains/kotlin/compilerRunner/ReportUtilsKt
instanceKlass org/jetbrains/kotlin/daemon/common/CompileIterationResult$Companion
instanceKlass org/jetbrains/kotlin/daemon/common/CompileIterationResult
instanceKlass org/jetbrains/kotlin/gradle/logging/GradleBufferingMessageCollector$MessageData
instanceKlass org/jetbrains/kotlin/daemon/client/BasicCompilerServicesWithResultsFacadeServerKt$WhenMappings
instanceKlass org/jetbrains/kotlin/daemon/client/BasicCompilerServicesWithResultsFacadeServerKt
instanceKlass org/jetbrains/kotlin/compilerRunner/GradleCompilerServicesFacadeImpl$WhenMappings
instanceKlass sun/rmi/server/DeserializationChecker
instanceKlass sun/rmi/transport/SequenceEntry
instanceKlass sun/rmi/transport/DGCImpl$1
instanceKlass sun/rmi/transport/DGCImpl$LeaseInfo
instanceKlass sun/rmi/server/UnicastServerRef$1
instanceKlass sun/rmi/transport/Transport$1
instanceKlass sun/rmi/transport/Transport$$Lambda$578
instanceKlass sun/rmi/transport/tcp/TCPTransport$ConnectionHandler$$Lambda$577
instanceKlass sun/rmi/transport/tcp/TCPTransport$ConnectionHandler
instanceKlass sun/rmi/transport/DGCAckHandler$1
instanceKlass sun/rmi/transport/DGCAckHandler
instanceKlass sun/rmi/server/UnicastServerRef$HashToMethod_Maps$1
instanceKlass sun/rmi/transport/ObjectTable$Reaper
instanceKlass sun/rmi/transport/tcp/TCPTransport$AcceptLoop
instanceKlass sun/rmi/server/Util$1
instanceKlass org/jetbrains/kotlin/daemon/common/LoopbackNetworkInterface$ServerLoopbackSocketFactory
instanceKlass org/jetbrains/kotlin/daemon/common/IncrementalCompilerServicesFacade
instanceKlass org/jetbrains/kotlin/daemon/common/IncrementalCompilationOptions$Companion
instanceKlass org/jetbrains/kotlin/daemon/common/ReportSeverity$Companion
instanceKlass org/jetbrains/kotlin/daemon/common/ReportCategory$Companion
instanceKlass org/jetbrains/kotlin/gradle/logging/GradleBufferingMessageCollector
instanceKlass org/jetbrains/kotlin/cli/common/messages/MessageCollector$Companion$NONE$1
instanceKlass org/jetbrains/kotlin/cli/common/messages/MessageCollector$Companion
instanceKlass org/jetbrains/kotlin/gradle/logging/GradlePrintingMessageCollector$WhenMappings
instanceKlass org/jetbrains/kotlin/cli/common/messages/GradleStyleMessageRenderer$WhenMappings
instanceKlass org/jetbrains/kotlin/cli/common/messages/MessageCollector$DefaultImpls
instanceKlass org/jetbrains/kotlin/compilerRunner/KotlinCompilerRunnerUtils$WhenMappings
instanceKlass org/jetbrains/kotlin/daemon/client/CompileServiceSession
instanceKlass sun/rmi/transport/DGCClient$EndpointEntry$RenewCleanThread$1
instanceKlass sun/rmi/server/WeakClassHashMap$ValueCell
instanceKlass org/jetbrains/kotlin/daemon/common/DaemonWithMetadata
instanceKlass sun/rmi/transport/ObjectEndpoint
instanceKlass sun/rmi/transport/ObjectTable
instanceKlass sun/rmi/transport/Target
instanceKlass sun/rmi/transport/DGCImpl$2$1
instanceKlass sun/rmi/transport/DGCImpl_Skel
instanceKlass java/rmi/server/Skeleton
instanceKlass sun/rmi/transport/DGCImpl$2$$Lambda$576
instanceKlass sun/rmi/server/Dispatcher
instanceKlass java/rmi/server/ServerRef
instanceKlass sun/rmi/transport/DGCImpl$2
instanceKlass java/lang/invoke/LambdaForm$MH
instanceKlass sun/rmi/transport/DGCImpl$$Lambda$575
instanceKlass sun/rmi/transport/DGCClient$EndpointEntry$1
instanceKlass java/util/ResourceBundle$Control$1
instanceKlass java/util/logging/Logger$1
instanceKlass java/io/ObjectInputStream$Logging
instanceKlass java/io/ObjectInputStream$FilterValues
instanceKlass java/lang/invoke/LambdaForm$MH
instanceKlass sun/rmi/transport/StreamRemoteCall$$Lambda$574
instanceKlass sun/rmi/transport/DGCImpl_Stub$$Lambda$573
instanceKlass sun/misc/ObjectInputFilter$FilterInfo
instanceKlass java/rmi/dgc/Lease
instanceKlass sun/rmi/transport/DGCClient$EndpointEntry$RefEntry
instanceKlass sun/misc/GC$Daemon$1
instanceKlass sun/misc/GC$LatencyRequest
instanceKlass sun/misc/GC$LatencyLock
instanceKlass sun/misc/GC
instanceKlass sun/rmi/transport/DGCClient$EndpointEntry$RenewCleanThread
instanceKlass sun/rmi/transport/DGCImpl
instanceKlass java/rmi/dgc/DGC
instanceKlass sun/rmi/transport/DGCClient$EndpointEntry
instanceKlass java/rmi/dgc/VMID
instanceKlass sun/rmi/transport/DGCClient
instanceKlass sun/rmi/runtime/NewThreadAction$2
instanceKlass sun/rmi/runtime/NewThreadAction$1
instanceKlass sun/rmi/runtime/NewThreadAction
instanceKlass sun/rmi/transport/tcp/TCPChannel$1
instanceKlass java/rmi/server/RemoteObjectInvocationHandler$1
instanceKlass sun/rmi/server/WeakClassHashMap
instanceKlass org/jetbrains/kotlin/daemon/common/CompilationOptions$Companion
instanceKlass org/jetbrains/kotlin/cli/common/repl/ReplCodeLine$Companion
instanceKlass org/jetbrains/kotlin/daemon/common/CompileService$Companion
instanceKlass org/jetbrains/kotlin/daemon/common/RemoteInputStream
instanceKlass org/jetbrains/kotlin/cli/common/repl/ReplCodeLine
instanceKlass org/jetbrains/kotlin/daemon/common/RemoteOperationsTracer
instanceKlass org/jetbrains/kotlin/daemon/common/RemoteOutputStream
instanceKlass org/jetbrains/kotlin/daemon/common/CompilerCallbackServicesFacade
instanceKlass org/jetbrains/kotlin/daemon/common/CompilationResults
instanceKlass org/jetbrains/kotlin/daemon/common/CompilerServicesFacadeBase
instanceKlass org/jetbrains/kotlin/daemon/common/CompilationOptions
instanceKlass org/jetbrains/kotlin/daemon/common/CompileService$CallResult
instanceKlass org/jetbrains/kotlin/daemon/common/CompileService
instanceKlass sun/rmi/server/LoaderHandler
instanceKlass java/rmi/server/RMIClassLoader$1
instanceKlass java/rmi/server/RMIClassLoaderSpi
instanceKlass java/rmi/server/RMIClassLoader
instanceKlass java/rmi/activation/ActivationGroupDesc
instanceKlass java/rmi/activation/ActivationMonitor
instanceKlass java/rmi/activation/ActivationID
instanceKlass java/rmi/activation/ActivationDesc
instanceKlass java/rmi/activation/ActivationInstantiator
instanceKlass java/rmi/activation/ActivationGroupID
instanceKlass java/rmi/activation/ActivationSystem
instanceKlass sun/rmi/server/MarshalOutputStream$1
instanceKlass sun/rmi/transport/StreamRemoteCall
instanceKlass java/rmi/server/RemoteCall
instanceKlass java/net/Socket$2
instanceKlass sun/rmi/transport/proxy/RMISocketInfo
instanceKlass java/net/Socket$3
instanceKlass sun/rmi/transport/tcp/TCPConnection
instanceKlass sun/rmi/transport/Connection
instanceKlass sun/net/spi/DefaultProxySelector$3
instanceKlass sun/net/spi/DefaultProxySelector$NonProxyInfo
instanceKlass sun/net/NetProperties$1
instanceKlass sun/net/NetProperties
instanceKlass sun/net/spi/DefaultProxySelector$1
instanceKlass java/net/ProxySelector
instanceKlass java/net/SocksSocketImpl$3
instanceKlass sun/rmi/runtime/RuntimeUtil$1
instanceKlass sun/rmi/runtime/RuntimeUtil
instanceKlass sun/rmi/runtime/RuntimeUtil$GetInstanceAction
instanceKlass sun/rmi/transport/tcp/TCPChannel
instanceKlass sun/rmi/transport/Channel
instanceKlass java/rmi/server/Operation
instanceKlass java/rmi/server/RemoteObject
instanceKlass java/rmi/registry/Registry
instanceKlass java/rmi/Remote
instanceKlass sun/rmi/server/Util
instanceKlass sun/rmi/server/UnicastRef
instanceKlass java/rmi/server/RemoteRef
instanceKlass java/rmi/server/RMISocketFactory
instanceKlass java/rmi/server/RMIServerSocketFactory
instanceKlass sun/rmi/transport/tcp/TCPTransport$1
instanceKlass sun/security/action/GetLongAction
instanceKlass sun/security/action/GetIntegerAction
instanceKlass sun/util/logging/LoggingSupport$2
instanceKlass java/util/logging/Formatter
instanceKlass sun/rmi/runtime/Log$LoggerLog$1
instanceKlass sun/rmi/runtime/Log$LoggerLogFactory
instanceKlass sun/rmi/runtime/Log$LogFactory
instanceKlass sun/rmi/runtime/Log
instanceKlass sun/rmi/transport/Transport
instanceKlass sun/rmi/transport/tcp/TCPEndpoint
instanceKlass sun/rmi/transport/Endpoint
instanceKlass java/rmi/server/UID
instanceKlass java/rmi/server/ObjID
instanceKlass sun/rmi/transport/LiveRef
instanceKlass java/rmi/registry/LocateRegistry
instanceKlass org/jetbrains/kotlin/daemon/common/LoopbackNetworkInterface$AbstractClientLoopbackSocketFactory
instanceKlass java/rmi/server/RMIClientSocketFactory
instanceKlass org/jetbrains/kotlin/daemon/common/LoopbackNetworkInterface
instanceKlass kotlin/io/LinesSequence$iterator$1
instanceKlass kotlin/io/LinesSequence
instanceKlass kotlin/concurrent/ThreadsKt
instanceKlass java/util/concurrent/Semaphore
instanceKlass java/lang/ProcessImpl$2
instanceKlass net/rubygrapefruit/platform/internal/jni/WindowsHandleFunctions
instanceKlass net/rubygrapefruit/platform/internal/FunctionResult
instanceKlass net/rubygrapefruit/platform/internal/DefaultProcessLauncher
instanceKlass net/rubygrapefruit/platform/internal/WindowsProcessLauncher
instanceKlass net/rubygrapefruit/platform/internal/WrapperProcessLauncher
instanceKlass net/rubygrapefruit/platform/Terminals
instanceKlass net/rubygrapefruit/platform/WindowsFiles
instanceKlass net/rubygrapefruit/platform/Files
instanceKlass net/rubygrapefruit/platform/internal/jni/NativeLibraryFunctions
instanceKlass net/rubygrapefruit/platform/internal/LibraryDef
instanceKlass net/rubygrapefruit/platform/internal/NativeLibraryLocator
instanceKlass net/rubygrapefruit/platform/internal/NativeLibraryLoader
instanceKlass net/rubygrapefruit/platform/Process
instanceKlass net/rubygrapefruit/platform/internal/Platform
instanceKlass net/rubygrapefruit/platform/Native
instanceKlass net/rubygrapefruit/platform/ProcessLauncher
instanceKlass net/rubygrapefruit/platform/NativeIntegration
instanceKlass org/jetbrains/kotlin/daemon/client/NativePlatformLauncherWrapper
instanceKlass org/jetbrains/kotlin/daemon/client/NativePlatformUtilKt
instanceKlass java/lang/ProcessBuilder
instanceKlass org/jetbrains/kotlin/daemon/client/DaemonReportMessage
instanceKlass org/jetbrains/kotlin/daemon/client/KotlinCompilerClientKt
instanceKlass org/jetbrains/kotlin/daemon/client/KotlinCompilerClient$tryFindSuitableDaemonOrNewOpts$$inlined$thenBy$1
instanceKlass org/jetbrains/kotlin/daemon/common/FileAgeComparator
instanceKlass org/jetbrains/kotlin/daemon/client/KotlinCompilerClient$tryFindSuitableDaemonOrNewOpts$$inlined$compareBy$1
instanceKlass org/jetbrains/kotlin/daemon/common/DaemonJVMOptionsMemoryComparator
instanceKlass org/jetbrains/kotlin/daemon/common/ClientUtilsKt
instanceKlass org/jetbrains/kotlin/daemon/common/NetworkUtilsKt
instanceKlass org/jetbrains/kotlin/daemon/client/KotlinCompilerClient
instanceKlass org/jetbrains/kotlin/daemon/common/Profiler$DefaultImpls
instanceKlass org/jetbrains/kotlin/daemon/common/DummyProfiler
instanceKlass org/jetbrains/kotlin/daemon/common/Profiler
instanceKlass org/jetbrains/kotlin/daemon/client/DaemonReportingTargets
instanceKlass org/jetbrains/kotlin/daemon/common/PropMapper
instanceKlass org/jetbrains/kotlin/daemon/common/DaemonJVMOptions
instanceKlass org/jetbrains/kotlin/daemon/common/FileSystemUtilsKt
instanceKlass org/jetbrains/kotlin/daemon/common/FileSystem$WhenMappings
instanceKlass org/jetbrains/kotlin/daemon/common/OSKind$Companion
instanceKlass org/jetbrains/kotlin/daemon/common/FileSystem
instanceKlass org/jetbrains/kotlin/daemon/common/DaemonOptions
instanceKlass org/jetbrains/kotlin/daemon/common/DaemonParamsKt
instanceKlass org/jetbrains/kotlin/compilerRunner/KotlinCompilerRunnerUtils
instanceKlass org/jetbrains/kotlin/daemon/common/CompilerId$Companion
instanceKlass org/jetbrains/kotlin/daemon/common/CompilerId
instanceKlass org/jetbrains/kotlin/daemon/common/OptionsGroup
instanceKlass org/jetbrains/kotlin/compilerRunner/GradleKotlinCompilerRunnerKt
instanceKlass org/jetbrains/kotlin/compilerRunner/GradleKotlinCompilerWork$Companion
instanceKlass org/jetbrains/kotlin/compilerRunner/GradleKotlinCompilerWork
instanceKlass kotlin/collections/CharIterator
instanceKlass kotlin/ranges/CharRange$Companion
instanceKlass kotlin/ranges/CharProgression$Companion
instanceKlass kotlin/ranges/CharProgression
instanceKlass org/jetbrains/kotlin/compilerRunner/ProjectFilesForCompilation$Companion
instanceKlass org/jetbrains/kotlin/compilerRunner/ProjectFilesForCompilation
instanceKlass org/jetbrains/kotlin/compilerRunner/GradleKotlinCompilerWorkArguments$Companion
instanceKlass org/jetbrains/kotlin/compilerRunner/GradleKotlinCompilerWorkArguments
instanceKlass org/jetbrains/kotlin/incremental/IncrementalModuleInfo$Companion
instanceKlass org/jetbrains/kotlin/incremental/IncrementalModuleInfo
instanceKlass org/jetbrains/kotlin/incremental/IncrementalModuleEntry$Companion
instanceKlass org/jetbrains/kotlin/incremental/IncrementalModuleEntry
instanceKlass org/jetbrains/kotlin/compilerRunner/ArgumentUtils$$Lambda$572
instanceKlass org/jetbrains/kotlin/utils/StringsKt
instanceKlass org/jetbrains/kotlin/cli/common/arguments/ParseCommandLineArgumentsKt
instanceKlass kotlin/reflect/jvm/ReflectJvmMapping
instanceKlass kotlin/reflect/jvm/internal/KTypeImpl
instanceKlass kotlin/reflect/full/KClasses
instanceKlass org/jetbrains/kotlin/compilerRunner/ArgumentUtils
instanceKlass org/jetbrains/kotlin/config/Services$Builder
instanceKlass org/jetbrains/kotlin/config/Services$Companion
instanceKlass org/jetbrains/kotlin/config/Services
instanceKlass org/jetbrains/kotlin/compilerRunner/CompilerEnvironment
instanceKlass org/jetbrains/kotlin/daemon/common/MultiModuleICSettings$Companion
instanceKlass org/jetbrains/kotlin/gradle/tasks/TasksKt$sam$org_gradle_api_Action$0
instanceKlass kotlin/jvm/internal/Ref$ObjectRef
instanceKlass org/jetbrains/kotlin/compilerRunner/IncrementalCompilationEnvironment$Companion
instanceKlass org/jetbrains/kotlin/compilerRunner/IncrementalCompilationEnvironment
instanceKlass org/jetbrains/kotlin/compilerRunner/OutputItemsCollectorImpl
instanceKlass org/jetbrains/kotlin/compilerRunner/OutputItemsCollector
instanceKlass org/jetbrains/kotlin/cli/common/messages/GradleStyleMessageRenderer
instanceKlass org/jetbrains/kotlin/cli/common/messages/MessageRenderer
instanceKlass org/jetbrains/kotlin/gradle/logging/GradlePrintingMessageCollector
instanceKlass org/jetbrains/kotlin/incremental/ChangedFiles$Companion
instanceKlass org/jetbrains/kotlin/gradle/incremental/ChangedFilesKt$ChangedFiles$2
instanceKlass org/jetbrains/kotlin/gradle/incremental/ChangedFilesKt$ChangedFiles$1
instanceKlass org/jetbrains/kotlin/gradle/incremental/ChangedFilesKt
instanceKlass org/jetbrains/kotlin/gradle/tasks/SourceRoots$sam$org_gradle_api_specs_Spec$0
