JvmtiExport can_access_local_variables 0
JvmtiExport can_hotswap_or_post_breakpoint 0
JvmtiExport can_post_on_exceptions 0
# 288 ciObject found
instanceKlass org/gradle/internal/operations/BuildOperationDescriptor$1
instanceKlass com/google/protobuf/ByteString$CodedBuilder
instanceKlass com/google/protobuf/Utf8$Processor
instanceKlass com/google/protobuf/Utf8
instanceKlass com/google/protobuf/WireFormat
instanceKlass com/google/protobuf/UnsafeUtil$1
instanceKlass com/google/protobuf/UnsafeUtil$MemoryAccessor
instanceKlass com/google/protobuf/UnsafeUtil
instanceKlass com/google/protobuf/Writer
instanceKlass com/google/protobuf/ByteOutput
instanceKlass com/google/protobuf/ByteString$2
instanceKlass com/google/protobuf/ByteString$ArraysByteArrayCopier
instanceKlass com/google/protobuf/Android
instanceKlass com/google/protobuf/ByteString$ByteIterator
instanceKlass com/google/protobuf/ByteString$ByteArrayCopier
instanceKlass com/google/wireless/android/play/playlog/proto/ClientAnalytics$LogEventOrBuilder
instanceKlass com/google/wireless/android/sdk/stats/AndroidStudioEvent$EventKind$1
instanceKlass com/google/wireless/android/sdk/stats/AndroidStudioEvent$EventCategory$1
instanceKlass com/google/wireless/android/sdk/stats/IntellijProjectSizeStatsOrBuilder
instanceKlass com/google/wireless/android/sdk/stats/GradleSyncIssueOrBuilder
instanceKlass org/gradle/internal/remote/internal/inet/SocketConnection$1
instanceKlass com/google/wireless/android/sdk/stats/AndroidStudioEvent$1
instanceKlass com/google/wireless/android/sdk/stats/DesignEditorHelpPanelEventOrBuilder
instanceKlass com/google/wireless/android/sdk/stats/AndroidCppExtensionEventOrBuilder
instanceKlass com/google/wireless/android/sdk/stats/BuildAttributionUiEventOrBuilder
instanceKlass com/google/wireless/android/sdk/stats/EditorCompletionStatsOrBuilder
instanceKlass com/google/wireless/android/sdk/stats/BuildAttributionStatsOrBuilder
instanceKlass com/google/wireless/android/sdk/stats/DynamicLayoutInspectorEventOrBuilder
instanceKlass com/google/wireless/android/sdk/stats/MotionLayoutEditorEventOrBuilder
instanceKlass com/google/wireless/android/sdk/stats/DefaultActivityLocatorStatsOrBuilder
instanceKlass com/google/wireless/android/sdk/stats/WhatsNewAssistantUpdateEventOrBuilder
instanceKlass com/google/wireless/android/sdk/stats/GradlePluginDslUsageStatsOrBuilder
instanceKlass com/google/wireless/android/sdk/stats/BuildOutputWindowStatsOrBuilder
instanceKlass com/google/wireless/android/sdk/stats/StudioUpdateFlowEventOrBuilder
instanceKlass com/google/wireless/android/sdk/stats/WindowsDefenderStatusOrBuilder
instanceKlass com/google/wireless/android/sdk/stats/EditorHighlightingStatsOrBuilder
instanceKlass com/google/wireless/android/sdk/stats/StudioPatchUpdaterEventOrBuilder
instanceKlass com/google/wireless/android/sdk/stats/GradlePluginUpgradeDialogStatsOrBuilder
instanceKlass com/google/wireless/android/sdk/stats/StudioToolWindowActionStatsOrBuilder
instanceKlass com/google/wireless/android/sdk/stats/IntellijIndexingStatsOrBuilder
instanceKlass com/google/wireless/android/sdk/stats/WhatsNewAssistantEventOrBuilder
instanceKlass com/google/wireless/android/sdk/stats/ConnectionAssistantEventOrBuilder
instanceKlass com/google/wireless/android/sdk/stats/AndroidProfilerDbStatsOrBuilder
instanceKlass com/google/wireless/android/sdk/stats/LldbSessionEndDetailsOrBuilder
instanceKlass com/google/wireless/android/sdk/stats/LldbSessionStartDetailsOrBuilder
instanceKlass com/google/wireless/android/sdk/stats/EmulatorPerformanceStatsOrBuilder
instanceKlass com/google/wireless/android/sdk/stats/AppLinksAssistantEventOrBuilder
instanceKlass com/google/wireless/android/sdk/stats/FirebaseContextDetailsOrBuilder
instanceKlass com/google/wireless/android/sdk/stats/StudioPerformanceStatsOrBuilder
instanceKlass com/google/wireless/android/sdk/stats/MemorySettingsEventOrBuilder
instanceKlass com/google/wireless/android/sdk/stats/IdePluginInfoOrBuilder
instanceKlass com/google/wireless/android/sdk/stats/ResourceManagerEventOrBuilder
instanceKlass com/google/wireless/android/sdk/stats/TypingLatencyStatsOrBuilder
instanceKlass com/google/wireless/android/sdk/stats/DataBindingEventOrBuilder
instanceKlass com/google/wireless/android/sdk/stats/DialogStatsOrBuilder
instanceKlass com/google/wireless/android/sdk/stats/NavEditorEventOrBuilder
instanceKlass com/google/wireless/android/sdk/stats/RunEventOrBuilder
instanceKlass com/google/wireless/android/sdk/stats/UserSentimentOrBuilder
instanceKlass com/google/wireless/android/sdk/stats/JniInspectionEventOrBuilder
instanceKlass com/google/wireless/android/sdk/stats/PSDEventOrBuilder
instanceKlass com/google/wireless/android/sdk/stats/StudioRunEventOrBuilder
instanceKlass com/google/wireless/android/sdk/stats/LintActionOrBuilder
instanceKlass com/google/wireless/android/sdk/stats/LintSessionOrBuilder
instanceKlass com/google/wireless/android/sdk/stats/CppHeadersViewEventOrBuilder
instanceKlass com/google/wireless/android/sdk/stats/CMakeEditingEventOrBuilder
instanceKlass com/google/wireless/android/sdk/stats/OomDialogEventOrBuilder
instanceKlass com/google/wireless/android/sdk/stats/KotlinSupportOrBuilder
instanceKlass com/google/wireless/android/sdk/stats/LayoutInspectorEventOrBuilder
instanceKlass com/google/wireless/android/sdk/stats/MultiViewEventOrBuilder
instanceKlass com/google/wireless/android/sdk/stats/ImportSampleEventOrBuilder
instanceKlass com/google/wireless/android/sdk/stats/ComposeSampleEventOrBuilder
instanceKlass com/google/wireless/android/sdk/stats/ApkDebugProjectOrBuilder
instanceKlass com/google/wireless/android/sdk/stats/GradleSyncStatsOrBuilder
instanceKlass com/google/wireless/android/sdk/stats/ApkAnalyzerStatsOrBuilder
instanceKlass com/google/wireless/android/sdk/stats/AndroidProfilerEventOrBuilder
instanceKlass com/google/wireless/android/sdk/stats/AdbAssistantStatsOrBuilder
instanceKlass com/google/wireless/android/sdk/stats/LayoutEditorEventOrBuilder
instanceKlass com/google/wireless/android/sdk/stats/StudioProjectChangeOrBuilder
instanceKlass com/google/wireless/android/sdk/stats/LldbPerformanceStatsOrBuilder
instanceKlass com/google/wireless/android/sdk/stats/JvmDetailsOrBuilder
instanceKlass com/google/wireless/android/sdk/stats/MachineDetailsOrBuilder
instanceKlass com/google/wireless/android/sdk/stats/UIActionStatsOrBuilder
instanceKlass com/google/wireless/android/sdk/stats/TestRecorderDetailsOrBuilder
instanceKlass com/google/wireless/android/sdk/stats/GfxTracingDetailsOrBuilder
instanceKlass com/google/wireless/android/sdk/stats/FirebaseErrorDetailsOrBuilder
instanceKlass com/google/wireless/android/sdk/stats/LLDBFrontendDetailsOrBuilder
instanceKlass com/google/wireless/android/sdk/stats/EmulatorHostOrBuilder
instanceKlass com/google/wireless/android/sdk/stats/HypervisorOrBuilder
instanceKlass com/google/wireless/android/sdk/stats/EmulatorUiEventOrBuilder
instanceKlass com/google/wireless/android/sdk/stats/TestRunOrBuilder
instanceKlass com/google/wireless/android/sdk/stats/EmulatorDetailsOrBuilder
instanceKlass com/google/wireless/android/sdk/stats/MetaMetricsOrBuilder
instanceKlass com/google/wireless/android/sdk/stats/InstantRunOrBuilder
instanceKlass com/google/wireless/android/sdk/stats/GradleBuildDetailsOrBuilder
instanceKlass com/google/wireless/android/sdk/stats/StudioCrashOrBuilder
instanceKlass com/google/wireless/android/sdk/stats/DeviceInfoOrBuilder
instanceKlass com/google/wireless/android/sdk/stats/ProductDetailsOrBuilder
instanceKlass com/google/wireless/android/sdk/stats/AndroidStudioEventOrBuilder
instanceKlass org/gradle/internal/work/DefaultWorkerLeaseService$1
instanceKlass org/gradle/tooling/internal/provider/SessionScopeBuildActionExecuter$1
instanceKlass org/gradle/cache/internal/DefaultCleanupProgressMonitor
instanceKlass org/gradle/cache/internal/VersionSpecificCacheCleanupAction
instanceKlass com/google/common/cache/LocalCache$WriteThroughEntry
instanceKlass com/google/common/cache/LocalCache$HashIterator
instanceKlass org/gradle/workers/internal/WorkerDaemonClientsManager$StopSessionScopedWorkers$$Lambda$1028
instanceKlass org/gradle/execution/PassThruCancellableOperationManager
instanceKlass com/android/builder/profile/ProcessProfileWriterFactory$$Lambda$1027
instanceKlass com/sun/jmx/mbeanserver/Repository$ObjectNamePattern
instanceKlass org/gradle/cache/internal/DefaultMultiProcessSafePersistentIndexedCache$4
instanceKlass org/apache/tools/ant/ComponentHelper$$Lambda$1026
instanceKlass org/apache/tools/ant/ComponentHelper$$Lambda$1025
instanceKlass org/apache/tools/ant/IntrospectionHelper$NestedCreator
instanceKlass org/apache/tools/ant/IntrospectionHelper$AttributeSetter
instanceKlass org/apache/tools/ant/IntrospectionHelper
instanceKlass org/gradle/launcher/exec/BuildActionResult
instanceKlass org/gradle/tooling/internal/provider/serialization/WellKnownClassLoaderRegistry$1
instanceKlass org/gradle/tooling/internal/provider/serialization/DefaultPayloadClassLoaderRegistry$1
instanceKlass org/gradle/api/internal/tasks/execution/statistics/TaskExecutionStatistics
instanceKlass org/gradle/internal/buildevents/TaskExecutionStatisticsReporter
instanceKlass org/gradle/internal/logging/text/AbstractStyledTextOutput$StyleOverrideTextOutput
instanceKlass org/jetbrains/kotlin/gradle/plugin/statistics/DefaultKotlinBuildStatsService$reportGlobalMetrics$$inlined$measureTimeMillis$lambda$1
instanceKlass java/lang/Math$RandomNumberGeneratorHolder
instanceKlass com/android/dx/rop/type/Type
instanceKlass com/android/dx/rop/cst/Constant
instanceKlass com/android/dx/rop/code/RegisterSpec
instanceKlass com/android/dx/rop/type/TypeBearer
instanceKlass com/android/dx/util/ToHuman
instanceKlass com/android/dx/rop/type/Prototype
instanceKlass com/android/build/gradle/internal/plugins/BasePlugin$1$$Lambda$1024
instanceKlass com/android/dx/cf/direct/ClassPathOpener$Consumer
instanceKlass com/android/dx/cf/direct/ClassPathOpener$FileNameFilter
instanceKlass com/android/dx/cf/direct/AttributeFactory
instanceKlass com/android/dx/command/dexer/Main
instanceKlass com/android/sdklib/repository/legacy/remote/internal/DownloadCache
instanceKlass com/android/build/gradle/internal/SdkLibDataFactory$getSettingsController$1
instanceKlass com/android/repository/api/SettingsController
instanceKlass com/android/repository/io/impl/FileSystemFileOp
instanceKlass com/android/repository/io/FileOpUtils
instanceKlass com/android/sdklib/repository/legacy/LegacyDownloader
instanceKlass com/android/repository/impl/downloader/LocalFileAwareDownloader
instanceKlass com/android/repository/api/Downloader
instanceKlass com/android/build/gradle/internal/SdkLibDataFactory
instanceKlass com/android/builder/sdk/SdkLibData
instanceKlass com/android/build/gradle/internal/SdkHandler
instanceKlass com/android/build/gradle/internal/ide/dependencies/MavenCoordinatesUtils$mavenCoordinatesCache$1
instanceKlass com/android/build/gradle/internal/ide/dependencies/MavenCoordinatesUtils
instanceKlass com/android/build/gradle/internal/ide/dependencies/LibraryUtils$localJarCache$1
instanceKlass com/android/build/gradle/internal/ide/dependencies/LibraryUtils$libraryCache$1
instanceKlass com/android/ide/common/caching/CreatingCache$ValueFactory
instanceKlass com/android/ide/common/caching/CreatingCache
instanceKlass com/android/build/gradle/internal/ide/dependencies/LibraryUtils
instanceKlass com/google/common/io/Closeables
instanceKlass com/android/builder/internal/aapt/v2/Aapt2DaemonImpl$AllowShutdown
instanceKlass org/gradle/api/services/internal/BuildServiceProvider$$Lambda$1023
instanceKlass com/android/build/gradle/internal/BuildSessionImpl$$Lambda$1022
instanceKlass com/android/ide/common/attribution/AndroidGradlePluginAttributionData$Companion
instanceKlass com/android/ide/common/attribution/AndroidGradlePluginAttributionData
instanceKlass com/android/builder/model/TestVariantBuildOutput
instanceKlass com/android/build/FilterData
instanceKlass com/android/build/OutputFile
instanceKlass com/android/build/VariantOutput
instanceKlass com/android/builder/model/VariantBuildOutput
instanceKlass com/android/builder/model/BaseBuildOutput
instanceKlass com/android/build/gradle/internal/ide/DefaultProjectBuildOutput
instanceKlass com/android/build/gradle/internal/ide/BuildOutputsSupplier$$Lambda$1021
instanceKlass com/android/build/api/variant/impl/BuiltArtifactsLoaderImpl$Companion
instanceKlass com/android/build/api/variant/impl/BuiltArtifactsLoaderImpl
instanceKlass com/android/build/api/variant/BuiltArtifactsLoader
instanceKlass com/android/builder/model/VariantBuildOutput
instanceKlass com/android/build/gradle/internal/ide/EarlySyncBuildOutput$Companion
instanceKlass com/android/build/gradle/internal/ide/EarlySyncBuildOutput
instanceKlass com/android/build/gradle/internal/ide/ModelBuilder$$Lambda$1020
instanceKlass com/android/build/gradle/internal/ide/BuildOutputsSupplier$$Lambda$1019
instanceKlass com/android/build/gradle/internal/ide/BuildOutputsSupplier
instanceKlass com/android/build/gradle/internal/ide/ModelBuilder$1
instanceKlass com/android/build/gradle/internal/ide/ModelBuilder$$Lambda$1018
instanceKlass com/android/build/gradle/internal/ide/DefaultBaseBuildOutput
instanceKlass com/android/builder/model/TestVariantBuildOutput
instanceKlass com/android/builder/model/BaseBuildOutput
instanceKlass com/android/build/gradle/internal/ide/dependencies/BuildMappingUtils
instanceKlass com/android/builder/model/ProjectBuildOutput
instanceKlass com/android/builder/model/AppBundleVariantBuildOutput
instanceKlass com/android/build/gradle/internal/ide/DefaultAppBundleProjectBuildOutput
instanceKlass com/android/build/gradle/internal/ide/DefaultAppBundleVariantBuildOutput
instanceKlass com/android/builder/model/AppBundleVariantBuildOutput
instanceKlass org/jetbrains/kotlin/gradle/model/Kapt
instanceKlass org/jetbrains/kotlin/gradle/model/KotlinAndroidExtension
instanceKlass org/jetbrains/kotlin/gradle/model/KotlinProject
instanceKlass com/android/builder/model/AppBundleProjectBuildOutput
instanceKlass com/android/builder/model/ProjectSyncIssues
instanceKlass com/android/builder/model/level2/GlobalLibraryMap
instanceKlass com/android/builder/model/AndroidProject
instanceKlass com/android/builder/model/AppBundleProjectBuildOutput
instanceKlass com/android/tools/idea/gradle/run/OutputBuildAction$PostBuildModuleModels
instanceKlass com/google/common/collect/PeekingIterator
instanceKlass com/google/common/collect/UnmodifiableIterator
instanceKlass com/google/common/collect/Iterators
instanceKlass org/gradle/tooling/model/GradleTask
instanceKlass org/gradle/tooling/model/gradle/GradleScript
instanceKlass org/gradle/tooling/model/Task
instanceKlass org/gradle/tooling/model/Launchable
instanceKlass org/gradle/util/DistributionLocator
instanceKlass org/gradle/buildinit/plugins/BuildInitPlugin$1$2
instanceKlass org/gradle/api/internal/AbstractTask$5
instanceKlass org/gradle/buildinit/plugins/BuildInitPlugin$1$1
instanceKlass org/gradle/buildinit/plugins/internal/BuildInitializer
instanceKlass org/gradle/buildinit/plugins/internal/BuildContentGenerator
instanceKlass com/android/build/gradle/internal/tasks/UninstallTask$$Lambda$1017
instanceKlass java/lang/invoke/LambdaForm$MH
instanceKlass java/lang/invoke/LambdaForm$DMH
instanceKlass java/lang/invoke/LambdaForm$DMH
instanceKlass com/android/build/gradle/tasks/factory/AndroidUnitTest$CreationAction$$Lambda$1016
instanceKlass java/lang/invoke/LambdaForm$DMH
instanceKlass com/android/build/gradle/tasks/factory/AndroidUnitTest$CreationAction$$Lambda$1015
instanceKlass org/gradle/api/plugins/JavaBasePlugin$$Lambda$1014
instanceKlass org/gradle/api/plugins/JavaBasePlugin$$Lambda$1013
instanceKlass org/gradle/api/plugins/JavaBasePlugin$$Lambda$1012
instanceKlass org/gradle/api/internal/tasks/testing/filter/DefaultTestFilter
instanceKlass org/gradle/api/reporting/internal/TaskGeneratedSingleDirectoryReport$$Lambda$1011
instanceKlass org/gradle/api/reporting/internal/TaskGeneratedReport$1
instanceKlass org/gradle/api/reporting/internal/SimpleReport
instanceKlass org/gradle/api/reporting/internal/DefaultReportContainer$1
instanceKlass org/gradle/api/reporting/Report$1
instanceKlass org/gradle/api/tasks/testing/JUnitXmlReport
instanceKlass org/gradle/api/internal/tasks/testing/logging/DefaultTestLogging
instanceKlass org/gradle/api/internal/tasks/testing/logging/DefaultTestLoggingContainer
instanceKlass org/gradle/api/internal/tasks/testing/junit/result/TestOutputStore
instanceKlass org/gradle/api/tasks/testing/logging/TestLoggingContainer
instanceKlass org/gradle/api/tasks/testing/logging/TestLogging
instanceKlass org/gradle/api/tasks/testing/TestTaskReports
instanceKlass org/gradle/api/internal/tasks/testing/JvmTestExecutionSpec
instanceKlass org/gradle/api/tasks/testing/TestFrameworkOptions
instanceKlass com/android/build/gradle/tasks/GenerateTestConfig$TestConfigInputs
instanceKlass org/gradle/api/internal/tasks/testing/TestFramework
instanceKlass org/gradle/api/internal/tasks/testing/TestExecuter
instanceKlass org/gradle/api/internal/tasks/testing/TestExecutionSpec
instanceKlass org/gradle/api/internal/tasks/testing/report/TestReporter
instanceKlass org/gradle/api/internal/tasks/testing/junit/result/TestResultsProvider
instanceKlass org/gradle/api/internal/tasks/testing/TestResultProcessor
instanceKlass org/gradle/api/tasks/testing/TestOutputListener
instanceKlass org/gradle/api/tasks/testing/TestListener
instanceKlass org/gradle/api/reporting/DirectoryReport
instanceKlass org/gradle/api/internal/tasks/testing/logging/TestExceptionFormatter
instanceKlass org/gradle/api/reporting/ReportContainer
instanceKlass org/gradle/api/tasks/testing/TestFilter
instanceKlass org/gradle/api/tasks/diagnostics/internal/SingleProjectTaskReportModel
instanceKlass org/gradle/api/tasks/diagnostics/internal/TaskDetailsFactory
instanceKlass org/gradle/api/tasks/diagnostics/internal/TaskReportModel
instanceKlass com/android/build/gradle/internal/tasks/SigningReportTask$SigningInfo
instanceKlass com/google/crypto/tink/hybrid/HybridEncryptWrapper
instanceKlass com/google/crypto/tink/hybrid/HybridDecryptWrapper
instanceKlass com/google/crypto/tink/Registry$3
instanceKlass com/google/crypto/tink/aead/AeadWrapper
instanceKlass com/google/crypto/tink/mac/MacWrapper
instanceKlass com/google/crypto/tink/PrimitiveWrapper
instanceKlass com/google/crypto/tink/proto/AesCmacKeyOrBuilder
instanceKlass com/google/crypto/tink/Registry$4
instanceKlass com/google/crypto/tink/KeyManager
instanceKlass com/google/crypto/tink/Registry$2
instanceKlass com/google/crypto/tink/Registry$KeyManagerContainer
instanceKlass com/google/crypto/tink/Registry$KeyDeriverContainer
instanceKlass com/google/crypto/tink/Registry
instanceKlass com/google/crypto/tink/Mac
instanceKlass com/google/crypto/tink/proto/HmacKeyOrBuilder
instanceKlass com/google/crypto/tink/mac/MacConfig
instanceKlass com/google/crypto/tink/proto/XChaCha20Poly1305KeyOrBuilder
instanceKlass com/google/crypto/tink/proto/ChaCha20Poly1305KeyOrBuilder
instanceKlass com/google/crypto/tink/proto/KmsEnvelopeAeadKeyOrBuilder
instanceKlass com/google/crypto/tink/proto/KmsAeadKeyOrBuilder
instanceKlass com/google/crypto/tink/proto/AesEaxKeyOrBuilder
instanceKlass com/google/crypto/tink/proto/AesGcmKeyOrBuilder
instanceKlass com/google/crypto/tink/Aead
instanceKlass com/google/crypto/tink/proto/AesCtrHmacAeadKeyOrBuilder
instanceKlass com/google/crypto/tink/aead/AeadConfig
instanceKlass com/google/crypto/tink/proto/RegistryConfigOrBuilder
instanceKlass com/google/crypto/tink/HybridDecrypt
instanceKlass com/google/crypto/tink/proto/EciesAeadHkdfPrivateKeyOrBuilder
instanceKlass com/google/crypto/tink/KeyTypeManager$KeyFactory
instanceKlass com/google/crypto/tink/HybridEncrypt
instanceKlass com/google/crypto/tink/subtle/EciesAeadHkdfDemHelper
instanceKlass com/google/crypto/tink/KeyTypeManager$PrimitiveFactory
instanceKlass com/google/crypto/tink/proto/EciesAeadHkdfPublicKeyOrBuilder
instanceKlass com/google/crypto/tink/KeyTypeManager
instanceKlass com/google/crypto/tink/hybrid/HybridConfig
instanceKlass com/android/build/gradle/internal/tasks/SdkDependencyDataGeneratorTask$Companion
instanceKlass org/gradle/internal/graph/GraphRenderer
instanceKlass com/android/build/gradle/tasks/ProcessTestManifest$CreationAction$$Lambda$1010
instanceKlass com/android/build/gradle/tasks/ProcessTestManifest$CreationAction$$Lambda$1009
instanceKlass com/android/build/gradle/tasks/ProcessTestManifest$CreationAction$$Lambda$1008
instanceKlass com/android/build/gradle/tasks/ProcessTestManifest$CreationAction$$Lambda$1007
instanceKlass com/android/build/gradle/tasks/ProcessTestManifest$CreationAction$$Lambda$1006
instanceKlass com/android/build/gradle/tasks/ProcessTestManifest$CreationAction$$Lambda$1005
instanceKlass com/android/build/gradle/tasks/ProcessTestManifest$CreationAction$$Lambda$1004
instanceKlass com/android/build/gradle/tasks/ProcessTestManifest$CreationAction$$Lambda$1003
instanceKlass com/android/build/gradle/tasks/ProcessTestManifest$CreationAction$$Lambda$1002
instanceKlass com/android/build/gradle/tasks/ProcessTestManifest$CreationAction$$Lambda$1001
instanceKlass com/android/build/gradle/internal/scope/GlobalScope$$Lambda$1000
instanceKlass com/android/build/gradle/internal/scope/GlobalScope$$Lambda$999
instanceKlass com/android/build/gradle/internal/tasks/PrepareLintJarForPublish$Companion
instanceKlass com/android/build/gradle/internal/scope/GlobalScope$$Lambda$998
instanceKlass com/android/build/gradle/internal/scope/GlobalScope$$Lambda$997
instanceKlass com/android/build/gradle/internal/tasks/Info
instanceKlass com/android/build/gradle/internal/tasks/PackageBundleTaskKt
instanceKlass com/android/build/gradle/internal/tasks/PackageBundleTask$Companion
instanceKlass com/android/build/gradle/internal/tasks/PackageBundleTask$BundleFlags
instanceKlass com/android/build/gradle/internal/tasks/PackageBundleTask$BundleOptions
instanceKlass org/gradle/api/tasks/diagnostics/OutgoingVariantsReportTask$Legend
instanceKlass org/gradle/api/tasks/diagnostics/OutgoingVariantsReportTask$Formatter
instanceKlass com/android/build/gradle/internal/tasks/DexMergingTask$CreationAction$getDexFiles$1$external$1
instanceKlass com/android/build/gradle/internal/tasks/MergeGeneratedProguardFilesCreationAction$configure$proguardFiles$1
instanceKlass com/android/build/gradle/internal/tasks/MergeFileTask$Companion
instanceKlass com/android/build/gradle/tasks/LintGlobalTask$GlobalCreationAction$$Lambda$996
instanceKlass com/android/build/gradle/tasks/LintGlobalTask$GlobalCreationAction$$Lambda$995
instanceKlass com/android/build/gradle/internal/tasks/InstallVariantTask$$Lambda$994
instanceKlass com/android/builder/testing/api/DeviceConfigProvider
instanceKlass org/gradle/api/plugins/HelpTasksPlugin$DependencyInsightReportTaskAction$1
instanceKlass org/gradle/api/tasks/diagnostics/ResolutionErrorRenderer
instanceKlass org/gradle/api/tasks/diagnostics/DependencyInsightReportTask$AttributeMatchDetails
instanceKlass org/gradle/api/tasks/diagnostics/AbstractReportTask$1
instanceKlass org/gradle/api/tasks/options/Option
instanceKlass com/android/build/gradle/internal/scope/GlobalScope$$Lambda$993
instanceKlass com/android/build/gradle/internal/scope/GlobalScope$$Lambda$992
instanceKlass java/lang/invoke/LambdaForm$DMH
instanceKlass com/android/build/gradle/internal/tasks/DeviceProviderInstrumentTestTask$CreationAction$$Lambda$991
instanceKlass org/gradle/api/internal/AbstractTask$9
instanceKlass com/android/build/gradle/internal/tasks/DeviceProviderInstrumentTestTask$CreationAction$$Lambda$990
instanceKlass com/android/build/gradle/internal/tasks/DeviceProviderInstrumentTestTask$1
instanceKlass com/android/build/gradle/internal/tasks/DeviceProviderInstrumentTestTask$$Lambda$989
instanceKlass com/android/build/gradle/internal/process/GradleProcessExecutor
instanceKlass com/android/build/gradle/internal/tasks/DeviceProviderInstrumentTestTask$TestRunnerFactory
instanceKlass com/google/protobuf/ByteString
instanceKlass com/android/build/gradle/internal/tasks/CheckManifest$CreationAction$configure$1
instanceKlass com/android/build/gradle/internal/dependency/AndroidTestResourceArtifactCollection
instanceKlass org/gradle/api/tasks/diagnostics/BuildEnvironmentReportTask$1
instanceKlass org/gradle/api/tasks/diagnostics/internal/dependencies/AsciiDependencyReportRenderer$ConfigurationAction
instanceKlass org/gradle/api/tasks/diagnostics/internal/graph/NodeRenderer
instanceKlass org/gradle/api/tasks/diagnostics/internal/graph/nodes/RenderableDependency
instanceKlass org/gradle/api/tasks/diagnostics/internal/ProjectReportGenerator
instanceKlass org/gradle/api/tasks/diagnostics/internal/DependencyReportRenderer
instanceKlass org/gradle/api/plugins/JavaBasePlugin$11$1
instanceKlass com/android/builder/packaging/JarCreator$Relocator
instanceKlass com/android/builder/core/VariantType$Companion
instanceKlass com/android/build/gradle/tasks/LintBaseTask$$Lambda$988
instanceKlass com/android/build/gradle/tasks/LintBaseTask$$Lambda$987
instanceKlass com/android/build/gradle/tasks/LintBaseTask$VariantInputs
instanceKlass com/android/tools/lint/gradle/api/VariantInputs
instanceKlass com/android/tools/lint/gradle/api/LintExecutionRequest
instanceKlass org/gradle/api/tasks/diagnostics/internal/text/TextReportBuilder
instanceKlass org/gradle/api/tasks/diagnostics/internal/TextReportRenderer
instanceKlass org/gradle/api/tasks/diagnostics/internal/ReportRenderer
instanceKlass org/gradle/api/internal/tasks/PublicTaskSpecification
instanceKlass org/gradle/plugins/ide/internal/tooling/ToolingModelBuilderSupport
instanceKlass org/gradle/plugins/ide/internal/tooling/model/DefaultGradleScript
instanceKlass org/gradle/tooling/model/gradle/GradleScript
instanceKlass org/gradle/plugins/ide/internal/tooling/model/DefaultGradleProject
instanceKlass org/gradle/internal/impldep/com/google/common/base/Optional
instanceKlass org/gradle/tooling/internal/adapter/ProtocolToModelAdapter$MethodInvocationCache$MethodInvocationKey
instanceKlass org/gradle/tooling/internal/adapter/MethodInvocation
instanceKlass org/gradle/tooling/internal/adapter/ProtocolToModelAdapter$AdaptingMethodInvoker
instanceKlass org/gradle/tooling/internal/adapter/ProtocolToModelAdapter$PropertyCachingMethodInvoker
instanceKlass org/gradle/tooling/internal/adapter/ProtocolToModelAdapter$SafeMethodInvoker
instanceKlass org/gradle/tooling/internal/adapter/ProtocolToModelAdapter$SupportedPropertyInvoker
instanceKlass org/gradle/tooling/internal/adapter/ProtocolToModelAdapter$ChainedMethodInvoker
instanceKlass org/gradle/tooling/internal/adapter/ProtocolToModelAdapter$ClassMixInMethodInvoker
instanceKlass org/gradle/tooling/internal/adapter/ProtocolToModelAdapter$BeanMixInMethodInvoker
instanceKlass org/gradle/tooling/internal/adapter/ProtocolToModelAdapter$InvocationHandlerImpl
instanceKlass org/gradle/tooling/internal/adapter/ProtocolToModelAdapter$ViewKey
instanceKlass org/gradle/tooling/model/DomainObjectSet
instanceKlass org/gradle/tooling/model/cpp/CppBinary
instanceKlass org/gradle/tooling/model/cpp/CppComponent
instanceKlass org/gradle/tooling/internal/adapter/ProtocolToModelAdapter$MixInMappingAction
instanceKlass org/gradle/tooling/internal/consumer/converters/IncludedBuildsMixin
instanceKlass org/gradle/tooling/internal/consumer/converters/IdeaModuleDependencyTargetNameMixin
instanceKlass org/gradle/tooling/internal/consumer/converters/IdeaProjectJavaLanguageSettingsMixin
instanceKlass org/gradle/tooling/internal/consumer/converters/FixedBuildIdentifierProvider
instanceKlass org/gradle/tooling/internal/consumer/converters/BasicGradleProjectIdentifierMixin
instanceKlass org/gradle/tooling/model/gradle/BasicGradleProject
instanceKlass org/gradle/tooling/internal/adapter/ProtocolToModelAdapter$TypeSpecificMappingAction
instanceKlass org/gradle/tooling/internal/consumer/converters/GradleProjectIdentifierMixin
instanceKlass org/gradle/tooling/internal/gradle/DefaultBuildIdentifier
