JvmtiExport can_access_local_variables 0
JvmtiExport can_hotswap_or_post_breakpoint 0
JvmtiExport can_post_on_exceptions 0
# 592 ciObject found
instanceKlass java/util/concurrent/LinkedBlockingDeque$1
instanceKlass org/gradle/launcher/daemon/registry/DaemonInfo$1
instanceKlass com/android/tools/r8/u/b/n$a
instanceKlass org/gradle/api/internal/artifacts/transform/DefaultTransformationRegistrationFactory$1
instanceKlass org/gradle/cache/internal/DefaultFileLockManager$1
instanceKlass org/gradle/cache/internal/filelock/DefaultLockStateSerializer$1
instanceKlass com/android/build/gradle/internal/pipeline/OriginalStream$1
instanceKlass com/google/common/base/Predicates$1
instanceKlass org/gradle/internal/execution/history/changes/NonIncrementalInputChanges$$Lambda$892
instanceKlass org/gradle/internal/execution/history/changes/NonIncrementalInputChanges
instanceKlass org/gradle/api/internal/DefaultNamedDomainObjectCollection$1
instanceKlass org/gradle/internal/serialize/CausePlaceholder
instanceKlass org/gradle/internal/serialize/ExceptionPlaceholder$1
instanceKlass org/gradle/internal/serialize/ExceptionReplacingObjectOutputStream$2
instanceKlass org/gradle/internal/buildevents/BuildExceptionReporter$2
instanceKlass org/gradle/internal/logging/text/BufferingStyledTextOutput$ChangeStyleAction
instanceKlass org/gradle/internal/logging/text/BufferingStyledTextOutput$1
instanceKlass org/gradle/internal/buildevents/BuildExceptionReporter$FailureDetails
instanceKlass org/apache/groovy/util/SystemUtil
instanceKlass org/codehaus/groovy/runtime/StackTraceUtils
instanceKlass org/gradle/internal/exceptions/Contextual
instanceKlass org/gradle/execution/plan/DefaultExecutionPlan$$Lambda$891
instanceKlass java/lang/Throwable$PrintStreamOrWriter
instanceKlass org/gradle/internal/build/event/types/DefaultFailure
instanceKlass org/gradle/tooling/internal/protocol/InternalFailure
instanceKlass org/gradle/internal/execution/history/changes/ChangeDetectorVisitor
instanceKlass java/lang/invoke/LambdaForm$MH
instanceKlass org/gradle/internal/execution/steps/CatchExceptionStep$$Lambda$890
instanceKlass com/android/ide/common/workers/WorkerExecutorException$Companion
instanceKlass com/android/build/gradle/internal/errors/MessageReceiverImpl$WhenMappings
instanceKlass com/android/build/gradle/internal/errors/MessageReceiverImplKt
instanceKlass com/android/build/gradle/internal/tasks/manifest/ManifestHelperKt
instanceKlass com/android/ide/common/blame/parser/util/OutputLineReader
instanceKlass com/android/utils/StdLogger
instanceKlass com/android/ide/common/blame/parser/aapt/Aapt2ErrorParser$MessageParser
instanceKlass com/android/ide/common/blame/parser/aapt/AbstractAaptOutputParser
instanceKlass com/android/ide/common/blame/parser/aapt/Aapt2OutputParser
instanceKlass kotlin/io/LinesSequence$iterator$1
instanceKlass kotlin/io/LinesSequence
instanceKlass com/android/build/gradle/internal/res/Aapt2ErrorUtils
instanceKlass com/android/builder/internal/aapt/v2/Aapt2ExceptionKt
instanceKlass com/android/builder/internal/aapt/v2/Aapt2Exception$Companion
instanceKlass com/android/builder/internal/aapt/v2/AaptV2CommandBuilder$$special$$inlined$sortedBy$1
instanceKlass java/lang/invoke/LambdaForm$MH
instanceKlass org/gradle/workers/internal/WorkerDaemonClientsManager$$Lambda$889
instanceKlass org/gradle/workers/internal/WorkerDaemonExpiration$SimpleMemoryExpirationSelector
instanceKlass org/gradle/internal/extensibility/DefaultConvention$1
instanceKlass org/gradle/api/internal/artifacts/transform/ConsumerProvidedVariantFinder$1
instanceKlass java/lang/ref/ReferenceQueue$1
instanceKlass org/gradle/api/internal/notations/DependencyStringNotationConverter$1
instanceKlass com/google/common/collect/Synchronized$1
instanceKlass org/gradle/internal/extensibility/ExtensionsStorage$1
instanceKlass com/android/tools/r8/s/a/a/a/r
instanceKlass org/gradle/internal/metaobject/BeanDynamicObject$1
instanceKlass org/gradle/api/internal/artifacts/ivyservice/dependencysubstitution/DefaultDependencySubstitutions$1
instanceKlass org/gradle/api/internal/artifacts/dsl/ModuleReplacementsData$Replacement
instanceKlass org/gradle/internal/event/BroadcastDispatch$1
instanceKlass org/gradle/internal/operations/DefaultBuildOperationQueue$1
instanceKlass org/gradle/api/internal/artifacts/ivyservice/resolveengine/artifact/DefaultArtifactSet$1
instanceKlass org/gradle/internal/resolve/RejectedVersion
instanceKlass org/gradle/api/internal/artifacts/ivyservice/modulecache/ModuleMetadataSerializer$1
instanceKlass org/gradle/cache/internal/VersionSpecificCacheCleanupAction$CleanupCondition
instanceKlass org/gradle/cache/internal/VersionSpecificCacheDirectory
instanceKlass org/apache/commons/io/filefilter/ConditionalFileFilter
instanceKlass org/apache/commons/io/filefilter/AbstractFileFilter
instanceKlass org/apache/commons/io/filefilter/FileFilterUtils
instanceKlass org/gradle/cache/internal/VersionSpecificCacheCleanupAction$MinimumTimestampProvider
instanceKlass org/gradle/cache/internal/SingleDepthFilesFinder$1
instanceKlass org/gradle/cache/internal/NonReservedFileFilter
instanceKlass org/gradle/cache/internal/CleanupActionFactory$BuildOperationCacheCleanupDecorator$1
instanceKlass com/android/apksig/internal/apk/v1/V1SchemeVerifier$1
instanceKlass sun/nio/cs/ISO_8859_1$1
instanceKlass org/gradle/api/internal/tasks/DefaultTaskDependency$1
instanceKlass org/gradle/api/internal/artifacts/ivyservice/resolveengine/result/ComponentSelectionReasons$1
instanceKlass org/gradle/api/internal/artifacts/ivyservice/resolveengine/graph/selectors/SelectorStateResolverResults$1
instanceKlass org/gradle/api/internal/AbstractTask$1
instanceKlass org/gradle/api/internal/artifacts/ivyservice/resolveengine/graph/conflicts/ConflictContainer$Conflict
instanceKlass org/gradle/internal/fingerprint/impl/DefaultFileCollectionSnapshotter$1
instanceKlass org/gradle/internal/serialize/Message
instanceKlass org/jetbrains/kotlin/cli/common/messages/CompilerMessageLocation$Companion
instanceKlass org/jetbrains/kotlin/cli/common/messages/CompilerMessageLocation
instanceKlass java/lang/invoke/LambdaForm$MH
instanceKlass java/lang/invoke/LambdaForm$DMH
instanceKlass java/lang/invoke/LambdaForm$DMH
instanceKlass com/android/builder/utils/FileCache$$Lambda$888
instanceKlass com/android/builder/utils/ExceptionFunction
instanceKlass java/lang/invoke/LambdaForm$DMH
instanceKlass com/android/utils/concurrency/ReadWriteProcessLock$$Lambda$887
instanceKlass com/android/utils/concurrency/ReadWriteProcessLock$$Lambda$886
instanceKlass com/android/utils/concurrency/ReadWriteProcessLock$$Lambda$885
instanceKlass com/android/utils/concurrency/ReadWriteProcessLock$$Lambda$884
instanceKlass com/android/utils/concurrency/ReadWriteProcessLock$$Lambda$883
instanceKlass sun/nio/fs/WindowsLinkSupport
instanceKlass com/android/utils/concurrency/ReadWriteProcessLock$WriteLock
instanceKlass com/android/utils/concurrency/ReadWriteProcessLock$ReadLock
instanceKlass com/android/utils/concurrency/ReadWriteProcessLock$Lock
instanceKlass com/android/utils/concurrency/ReadWriteProcessLock
instanceKlass com/android/builder/utils/SynchronizedFile
instanceKlass org/gradle/internal/fingerprint/overlap/OverlappingOutputs
instanceKlass org/gradle/api/internal/artifacts/ivyservice/resolutionstrategy/DefaultCachePolicy$1
instanceKlass org/gradle/api/internal/artifacts/DefaultPublishArtifactSet$1
instanceKlass com/android/tools/r8/dex/n$a
instanceKlass org/gradle/internal/classloader/ConfigurableClassLoaderHierarchyHasher$1
instanceKlass org/gradle/api/internal/artifacts/transform/TransformationNode$1
instanceKlass org/gradle/internal/execution/steps/ValidateStep$1
instanceKlass org/gradle/api/internal/tasks/compile/incremental/recomp/SourceFileChangeProcessor
instanceKlass org/gradle/api/internal/artifacts/repositories/metadata/DefaultMavenImmutableAttributesFactory$1
instanceKlass com/android/tools/r8/graph/h0$a
instanceKlass org/gradle/internal/typeconversion/NotationConverterToNotationParserAdapter$1
instanceKlass com/google/common/collect/CollectSpliterators$1WithCharacteristics$$Lambda$882
instanceKlass java/lang/invoke/LambdaForm$DMH
instanceKlass com/google/common/collect/CollectSpliterators$1WithCharacteristics
instanceKlass com/google/common/collect/CollectSpliterators
instanceKlass com/google/common/collect/IndexedImmutableSet$$Lambda$881
instanceKlass java/lang/invoke/LambdaForm$DMH
instanceKlass java/util/IdentityHashMap$1
instanceKlass java/util/ArrayDeque$1
instanceKlass com/android/tools/r8/ir/regalloc/j$$Lambda$880
instanceKlass com/android/tools/r8/ir/analysis/type/t$$Lambda$879
instanceKlass com/android/tools/r8/ir/analysis/type/t$$Lambda$878
instanceKlass com/android/tools/r8/ir/conversion/p
instanceKlass org/gradle/internal/Try$1
instanceKlass com/android/builder/internal/packaging/ApkFlinger$writeFile$1
instanceKlass com/android/build/gradle/tasks/IncrementalChangesUtils$WhenMappings
instanceKlass com/android/builder/files/SerializableChange$Companion
instanceKlass com/android/builder/files/SerializableChange
instanceKlass com/android/tools/r8/graph/W$$Lambda$877
instanceKlass com/android/tools/r8/dex/n$$Lambda$876
instanceKlass java/lang/invoke/LambdaForm$DMH
instanceKlass com/android/tools/r8/dex/n$c
instanceKlass com/android/tools/r8/code/u1$a
instanceKlass com/android/tools/r8/code/L
instanceKlass com/android/tools/r8/dex/n$$Lambda$875
instanceKlass com/android/tools/r8/code/K
instanceKlass com/android/tools/r8/dex/n$$Lambda$874
instanceKlass com/android/tools/r8/dex/n$$Lambda$873
instanceKlass com/android/tools/r8/dex/n$$Lambda$872
instanceKlass com/android/tools/r8/dex/n$$Lambda$871
instanceKlass com/android/tools/r8/dex/n$$Lambda$870
instanceKlass com/android/tools/r8/dex/n$$Lambda$869
instanceKlass com/android/tools/r8/dex/n$$Lambda$868
instanceKlass com/android/tools/r8/dex/n$d
instanceKlass com/android/tools/r8/dex/n$$Lambda$867
instanceKlass com/android/tools/r8/dex/n$$Lambda$866
instanceKlass com/android/tools/r8/dex/n$$Lambda$865
instanceKlass com/android/tools/r8/dex/n$b
instanceKlass com/android/tools/r8/dex/a$a$$Lambda$864
instanceKlass com/android/tools/r8/dex/a$a$$Lambda$863
instanceKlass com/android/tools/r8/dex/n$$Lambda$862
instanceKlass com/android/tools/r8/dex/d$$Lambda$861
instanceKlass com/android/tools/r8/s/a/b/m/a
instanceKlass com/android/tools/r8/s/a/b/g
instanceKlass com/android/tools/r8/dex/p
instanceKlass com/android/tools/r8/graph/I0
instanceKlass com/android/tools/r8/dex/n
instanceKlass com/android/tools/r8/s/a/a/d/g
instanceKlass com/android/tools/r8/utils/P0
instanceKlass com/android/builder/dexing/NonIncrementalJarDexArchive
instanceKlass com/android/tools/r8/D8Command$Builder$$Lambda$860
instanceKlass com/android/builder/dexing/DexArchiveEntry
instanceKlass com/android/builder/dexing/DirDexArchive
instanceKlass com/android/builder/dexing/DexArchives$$Lambda$859
instanceKlass com/android/builder/dexing/DexArchive
instanceKlass com/android/builder/dexing/DexArchives
instanceKlass com/android/builder/dexing/D8DexArchiveMerger$$Lambda$858
instanceKlass com/android/builder/dexing/D8DexArchiveMerger
instanceKlass com/android/builder/dexing/DexArchiveMerger
instanceKlass com/android/build/gradle/internal/transforms/DexMergerTransformCallable$1
instanceKlass com/android/build/gradle/internal/transforms/DexMergerTransformCallable
instanceKlass com/android/ide/common/process/BaseProcessOutputHandler$BaseProcessOutput
instanceKlass com/android/ide/common/blame/parser/DexParser
instanceKlass com/android/ide/common/blame/parser/PatternAwareOutputParser
instanceKlass com/android/ide/common/blame/parser/ToolOutputParser
instanceKlass com/android/ide/common/process/ProcessOutput
instanceKlass com/android/ide/common/process/BaseProcessOutputHandler
instanceKlass com/android/build/gradle/internal/tasks/DexMergingParams
instanceKlass com/android/build/gradle/internal/tasks/DexMergingTaskRunnable
instanceKlass com/android/build/gradle/internal/tasks/NonIncrementalTask$taskAction$$inlined$recordTaskAction$1
instanceKlass java/util/Vector$Itr
instanceKlass java/util/zip/ZipOutputStream$XEntry
instanceKlass com/android/tools/r8/utils/d1
instanceKlass com/android/tools/r8/graph/b0$$Lambda$857
instanceKlass com/android/tools/r8/s/a/a/d/n
instanceKlass com/android/tools/r8/s/a/a/d/o
instanceKlass com/android/tools/r8/s/a/a/d/p
instanceKlass com/android/tools/r8/ByteDataView
instanceKlass com/android/tools/r8/dex/r$a
instanceKlass java/util/zip/Adler32
instanceKlass com/android/tools/r8/s/a/a/b/K0
instanceKlass com/android/tools/r8/s/a/a/b/G0
instanceKlass com/android/tools/r8/dex/P$j
instanceKlass com/android/tools/r8/dex/P$i
instanceKlass com/android/tools/r8/dex/P$c$$Lambda$856
instanceKlass com/android/tools/r8/dex/P$$Lambda$855
instanceKlass com/android/tools/r8/naming/b
instanceKlass com/android/tools/r8/dex/k
instanceKlass com/android/tools/r8/dex/r$$Lambda$854
instanceKlass com/android/tools/r8/dex/r$$Lambda$853
instanceKlass com/android/tools/r8/dex/r$$Lambda$852
instanceKlass com/android/tools/r8/dex/r$$Lambda$851
instanceKlass com/android/tools/r8/dex/r$$Lambda$850
instanceKlass com/android/tools/r8/dex/r$$Lambda$849
instanceKlass com/android/tools/r8/dex/r$$Lambda$848
instanceKlass com/android/tools/r8/dex/r$$Lambda$847
instanceKlass com/android/tools/r8/dex/r$$Lambda$846
instanceKlass com/android/tools/r8/dex/r$$Lambda$845
instanceKlass com/android/tools/r8/dex/r$$Lambda$844
instanceKlass com/android/tools/r8/dex/r$$Lambda$843
instanceKlass com/android/tools/r8/dex/r$$Lambda$842
instanceKlass com/android/tools/r8/dex/r$$Lambda$841
instanceKlass com/android/tools/r8/dex/r$$Lambda$840
instanceKlass com/android/tools/r8/dex/r$$Lambda$839
instanceKlass com/android/tools/r8/dex/r$$Lambda$838
instanceKlass com/android/tools/r8/dex/r$$Lambda$837
instanceKlass com/android/tools/r8/dex/r$$Lambda$836
instanceKlass com/android/tools/r8/dex/r$$Lambda$835
instanceKlass com/android/tools/r8/dex/r$$Lambda$834
instanceKlass com/android/tools/r8/dex/c
instanceKlass com/android/tools/r8/utils/V
instanceKlass com/android/tools/r8/dex/r$$Lambda$833
instanceKlass com/android/tools/r8/dex/r$$Lambda$832
instanceKlass com/android/tools/r8/dex/r$$Lambda$831
instanceKlass com/android/tools/r8/dex/r$$Lambda$830
instanceKlass com/android/tools/r8/dex/r$$Lambda$829
instanceKlass com/android/tools/r8/dex/r$$Lambda$828
instanceKlass com/android/tools/r8/dex/r$$Lambda$827
instanceKlass com/android/tools/r8/dex/r$$Lambda$826
instanceKlass com/android/tools/r8/utils/l0
instanceKlass com/android/tools/r8/dex/l
instanceKlass com/android/tools/r8/dex/r$$Lambda$825
instanceKlass com/android/tools/r8/dex/r$$Lambda$824
instanceKlass java/lang/invoke/LambdaForm$DMH
instanceKlass com/android/tools/r8/dex/r$$Lambda$823
instanceKlass com/android/tools/r8/naming/u
instanceKlass com/android/tools/r8/naming/u$c
instanceKlass com/android/tools/r8/dex/r$$Lambda$822
instanceKlass com/android/tools/r8/dex/s
instanceKlass com/android/tools/r8/utils/H0
instanceKlass com/android/tools/r8/graph/b0$$Lambda$821
instanceKlass com/android/tools/r8/graph/V$$Lambda$820
instanceKlass com/android/tools/r8/v/a/a/a/h/F0$f
instanceKlass com/android/tools/r8/v/a/a/a/h/K$f
instanceKlass com/android/tools/r8/dex/r$$Lambda$819
instanceKlass com/android/tools/r8/v/a/a/a/h/Q
instanceKlass com/android/tools/r8/v/a/a/a/h/M
instanceKlass com/android/tools/r8/dex/j
instanceKlass com/android/tools/r8/dex/m
instanceKlass com/android/tools/r8/graph/L0
instanceKlass com/android/tools/r8/dex/r
instanceKlass com/android/tools/r8/graph/H0$$Lambda$818
instanceKlass com/android/tools/r8/graph/H0$$Lambda$817
instanceKlass com/android/tools/r8/graph/H0$$Lambda$816
instanceKlass com/android/tools/r8/graph/H0$$Lambda$815
instanceKlass com/android/tools/r8/graph/H0$$Lambda$814
instanceKlass com/android/tools/r8/graph/H0$$Lambda$813
instanceKlass com/android/tools/r8/v/a/a/a/h/e1
instanceKlass com/android/tools/r8/v/a/a/a/h/K0
instanceKlass com/android/tools/r8/graph/H0$$Lambda$812
instanceKlass com/android/tools/r8/graph/H0$$Lambda$811
instanceKlass java/util/IdentityHashMap$IdentityHashMapSpliterator
instanceKlass com/android/tools/r8/graph/H0$a
instanceKlass com/android/tools/r8/graph/H0
instanceKlass com/android/tools/r8/dex/b$$Lambda$810
instanceKlass com/android/tools/r8/graph/P$$Lambda$809
instanceKlass com/android/tools/r8/graph/x$$Lambda$808
instanceKlass com/android/tools/r8/graph/V$$Lambda$807
instanceKlass com/android/tools/r8/graph/b0$$Lambda$806
instanceKlass com/android/tools/r8/graph/b0$$Lambda$805
instanceKlass com/android/tools/r8/dex/b$$Lambda$804
instanceKlass com/android/tools/r8/graph/W$$Lambda$803
instanceKlass com/android/tools/r8/v/a/a/a/h/V$d
instanceKlass com/android/tools/r8/v/a/a/a/h/V$f
instanceKlass com/android/tools/r8/dex/d$$Lambda$802
instanceKlass com/android/tools/r8/dex/d$$Lambda$801
instanceKlass com/android/tools/r8/v/a/a/a/h/S$a
instanceKlass com/android/tools/r8/v/a/a/a/h/T
instanceKlass com/android/tools/r8/v/a/a/a/h/f
instanceKlass com/android/tools/r8/v/a/a/a/h/S
instanceKlass com/android/tools/r8/dex/d
instanceKlass com/android/tools/r8/v/a/a/a/g/q
instanceKlass com/android/tools/r8/v/a/a/a/h/M0
instanceKlass com/android/tools/r8/v/a/a/a/h/u
instanceKlass com/android/tools/r8/v/a/a/a/h/N0
instanceKlass com/android/tools/r8/dex/P$g$$Lambda$800
instanceKlass com/android/tools/r8/dex/P$g$$Lambda$799
instanceKlass com/android/tools/r8/dex/P$g$$Lambda$798
instanceKlass com/android/tools/r8/dex/P$g$$Lambda$797
instanceKlass com/android/tools/r8/dex/P$g$$Lambda$796
instanceKlass com/android/tools/r8/dex/P$g$$Lambda$795
instanceKlass com/android/tools/r8/dex/P$g$$Lambda$794
instanceKlass com/android/tools/r8/dex/P$g$$Lambda$793
instanceKlass com/android/tools/r8/dex/P$g$$Lambda$792
instanceKlass java/util/stream/Node$Builder
instanceKlass java/util/stream/Node$OfDouble
instanceKlass java/util/stream/Node$OfLong
instanceKlass java/util/stream/Node$OfInt
instanceKlass java/util/stream/Node$OfPrimitive
instanceKlass java/util/stream/Nodes$EmptyNode
instanceKlass java/util/stream/Node
instanceKlass java/util/stream/Nodes
instanceKlass com/android/tools/r8/graph/L$$Lambda$791
instanceKlass com/android/tools/r8/graph/L$$Lambda$790
instanceKlass com/android/tools/r8/graph/V$$Lambda$789
instanceKlass com/android/tools/r8/dex/P$g
instanceKlass com/android/tools/r8/dex/P$k
instanceKlass com/android/tools/r8/dex/v
instanceKlass com/android/tools/r8/dex/P
instanceKlass com/android/tools/r8/s/a/b/k
instanceKlass com/android/tools/r8/s/a/b/l/g/w
instanceKlass com/android/tools/r8/s/a/b/m/c
instanceKlass com/android/tools/r8/dex/B$$Lambda$788
instanceKlass com/android/tools/r8/dex/B$$Lambda$787
instanceKlass com/android/tools/r8/dex/i
instanceKlass com/android/tools/r8/naming/I
instanceKlass com/android/tools/r8/dex/E
instanceKlass com/android/tools/r8/dex/P$b
instanceKlass com/android/tools/r8/dex/F
instanceKlass com/android/tools/r8/dex/b
instanceKlass com/android/tools/r8/s/a/b/l/d$c
instanceKlass com/android/tools/r8/s/a/b/l/f
instanceKlass com/android/tools/r8/s/a/b/l/b
instanceKlass com/android/tools/r8/dex/B
instanceKlass com/android/tools/r8/s/a/a/b/f$a$b
instanceKlass com/android/tools/r8/ir/conversion/O$$Lambda$786
instanceKlass com/android/tools/r8/u/b/o$$Lambda$785
instanceKlass com/android/tools/r8/u/b/n$$Lambda$784
instanceKlass com/android/tools/r8/graph/W$$Lambda$783
instanceKlass com/android/tools/r8/graph/W$$Lambda$782
instanceKlass com/android/tools/r8/ir/regalloc/f
instanceKlass com/android/tools/r8/v/a/a/a/f/G
instanceKlass com/android/tools/r8/ir/regalloc/g
instanceKlass com/android/tools/r8/ir/regalloc/j$$Lambda$781
instanceKlass com/android/tools/r8/ir/regalloc/j$$Lambda$780
instanceKlass com/android/tools/r8/ir/regalloc/j$$Lambda$779
instanceKlass com/android/tools/r8/ir/regalloc/j$$Lambda$778
instanceKlass com/android/tools/r8/ir/regalloc/i
instanceKlass com/android/tools/r8/ir/conversion/N$e
instanceKlass com/android/tools/r8/ir/optimize/Z$$Lambda$777
instanceKlass com/android/tools/r8/ir/optimize/l$$Lambda$776
instanceKlass com/android/tools/r8/ir/optimize/d0$$Lambda$775
instanceKlass com/android/tools/r8/ir/optimize/d0$$Lambda$774
instanceKlass com/android/tools/r8/graph/C$$Lambda$773
instanceKlass com/android/tools/r8/ir/optimize/d0$$Lambda$772
instanceKlass com/android/tools/r8/s/a/a/b/m
instanceKlass com/android/tools/r8/s/a/a/b/P0
instanceKlass com/android/tools/r8/s/a/a/b/H1
instanceKlass com/android/tools/r8/ir/analysis/type/f$$Lambda$771
instanceKlass com/android/tools/r8/ir/conversion/o0
instanceKlass com/android/tools/r8/ir/conversion/B
instanceKlass com/android/tools/r8/ir/optimize/l$$Lambda$770
instanceKlass com/android/tools/r8/ir/optimize/l$$Lambda$769
instanceKlass com/android/tools/r8/ir/optimize/l$$Lambda$768
instanceKlass com/android/tools/r8/v/a/a/a/h/X$d
instanceKlass com/android/tools/r8/v/a/a/a/h/X$f
instanceKlass com/android/tools/r8/ir/optimize/n$$Lambda$767
instanceKlass java/util/stream/SliceOps
instanceKlass com/android/tools/r8/ir/optimize/n$$Lambda$766
instanceKlass com/android/tools/r8/ir/optimize/n$$Lambda$765
instanceKlass com/android/tools/r8/v/a/a/a/h/Y
instanceKlass com/android/tools/r8/ir/optimize/n$$Lambda$764
instanceKlass com/android/tools/r8/ir/analysis/type/a$$Lambda$763
instanceKlass com/android/tools/r8/u/b/X0
instanceKlass com/android/tools/r8/u/b/q1
instanceKlass com/android/tools/r8/ir/regalloc/a$$Lambda$762
instanceKlass com/android/tools/r8/ir/regalloc/a$$Lambda$761
instanceKlass com/android/tools/r8/ir/regalloc/a$$Lambda$760
instanceKlass com/android/tools/r8/ir/regalloc/a$$Lambda$759
instanceKlass com/android/tools/r8/ir/regalloc/a$$Lambda$758
instanceKlass java/lang/invoke/LambdaForm$DMH
instanceKlass com/android/tools/r8/ir/regalloc/a$$Lambda$757
instanceKlass com/android/tools/r8/ir/regalloc/h
instanceKlass com/android/tools/r8/u/a/a
instanceKlass com/android/tools/r8/A/d
instanceKlass com/android/tools/r8/ir/optimize/c0
instanceKlass com/android/tools/r8/u/b/I
instanceKlass com/android/tools/r8/graph/c$$Lambda$756
instanceKlass com/android/tools/r8/graph/c$$Lambda$755
instanceKlass com/android/tools/r8/ir/optimize/w
instanceKlass com/android/tools/r8/graph/J
instanceKlass com/android/tools/r8/ir/optimize/w$b
instanceKlass com/android/tools/r8/graph/W$$Lambda$754
instanceKlass java/lang/invoke/LambdaForm$DMH
instanceKlass com/android/tools/r8/v/a/a/a/f/V
instanceKlass com/android/tools/r8/graph/I
instanceKlass com/android/tools/r8/ir/conversion/F
instanceKlass com/android/tools/r8/ir/conversion/K
instanceKlass com/android/tools/r8/ir/optimize/I$$Lambda$753
instanceKlass java/lang/invoke/LambdaForm$DMH
instanceKlass com/android/tools/r8/ir/optimize/I
instanceKlass com/android/tools/r8/u/b/h0$$Lambda$752
instanceKlass com/android/tools/r8/ir/regalloc/a$$Lambda$751
instanceKlass com/android/tools/r8/ir/regalloc/a$$Lambda$750
instanceKlass com/android/tools/r8/u/c/c0/e$$Lambda$749
instanceKlass com/android/tools/r8/ir/regalloc/a$$Lambda$748
instanceKlass com/android/tools/r8/ir/optimize/Z
instanceKlass com/android/tools/r8/ir/regalloc/a$b
instanceKlass com/android/tools/r8/u/b/h0$$Lambda$747
instanceKlass com/android/tools/r8/u/b/n$$Lambda$746
instanceKlass com/android/tools/r8/ir/regalloc/a$$Lambda$745
instanceKlass com/android/tools/r8/ir/regalloc/a$$Lambda$744
instanceKlass com/android/tools/r8/ir/regalloc/j
instanceKlass com/android/tools/r8/ir/regalloc/c
instanceKlass com/android/tools/r8/u/b/W$b
instanceKlass com/android/tools/r8/ir/regalloc/d
instanceKlass com/android/tools/r8/ir/regalloc/b
instanceKlass com/android/tools/r8/u/b/o
instanceKlass com/android/tools/r8/s/a/a/b/S1
instanceKlass com/android/tools/r8/ir/regalloc/a
instanceKlass com/android/tools/r8/ir/conversion/O$$Lambda$743
instanceKlass com/android/tools/r8/ir/conversion/O$$Lambda$742
instanceKlass com/android/tools/r8/ir/optimize/u
instanceKlass com/android/tools/r8/ir/optimize/l$$Lambda$741
instanceKlass com/android/tools/r8/s/a/a/a/W
instanceKlass com/android/tools/r8/s/a/a/a/X
instanceKlass com/android/tools/r8/ir/optimize/l$$Lambda$739
instanceKlass com/android/tools/r8/u/b/N
instanceKlass com/android/tools/r8/u/b/n$b
instanceKlass com/android/tools/r8/ir/optimize/m
instanceKlass com/android/tools/r8/v/a/a/a/h/a0
instanceKlass com/android/tools/r8/v/a/a/a/h/g
instanceKlass com/android/tools/r8/v/a/a/a/h/Z
instanceKlass com/android/tools/r8/ir/optimize/d0
instanceKlass com/android/tools/r8/u/a/i/e$$Lambda$738
instanceKlass com/android/tools/r8/u/a/i/e$$Lambda$737
instanceKlass com/android/tools/r8/u/a/i/e$$Lambda$736
instanceKlass java/util/stream/ReduceOps$2ReducingSink
instanceKlass java/util/function/BinaryOperator$$Lambda$733
instanceKlass com/android/tools/r8/u/b/W$$Lambda$731
instanceKlass java/util/LinkedList$LLSpliterator
instanceKlass com/android/tools/r8/u/a/i/e
instanceKlass com/android/tools/r8/ir/optimize/e
instanceKlass com/android/tools/r8/u/b/Y
instanceKlass com/android/tools/r8/ir/conversion/O$$Lambda$730
instanceKlass com/android/tools/r8/u/a/o/f
instanceKlass com/android/tools/r8/ir/conversion/O$$Lambda$729
instanceKlass com/android/tools/r8/u/a/o/c
instanceKlass com/android/tools/r8/ir/analysis/type/t$$Lambda$727
instanceKlass com/android/tools/r8/u/b/W$a
instanceKlass com/android/tools/r8/ir/analysis/type/t
instanceKlass com/android/tools/r8/x/b/a/v0/o0/c
instanceKlass com/android/tools/r8/x/b/a/T
instanceKlass com/android/tools/r8/u/c/c0/e
instanceKlass com/android/tools/r8/u/b/q
instanceKlass com/android/tools/r8/u/b/X
instanceKlass com/android/tools/r8/u/b/W$$Lambda$726
instanceKlass com/android/tools/r8/u/b/W
instanceKlass com/android/tools/r8/u/b/p
instanceKlass com/android/tools/r8/v/a/a/a/h/j
instanceKlass com/android/tools/r8/v/a/a/a/h/m0
instanceKlass com/android/tools/r8/v/a/a/a/h/u0
instanceKlass com/android/tools/r8/ir/conversion/o$$Lambda$724
instanceKlass java/lang/invoke/LambdaForm$DMH
instanceKlass com/android/tools/r8/code/t1
instanceKlass com/android/tools/r8/v/a/a/a/f/h
instanceKlass com/android/tools/r8/v/a/a/a/f/X$d
instanceKlass com/android/tools/r8/v/a/a/a/f/X$f
instanceKlass com/android/tools/r8/ir/conversion/N$f
instanceKlass com/android/tools/r8/u/a/m/e
instanceKlass com/android/tools/r8/u/a/i/d
instanceKlass com/android/tools/r8/u/b/m1$a
instanceKlass com/android/tools/r8/u/b/b
instanceKlass com/android/tools/r8/utils/i0
instanceKlass com/android/tools/r8/ir/analysis/type/f$$Lambda$723
instanceKlass com/android/tools/r8/ir/analysis/type/m
instanceKlass com/android/tools/r8/graph/W$$Lambda$721
instanceKlass com/android/tools/r8/ir/conversion/L
instanceKlass com/android/tools/r8/v/a/a/a/f/a0
instanceKlass com/android/tools/r8/ir/conversion/o$$Lambda$720
instanceKlass java/lang/invoke/LambdaForm$DMH
instanceKlass com/android/tools/r8/ir/conversion/t$a
instanceKlass com/android/tools/r8/ir/conversion/m
instanceKlass com/android/tools/r8/v/a/a/a/f/s0
instanceKlass com/android/tools/r8/v/a/a/a/f/g0
instanceKlass com/android/tools/r8/ir/conversion/n
instanceKlass com/android/tools/r8/v/a/a/a/f/f0
instanceKlass com/android/tools/r8/v/a/a/a/f/m0
instanceKlass com/android/tools/r8/u/b/t
instanceKlass com/android/tools/r8/s/a/b/b
instanceKlass com/android/tools/r8/s/a/a/a/b
instanceKlass com/android/tools/r8/u/b/n
instanceKlass com/android/tools/r8/ir/conversion/N$b
instanceKlass com/android/tools/r8/graph/p0$f$b
instanceKlass com/android/tools/r8/graph/p0$f
instanceKlass com/android/tools/r8/u/b/n1
instanceKlass com/android/tools/r8/u/b/a0
instanceKlass com/android/tools/r8/v/a/a/a/h/s0
instanceKlass com/android/tools/r8/v/a/a/a/h/o0
instanceKlass com/android/tools/r8/v/a/a/a/h/g0
instanceKlass com/android/tools/r8/v/a/a/a/h/j0
instanceKlass com/android/tools/r8/v/a/a/a/f/K$e
instanceKlass com/android/tools/r8/v/a/a/a/f/C0
instanceKlass com/android/tools/r8/v/a/a/a/f/d
instanceKlass com/android/tools/r8/v/a/a/a/f/S$a
instanceKlass com/android/tools/r8/ir/analysis/type/l
instanceKlass com/android/tools/r8/ir/conversion/N
instanceKlass com/android/tools/r8/u/b/s
instanceKlass com/android/tools/r8/ir/conversion/w
instanceKlass com/android/tools/r8/ir/conversion/t
instanceKlass com/android/tools/r8/v/a/a/a/h/H0
instanceKlass com/android/tools/r8/v/a/a/a/h/b1
instanceKlass com/android/tools/r8/ir/conversion/x
instanceKlass com/android/tools/r8/ir/conversion/o
instanceKlass com/android/tools/r8/graph/s0
instanceKlass com/android/tools/r8/graph/l$a
instanceKlass com/android/tools/r8/graph/B0$$Lambda$719
instanceKlass com/android/tools/r8/graph/r
instanceKlass com/android/tools/r8/u/b/S0
instanceKlass com/android/tools/r8/graph/B0$$Lambda$718
instanceKlass com/android/tools/r8/v/a/a/a/f/Y
instanceKlass com/android/tools/r8/graph/z0
instanceKlass com/android/tools/r8/B/a/a/y
instanceKlass com/android/tools/r8/graph/y0
instanceKlass com/android/tools/r8/ir/conversion/O$$Lambda$717
instanceKlass com/android/tools/r8/position/MethodPosition
instanceKlass com/android/tools/r8/ir/conversion/h
instanceKlass com/android/tools/r8/ir/conversion/V
instanceKlass com/android/tools/r8/u/a/m/a
instanceKlass com/android/tools/r8/utils/y
instanceKlass com/android/tools/r8/ir/optimize/info/r
instanceKlass com/android/tools/r8/ir/conversion/O$$Lambda$716
instanceKlass java/lang/invoke/LambdaForm$DMH
instanceKlass com/android/tools/r8/utils/S0$$Lambda$715
instanceKlass com/android/tools/r8/ir/conversion/O$$Lambda$714
instanceKlass com/android/tools/r8/utils/V0
instanceKlass com/android/tools/r8/u/c/M$$Lambda$713
instanceKlass com/android/tools/r8/graph/Q0
instanceKlass com/android/tools/r8/u/c/M
instanceKlass com/android/tools/r8/u/c/h
instanceKlass com/android/tools/r8/ir/conversion/O$$Lambda$712
instanceKlass com/android/tools/r8/ir/conversion/O$$Lambda$711
instanceKlass com/android/tools/r8/ir/optimize/v
instanceKlass com/android/tools/r8/ir/optimize/d$$Lambda$710
instanceKlass com/android/tools/r8/ir/optimize/c
instanceKlass com/android/tools/r8/AssertionsConfiguration
instanceKlass com/android/tools/r8/ir/optimize/o
instanceKlass com/android/tools/r8/ir/optimize/string/b$c
instanceKlass com/android/tools/r8/ir/optimize/string/a
instanceKlass com/android/tools/r8/ir/optimize/string/b
instanceKlass com/android/tools/r8/naming/Z/d
instanceKlass com/android/tools/r8/u/a/k/b
instanceKlass com/android/tools/r8/ir/optimize/string/d
instanceKlass com/android/tools/r8/u/c/Z
instanceKlass com/android/tools/r8/z/a
instanceKlass com/android/tools/r8/v/a/a/a/b
instanceKlass com/android/tools/r8/ir/optimize/n
instanceKlass com/android/tools/r8/v/a/a/a/f/F0
instanceKlass com/android/tools/r8/v/a/a/a/d
instanceKlass com/android/tools/r8/v/a/a/a/f/r0
instanceKlass com/android/tools/r8/v/a/a/a/h/s
instanceKlass com/android/tools/r8/v/a/a/a/h/G0
instanceKlass com/android/tools/r8/v/a/a/a/h/D0
instanceKlass com/android/tools/r8/u/b/c0
instanceKlass com/android/tools/r8/ir/optimize/l$e
instanceKlass com/android/tools/r8/v/a/a/a/f/v
instanceKlass com/android/tools/r8/v/a/a/a/f/s
instanceKlass com/android/tools/r8/u/b/j0
instanceKlass com/android/tools/r8/u/b/i0
instanceKlass com/android/tools/r8/u/b/m1
instanceKlass com/android/tools/r8/v/a/a/a/g/k
instanceKlass com/android/tools/r8/ir/optimize/l
instanceKlass com/android/tools/r8/shaking/MainDexClasses
instanceKlass com/android/tools/r8/v/a/a/a/h/E
instanceKlass com/android/tools/r8/graph/p0
instanceKlass com/android/tools/r8/u/a/q/b
instanceKlass com/android/tools/r8/graph/S0/b
instanceKlass com/android/tools/r8/graph/f
instanceKlass com/android/tools/r8/position/Position
instanceKlass com/android/tools/r8/ir/regalloc/e
instanceKlass com/android/tools/r8/ir/conversion/Z
instanceKlass com/android/tools/r8/ir/optimize/A
instanceKlass com/android/tools/r8/ir/conversion/U
instanceKlass com/android/tools/r8/u/b/L0
instanceKlass com/android/tools/r8/ir/conversion/O
instanceKlass com/android/tools/r8/graph/D0$$Lambda$709
instanceKlass com/android/tools/r8/graph/y$b
instanceKlass com/android/tools/r8/r/n/z
instanceKlass com/android/tools/r8/graph/R0/b
instanceKlass com/android/tools/r8/ir/optimize/d
instanceKlass com/android/tools/r8/graph/N0
instanceKlass com/android/tools/r8/utils/L0$$Lambda$708
instanceKlass com/android/tools/r8/utils/S0
instanceKlass com/android/tools/r8/graph/b0$$Lambda$707
instanceKlass java/lang/invoke/LambdaForm$MH
instanceKlass java/lang/invoke/LambdaForm$DMH
instanceKlass java/lang/invoke/LambdaForm$DMH
instanceKlass com/android/tools/r8/graph/u0$b$$Lambda$706
instanceKlass java/lang/invoke/LambdaForm$DMH
instanceKlass com/android/tools/r8/ir/optimize/info/s/b
instanceKlass com/android/tools/r8/ir/optimize/info/e
instanceKlass com/android/tools/r8/ir/conversion/b0
instanceKlass com/android/tools/r8/ir/optimize/info/g
instanceKlass com/android/tools/r8/ir/optimize/info/b
instanceKlass com/android/tools/r8/x/b/a/m0
instanceKlass com/android/tools/r8/utils/P
instanceKlass com/android/tools/r8/u/a/q/a
instanceKlass com/android/tools/r8/ir/optimize/info/f
instanceKlass com/android/tools/r8/s/a/a/a/v$a
instanceKlass com/android/tools/r8/s/a/a/a/v
instanceKlass com/android/tools/r8/graph/u0$a$$Lambda$705
instanceKlass java/lang/invoke/LambdaForm$MH
instanceKlass java/lang/invoke/LambdaForm$DMH
instanceKlass com/android/tools/r8/graph/u0$$Lambda$704
instanceKlass java/lang/invoke/LambdaForm$DMH
instanceKlass com/android/tools/r8/graph/t0$$Lambda$703
instanceKlass com/android/tools/r8/graph/t0$$Lambda$702
instanceKlass com/android/tools/r8/B/a/a/B
instanceKlass com/android/tools/r8/x/b/a/c
instanceKlass com/android/tools/r8/B/a/a/k
instanceKlass com/android/tools/r8/graph/u0$e
instanceKlass com/android/tools/r8/B/a/a/n
instanceKlass com/android/tools/r8/B/a/a/u
instanceKlass com/android/tools/r8/B/a/a/d
instanceKlass com/android/tools/r8/B/a/a/s
instanceKlass com/android/tools/r8/B/a/a/j
instanceKlass com/android/tools/r8/B/a/a/f
instanceKlass com/google/common/util/concurrent/InterruptibleTask$DoNothingRunnable
instanceKlass com/android/tools/r8/dex/a$a$$Lambda$701
instanceKlass com/android/tools/r8/graph/p$$Lambda$700
instanceKlass com/android/tools/r8/dex/a$a$$Lambda$699
instanceKlass com/android/tools/r8/B/a/a/a
instanceKlass com/android/tools/r8/graph/u0
instanceKlass com/android/tools/r8/graph/p$$Lambda$698
instanceKlass com/android/tools/r8/graph/p$$Lambda$697
instanceKlass com/android/tools/r8/graph/p$$Lambda$696
instanceKlass com/android/tools/r8/graph/p$$Lambda$695
instanceKlass java/lang/invoke/LambdaForm$DMH
instanceKlass com/android/tools/r8/graph/p$$Lambda$694
instanceKlass com/android/tools/r8/graph/p$$Lambda$693
instanceKlass com/android/tools/r8/graph/p$a
instanceKlass java/lang/invoke/LambdaForm$DMH
instanceKlass com/android/tools/r8/graph/c
instanceKlass com/android/tools/r8/graph/O
instanceKlass com/android/tools/r8/graph/b0$b
instanceKlass com/android/tools/r8/graph/j0
instanceKlass com/android/tools/r8/graph/F0
instanceKlass com/android/tools/r8/graph/t0
instanceKlass com/android/tools/r8/dex/a$a
instanceKlass com/android/tools/r8/utils/L0$$Lambda$692
instanceKlass com/android/tools/r8/dex/a$b
instanceKlass com/android/tools/r8/graph/b
instanceKlass com/android/tools/r8/utils/H
instanceKlass com/android/tools/r8/graph/y
instanceKlass com/android/tools/r8/graph/y$a
instanceKlass com/android/tools/r8/dex/a
instanceKlass com/android/tools/r8/utils/a1$b
instanceKlass com/android/tools/r8/utils/a1
instanceKlass com/android/tools/r8/D8$$Lambda$691
instanceKlass com/android/tools/r8/utils/W$a
instanceKlass com/android/tools/r8/utils/t
instanceKlass com/android/tools/r8/utils/f0$g$b
instanceKlass com/android/tools/r8/utils/f0$g$a
instanceKlass com/android/tools/r8/utils/c0$a
instanceKlass com/android/tools/r8/utils/c0
instanceKlass com/android/tools/r8/utils/f0$g
instanceKlass com/android/tools/r8/utils/f0$b
instanceKlass com/android/tools/r8/utils/f0$f
instanceKlass com/android/tools/r8/utils/f0$d
instanceKlass com/android/tools/r8/utils/f0$$Lambda$690
instanceKlass com/android/tools/r8/utils/c1
instanceKlass com/android/tools/r8/Version
instanceKlass com/android/tools/r8/references/TypeReference
instanceKlass com/android/tools/r8/utils/f0
instanceKlass com/android/tools/r8/ir/optimize/info/k
instanceKlass com/android/tools/r8/ir/conversion/T
instanceKlass com/android/tools/r8/ir/conversion/M
instanceKlass com/android/tools/r8/D8
instanceKlass com/android/tools/r8/DataResourceProvider
instanceKlass com/android/tools/r8/utils/e$b$a
instanceKlass com/android/tools/r8/u/c/Q
instanceKlass com/android/tools/r8/u/c/m
instanceKlass com/android/tools/r8/y/a$d
instanceKlass com/android/tools/r8/y/a$c
instanceKlass java/util/stream/Sink$ChainedInt
instanceKlass java/util/stream/Sink$OfInt
instanceKlass java/util/function/IntConsumer
instanceKlass com/android/tools/r8/y/a$b$$Lambda$689
instanceKlass java/util/stream/IntPipeline$$Lambda$688
instanceKlass java/util/stream/Streams$RangeIntSpliterator
instanceKlass com/android/tools/r8/v/a/a/a/h/d
instanceKlass com/android/tools/r8/y/a$b
instanceKlass com/android/tools/r8/y/a
instanceKlass com/android/tools/r8/s/a/a/a/w
instanceKlass com/android/tools/r8/s/a/a/b/s$$Lambda$687
instanceKlass com/android/tools/r8/graph/W$$Lambda$686
instanceKlass com/android/tools/r8/graph/W$$Lambda$685
instanceKlass com/android/tools/r8/s/a/a/b/s
instanceKlass com/android/tools/r8/s/a/a/b/v$$Lambda$684
instanceKlass com/android/tools/r8/graph/W$$Lambda$683
instanceKlass com/android/tools/r8/s/a/a/b/I$b
instanceKlass com/android/tools/r8/graph/W$$Lambda$682
instanceKlass com/android/tools/r8/graph/W$$Lambda$681
instanceKlass com/android/tools/r8/graph/W$$Lambda$680
instanceKlass com/android/tools/r8/utils/J0
instanceKlass com/android/tools/r8/graph/W$p
instanceKlass com/android/tools/r8/graph/W$o
instanceKlass com/android/tools/r8/graph/W$m
instanceKlass com/android/tools/r8/graph/W$c
instanceKlass com/android/tools/r8/s/a/a/b/P
instanceKlass com/android/tools/r8/s/a/a/b/b0$a
instanceKlass com/android/tools/r8/graph/W$n
instanceKlass com/android/tools/r8/graph/W$j
instanceKlass com/android/tools/r8/graph/W$g
instanceKlass com/android/tools/r8/graph/W$f
instanceKlass com/android/tools/r8/graph/W$e
instanceKlass com/android/tools/r8/graph/W$b
instanceKlass com/android/tools/r8/graph/W$s
instanceKlass com/android/tools/r8/graph/W$h
instanceKlass com/android/tools/r8/graph/W$i
instanceKlass com/android/tools/r8/graph/W$r
instanceKlass com/android/tools/r8/graph/W$k
instanceKlass com/android/tools/r8/graph/W$l
instanceKlass com/android/tools/r8/utils/T
instanceKlass com/android/builder/dexing/FileBasedClassFileEntry
instanceKlass com/android/tools/r8/graph/W$d
instanceKlass com/android/tools/r8/utils/W
instanceKlass com/android/tools/r8/u/b/h0
instanceKlass com/android/tools/r8/u/b/j1
instanceKlass com/android/tools/r8/u/b/k0
instanceKlass com/android/tools/r8/graph/W$q
instanceKlass com/android/tools/r8/v/a/a/a/c
instanceKlass com/android/tools/r8/v/a/a/a/f/T
instanceKlass com/android/tools/r8/v/a/a/a/h/p0
instanceKlass com/android/tools/r8/v/a/a/a/h/h0
instanceKlass com/android/tools/r8/v/a/a/a/f/z0
instanceKlass com/android/tools/r8/v/a/a/a/f/h0
instanceKlass com/android/tools/r8/v/a/a/a/h/U0
instanceKlass com/android/tools/r8/s/a/a/b/k
instanceKlass com/android/tools/r8/s/a/a/b/b0
instanceKlass com/android/tools/r8/utils/U0
instanceKlass com/android/tools/r8/utils/x
instanceKlass com/android/tools/r8/ir/analysis/type/u
instanceKlass com/android/tools/r8/v/a/a/a/f/c
instanceKlass com/android/tools/r8/graph/K0
instanceKlass com/android/tools/r8/graph/V
instanceKlass com/android/tools/r8/s/a/a/b/p
instanceKlass com/android/tools/r8/v/a/a/a/f/S
instanceKlass com/android/tools/r8/v/a/a/a/f/Q
instanceKlass com/android/tools/r8/graph/W
instanceKlass com/android/tools/r8/utils/r
instanceKlass com/android/tools/r8/utils/I0
instanceKlass com/android/tools/r8/utils/Y
instanceKlass com/android/tools/r8/ProgramResource$ByteResource
instanceKlass com/android/tools/r8/ProgramResource
instanceKlass com/android/tools/r8/BaseCommand$Builder$$Lambda$679
instanceKlass com/android/builder/dexing/ClassFile
instanceKlass com/android/builder/dexing/NoCacheJarClassFileEntry
instanceKlass java/util/stream/StreamSpliterators$WrappingSpliterator$$Lambda$678
instanceKlass com/android/builder/dexing/D8DexArchiveBuilder$$Lambda$677
instanceKlass com/android/tools/r8/BaseCompilerCommand$Builder$$Lambda$676
instanceKlass com/android/tools/r8/o
instanceKlass com/android/tools/r8/ProgramResourceProvider
instanceKlass com/android/tools/r8/utils/e$b
instanceKlass com/android/tools/r8/DataResourceProvider$Visitor
instanceKlass com/android/tools/r8/DataResource
instanceKlass com/android/tools/r8/Resource
instanceKlass com/android/tools/r8/B/a/a/h
instanceKlass com/android/tools/r8/v/a/a/a/h/N
instanceKlass com/android/tools/r8/v/a/a/a/h/I
instanceKlass com/android/tools/r8/v/a/a/a/a
instanceKlass com/android/tools/r8/utils/e
instanceKlass com/android/tools/r8/utils/M0
instanceKlass com/android/tools/r8/ClassFileConsumer$ForwardingConsumer
instanceKlass com/android/tools/r8/ClassFileConsumer
instanceKlass com/android/builder/dexing/JarClassFileInput$$Lambda$675
instanceKlass com/android/builder/dexing/ClassFileInput$$Lambda$674
instanceKlass java/util/zip/ZipFile$ZipEntryIterator
instanceKlass com/android/builder/dexing/JarClassFileInput
instanceKlass com/android/tools/r8/DexFilePerClassFileConsumer$ForwardingConsumer
instanceKlass com/android/tools/r8/DexFilePerClassFileConsumer
instanceKlass com/android/tools/r8/j
instanceKlass com/android/tools/r8/DataResourceConsumer
instanceKlass com/android/tools/r8/DexIndexedConsumer$ForwardingConsumer
instanceKlass com/android/tools/r8/DexIndexedConsumer
instanceKlass com/android/tools/r8/ByteBufferProvider
instanceKlass com/android/tools/r8/ProgramConsumer
instanceKlass com/android/tools/r8/s/a/a/b/N0
instanceKlass com/android/tools/r8/s/a/a/a/E
instanceKlass com/android/tools/r8/s/a/a/a/V
instanceKlass com/android/tools/r8/s/a/a/a/J
instanceKlass com/android/tools/r8/s/a/a/a/D
instanceKlass com/android/tools/r8/s/a/a/b/B
instanceKlass com/android/tools/r8/s/a/a/b/M2
instanceKlass com/android/tools/r8/s/a/a/b/v
instanceKlass com/android/tools/r8/BaseCommand$Builder
instanceKlass com/android/tools/r8/Diagnostic
instanceKlass com/android/tools/r8/b
instanceKlass com/android/tools/r8/BaseCommand
instanceKlass com/android/tools/r8/origin/Origin
instanceKlass com/android/builder/dexing/DirectoryBasedClassFileInput$$Lambda$673
instanceKlass com/android/builder/dexing/DirectoryBasedClassFileInput$$Lambda$672
instanceKlass com/android/builder/dexing/DirectoryBasedClassFileInput$$Lambda$671
instanceKlass java/nio/file/Files$$Lambda$670
instanceKlass java/nio/file/Files$$Lambda$669
instanceKlass java/nio/file/FileTreeIterator
instanceKlass com/android/builder/dexing/ClassBucket$getClassFiles$1
instanceKlass com/android/builder/dexing/ClassFileEntry
instanceKlass com/android/builder/dexing/DirectoryBasedClassFileInput
instanceKlass sun/nio/fs/WindowsFileSystem$2
instanceKlass java/nio/file/PathMatcher
instanceKlass sun/nio/fs/Globs
instanceKlass com/android/builder/dexing/ClassFileInput
instanceKlass com/android/builder/dexing/ClassFileInputs
instanceKlass com/android/builder/dexing/D8DesugarGraphConsumer
instanceKlass com/android/tools/r8/StringConsumer
instanceKlass com/android/builder/dexing/D8DiagnosticsHandler
instanceKlass com/android/tools/r8/DiagnosticsHandler
instanceKlass com/android/builder/dexing/ClassBucketGroupKt
instanceKlass com/android/builder/dexing/JarBucketGroup$Companion
instanceKlass com/android/build/gradle/internal/tasks/DexArchiveBuilderTaskDelegate$D8DesugaringCacheInfo
instanceKlass com/android/builder/dexing/DexParameters
instanceKlass com/android/builder/dexing/DexArchiveBuilder$Companion
instanceKlass com/android/builder/dexing/DexArchiveBuilder
instanceKlass com/android/build/gradle/internal/dexing/DexWorkActionKt$WhenMappings
instanceKlass com/android/build/gradle/internal/dexing/DexWorkActionKt
instanceKlass com/android/build/gradle/internal/tasks/DexArchiveBuilderTaskDelegate$convertToDexArchive$3
instanceKlass com/android/build/gradle/internal/dexing/DexWorkAction
instanceKlass com/android/build/gradle/internal/dexing/DexParametersForWorkers$Companion
instanceKlass com/android/build/gradle/internal/dexing/DexParametersForWorkers
instanceKlass com/android/build/gradle/internal/dexing/IncrementalDexSpec$Companion
instanceKlass com/android/build/gradle/internal/dexing/IncrementalDexSpec
instanceKlass com/android/build/gradle/internal/dexing/DexWorkActionParams$Companion
instanceKlass com/android/build/gradle/internal/dexing/DexWorkActionParams
instanceKlass com/android/builder/dexing/ClassBucket$Companion
instanceKlass com/android/builder/dexing/ClassBucket
instanceKlass com/android/build/gradle/internal/tasks/DexOutputs
instanceKlass com/android/builder/dexing/DirectoryBucketGroup$Companion
instanceKlass com/android/builder/dexing/ClassBucketGroup$Companion
instanceKlass com/android/builder/dexing/ClassBucketGroup
instanceKlass com/android/build/gradle/internal/tasks/DexArchiveBuilderTaskDelegate$ClasspathServiceKey
instanceKlass com/android/builder/dexing/r8/ClassFileProviderFactory$OrderedClassFileResourceProvider$$Lambda$668
instanceKlass com/android/builder/dexing/r8/ClassFileProviderFactory$OrderedClassFileResourceProvider
instanceKlass com/android/tools/r8/ClassFileResourceProvider
instanceKlass com/android/builder/dexing/r8/ClassFileProviderFactory
instanceKlass com/android/build/gradle/internal/tasks/DexArchiveBuilderTaskDelegateKt
instanceKlass kotlin/io/ByteStreamsKt
instanceKlass com/android/build/gradle/internal/tasks/DesugarIncrementalHelper$$Lambda$667
instanceKlass com/android/builder/desugaring/DesugaringGraph
instanceKlass com/android/builder/desugaring/DesugaringGraphs
instanceKlass com/android/build/gradle/internal/tasks/DesugarIncrementalHelper$$Lambda$666
instanceKlass com/android/build/gradle/internal/tasks/DesugarIncrementalHelper$$Lambda$665
instanceKlass com/android/build/gradle/internal/tasks/DesugarIncrementalHelper$$Lambda$664
instanceKlass com/android/build/gradle/internal/tasks/DexArchiveBuilderTaskDelegate$desugarIncrementalHelper$1
instanceKlass com/android/build/gradle/internal/tasks/DesugarIncrementalHelper
instanceKlass com/android/ide/common/internal/WaitableExecutor
instanceKlass com/android/build/gradle/internal/tasks/DexArchiveBuilderTaskDelegate$Companion
instanceKlass com/android/build/gradle/internal/tasks/DexArchiveBuilderTaskDelegate
instanceKlass com/android/build/gradle/internal/tasks/DexArchiveBuilderCacheHandler
instanceKlass com/android/build/gradle/internal/dexing/DxDexParameters$Companion
instanceKlass org/gradle/api/internal/tasks/compile/CompileJavaBuildOperationReportingCompiler$Result
instanceKlass org/gradle/api/internal/tasks/compile/incremental/RecompilationNotNecessary
instanceKlass org/gradle/api/internal/tasks/compile/incremental/recomp/IncrementalCompilationResult
instanceKlass org/gradle/api/tasks/WorkResults$$Lambda$663
instanceKlass org/gradle/api/tasks/WorkResults$$Lambda$662
instanceKlass java/lang/invoke/LambdaForm$DMH
instanceKlass org/gradle/api/tasks/WorkResults
instanceKlass java/util/WeakHashMap$HashIterator
instanceKlass com/sun/tools/javac/jvm/ClassFile$NameAndType
instanceKlass com/sun/tools/javac/jvm/ClassWriter$1
instanceKlass javax/tools/StandardLocation$2
instanceKlass com/sun/tools/javac/code/Types$UniqueType
instanceKlass com/sun/tools/javac/model/FilteredMemberList$1
instanceKlass com/sun/tools/javac/jvm/Code$LocalVar$Range
instanceKlass com/sun/tools/javac/jvm/Items
instanceKlass com/sun/tools/javac/jvm/Code$LocalVar
instanceKlass com/sun/tools/javac/jvm/Code$State
instanceKlass com/sun/tools/javac/jvm/Code$1
instanceKlass com/sun/tools/javac/jvm/Code
instanceKlass com/sun/tools/javac/jvm/Gen$GenContext
instanceKlass com/sun/tools/javac/tree/TreeMaker$1
instanceKlass com/sun/tools/javac/jvm/Gen$3
instanceKlass com/sun/tools/javac/util/Pair
instanceKlass com/sun/tools/javac/code/Types$ImplementationCache$Entry
instanceKlass com/sun/tools/javac/util/Bits$1
instanceKlass com/sun/tools/javac/util/Bits
instanceKlass com/sun/tools/javac/comp/Flow$BaseAnalyzer$PendingExit
instanceKlass com/sun/tools/javac/comp/Resolve$MethodCheckContext
instanceKlass com/sun/tools/javac/comp/Attr$15
instanceKlass com/sun/tools/javac/comp/Resolve$MethodResolutionContext$Candidate
instanceKlass com/sun/tools/javac/comp/Resolve$LookupFilter
instanceKlass com/sun/tools/javac/comp/Resolve$5$1
instanceKlass com/sun/tools/javac/comp/Resolve$5
instanceKlass com/sun/tools/javac/comp/Resolve$MethodResolutionContext
instanceKlass com/sun/tools/javac/code/Scope$4$1
instanceKlass com/sun/tools/javac/code/Scope$4
instanceKlass com/sun/tools/javac/code/Scope$CompoundScope$CompoundScopeIterator
instanceKlass com/sun/tools/javac/comp/Check$$Lambda$661
instanceKlass com/sun/tools/javac/code/Scope$CompoundScope$2
instanceKlass com/sun/tools/javac/comp/Check$ClashFilter
instanceKlass com/sun/tools/javac/code/Types$27
instanceKlass com/sun/tools/javac/main/JavaCompiler$2
instanceKlass com/sun/tools/javac/code/SymbolMetadata
instanceKlass com/sun/tools/javac/code/Symbol$VarSymbol$2
instanceKlass com/sun/tools/javac/jvm/ClassReader$ParameterAnnotations
instanceKlass com/sun/tools/javac/jvm/ClassReader$AnnotationDeproxy
instanceKlass com/sun/tools/javac/jvm/ClassReader$ProxyVisitor
instanceKlass com/sun/tools/javac/comp/AttrContext
instanceKlass com/sun/tools/javac/api/ClientCodeWrapper$WrappedFileObject
instanceKlass com/sun/tools/javac/jvm/ClassReader$25
instanceKlass com/sun/tools/javac/file/ZipFileIndex$Entry
instanceKlass com/sun/tools/javac/file/ZipFileIndex$DirectoryEntry
instanceKlass com/sun/tools/javac/file/ZipFileIndex$ZipDirectory
instanceKlass com/sun/tools/javac/file/ZipFileIndex
instanceKlass com/sun/tools/javac/file/ZipFileIndexArchive
instanceKlass com/sun/tools/javac/file/Locations$1
instanceKlass com/sun/tools/javac/util/StringUtils
instanceKlass com/sun/tools/javac/util/ListBuffer$1
instanceKlass com/sun/tools/javac/tree/TreeInfo$2
instanceKlass com/sun/tools/javac/util/Position$LineMapImpl
instanceKlass com/sun/tools/javac/util/Position$LineMap
instanceKlass com/sun/tools/javac/util/Position
instanceKlass com/sun/tools/javac/parser/JavacParser$2
instanceKlass com/sun/tools/javac/parser/JavaTokenizer$1
instanceKlass com/sun/tools/javac/util/ArrayUtils
instanceKlass com/sun/tools/javac/parser/JavaTokenizer$BasicComment
instanceKlass com/sun/tools/javac/parser/JavacParser$1
instanceKlass com/sun/tools/javac/parser/JavacParser$AbstractEndPosTable
instanceKlass com/sun/tools/javac/parser/JavacParser$ErrorRecoveryAction
instanceKlass com/sun/tools/javac/tree/DocCommentTable
instanceKlass com/sun/tools/javac/tree/EndPosTable
instanceKlass com/sun/tools/javac/parser/JavacParser
instanceKlass com/sun/tools/javac/parser/UnicodeReader
instanceKlass sun/misc/FloatingDecimal$HexFloatPattern
instanceKlass com/sun/tools/javac/parser/Tokens$Comment
instanceKlass com/sun/tools/javac/parser/Scanner
instanceKlass com/sun/source/tree/LineMap
instanceKlass com/sun/tools/javac/util/BaseFileManager$ContentCacheEntry
instanceKlass com/sun/tools/javac/util/DiagnosticSource
instanceKlass com/sun/tools/javac/util/ForwardingDiagnosticFormatter$ForwardingConfiguration
instanceKlass com/sun/tools/javac/code/Types$DefaultSymbolVisitor
instanceKlass com/sun/tools/javac/util/ForwardingDiagnosticFormatter
instanceKlass com/sun/tools/javac/api/MultiTaskListener
instanceKlass com/sun/tools/javac/comp/TransTypes$1
instanceKlass com/sun/tools/javac/jvm/Pool
instanceKlass com/sun/tools/javac/comp/Lower$TreeBuilder
instanceKlass com/sun/tools/javac/jvm/Gen$GenFinalizer
instanceKlass com/sun/tools/javac/jvm/Items$Item
instanceKlass com/sun/tools/javac/parser/JavaTokenizer
instanceKlass com/sun/tools/javac/parser/ScannerFactory
instanceKlass com/sun/tools/javac/parser/Tokens$Token
instanceKlass com/sun/tools/javac/parser/Tokens
instanceKlass com/sun/tools/javac/tree/DocTreeMaker
instanceKlass com/sun/tools/javac/parser/Lexer
instanceKlass com/sun/tools/javac/parser/ParserFactory
instanceKlass com/sun/tools/javac/jvm/JNIWriter
instanceKlass com/sun/tools/javac/code/Types$SignatureGenerator
instanceKlass com/sun/tools/javac/jvm/ClassWriter$AttributeWriter
instanceKlass com/sun/tools/javac/util/ByteBuffer
instanceKlass com/sun/tools/javac/jvm/ClassFile
instanceKlass com/sun/tools/javac/jvm/ClassReader$AttributeReader
instanceKlass com/sun/tools/javac/util/MandatoryWarningHandler
instanceKlass com/sun/tools/javac/tree/TreeInfo
instanceKlass com/sun/tools/javac/comp/DeferredAttr$4
instanceKlass com/sun/tools/javac/comp/DeferredAttr$3
instanceKlass com/sun/tools/javac/comp/DeferredAttr$2
instanceKlass com/sun/tools/javac/comp/DeferredAttr$DeferredAttrContext
instanceKlass com/sun/tools/javac/comp/DeferredAttr$DeferredStuckPolicy
instanceKlass com/sun/tools/javac/comp/DeferredAttr$DeferredTypeCompleter
instanceKlass com/sun/tools/javac/comp/Infer$GraphStrategy
instanceKlass com/sun/tools/javac/comp/Infer$InferenceContext
instanceKlass javax/lang/model/element/TypeParameterElement
instanceKlass com/sun/tools/javac/comp/Infer
instanceKlass com/sun/tools/javac/code/DeferredLintHandler$1
instanceKlass com/sun/tools/javac/code/DeferredLintHandler
instanceKlass com/sun/tools/javac/code/TypeAnnotations
instanceKlass com/sun/tools/javac/comp/TypeEnvs
instanceKlass com/sun/tools/javac/comp/ConstFold
instanceKlass javax/lang/model/element/AnnotationMirror
instanceKlass com/sun/tools/javac/comp/Annotate
instanceKlass com/sun/tools/javac/tree/TreeMaker$AnnotationBuilder
instanceKlass com/sun/tools/javac/tree/TreeMaker
instanceKlass com/sun/tools/javac/tree/JCTree$Factory
instanceKlass com/sun/tools/javac/comp/Env
instanceKlass com/sun/tools/javac/comp/Flow
instanceKlass com/sun/source/util/SimpleTreeVisitor
instanceKlass com/sun/tools/javac/comp/Attr$14
instanceKlass javax/lang/model/type/UnionType
instanceKlass com/sun/tools/javac/comp/Check$NestedCheckContext
instanceKlass com/sun/source/tree/UnionTypeTree
instanceKlass com/sun/source/tree/ParameterizedTypeTree
instanceKlass com/sun/source/tree/ArrayTypeTree
instanceKlass com/sun/source/tree/PrimitiveTypeTree
instanceKlass com/sun/source/tree/MemberReferenceTree
instanceKlass com/sun/source/tree/ArrayAccessTree
instanceKlass com/sun/source/tree/InstanceOfTree
instanceKlass com/sun/source/tree/CompoundAssignmentTree
instanceKlass com/sun/source/tree/AssignmentTree
instanceKlass com/sun/source/tree/ParenthesizedTree
instanceKlass com/sun/source/tree/LambdaExpressionTree
instanceKlass com/sun/source/tree/MethodInvocationTree
instanceKlass com/sun/source/tree/ExpressionStatementTree
instanceKlass com/sun/source/tree/ConditionalExpressionTree
instanceKlass com/sun/source/tree/LabeledStatementTree
instanceKlass com/sun/source/tree/EnhancedForLoopTree
instanceKlass com/sun/source/tree/DoWhileLoopTree
instanceKlass com/sun/source/tree/EmptyStatementTree
instanceKlass com/sun/source/tree/VariableTree
instanceKlass com/sun/source/tree/TypeParameterTree
instanceKlass com/sun/source/tree/SynchronizedTree
instanceKlass com/sun/source/tree/AnnotatedTypeTree
instanceKlass com/sun/source/tree/ErroneousTree
instanceKlass com/sun/source/tree/ModifiersTree
instanceKlass com/sun/source/tree/LiteralTree
instanceKlass com/sun/source/tree/TypeCastTree
instanceKlass com/sun/source/tree/BinaryTree
instanceKlass com/sun/source/tree/UnaryTree
instanceKlass com/sun/source/tree/NewArrayTree
instanceKlass com/sun/source/tree/AssertTree
instanceKlass com/sun/source/tree/ThrowTree
instanceKlass com/sun/source/tree/ReturnTree
instanceKlass com/sun/source/tree/ContinueTree
instanceKlass com/sun/source/tree/BreakTree
instanceKlass com/sun/source/tree/IfTree
instanceKlass com/sun/source/tree/CatchTree
instanceKlass com/sun/source/tree/TryTree
instanceKlass com/sun/source/tree/CaseTree
instanceKlass com/sun/source/tree/BlockTree
instanceKlass com/sun/source/tree/ImportTree
instanceKlass com/sun/source/tree/IntersectionTypeTree
instanceKlass com/sun/source/tree/SwitchTree
instanceKlass com/sun/source/tree/WhileLoopTree
instanceKlass com/sun/source/tree/ForLoopTree
instanceKlass com/sun/source/tree/WildcardTree
instanceKlass com/sun/tools/javac/api/Formattable$LocalizedString
instanceKlass com/sun/tools/javac/api/Formattable
instanceKlass com/sun/tools/javac/comp/Resolve$7
instanceKlass com/sun/tools/javac/comp/Resolve$6
instanceKlass com/sun/tools/javac/comp/Attr$ResultInfo
instanceKlass com/sun/tools/javac/comp/Resolve$AbstractMethodCheck
instanceKlass com/sun/tools/javac/comp/Resolve$2
instanceKlass com/sun/tools/javac/comp/Resolve$LookupHelper
instanceKlass com/sun/tools/javac/comp/Resolve$LogResolveHelper
instanceKlass com/sun/tools/javac/comp/Resolve$MethodCheck
instanceKlass com/sun/tools/javac/comp/Resolve
instanceKlass com/sun/tools/javac/comp/Check$6
instanceKlass com/sun/tools/javac/comp/Check$1
instanceKlass com/sun/tools/javac/util/Warner
instanceKlass com/sun/source/tree/MethodTree
instanceKlass com/sun/source/tree/NewClassTree
instanceKlass com/sun/tools/javac/code/DeferredLintHandler$LintLogger
instanceKlass com/sun/source/tree/AnnotationTree
instanceKlass com/sun/tools/javac/tree/JCTree$Visitor
instanceKlass com/sun/tools/javac/comp/Infer$FreeTypeListener
instanceKlass com/sun/tools/javac/comp/Check$CheckContext
instanceKlass com/sun/tools/javac/comp/Check
instanceKlass com/sun/tools/javac/code/Types$ImplementationCache
instanceKlass com/sun/tools/javac/code/Types$3
instanceKlass com/sun/tools/javac/code/Types$DescriptorCache$FunctionDescriptor
instanceKlass com/sun/tools/javac/util/JCDiagnostic
instanceKlass com/sun/tools/javac/code/Types$DescriptorCache
instanceKlass com/sun/tools/javac/code/Scope$ScopeListener
instanceKlass javax/lang/model/type/IntersectionType
instanceKlass com/sun/tools/javac/code/Type$Mapping
instanceKlass com/sun/tools/javac/code/Types$DefaultTypeVisitor
instanceKlass com/sun/tools/javac/code/Types
instanceKlass com/sun/tools/javac/code/Symtab$2
instanceKlass com/sun/tools/javac/code/Symtab$1
instanceKlass com/sun/tools/javac/code/Symbol$MethodSymbol$2
instanceKlass com/sun/tools/javac/code/Scope$2
instanceKlass com/sun/tools/javac/code/Scope$Entry
instanceKlass com/sun/tools/javac/util/Filter
instanceKlass com/sun/tools/javac/util/Assert
instanceKlass java/lang/annotation/Repeatable
instanceKlass javax/lang/model/type/NullType
instanceKlass com/sun/tools/javac/code/Symtab
instanceKlass com/sun/tools/javac/jvm/ClassReader$1
instanceKlass com/sun/tools/javac/code/Attribute
instanceKlass javax/lang/model/element/AnnotationValue
instanceKlass javax/lang/model/type/NoType
instanceKlass com/sun/tools/javac/code/Scope
instanceKlass javax/lang/model/type/ExecutableType
instanceKlass com/sun/tools/javac/comp/Annotate$Worker
instanceKlass com/sun/tools/javac/code/Symbol$Completer
instanceKlass com/sun/tools/javac/jvm/ClassReader
instanceKlass com/sun/tools/javac/util/Convert
instanceKlass com/sun/tools/javac/util/Name
instanceKlass javax/lang/model/element/Name
instanceKlass com/sun/tools/javac/util/Name$Table
instanceKlass com/sun/tools/javac/util/Names
instanceKlass com/sun/tools/javac/main/JavaCompiler$1
instanceKlass com/sun/source/tree/MemberSelectTree
instanceKlass com/sun/source/tree/IdentifierTree
instanceKlass com/sun/source/tree/ClassTree
instanceKlass com/sun/source/tree/StatementTree
instanceKlass javax/lang/model/element/PackageElement
instanceKlass javax/lang/model/element/TypeElement
instanceKlass javax/lang/model/element/QualifiedNameable
instanceKlass com/sun/source/tree/CompilationUnitTree
instanceKlass com/sun/tools/javac/jvm/ClassReader$SourceCompleter
instanceKlass com/sun/tools/javac/main/JavaCompiler
instanceKlass com/sun/tools/javac/file/CacheFSInfo$1
instanceKlass com/sun/tools/javac/main/CommandLine
instanceKlass org/gradle/api/internal/tasks/compile/filter/AnnotationProcessorFilter
instanceKlass org/gradle/api/internal/tasks/compile/ResourceCleaningCompilationTask
instanceKlass javax/annotation/processing/Processor
instanceKlass org/gradle/api/internal/tasks/compile/AnnotationProcessingCompileTask
instanceKlass com/sun/tools/javac/parser/Parser
instanceKlass com/sun/tools/javac/api/JavacTaskImpl$Filter
instanceKlass javax/lang/model/util/Types
instanceKlass javax/lang/model/util/Elements
instanceKlass javax/annotation/processing/ProcessingEnvironment
instanceKlass com/sun/tools/javac/main/Main
instanceKlass com/sun/source/util/TreeScanner
instanceKlass com/sun/source/tree/TreeVisitor
instanceKlass com/sun/tools/doclint/DocLint
instanceKlass com/sun/source/util/Plugin
instanceKlass com/sun/tools/javac/api/ClientCodeWrapper$WrappedJavaFileManager
instanceKlass com/sun/tools/javac/api/ClientCodeWrapper$Trusted
instanceKlass com/sun/source/util/TaskListener
instanceKlass com/sun/tools/javac/api/ClientCodeWrapper
instanceKlass javax/tools/ForwardingJavaFileManager
instanceKlass com/sun/tools/javac/file/BaseFileObject
instanceKlass com/sun/tools/javac/file/ZipFileIndexCache
instanceKlass com/sun/tools/javac/file/FSInfo
instanceKlass com/sun/tools/javac/code/Lint$AugmentVisitor
instanceKlass com/sun/tools/javac/code/Attribute$Visitor
instanceKlass com/sun/tools/javac/util/Log$1
instanceKlass javax/tools/DiagnosticListener
instanceKlass com/sun/tools/javac/util/JCDiagnostic$Factory$1
instanceKlass com/sun/tools/javac/util/Options
instanceKlass javax/lang/model/element/ExecutableElement
instanceKlass javax/lang/model/element/Parameterizable
instanceKlass javax/lang/model/type/PrimitiveType
instanceKlass javax/lang/model/type/WildcardType
instanceKlass javax/lang/model/element/VariableElement
instanceKlass javax/lang/model/type/TypeVariable
instanceKlass javax/lang/model/type/ErrorType
instanceKlass javax/lang/model/type/DeclaredType
instanceKlass javax/lang/model/type/ArrayType
instanceKlass javax/lang/model/type/ReferenceType
instanceKlass javax/lang/model/type/TypeMirror
instanceKlass com/sun/tools/javac/code/AnnoConstruct
instanceKlass javax/lang/model/element/Element
instanceKlass javax/lang/model/AnnotatedConstruct
instanceKlass com/sun/tools/javac/util/AbstractDiagnosticFormatter$SimpleConfiguration
instanceKlass com/sun/source/tree/ExpressionTree
instanceKlass com/sun/tools/javac/tree/JCTree
instanceKlass com/sun/source/tree/Tree
instanceKlass com/sun/tools/javac/api/DiagnosticFormatter$Configuration
instanceKlass com/sun/tools/javac/code/Printer
instanceKlass com/sun/tools/javac/code/Symbol$Visitor
instanceKlass com/sun/tools/javac/code/Type$Visitor
instanceKlass com/sun/tools/javac/util/AbstractDiagnosticFormatter
instanceKlass com/sun/tools/javac/util/List$3
instanceKlass com/sun/tools/javac/util/List$2
instanceKlass com/sun/tools/javac/util/JavacMessages
instanceKlass com/sun/tools/javac/api/Messages
instanceKlass com/sun/tools/javac/util/JCDiagnostic$Factory
instanceKlass com/sun/tools/javac/file/Locations$LocationHandler
instanceKlass com/sun/tools/javac/file/Locations
instanceKlass com/sun/tools/javac/util/BaseFileManager$ByteBufferCache
instanceKlass com/sun/tools/javac/code/Lint
instanceKlass com/sun/tools/javac/file/JavacFileManager$Archive
instanceKlass javax/tools/JavaFileManager$Location
instanceKlass com/sun/tools/javac/file/RelativePath
instanceKlass javax/tools/JavaFileObject
instanceKlass javax/tools/FileObject
instanceKlass com/sun/tools/javac/util/BaseFileManager
instanceKlass com/sun/tools/javac/util/Context$Factory
instanceKlass javax/tools/Diagnostic
instanceKlass com/sun/tools/javac/api/DiagnosticFormatter
instanceKlass com/sun/tools/javac/util/Log$DiagnosticHandler
instanceKlass com/sun/tools/javac/util/JCDiagnostic$DiagnosticPosition
instanceKlass com/sun/tools/javac/util/AbstractLog
instanceKlass com/sun/tools/javac/util/Context$Key
instanceKlass com/sun/source/util/JavacTask
instanceKlass com/sun/tools/javac/main/OptionHelper
instanceKlass javax/tools/StandardJavaFileManager
instanceKlass javax/tools/JavaFileManager
instanceKlass com/sun/tools/javac/api/JavacTool
instanceKlass org/gradle/api/internal/tasks/compile/JdkTools
instanceKlass org/gradle/api/internal/tasks/compile/JavaCompilerArgumentsBuilder
instanceKlass org/gradle/api/internal/tasks/compile/incremental/processing/AnnotationProcessingResult
instanceKlass org/gradle/api/internal/tasks/compile/NormalizingJavaCompiler$1
instanceKlass org/gradle/language/base/internal/tasks/StaleOutputCleaner$$Lambda$660
instanceKlass org/gradle/internal/execution/impl/OutputsCleaner$1
instanceKlass org/gradle/language/base/internal/tasks/StaleOutputCleaner$$Lambda$659
instanceKlass org/gradle/language/base/internal/tasks/StaleOutputCleaner$$Lambda$658
instanceKlass org/gradle/internal/execution/impl/OutputsCleaner
instanceKlass org/gradle/language/base/internal/tasks/StaleOutputCleaner$$Lambda$657
instanceKlass org/gradle/language/base/internal/tasks/StaleOutputCleaner
instanceKlass org/gradle/api/internal/tasks/compile/incremental/deps/ClassChanges
instanceKlass org/gradle/api/internal/tasks/compile/incremental/recomp/AbstractRecompilationSpecProvider$1
instanceKlass org/gradle/internal/util/Alignment
instanceKlass org/gradle/api/internal/tasks/compile/incremental/recomp/ClasspathChangeDependentsFinder
instanceKlass org/gradle/api/internal/tasks/compile/incremental/classpath/ClasspathSnapshot
instanceKlass it/unimi/dsi/fastutil/ints/IntIterators$EmptyIterator
instanceKlass it/unimi/dsi/fastutil/ints/IntList
instanceKlass it/unimi/dsi/fastutil/ints/IntListIterator
instanceKlass it/unimi/dsi/fastutil/ints/IntIterators
instanceKlass it/unimi/dsi/fastutil/ints/IntBidirectionalIterator
instanceKlass it/unimi/dsi/fastutil/objects/ObjectBidirectionalIterator
instanceKlass it/unimi/dsi/fastutil/BidirectionalIterator
instanceKlass it/unimi/dsi/fastutil/objects/ObjectIterator
instanceKlass it/unimi/dsi/fastutil/ints/IntSets
instanceKlass it/unimi/dsi/fastutil/ints/IntOpenHashSet$SetIterator
instanceKlass org/gradle/api/internal/tasks/compile/incremental/asm/ClassRelevancyFilter
instanceKlass org/gradle/api/internal/tasks/compile/incremental/deps/ClassAnalysis
instanceKlass java/lang/StrictMath
instanceKlass it/unimi/dsi/fastutil/HashCommon
instanceKlass it/unimi/dsi/fastutil/ints/IntIterator
instanceKlass java/util/PrimitiveIterator$OfInt
instanceKlass java/util/PrimitiveIterator
instanceKlass it/unimi/dsi/fastutil/Hash
instanceKlass org/gradle/api/internal/tasks/compile/incremental/analyzer/CachingClassDependenciesAnalyzer$1
instanceKlass org/gradle/internal/serialize/IntSetSerializer
instanceKlass java/util/Collections$3
instanceKlass org/apache/tools/zip/ZipFile$$Lambda$656
instanceKlass org/apache/tools/zip/ZipFile$NameAndComment
instanceKlass org/apache/tools/zip/ZipEightByteInteger
instanceKlass org/apache/tools/zip/Zip64ExtendedInformationExtraField
instanceKlass org/apache/tools/zip/CentralDirectoryParsingZipExtraField
instanceKlass org/apache/tools/zip/JarMarker
instanceKlass org/apache/tools/zip/AsiExtraField
instanceKlass org/apache/tools/zip/UnixStat
instanceKlass org/apache/tools/zip/ExtraFieldUtils
instanceKlass org/apache/tools/zip/ExtraFieldUtils$UnparseableExtraField
instanceKlass org/apache/tools/zip/AbstractUnicodeExtraField
instanceKlass org/apache/tools/zip/ZipUtil
instanceKlass org/apache/tools/zip/ZipShort
instanceKlass org/apache/tools/zip/GeneralPurposeBit
instanceKlass org/apache/tools/zip/ZipFile$OffsetEntry
instanceKlass org/apache/tools/zip/FallbackZipEncoding
instanceKlass org/apache/tools/zip/ZipEncodingHelper$SimpleEncodingHolder
instanceKlass org/apache/tools/zip/ZipEncoding
instanceKlass org/apache/tools/zip/ZipEncodingHelper
instanceKlass org/apache/tools/zip/ZipFile$$Lambda$655
instanceKlass org/apache/tools/zip/ZipLong
instanceKlass org/apache/tools/zip/ZipExtraField
instanceKlass org/apache/tools/zip/ZipFile
instanceKlass org/gradle/api/internal/tasks/compile/incremental/classpath/DefaultClasspathEntrySnapshotter$EntryVisitor
instanceKlass org/gradle/api/internal/file/archive/ZipFileTree
instanceKlass org/gradle/api/internal/file/collections/ArchiveFileTree
instanceKlass org/gradle/api/internal/tasks/compile/incremental/deps/ClassDependentsAccumulator
instanceKlass org/gradle/api/internal/tasks/compile/incremental/classpath/CachingClasspathEntrySnapshotter$$Lambda$654
instanceKlass org/gradle/api/internal/tasks/compile/incremental/deps/ClassSetAnalysis
instanceKlass org/gradle/api/internal/tasks/compile/incremental/deps/ClassSetAnalysisData
instanceKlass org/gradle/api/internal/tasks/compile/incremental/deps/DependentsSet
instanceKlass org/gradle/api/internal/tasks/compile/incremental/classpath/DefaultClasspathEntrySnapshotCache$$Lambda$653
instanceKlass org/gradle/api/internal/tasks/compile/incremental/classpath/ClasspathEntrySnapshotData
instanceKlass org/gradle/api/internal/tasks/compile/incremental/classpath/DefaultClasspathEntrySnapshotCache$$Lambda$652
instanceKlass org/gradle/api/internal/tasks/compile/incremental/classpath/CachingClasspathEntrySnapshotter$$Lambda$649
instanceKlass org/gradle/api/internal/tasks/compile/incremental/classpath/ClasspathEntrySnapshot
instanceKlass org/gradle/api/internal/tasks/compile/incremental/classpath/ClasspathSnapshotFactory$CreateSnapshot
instanceKlass org/gradle/api/internal/tasks/compile/incremental/classpath/ClasspathSnapshotFactory$1
instanceKlass org/gradle/api/internal/tasks/compile/incremental/recomp/ClasspathEntryChangeProcessor
instanceKlass org/gradle/api/internal/tasks/compile/incremental/recomp/RecompilationSpec
instanceKlass org/gradle/api/internal/tasks/compile/incremental/recomp/CurrentCompilation
instanceKlass org/gradle/api/internal/tasks/compile/CompileJavaBuildOperationReportingCompiler$2
instanceKlass org/gradle/api/internal/tasks/compile/CompileJavaBuildOperationReportingCompiler$1
instanceKlass org/gradle/api/internal/tasks/compile/CompileJavaBuildOperationType$Details
instanceKlass org/gradle/api/internal/tasks/compile/CompileJavaBuildOperationReportingCompiler
instanceKlass org/gradle/api/internal/tasks/compile/incremental/IncrementalResultStoringCompiler
instanceKlass org/gradle/api/internal/tasks/compile/incremental/SelectiveCompiler
instanceKlass it/unimi/dsi/fastutil/ints/IntSet
instanceKlass it/unimi/dsi/fastutil/ints/IntCollection
instanceKlass it/unimi/dsi/fastutil/ints/IntIterable
instanceKlass org/gradle/api/internal/tasks/compile/incremental/recomp/PreviousCompilation
instanceKlass org/gradle/api/internal/tasks/compile/incremental/recomp/PreviousCompilationData
instanceKlass org/gradle/api/internal/tasks/compile/incremental/processing/AnnotationProcessingData
instanceKlass org/gradle/api/internal/tasks/compile/incremental/classpath/ClasspathSnapshotData
instanceKlass org/gradle/api/internal/tasks/compile/incremental/IncrementalCompilerDecorator
instanceKlass org/gradle/api/internal/tasks/compile/incremental/recomp/PreviousCompilationOutputAnalyzer
instanceKlass org/gradle/api/internal/tasks/compile/incremental/classpath/ClasspathSnapshotFactory
instanceKlass org/gradle/api/internal/tasks/compile/incremental/classpath/ClasspathSnapshotMaker
instanceKlass org/gradle/api/internal/tasks/compile/incremental/classpath/ClasspathSnapshotProvider
instanceKlass org/gradle/api/internal/tasks/compile/incremental/classpath/DefaultClasspathEntrySnapshotter
instanceKlass org/gradle/api/internal/tasks/compile/incremental/classpath/CachingClasspathEntrySnapshotter
instanceKlass org/gradle/api/internal/tasks/compile/incremental/analyzer/DefaultClassDependenciesAnalyzer
instanceKlass org/gradle/api/internal/tasks/compile/incremental/analyzer/CachingClassDependenciesAnalyzer
instanceKlass org/gradle/api/internal/tasks/compile/incremental/IncrementalCompilerFactory$$Lambda$648
instanceKlass org/gradle/api/internal/tasks/compile/incremental/IncrementalCompilerFactory$1
instanceKlass org/gradle/api/internal/tasks/compile/incremental/recomp/PreviousCompilationStore
instanceKlass org/gradle/cache/internal/Stash
instanceKlass org/gradle/cache/internal/Loader
instanceKlass org/gradle/api/tasks/compile/JavaCompile$$Lambda$647
instanceKlass org/gradle/api/internal/tasks/compile/incremental/recomp/AbstractRecompilationSpecProvider
instanceKlass org/gradle/language/base/internal/compile/CompilerUtil
instanceKlass org/gradle/api/internal/tasks/compile/NormalizingJavaCompiler
instanceKlass org/gradle/api/internal/tasks/compile/AnnotationProcessorDiscoveringCompiler
instanceKlass javax/tools/JavaCompiler$CompilationTask
instanceKlass org/gradle/api/internal/tasks/compile/JdkJavaCompiler
instanceKlass org/gradle/api/internal/tasks/AbstractJavaToolChain$JavaToolProvider
instanceKlass org/gradle/api/internal/tasks/compile/incremental/classpath/ClasspathEntrySnapshotter
instanceKlass org/gradle/api/internal/tasks/compile/incremental/analyzer/ClassDependenciesAnalyzer
instanceKlass org/gradle/api/internal/tasks/compile/incremental/cache/TaskScopedCompileCaches
instanceKlass org/gradle/api/internal/tasks/compile/incremental/classpath/SplitClasspathEntrySnapshotCache
instanceKlass org/gradle/api/internal/tasks/compile/incremental/analyzer/ClassAnalysisCache
instanceKlass org/gradle/cache/internal/MinimalPersistentCache
instanceKlass org/gradle/api/internal/tasks/compile/incremental/classpath/DefaultClasspathEntrySnapshotCache
instanceKlass org/gradle/api/internal/tasks/compile/incremental/classpath/ClasspathEntrySnapshotCache
instanceKlass org/gradle/api/internal/tasks/compile/incremental/recomp/CompilationSourceDirs$SourceRoots
instanceKlass org/gradle/api/internal/tasks/compile/incremental/recomp/CompilationSourceDirs
instanceKlass org/gradle/internal/Transformers$ToStringTransformer
instanceKlass org/gradle/api/internal/tasks/compile/MinimalJavaCompileOptions
instanceKlass org/gradle/api/internal/tasks/compile/CommandLineJavaCompileSpec
instanceKlass org/gradle/api/internal/tasks/compile/ForkingJavaCompileSpec
instanceKlass org/gradle/api/internal/tasks/compile/AbstractJavaCompileSpecFactory
instanceKlass com/google/common/primitives/Booleans
instanceKlass com/google/common/collect/MapMakerInternalMap$WeakKeyStrongValueEntry$Helper
instanceKlass com/google/common/collect/Ordering$ArbitraryOrderingHolder
instanceKlass com/google/common/collect/ComparisonChain
instanceKlass org/gradle/api/internal/tasks/compile/Member
instanceKlass org/gradle/api/internal/tasks/compile/ApiClassExtractor
instanceKlass org/jetbrains/kotlin/daemon/common/CompileIterationResult$Companion
instanceKlass org/jetbrains/kotlin/daemon/common/CompileIterationResult
instanceKlass org/jetbrains/kotlin/gradle/logging/GradleBufferingMessageCollector$MessageData
instanceKlass org/jetbrains/kotlin/daemon/client/BasicCompilerServicesWithResultsFacadeServerKt$WhenMappings
instanceKlass org/jetbrains/kotlin/daemon/client/BasicCompilerServicesWithResultsFacadeServerKt
instanceKlass org/jetbrains/kotlin/compilerRunner/GradleCompilerServicesFacadeImpl$WhenMappings
instanceKlass sun/rmi/server/DeserializationChecker
instanceKlass java/rmi/server/Unreferenced
instanceKlass org/gradle/api/internal/changedetection/state/ZipHasher$ZipEntryRelativePath
instanceKlass org/gradle/api/internal/changedetection/state/StreamZipInput$1$1
